An Ant Colony Optimization for Graph Alignment Problem
Graph 1                        : celeg.ga
Graph 2                        : scere.ga
Output File                    : celeg.ga_scere.ga.out
(V1,E1)                        : (2805,4495)
(V2,E2)                        : (5499,31261)

Parameter-settings
max-tries                      : 1
max-time                       : 0s
number of iteration            : 15
num-ants                       : 5
rho                            : 0.8
trail_max/trail_min            : 8304
trail_mid/trail_min            : 1
alpha                          : 0.1(0.9*blat)
algorithm                      : 2(-graphlet;+pheromone;)
local search                   : 1

start try 1 ...
0 : 249.62(2297,1775,2102) -> 264.103(2442,1837,2248) -> 266.877(2465,1845,2298)
1 : 254.654(2343,1815,2158) -> 271.611(2522,1915,2325) -> 273.01(2523,1917,2359) -> 278.242(2601,1962,2436) -> 283.815(2646,2004,2490)
2 : 264.195(2418,1832,2234) -> 274.88(2536,1959,2395) -> 278.255(2563,1928,2394)
3 : 259.14(2376,1838,2173) -> 263.725(2426,1868,2225) -> 270.309(2484,1925,2302)
4 : 259.37(2412,1907,2253) -> 268.169(2493,1917,2305) -> 271.084(2543,1988,2396)
Iteration     0 time  64.883 -----> Best : 283.815(2646,2004,2490)
5 : 265.598(2470,1942,2311) -> 277.589(2590,1988,2402) -> 283.680(2670,2034,2501) -> 285.872(2688,2074,2545) -> 292.504(2751,2099,2594) -> 293.092(2752,2105,2619) -> 295.347(2776,2134,2629)
6 : 254.483(2309,1768,2100) -> 266.165(2440,1817,2234)
7 : 254.969(2359,1804,2180) -> 264.753(2466,1893,2299) -> 273.537(2540,1939,2367) -> 274.697(2562,1940,2397)
8 : 261.104(2400,1837,2231) -> 270.739(2491,1883,2311) -> 279.010(2586,1869,2322)
9 : 258.244(2383,1867,2220) -> 270.438(2516,1934,2331) -> 275.619(2570,1947,2394) -> 280.308(2623,1996,2463)
Iteration     1 time 137.989 -----> Best : 295.347(2776,2134,2629)
10 : 251.918(2271,1711,2037) -> 269.804(2493,1875,2288) -> 275.132(2537,1909,2347) -> 285.745(2650,1968,2458)
11 : 268.568(2478,1878,2285) -> 279.146(2600,1984,2439)
12 : 260.889(2384,1813,2210) -> 271.327(2512,1909,2336)
13 : 266.434(2461,1928,2299) -> 281.658(2622,1968,2449) -> 282.676(2630,1923,2430)
14 : 269.734(2479,1859,2300)
Best Solution in try   1 is 295.347(2776,2134,2629) at iterations 1 time 137.989
Best : 295.347(2776,2134,2629) Worst : 295.347 Avg : 295.347
time total : 204.124s
