943
0 5557
1 2740
2 185
3 3056
4 5797
5 67
6 172
7 8617
8 5101
9 389
10 5497
11 1
12 189
13 2283
14 205
15 698
16 3222
17 4460
18 629
19 1659
20 250
21 1512
22 8072
23 917
24 8732
25 5656
26 9193
27 6675
28 8184
29 6770
30 4953
31 62
32 5761
33 9153
34 63
35 5178
36 130
37 1790
38 738
39 5869
40 1614
41 595
42 4623
43 3734
44 935
45 422
46 3706
47 7640
48 1547
49 9200
50 652
51 8677
52 802
53 3926
54 2882
55 6107
56 4107
57 8933
58 1349
59 1103
60 344
61 6119
62 7727
63 466
64 6574
65 3016
66 1332
67 1393
68 278
69 8017
70 5171
71 6918
72 2704
73 410
74 561
75 7577
76 3253
77 113
78 4222
79 9340
80 2449
81 7078
82 4051
83 6867
84 6386
85 3823
86 233
87 1026
88 4738
89 9085
90 294
91 3261
92 1446
93 7353
94 1439
95 9403
96 6021
97 7927
98 891
99 8888
100 8355
101 6665
102 9128
103 30
104 1462
105 8051
106 9605
107 2210
108 4728
109 5859
110 336
111 7501
112 6408
113 3873
114 4810
115 4765
116 3831
117 9232
118 3506
119 4562
120 3339
121 4938
122 1829
123 9336
124 8468
125 45
126 4602
127 1579
128 2927
129 1660
130 4789
131 6479
132 5347
133 8654
134 382
135 293
136 7316
137 392
138 7759
139 211
140 995
141 7893
142 462
143 1409
144 4464
145 47
146 3314
147 3833
148 7985
149 128
150 6727
151 4502
152 65
153 7245
154 1124
155 340
156 1575
157 6872
158 4902
159 557
160 3035
161 7676
162 4582
163 6328
164 5124
165 7452
166 4000
167 5452
168 9236
169 4690
170 126
171 2861
172 5271
173 7860
174 7436
175 1710
176 2794
177 6226
178 411
179 266
180 173
181 1498
182 893
183 4683
184 6468
185 7781
186 2199
187 6514
188 277
189 252
190 2248
191 69
192 9244
193 3034
194 267
195 1922
196 1179
197 5161
198 109
199 6671
200 4147
201 149
202 9470
203 258
204 3090
205 4688
206 5755
207 124
208 24
209 2084
210 91
211 372
212 64
213 4552
214 158
215 3014
216 3835
217 219
218 7793
219 1297
220 2105
221 7808
222 2258
223 5672
224 8613
225 619
226 9575
227 127
228 1108
229 5122
230 3197
231 8212
232 5675
233 2005
234 367
235 8603
236 8016
237 513
238 8433
239 398
240 635
241 7867
242 2421
243 5552
244 6831
245 355
246 5146
247 405
248 8806
249 3908
250 6433
251 401
252 3288
253 3967
254 8342
255 5655
256 2520
257 2725
258 3140
259 226
260 1007
261 7431
262 4647
263 5201
264 7095
265 2447
266 6425
267 5579
268 688
269 235
270 9508
271 2511
272 944
273 1452
274 8352
275 7137
276 7193
277 3847
278 907
279 2534
280 5235
281 7256
282 8579
283 8847
284 4621
285 766
286 4816
287 169
288 1348
289 2309
290 646
291 9370
292 4058
293 178
294 440
295 4062
296 2023
297 1233
298 2230
299 6010
300 9180
301 3817
302 1113
303 8071
304 5758
305 1646
306 181
307 3994
308 6780
309 9609
310 8201
311 7393
312 2562
313 9386
314 624
315 8639
316 9371
317 5838
318 4689
319 4384
320 2143
321 1910
322 991
323 6815
324 4915
325 2
326 390
327 4722
328 644
329 329
330 7901
331 1328
332 623
333 818
334 2172
335 333
336 1534
337 3418
338 602
339 962
340 3308
341 6781
342 386
343 8506
344 1762
345 1058
346 6657
347 2075
348 2140
349 1562
350 4679
351 4833
352 1308
353 435
354 3398
355 8909
356 4928
357 6071
358 1632
359 8095
360 484
361 4117
362 9607
363 7462
364 8788
365 9265
366 5226
367 3950
368 5085
369 8874
370 153
371 338
372 3799
373 472
374 6132
375 4164
376 6458
377 1043
378 5947
379 6241
380 441
381 5891
382 2720
383 903
384 4210
385 2278
386 4100
387 2845
388 755
389 80
390 7615
391 283
392 5427
393 1636
394 8558
395 8882
396 4581
397 5381
398 26
399 8175
400 1900
401 6905
402 34
403 475
404 6084
405 6295
406 1857
407 41
408 4279
409 7686
410 9391
411 3936
412 8358
413 248
414 8702
415 4654
416 8685
417 165
418 1350
419 4699
420 2168
421 1453
422 7228
423 6296
424 641
425 5874
426 1413
427 1627
428 1564
429 8249
430 7977
431 7683
432 317
433 9354
434 6729
435 2541
436 2514
437 1244
438 1057
439 1291
440 4361
441 8318
442 2580
443 8944
444 358
445 2692
446 3013
447 3070
448 1773
449 439
450 8952
451 3767
452 8443
453 3028
454 805
455 1088
456 2362
457 1816
458 763
459 3320
460 54
461 7944
462 6882
463 391
464 254
465 7281
466 1665
467 5034
468 5073
469 7988
470 4745
471 2117
472 7791
473 5368
474 1886
475 5764
476 5409
477 4622
478 1640
479 131
480 4935
481 7796
482 312
483 7553
484 2827
485 4186
486 3488
487 8593
488 6203
489 15
490 5479
491 6986
492 8583
493 400
494 1278
495 1338
496 7280
497 700
498 2332
499 2221
500 232
501 1003
502 4054
503 1854
504 1081
505 100
506 1107
507 6332
508 384
509 4758
510 55
511 556
512 376
513 1889
514 1995
515 1896
516 9599
517 94
518 2789
519 2792
520 5845
521 5039
522 2839
523 6374
524 2529
525 7082
526 4325
527 6160
528 1711
529 7835
530 1749
531 7936
532 240
533 1907
534 6288
535 3073
536 231
537 273
538 1990
539 7602
540 8161
541 7692
542 4525
543 3770
544 348
545 2486
546 2853
547 3255
548 5866
549 8977
550 122
551 6495
552 873
553 4275
554 6560
555 1554
556 1929
557 1129
558 3360
559 7871
560 2617
561 5532
562 2665
563 1370
564 7797
565 4951
566 896
567 7109
568 425
569 816
570 9536
571 5272
572 8590
573 7605
574 6314
575 6486
576 2453
577 2951
578 4377
579 9034
580 2747
581 5086
582 3479
583 366
584 1030
585 1463
586 3951
587 909
588 731
589 290
590 1304
591 5602
592 8291
593 5435
594 2053
595 1993
596 154
597 4270
598 9184
599 9360
600 7434
601 502
602 160
603 6198
604 4882
605 1901
606 3473
607 5938
608 673
609 2643
610 264
611 238
612 171
613 1709
614 6838
615 2190
616 728
617 2251
618 5496
619 5094
620 7981
621 1497
622 804
623 7674
624 6511
625 588
626 6679
627 1663
628 257
629 9429
630 3066
631 7778
632 2987
633 2567
634 66
635 2010
636 301
637 2745
638 8393
639 817
640 271
641 8190
642 4701
643 6031
644 168
645 5885
646 2777
647 4401
648 4313
649 786
650 5095
651 1298
652 9211
653 4211
654 1729
655 1687
656 99
657 4196
658 7401
659 129
660 4850
661 2848
662 4519
663 7176
664 4288
665 5305
666 2600
667 403
668 875
669 417
670 4982
671 3211
672 4707
673 7120
674 1471
675 1505
676 6133
677 1721
678 8820
679 3490
680 7022
681 4036
682 2697
683 196
684 4956
685 2267
686 4478
687 8787
688 9046
689 6150
690 1230
691 5022
692 2295
693 5265
694 2801
695 3928
696 6822
697 8989
698 8475
699 1034
700 9509
701 8
702 3702
703 554
704 387
705 81
706 8808
707 948
708 1899
709 3448
710 9224
711 377
712 1637
713 1642
714 1561
715 3605
716 6977
717 3717
718 6706
719 2282
720 859
721 3701
722 404
723 9562
724 3257
725 5719
726 2624
727 415
728 825
729 142
730 3860
731 9065
732 1800
733 7034
734 204
735 8968
736 3033
737 4467
738 467
739 365
740 1699
741 347
742 3515
743 7184
744 6118
745 3134
746 8750
747 6109
748 8418
749 244
750 245
751 297
752 161
753 5641
754 7616
755 6231
756 5411
757 2787
758 2682
759 3181
760 8580
761 8503
762 5702
763 286
764 1941
765 9478
766 5519
767 6390
768 4470
769 6182
770 237
771 692
772 1132
773 5711
774 198
775 667
776 7003
777 5482
778 6627
779 368
780 436
781 8079
782 3451
783 1876
784 6415
785 184
786 6082
787 3644
788 633
789 3440
790 5079
791 5188
792 7177
793 2869
794 412
795 71
796 3321
797 5749
798 1852
799 8401
800 2502
801 8159
802 5990
803 8068
804 451
805 2134
806 6078
807 4989
808 8470
809 870
810 8050
811 1070
812 3500
813 3306
814 7213
815 8550
816 4762
817 2296
818 182
819 2030
820 922
821 84
822 3361
823 1980
824 2776
825 341
826 1131
827 3879
828 2189
829 3886
830 1778
831 945
832 369
833 2331
834 2881
835 8796
836 4658
837 6127
838 1148
839 6244
840 4343
841 269
842 9395
843 7772
844 5275
845 963
846 3054
847 2993
848 4257
849 5720
850 5830
851 7337
852 1203
853 838
854 8592
855 180
856 7970
857 7217
858 2287
859 311
860 2237
861 2031
862 5534
863 8546
864 4822
865 1064
866 3758
867 897
868 164
869 7709
870 666
871 5377
872 2879
873 6903
874 5698
875 350
876 5662
877 6152
878 2018
879 8497
880 5206
881 334
882 4034
883 1769
884 4522
885 228
886 9135
887 2742
888 135
889 332
890 3779
891 7593
892 5399
893 2472
894 4241
895 7752
896 2227
897 8771
898 6402
899 8382
900 380
901 6404
902 8196
903 2639
904 145
905 664
906 3622
907 4914
908 7562
909 7617
910 3319
911 7728
912 710
913 50
914 6451
915 2936
916 6349
917 2216
918 39
919 300
920 594
921 4544
922 1613
923 5410
924 430
925 107
926 1825
927 8588
928 137
929 2046
930 2148
931 8442
932 175
933 3838
934 8404
935 5349
936 1674
937 2678
938 1020
939 3157
940 1529
941 4265
942 320
943 7673
944 1146
945 1310
946 38
947 9431
948 968
949 5666
950 1220
951 7084
952 116
953 2058
954 2807
955 201
956 812
957 6455
958 8070
959 6571
960 5354
961 2357
962 163
963 3206
964 1376
965 6227
966 3463
967 3445
968 4199
969 3129
970 409
971 5024
972 7771
973 86
974 1206
975 1288
976 7165
977 9477
978 7472
979 848
980 3041
981 4624
982 4642
983 8896
984 9432
985 7061
986 8301
987 4081
988 156
989 7430
990 4972
991 2301
992 8616
993 4108
994 657
995 93
996 7762
997 418
998 1726
999 349
1000 7115
1001 9564
1002 325
1003 4932
1004 4694
1005 8670
1006 1432
1007 20
1008 3172
1009 8587
1010 2999
1011 8445
1012 3322
1013 6112
1014 5230
1015 5356
1016 197
1017 3724
1018 4
1019 9422
1020 4116
1021 7424
1022 4094
1023 2477
1024 5754
1025 3739
1026 4064
1027 4013
1028 7731
1029 3804
1030 9416
1031 6649
1032 8804
1033 7766
1034 4991
1035 8076
1036 8778
1037 9101
1038 6447
1039 3525
1040 314
1041 8323
1042 5591
1043 3914
1044 177
1045 2171
1046 1936
1047 8438
1048 8626
1049 4261
1050 6946
1051 1269
1052 413
1053 7359
1054 4367
1055 5353
1056 2888
1057 1885
1058 1071
1059 7021
1060 247
1061 424
1062 1782
1063 5074
1064 6517
1065 5408
1066 9615
1067 3399
1068 5510
1069 1656
1070 5564
1071 8712
1072 4843
1073 7875
1074 7270
1075 111
1076 5241
1077 388
1078 6270
1079 6251
1080 23
1081 1054
1082 8030
1083 143
1084 1160
1085 3437
1086 3444
1087 2182
1088 330
1089 4003
1090 2128
1091 7444
1092 1016
1093 3913
1094 4004
1095 217
1096 8537
1097 1605
1098 5345
1099 1052
1100 7716
1101 8632
1102 9341
1103 7774
1104 8962
1105 3556
1106 6578
1107 7588
1108 1406
1109 4236
1110 823
1111 6056
1112 216
1113 8570
1114 8430
1115 1571
1116 4675
1117 4960
1118 1210
1119 220
1120 202
1121 7751
1122 8925
1123 279
1124 5055
1125 932
1126 3359
1127 4968
1128 1522
1129 6265
1130 1440
1131 541
1132 2908
1133 4160
1134 82
1135 1551
1136 5509
1137 8524
1138 3858
1139 3108
1140 6102
1141 4358
1142 7523
1143 5963
1144 2051
1145 1541
1146 6497
1147 488
1148 509
1149 1444
1150 6001
1151 6995
1152 19
1153 7097
1154 6746
1155 5807
1156 3156
1157 4980
1158 36
1159 363
1160 3413
1161 1330
1162 222
1163 429
1164 6506
1165 2426
1166 431
1167 210
1168 5302
1169 3095
1170 3012
1171 6745
1172 370
1173 765
1174 8649
1175 4005
1176 6617
1177 5853
1178 1226
1179 8615
1180 120
1181 8591
1182 2781
1183 7187
1184 3906
1185 6268
1186 3192
1187 322
1188 3335
1189 6502
1190 3333
1191 381
1192 3784
1193 4526
1194 7789
1195 3112
1196 1065
1197 6722
1198 44
1199 1953
1200 574
1201 485
1202 7524
1203 8499
1204 2240
1205 5976
1206 1777
1207 5263
1208 3801
1209 685
1210 8941
1211 4539
1212 3089
1213 7799
1214 6737
1215 839
1216 396
1217 1122
1218 32
1219 7960
1220 3364
1221 6768
1222 4039
1223 378
1224 7906
1225 9209
1226 6622
1227 3829
1228 76
1229 2389
1230 52
1231 2947
1232 121
1233 2553
1234 138
1235 5314
1236 8450
1237 315
1238 3209
1239 1040
1240 8151
1241 3443
1242 4369
1243 8937
1244 4849
1245 7133
1246 2956
1247 6921
1248 5695
1249 2358
1250 3575
1251 9241
1252 8625
1253 2757
1254 4077
1255 669
1256 643
1257 167
1258 3670
1259 426
1260 961
1261 5617
1262 7419
1263 846
1264 3309
1265 48
1266 4314
1267 7450
1268 3434
1269 972
1270 4271
1271 3118
1272 1701
1273 8856
1274 674
1275 3875
1276 5793
1277 4523
1278 6793
1279 8559
1280 3432
1281 230
1282 6873
1283 5919
1284 5962
1285 104
1286 1031
1287 4993
1288 4661
1289 7655
1290 8800
1291 2730
1292 4770
1293 2940
1294 1570
1295 884
1296 4339
1297 4710
1298 356
1299 323
1300 6849
1301 1217
1302 7805
1303 1935
1304 151
1305 342
1306 8765
1307 6254
1308 4637
1309 837
1310 3566
1311 7399
1312 5298
1313 450
1314 4018
1315 7800
1316 703
1317 3243
1318 4524
1319 5634
1320 6863
1321 9411
1322 4141
1323 6263
1324 6529
1325 1225
1326 4308
1327 2255
1328 4184
1329 1606
1330 8398
1331 357
1332 4498
1333 6498
1334 114
1335 3937
1336 206
1337 3865
1338 8849
1339 438
1340 6019
1341 6753
1342 4721
1343 5388
1344 9387
1345 9511
1346 832
1347 7402
1348 7406
1349 2543
1350 8859
1351 3938
1352 751
1353 272
1354 256
1355 1153
1356 3315
1357 3974
1358 6255
1359 6453
1360 4984
1361 1661
1362 1996
1363 236
1364 72
1365 3661
1366 1898
1367 874
1368 4538
1369 3907
1370 6126
1371 4038
1372 6184
1373 1204
1374 324
1375 862
1376 3227
1377 3503
1378 1758
1379 6286
1380 456
1381 2974
1382 6504
1383 6208
1384 1592
1385 3553
1386 5115
1387 6933
1388 8963
1389 4975
1390 287
1391 5238
1392 2705
1393 8756
1394 7192
1395 5502
1396 2973
1397 1245
1398 7804
1399 7801
1400 2923
1401 7787
1402 5713
1403 5848
1404 672
1405 7813
1406 9000
1407 14
1408 207
1409 749
1410 549
1411 2821
1412 218
1413 9156
1414 1744
1415 5880
1416 8997
1417 5339
1418 8784
1419 90
1420 2696
1421 1097
1422 191
1423 4785
1424 3074
1425 476
1426 1859
1427 2452
1428 56
1429 3316
1430 397
1431 6871
1432 8828
1433 4962
1434 6480
1435 7810
1436 8290
1437 1077
1438 9
1439 2403
1440 460
1441 3641
1442 9620
1443 4630
1444 4846
1445 5945
1446 5059
1447 5560
1448 7342
1449 9446
1450 7250
1451 74
1452 8891
1453 360
1454 7102
1455 31
1456 208
1457 2752
1458 6467
1459 200
1460 9098
1461 2368
1462 5062
1463 4776
1464 259
1465 3492
1466 136
1467 170
1468 263
1469 157
1470 2573
1471 6711
1472 2119
1473 8647
1474 773
1475 983
1476 5908
1477 469
1478 3420
1479 5909
1480 2196
1481 6318
1482 4977
1483 1738
1484 7357
1485 3557
1486 379
1487 544
1488 7506
1489 3771
1490 4115
1491 2109
1492 433
1493 8797
1494 8737
1495 2033
1496 1784
1497 8638
1498 3408
1499 4285
1500 2070
1501 18
1502 510
1503 9060
1504 3286
1505 27
1506 8131
1507 6232
1508 771
1509 1280
1510 977
1511 5210
1512 9418
1513 2469
1514 5690
1515 7719
1516 9152
1517 2177
1518 8690
1519 2570
1520 5119
1521 6297
1522 337
1523 898
1524 8392
1525 0
1526 1848
1527 5775
1528 7081
1529 4536
1530 7856
1531 8390
1532 8178
1533 6173
1534 626
1535 681
1536 255
1537 2097
1538 725
1539 5099
1540 7664
1541 246
1542 1033
1543 8012
1544 3474
1545 5508
1546 7355
1547 1013
1548 579
1549 9409
1550 2243
1551 8959
1552 3446
1553 7210
1554 2419
1555 6621
1556 6950
1557 1576
1558 2434
1559 6385
1560 5067
1561 4750
1562 2008
1563 7231
1564 2459
1565 2388
1566 3226
1567 7546
1568 7569
1569 3689
1570 6121
1571 4134
1572 2092
1573 70
1574 7297
1575 60
1576 6129
1577 313
1578 214
1579 8255
1580 3298
1581 2694
1582 199
1583 3849
1584 5740
1585 6998
1586 4775
1587 4379
1588 1951
1589 8491
1590 4530
1591 192
1592 4845
1593 1572
1594 3956
1595 4569
1596 1163
1597 351
1598 442
1599 1563
1600 8456
1601 2731
1602 5498
1603 2519
1604 4499
1605 274
1606 7321
1607 6959
1608 2219
1609 7746
1610 1812
1611 8602
1612 223
1613 6075
1614 6596
1615 2399
1616 6641
1617 7052
1618 5274
1619 6916
1620 3032
1621 1270
1622 8589
1623 4574
1624 7689
1625 4966
1626 21
1627 4924
1628 7957
1629 489
1630 2547
1631 2455
1632 5601
1633 3954
1634 707
1635 5523
1636 996
1637 359
1638 1519
1639 8912
1640 5726
1641 9369
1642 4669
1643 7685
1644 2875
1645 4660
1646 295
1647 3798
1648 6877
1649 7658
1650 7162
1651 6580
1652 892
1653 1125
1654 1695
1655 3869
1656 3988
1657 8446
1658 592
1659 5145
1660 8141
1661 6593
1662 3885
1663 6492
1664 9516
1665 5668
1666 9351
1667 2378
1668 3082
1669 555
1670 9617
1671 2316
1672 7293
1673 850
1674 8600
1675 9210
1676 6642
1677 5693
1678 3106
1679 2045
1680 659
1681 5863
1682 911
1683 8156
1684 8760
1685 2306
1686 7929
1687 2404
1688 871
1689 9342
1690 2901
1691 361
1692 8437
1693 8870
1694 2668
1695 1880
1696 6927
1697 3780
1698 414
1699 3122
1700 6819
1701 4491
1702 4964
1703 1927
1704 865
1705 1612
1706 2125
1707 7946
1708 9299
1709 6490
1710 57
1711 95
1712 2201
1713 2489
1714 3675
1715 371
1716 4854
1717 10
1718 7827
1719 1553
1720 9490
1721 6625
1722 7025
1723 904
1724 2126
1725 4693
1726 4668
1727 987
1728 1219
1729 373
1730 1380
1731 296
1732 3176
1733 682
1734 316
1735 68
1736 364
1737 5831
1738 2774
1739 8096
1740 5750
1741 753
1742 7096
1743 302
1744 9394
1745 5707
1746 4865
1747 8360
1748 308
1749 9004
1750 6357
1751 5304
1752 243
1753 564
1754 395
1755 6144
1756 4617
1757 1292
1758 2804
1759 437
1760 6744
1761 8819
1762 7952
1763 221
1764 949
1765 4670
1766 1821
1767 4483
1768 3588
1769 132
1770 1412
1771 3722
1772 565
1773 9053
1774 706
1775 7307
1776 2786
1777 883
1778 785
1779 2513
1780 6151
1781 6230
1782 4940
1783 37
1784 260
1785 1178
1786 8447
1787 102
1788 3427
1789 2131
1790 5688
1791 42
1792 2038
1793 188
1794 3076
1795 2346
1796 59
1797 1000
1798 79
1799 8769
1800 1549
1801 4149
1802 2554
1803 3856
1804 8861
1805 3047
1806 3987
1807 7397
1808 1059
1809 5289
1810 3583
1811 117
1812 309
1813 7646
1814 6437
1815 385
1816 1603
1817 2206
1818 8978
1819 5742
1820 2982
1821 5896
1822 7544
1823 8152
1824 159
1825 7590
1826 2204
1827 1221
1828 3489
1829 353
1830 40
1831 497
1832 2938
1833 6100
1834 4167
1835 795
1836 4069
1837 8530
1838 292
1839 1869
1840 3612
1841 1408
1842 7239
1843 6908
1844 5716
1845 5243
1846 9518
1847 5911
1848 959
1849 8539
1850 2856
1851 4180
1852 2370
1853 537
1854 6449
1855 6688
1856 5068
1857 3509
1858 5046
1859 7809
1860 4736
1861 1087
1862 5221
1863 8568
1864 2231
1865 4631
1866 6224
1867 281
1868 375
1869 3567
1870 7498
1871 6217
1872 58
1873 2330
1874 5007
1875 2363
1876 6359
1877 8541
1878 3812
1879 343
1880 3680
1881 6445
1882 3031
1883 2667
1884 7649
1885 787
1886 1986
1887 4666
1888 166
1889 1141
1890 4529
1891 2166
1892 777
1893 408
1894 2029
1895 7146
1896 9249
1897 2120
1898 1998
1899 5968
1900 6663
1901 3471
1902 215
1903 9129
1904 9124
1905 5194
1906 8449
1907 3559
1908 8643
1909 9171
1910 2360
1911 1465
1912 1598
1913 8885
1914 4520
1915 213
1916 6530
1917 8330
1918 8667
1919 2518
1920 6802
1921 5827
1922 7830
1923 8135
1924 8150
1925 3915
1926 5488
1927 3079
1928 6772
1929 5568
1930 7481
1931 3260
1932 7945
1933 420
1934 2684
1935 6980
1936 6257
1937 3841
1938 2616
1939 43
1940 4065
1941 525
1942 5152
1943 2738
1944 2367
1945 9486
1946 118
1947 1047
1948 645
1949 609
1950 5722
1951 1912
1952 9414
1953 115
1954 8577
1955 1145
1956 2889
1957 303
1958 6808
1959 144
1960 511
1961 2812
1962 1644
1963 285
1964 7907
1965 7132
1966 7226
1967 2638
1968 326
1969 416
1970 3807
1971 4326
1972 6016
1973 53
1974 7814
1975 813
1976 3941
1977 346
1978 2215
1979 6861
1980 6836
1981 362
1982 6565
1983 1902
1984 2962
1985 3522
1986 3940
1987 1735
1988 2627
1989 2918
1990 1813
1991 4045
1992 5288
1993 2526
1994 8103
1995 5507
1996 6181
1997 6917
1998 7046
1999 5069
2000 887
2001 3465
2002 4449
2003 6484
2004 7529
2005 17
2006 1249
2007 2916
2008 6417
2009 6949
2010 2596
2011 183
2012 7333
2013 1464
2014 1521
2015 6017
2016 6465
2017 9595
2018 4563
2019 4731
2020 1450
2021 7739
2022 3043
2023 5
2024 6590
2025 1392
2026 321
2027 1353
2028 374
2029 993
2030 5373
2031 8860
2032 8466
2033 9303
2034 5524
2035 270
2036 1623
2037 769
2038 8728
2039 305
2040 6260
2041 3232
2042 3045
2043 2100
2044 508
2045 195
2046 8220
2047 5618
2048 6474
2049 307
2050 6420
2051 1573
2052 732
2053 3723
2054 6161
2055 13
2056 331
2057 8451
2058 7028
2059 2849
2060 3183
2061 4981
2062 6881
2063 432
2064 3634
2065 6054
2066 8662
2067 9280
2068 658
2069 3925
2070 3439
2071 73
2072 9565
2073 1442
2074 4226
2075 4341
2076 3863
2077 1591
2078 4009
2079 4618
2080 2672
2081 6389
2082 3273
2083 3633
2084 7749
2085 8054
2086 3148
2087 162
2088 1649
2089 5657
2090 2818
2091 7439
2092 7227
2093 310
2094 7926
2095 1076
2096 6428
2097 261
2098 768
2099 1086
2100 5686
2101 4674
2102 9197
2103 1390
2104 906
2105 7043
2106 22
2107 1438
2108 8381
2109 2602
2110 3376
2111 1716
2112 4353
2113 1500
2114 8329
2115 7829
2116 33
2117 3995
2118 9247
2119 3476
2120 6994
2121 7591
2122 78
2123 5328
2124 5131
2125 5290
2126 712
2127 1396
2128 2436
2129 227
2130 2651
2131 8900
2132 4320
2133 7763
2134 1118
2135 6233
2136 757
2137 6157
2138 2443
2139 83
2140 6958
2141 4262
2142 6588
2143 8659
2144 6599
2145 8350
2146 6069
2147 1652
2148 2264
2149 9355
2150 5941
2151 28
2152 119
2153 6
2154 1833
2155 1511
2156 11
2157 7055
2158 419
2159 2226
2160 9144
2161 6852
2162 2435
2163 2256
2164 5725
2165 7160
2166 4889
2167 8136
2168 4312
2169 406
2170 4517
2171 77
2172 3608
2173 6893
2174 4579
2175 8205
2176 7360
2177 2615
2178 533
2179 1585
2180 801
2181 46
2182 7089
2183 1974
2184 6573
2185 179
2186 5687
2187 4528
2188 6886
2189 5786
2190 225
2191 2021
2192 8127
2193 5913
2194 6931
2195 3746
2196 459
2197 2503
2198 1736
2199 8204
2200 8715
2201 2754
2202 1268
2203 1414
2204 4425
2205 61
2206 6299
2207 3494
2208 4443
2209 2555
2210 1845
2211 8097
2212 1080
2213 2823
2214 1499
2215 5818
2216 1207
2217 4912
2218 249
2219 1545
2220 6771
2221 394
2222 2971
2223 2465
2224 1508
2225 2793
2226 2271
2227 2558
2228 8629
2229 6898
2230 4472
2231 6635
2232 5228
2233 7637
2234 8023
2235 8868
2236 2890
2237 6858
2238 3266
2239 566
2240 5057
2241 5541
2242 4671
2243 5025
2244 9581
2245 3397
2246 3548
2247 4667
2248 7567
2249 7286
2250 125
2251 2374
2252 5135
2253 5763
2254 9093
2255 3573
2256 3574
2257 7806
2258 4329
2259 2817
2260 4218
2261 1215
2262 1248
2263 51
2264 2531
2265 7141
2266 6887
2267 194
2268 4078
2269 147
2270 5658
2271 7485
2272 3787
2273 1024
2274 6870
2275 2859
2276 5407
2277 2979
2278 141
2279 5472
2280 1333
2281 345
2282 5264
2283 6624
2284 4276
2285 3279
2286 5041
2287 29
2288 689
2289 5959
2290 7571
2291 2579
2292 2811
2293 6213
2294 916
2295 304
2296 85
2297 299
2298 5856
2299 152
2300 5580
2301 6726
2302 6443
2303 1209
2304 3703
2305 8954
2306 9447
2307 807
2308 4424
2309 4166
2310 2252
2311 9037
2312 1704
2313 399
2314 280
2315 1924
2316 2281
2317 4852
2318 1702
2319 2884
2320 7956
2321 1757
2322 570
2323 6895
2324 8340
2325 1530
2326 3607
2327 3868
2328 1060
2329 140
2330 8195
2331 1401
2332 9578
2333 4813
2334 2711
2335 3452
2336 3671
2337 8488
2338 190
2339 3683
2340 5729
2341 5322
2342 276
2343 1324
2344 187
2345 3371
2346 2086
2347 354
2348 335
2349 2527
2350 5483
2351 9525
2352 1863
2353 1284
2354 92
2355 3267
2356 2106
2357 1851
2358 5753
2359 3190
2360 1544
2361 7723
2362 9222
2363 4836
2364 5333
2365 1567
2366 7119
2367 1490
2368 2564
2369 1581
2370 8693
2371 1255
2372 3142
2373 3164
2374 7611
2375 4847
2376 298
2377 6575
2378 5605
2379 4263
2380 470
2381 8695
2382 923
2383 716
2384 2727
2385 239
2386 4072
2387 5358
2388 12
2389 7520
2390 8413
2391 6272
2392 1223
2393 2019
2394 352
2395 2397
2396 9434
2397 98
2398 5065
2399 3656
2400 2000
2401 7912
2402 5443
2403 5414
2404 4899
2405 6369
2406 3059
2407 407
2408 1303
2409 927
2410 6616
2411 3572
2412 2432
2413 7868
2414 224
2415 9293
2416 4014
2417 1596
2418 1355
2419 1096
2420 5733
2421 1079
2422 1552
2423 6911
2424 2136
2425 6037
2426 7443
2427 3119
2428 4073
2429 268
2430 9257
2431 5984
2432 9400
2433 5809
2434 9030
2435 8311
2436 148
2437 8328
2438 3822
2439 89
2440 1723
2441 869
2442 87
2443 521
2444 209
2445 6334
2446 6973
2447 759
2448 5642
2449 4826
2450 620
2451 5421
2452 3534
2453 4163
2454 4858
2455 3277
2456 139
2457 9176
2458 8514
2459 3481
2460 2911
2461 2224
2462 3088
2463 4277
2464 2438
2465 103
2466 253
2467 3692
2468 110
2469 25
2470 7997
2471 5767
2472 7473
2473 4201
2474 9191
2475 9475
2476 8174
2477 6310
2478 713
2479 4490
2480 8628
2481 1604
2482 6629
2483 4632
2484 2433
2485 5878
2486 7533
2487 7032
2488 8397
2489 8996
2490 6322
2491 2410
2492 8845
2493 4407
2494 8275
2495 9238
2496 339
2497 5709
2498 9442
2499 1864
2500 106
2501 2458
2502 284
2503 4146
2504 97
2505 3103
2506 1134
2507 6798
2508 3839
2509 921
2510 8640
2511 6413
2512 2350
2513 7848
2514 5476
2515 6090
2516 229
2517 6508
2518 16
2519 5379
2520 3
2521 3237
2522 1155
2523 3776
2524 829
2525 5881
2526 3889
2527 402
2528 2664
2529 393
2530 3203
2531 5907
2532 1256
2533 6044
2534 752
2535 1044
2536 7693
2537 9631
2538 174
2539 4127
2540 4213
2541 7883
2542 618
2543 2441
2544 123
2545 1658
2546 5242
2547 3290
2548 7381
2549 8609
2550 5451
2551 1610
2552 5177
2553 242
2554 4287
2555 2379
2556 2471
2557 5300
2558 8840
2559 4829
2560 327
2561 275
2562 764
2563 2718
2564 421
2565 101
2566 1329
2567 108
2568 8345
2569 4700
2570 262
2571 3547
2572 3084
2573 4150
2574 2772
2575 5257
2576 3529
2577 8707
2578 288
2579 6261
2580 9190
2581 4294
2582 9227
2583 8003
2584 1804
2585 2369
2586 6885
2587 6648
2588 8680
2589 3880
2590 434
2591 4545
2592 241
2593 1751
2594 186
2595 5425
2596 4905
2597 5724
2598 5276
2599 6043
2600 427
2601 49
2602 1626
2603 5701
2604 234
2605 4724
2606 4411
2607 5619
2608 6201
2609 7242
2610 1189
2611 7366
2612 5948
2613 4957
2614 8089
2615 4456
2616 319
2617 7842
2618 4998
2619 5606
2620 5382
2621 9309
2622 5438
2623 7356
2624 806
2625 4746
2626 1657
2627 6595
2628 1216
2629 612
2630 75
2631 3674
2632 1930
2633 6094
2634 3651
2635 2162
2636 3323
2637 9569
2638 3516
2639 146
2640 492
2641 5943
2642 2457
2643 1241
2644 2548
2645 7947
2646 4302
2647 1171
2648 3480
2649 1628
2650 1648
2651 3362
2652 3628
2653 531
2654 6799
2655 1992
2656 9404
2657 2373
2658 4233
2659 9556
2660 2743
2661 4763
2662 265
2663 318
2664 2910
2665 729
2666 134
2667 2142
2668 7712
2669 2002
2670 2591
2671 6652
2672 8200
2673 3165
2674 3578
2675 96
2676 7993
2677 4603
2678 6397
2679 7290
2680 8368
2681 709
2682 583
2683 3313
2684 1688
2685 105
2686 718
2687 1724
2688 428
2689 6154
2690 4421
2691 8543
2692 1593
2693 7327
2694 5973
2695 1568
2696 328
2697 3301
2698 7125
2699 5785
2700 9252
2701 965
2702 203
2703 2017
2704 7047
2705 943
2706 2089
2707 886
2708 2920
2709 150
2710 291
2711 251
2712 714
2713 7
2714 8154
2715 3866
2716 1419
2717 2984
2718 7009
2719 4185
2720 8259
2721 6789
2722 112
2723 3189
2724 1856
2725 6522
2726 1213
2727 6619
2728 282
2729 1539
2730 7169
2731 4202
2732 4547
2733 306
2734 5392
2735 8407
2736 1672
2737 3162
2738 8999
2739 8356
2740 8283
2741 9451
2742 212
2743 9219
2744 5395
2745 6655
2746 1036
2747 6791
2748 617
2749 7491
2750 9042
2751 8039
2752 5953
2753 3700
2754 1826
2755 4101
2756 814
2757 1094
2758 193
2759 929
2760 9220
2761 5268
2762 155
2763 3026
2764 4807
2765 4247
2766 600
2767 7504
2768 1540
2769 423
2770 5632
2771 4266
2772 7410
2773 3460
2774 863
2775 6011
2776 2764
2777 7724
2778 3558
2779 4438
2780 8048
2781 1400
2782 5997
2783 4477
2784 4832
2785 133
2786 383
2787 5811
2788 176
2789 4022
2790 35
2791 4450
2792 833
2793 7853
2794 2200
2795 3346
2796 289
2797 3334
2798 3378
2799 5829
2800 894
2801 88
2802 1678
2803 1180
2804 8257
