2776
0 1772
1 2668
2 739
3 167
4 943
5 4361
6 2326
7 1501
8 838
9 4812
10 404
11 1411
12 4914
13 1101
14 63
15 1123
16 4690
17 958
18 4417
19 1324
20 569
21 2123
22 906
23 5491
24 231
25 966
26 658
27 94
28 2746
29 4787
30 1998
31 3578
32 271
33 12
34 1862
35 1396
36 4032
37 57
38 1242
39 135
40 2117
41 3117
42 5463
43 787
44 3913
45 963
46 3212
47 1858
48 291
49 5230
50 65
51 44
52 5116
53 3240
54 4768
55 4428
56 937
57 1448
58 3936
59 3189
60 2058
61 630
62 373
63 1884
64 315
65 2005
66 863
67 995
68 3731
69 117
70 4623
71 639
72 330
73 3123
74 2167
75 5392
76 1776
77 1441
78 5075
79 4897
80 4342
81 3442
82 856
83 2527
84 322
85 142
86 431
87 1582
88 1513
89 2780
90 5129
91 2545
92 1869
93 824
94 2788
95 138
96 2641
97 1634
98 961
99 3374
100 3738
101 984
102 328
103 270
104 3769
105 5164
106 3311
107 872
108 1253
109 899
110 1399
111 1135
112 2267
113 4992
114 3688
115 1736
116 3449
117 2889
118 408
119 3088
120 3228
121 7
122 365
123 238
124 296
125 3418
126 858
127 1408
128 1122
129 4246
130 173
131 360
132 636
133 2683
134 746
135 89
136 1403
137 711
138 4437
139 2515
140 3358
141 259
142 2949
143 3394
144 2046
145 285
146 3694
147 2284
148 3099
149 846
150 174
151 1637
152 4803
153 466
154 4353
155 61
156 3813
157 571
158 3108
159 972
160 3347
161 461
162 352
163 318
164 395
165 4476
166 2360
167 203
168 936
169 1406
170 743
171 3024
172 788
173 598
174 2055
175 3624
176 2917
177 3837
178 4606
179 197
180 2458
181 4414
182 3489
183 503
184 1463
185 1287
186 4759
187 679
188 425
189 188
190 552
191 4368
192 4848
193 2026
194 4228
195 4075
196 717
197 4399
198 84
199 2157
200 51
201 3053
202 235
203 1509
204 3701
205 132
206 110
207 3126
208 1042
209 1162
210 266
211 648
212 463
213 521
214 2389
215 87
216 3066
217 580
218 5136
219 255
220 2572
221 1512
222 392
223 631
224 2489
225 4016
226 1152
227 610
228 2800
229 3144
230 527
231 2817
232 3093
233 2442
234 792
235 4187
236 1976
237 669
238 3142
239 920
240 4147
241 5290
242 842
243 1689
244 3925
245 2149
246 965
247 5050
248 1558
249 2151
250 5146
251 4520
252 921
253 2244
254 2755
255 391
256 2639
257 2086
258 4162
259 3509
260 888
261 3730
262 1612
263 4337
264 4429
265 93
266 2585
267 3408
268 1786
269 4355
270 895
271 831
272 1386
273 1557
274 3593
275 5014
276 3075
277 1177
278 5316
279 3069
280 5373
281 3011
282 1528
283 96
284 4644
285 5480
286 1968
287 4602
288 2890
289 1576
290 4095
291 4219
292 4973
293 2526
294 968
295 1138
296 797
297 3085
298 3945
299 3880
300 4054
301 2265
302 3143
303 3550
304 3741
305 766
306 4904
307 2225
308 4470
309 88
310 4215
311 2212
312 2960
313 2066
314 3817
315 1055
316 4110
317 1235
318 2483
319 1787
320 2521
321 47
322 1675
323 2950
324 2915
325 2155
326 5119
327 1404
328 2999
329 474
330 522
331 2339
332 862
333 6
334 1809
335 4261
336 1742
337 3259
338 90
339 1631
340 2318
341 2191
342 692
343 1734
344 3437
345 1800
346 273
347 100
348 464
349 1995
350 3164
351 933
352 729
353 478
354 931
355 1378
356 1081
357 2043
358 1297
359 4933
360 1424
361 3598
362 683
363 971
364 775
365 2511
366 2919
367 1212
368 2435
369 1929
370 649
371 2555
372 509
373 33
374 1909
375 3982
376 3871
377 162
378 893
379 170
380 973
381 823
382 754
383 2927
384 1842
385 1585
386 1688
387 1907
388 1397
389 2582
390 1229
391 4301
392 516
393 1134
394 715
395 4557
396 2485
397 2482
398 2801
399 2757
400 671
401 1804
402 1888
403 1523
404 210
405 2709
406 279
407 531
408 72
409 2108
410 4984
411 213
412 626
413 2462
414 1034
415 3058
416 1746
417 2858
418 4100
419 1458
420 316
421 2675
422 3826
423 2633
424 2472
425 3087
426 2407
427 898
428 4576
429 2694
430 2628
431 54
432 3616
433 1080
434 5380
435 2898
436 152
437 614
438 1647
439 903
440 2686
441 3693
442 1572
443 1041
444 1275
445 714
446 2072
447 4621
448 672
449 1559
450 420
451 3691
452 902
453 1674
454 5325
455 3295
456 974
457 220
458 5473
459 606
460 3722
461 4763
462 189
463 1824
464 544
465 32
466 556
467 568
468 3472
469 1720
470 5165
471 372
472 529
473 4966
474 528
475 3366
476 3270
477 3768
478 3797
479 1250
480 3932
481 109
482 1875
483 2310
484 2447
485 2520
486 374
487 694
488 2000
489 1216
490 638
491 2546
492 752
493 870
494 3027
495 1963
496 557
497 1293
498 5326
499 186
500 3373
501 1749
502 900
503 465
504 4348
505 1190
506 4753
507 347
508 923
509 2731
510 4928
511 664
512 820
513 297
514 1237
515 4276
516 2095
517 3927
518 674
519 2562
520 446
521 477
522 281
523 578
524 275
525 190
526 1642
527 1114
528 603
529 2241
530 362
531 1125
532 4143
533 530
534 4579
535 713
536 5201
537 161
538 834
539 2930
540 4729
541 3138
542 5273
543 1719
544 1373
545 327
546 4011
547 165
548 1281
549 3608
550 948
551 2560
552 627
553 1679
554 471
555 3431
556 4272
557 485
558 368
559 1336
560 2613
561 62
562 1850
563 20
564 436
565 3252
566 1740
567 779
568 950
569 560
570 3896
571 2177
572 232
573 848
574 1993
575 2922
576 675
577 214
578 482
579 3263
580 4416
581 736
582 643
583 50
584 1132
585 127
586 239
587 337
588 4030
589 2990
590 5292
591 1989
592 1107
593 1476
594 3860
595 2644
596 439
597 472
598 274
599 1455
600 2798
601 5430
602 2195
603 240
604 883
605 2818
606 2003
607 68
608 435
609 119
610 4275
611 2424
612 357
613 3176
614 2845
615 798
616 1868
617 432
618 9
619 2431
620 4672
621 930
622 2421
623 289
624 2975
625 3029
626 1767
627 1613
628 2711
629 193
630 740
631 4883
632 1703
633 1754
634 2062
635 412
636 4721
637 3063
638 454
639 1456
640 4332
641 353
642 1889
643 533
644 629
645 1920
646 3238
647 1385
648 1367
649 782
650 1425
651 3836
652 3158
653 2198
654 143
655 1730
656 1338
657 5468
658 2186
659 2469
660 2896
661 1323
662 4582
663 2357
664 3762
665 3475
666 1831
667 676
668 644
669 2333
670 2215
671 4838
672 781
673 102
674 5092
675 3615
676 1387
677 34
678 1934
679 1315
680 4877
681 417
682 957
683 3721
684 4550
685 4783
686 329
687 5239
688 877
689 3686
690 1198
691 2531
692 2059
693 2480
694 772
695 2647
696 4538
697 3912
698 2935
699 668
700 241
701 945
702 2525
703 3380
704 1234
705 2317
706 4630
707 584
708 3490
709 4269
710 1632
711 812
712 755
713 1416
714 5151
715 1697
716 5106
717 1179
718 719
719 604
720 2491
721 1391
722 3193
723 1820
724 5385
725 2577
726 4659
727 546
728 2781
729 4490
730 2451
731 2619
732 1224
733 716
734 3951
735 1620
736 1925
737 2341
738 5038
739 358
740 4979
741 3672
742 5017
743 751
744 246
745 3918
746 884
747 3553
748 1384
749 3214
750 379
751 2840
752 1656
753 3145
754 4884
755 2875
756 160
757 665
758 226
759 459
760 851
761 120
762 1176
763 3788
764 1534
765 670
766 175
767 261
768 376
769 4363
770 765
771 3883
772 2471
773 139
774 3185
775 5419
776 720
777 1757
778 1118
779 4047
780 919
781 2676
782 3452
783 2765
784 1836
785 2869
786 3441
787 915
788 5312
789 164
790 4604
791 2692
792 742
793 1088
794 978
795 1427
796 184
797 113
798 1267
799 5212
800 1531
801 2499
802 288
803 181
804 1359
805 701
806 4670
807 403
808 818
809 5394
810 1536
811 78
812 748
813 932
814 455
815 804
816 2286
817 2952
818 2953
819 2448
820 912
821 4611
822 5192
823 2807
824 2693
825 2957
826 1843
827 926
828 2855
829 540
830 1748
831 407
832 2063
833 4529
834 1805
835 3054
836 5132
837 1170
838 3991
839 1560
840 3543
841 3484
842 5247
843 2878
844 1054
845 5262
846 115
847 108
848 1215
849 880
850 253
851 2228
852 280
853 887
854 2574
855 1322
856 2849
857 4945
858 1374
859 393
860 1550
861 641
862 747
863 826
864 4325
865 5233
866 3349
867 263
868 504
869 244
870 1104
871 5137
872 4180
873 4853
874 1395
875 1348
876 2771
877 2376
878 1462
879 1219
880 30
881 470
882 709
883 2437
884 3
885 3622
886 2738
887 5303
888 2298
889 4796
890 728
891 1073
892 2453
893 3039
894 1532
895 2604
896 822
897 536
898 3345
899 696
900 4319
901 302
902 4112
903 795
904 2291
905 1623
906 3064
907 913
908 4307
909 1485
910 3411
911 320
912 5167
913 15
914 2932
915 2141
916 111
917 827
918 1126
919 998
920 699
921 2205
922 734
923 5339
924 800
925 841
926 4730
927 4697
928 545
929 453
930 771
931 208
932 212
933 732
934 494
935 855
936 1273
937 1913
938 13
939 2963
940 205
941 155
942 444
943 2303
944 3336
945 3081
946 3226
947 3154
948 4293
949 2834
950 2252
951 2774
952 4464
953 4870
954 3268
955 3493
956 3734
957 2247
958 387
959 829
960 1898
961 1036
962 4206
963 2185
964 4671
965 1520
966 2271
967 1109
968 1873
969 534
970 5260
971 2484
972 597
973 3560
974 1335
975 2187
976 5083
977 2306
978 2300
979 2615
980 3062
981 875
982 907
983 4059
984 196
985 3556
986 4109
987 1268
988 2965
989 4878
990 2134
991 426
992 1977
993 4899
994 1306
995 5202
996 1052
997 904
998 4360
999 4198
1000 4751
1001 572
1002 2287
1003 852
1004 1362
1005 1394
1006 410
1007 1658
1008 293
1009 1712
1010 2918
1011 3921
1012 3767
1013 553
1014 706
1015 885
1016 2533
1017 3421
1018 2150
1019 1568
1020 5223
1021 312
1022 3407
1023 361
1024 811
1025 1950
1026 4530
1027 354
1028 896
1029 2739
1030 2651
1031 406
1032 4114
1033 767
1034 29
1035 1978
1036 369
1037 3432
1038 2908
1039 1460
1040 3218
1041 768
1042 951
1043 662
1044 481
1045 3017
1046 4641
1047 5171
1048 2025
1049 424
1050 3456
1051 2075
1052 865
1053 1249
1054 262
1055 1588
1056 5105
1057 3163
1058 158
1059 1958
1060 23
1061 955
1062 2914
1063 589
1064 660
1065 1611
1066 733
1067 916
1068 40
1069 2153
1070 1914
1071 388
1072 37
1073 2115
1074 2838
1075 310
1076 2430
1077 2262
1078 469
1079 2078
1080 1205
1081 1799
1082 1522
1083 2635
1084 3779
1085 98
1086 2060
1087 1903
1088 869
1089 3224
1090 46
1091 118
1092 3324
1093 849
1094 3256
1095 2044
1096 1762
1097 3056
1098 4918
1099 3198
1100 1793
1101 615
1102 1806
1103 2363
1104 1464
1105 2017
1106 282
1107 2105
1108 837
1109 101
1110 55
1111 2682
1112 4111
1113 4664
1114 3546
1115 2433
1116 1148
1117 905
1118 2242
1119 3790
1120 1926
1121 473
1122 1131
1123 283
1124 2772
1125 428
1126 5432
1127 323
1128 2571
1129 2477
1130 2288
1131 2113
1132 413
1133 272
1134 356
1135 4
1136 1428
1137 3838
1138 1284
1139 1932
1140 908
1141 317
1142 2206
1143 565
1144 2452
1145 821
1146 4959
1147 1691
1148 1082
1149 1078
1150 1575
1151 681
1152 2011
1153 2371
1154 5026
1155 350
1156 677
1157 737
1158 416
1159 10
1160 1484
1161 1810
1162 1004
1163 760
1164 2856
1165 128
1166 861
1167 1695
1168 551
1169 860
1170 3486
1171 1570
1172 21
1173 201
1174 4248
1175 3630
1176 3970
1177 1527
1178 954
1179 378
1180 4907
1181 3042
1182 2846
1183 3141
1184 5214
1185 414
1186 1770
1187 3975
1188 2806
1189 4214
1190 1375
1191 749
1192 962
1193 1191
1194 209
1195 5150
1196 1171
1197 383
1198 3304
1199 4314
1200 2174
1201 4616
1202 564
1203 5232
1204 764
1205 103
1206 133
1207 1738
1208 3862
1209 2836
1210 3835
1211 114
1212 3890
1213 2602
1214 3103
1215 2136
1216 897
1217 3873
1218 301
1219 2099
1220 1696
1221 169
1222 2305
1223 3068
1224 866
1225 1398
1226 495
1227 1206
1228 2566
1229 525
1230 3191
1231 1904
1232 1342
1233 56
1234 4726
1235 1130
1236 3690
1237 1193
1238 3784
1239 2337
1240 5386
1241 192
1242 3531
1243 5193
1244 1946
1245 1765
1246 1592
1247 5429
1248 4340
1249 4831
1250 277
1251 1356
1252 1261
1253 975
1254 5209
1255 3885
1256 3420
1257 4537
1258 2119
1259 3589
1260 2802
1261 1650
1262 1
1263 3125
1264 3255
1265 3968
1266 3789
1267 876
1268 1434
1269 697
1270 2470
1271 2443
1272 290
1273 514
1274 725
1275 661
1276 2015
1277 4773
1278 2054
1279 942
1280 1814
1281 663
1282 4226
1283 1807
1284 4285
1285 2744
1286 1172
1287 642
1288 596
1289 1017
1290 1874
1291 385
1292 200
1293 2224
1294 721
1295 1768
1296 953
1297 778
1298 4733
1299 548
1300 5126
1301 690
1302 549
1303 2617
1304 492
1305 4372
1306 4536
1307 864
1308 1077
1309 2449
1310 594
1311 126
1312 4744
1313 2040
1314 727
1315 4556
1316 1555
1317 3107
1318 999
1319 1149
1320 207
1321 479
1322 1098
1323 42
1324 2832
1325 3857
1326 2196
1327 1789
1328 1860
1329 1094
1330 776
1331 2723
1332 199
1333 1569
1334 707
1335 340
1336 144
1337 4965
1338 1251
1339 3988
1340 95
1341 308
1342 427
1343 295
1344 1120
1345 1815
1346 1507
1347 1447
1348 3425
1349 4266
1350 1598
1351 2277
1352 4207
1353 194
1354 3681
1355 4501
1356 348
1357 123
1358 2226
1359 2008
1360 3297
1361 1939
1362 1282
1363 4364
1364 185
1365 4521
1366 3973
1367 969
1368 299
1369 1166
1370 4072
1371 355
1372 619
1373 704
1374 515
1375 3147
1376 1184
1377 667
1378 198
1379 97
1380 1059
1381 4673
1382 2956
1383 5231
1384 3736
1385 1443
1386 3098
1387 2230
1388 889
1389 382
1390 229
1391 124
1392 345
1393 1214
1394 258
1395 967
1396 539
1397 1174
1398 5064
1399 476
1400 1617
1401 980
1402 2593
1403 4173
1404 891
1405 4321
1406 267
1407 3288
1408 4477
1409 623
1410 1197
1411 1288
1412 3569
1413 4408
1414 1039
1415 590
1416 2344
1417 4256
1418 150
1419 443
1420 2172
1421 2
1422 344
1423 1600
1424 1659
1425 1551
1426 3500
1427 532
1428 292
1429 43
1430 1113
1431 83
1432 370
1433 5199
1434 3205
1435 976
1436 1854
1437 445
1438 570
1439 3729
1440 1518
1441 964
1442 3215
1443 74
1444 191
1445 4635
1446 4658
1447 4804
1448 519
1449 2237
1450 4591
1451 2301
1452 171
1453 4483
1454 4745
1455 4879
1456 3743
1457 1465
1458 1349
1459 4940
1460 28
1461 605
1462 66
1463 579
1464 2981
1465 2899
1466 3506
1467 5483
1468 879
1469 620
1470 1067
1471 4177
1472 4156
1473 3586
1474 1953
1475 1022
1476 419
1477 607
1478 1006
1479 1025
1480 756
1481 1421
1482 3793
1483 1195
1484 2122
1485 1737
1486 1319
1487 3213
1488 3401
1489 179
1490 500
1491 3803
1492 195
1493 3724
1494 3398
1495 3060
1496 4793
1497 1192
1498 116
1499 652
1500 4216
1501 4906
1502 633
1503 224
1504 76
1505 3978
1506 401
1507 2730
1508 2250
1509 5093
1510 1751
1511 535
1512 3795
1513 1698
1514 1881
1515 1796
1516 2274
1517 890
1518 2819
1519 223
1520 1321
1521 1693
1522 264
1523 2518
1524 70
1525 106
1526 2488
1527 16
1528 609
1529 321
1530 1628
1531 2815
1532 735
1533 1005
1534 4633
1535 2079
1536 592
1537 1692
1538 4482
1539 131
1540 1096
1541 618
1542 794
1543 2216
1544 789
1545 1270
1546 5357
1547 634
1548 3595
1549 4643
1550 3596
1551 58
1552 1756
1553 5255
1554 1390
1555 249
1556 850
1557 1139
1558 506
1559 5234
1560 2685
1561 2135
1562 79
1563 3396
1564 2793
1565 2643
1566 163
1567 1056
1568 3786
1569 1021
1570 402
1571 3463
1572 5334
1573 486
1574 4174
1575 524
1576 4352
1577 233
1578 215
1579 1068
1580 1292
1581 3104
1582 450
1583 342
1584 306
1585 159
1586 4555
1587 547
1588 2120
1589 882
1590 563
1591 613
1592 3657
1593 554
1594 230
1595 3004
1596 4404
1597 1057
1598 4750
1599 917
1600 574
1601 1028
1602 635
1603 2719
1604 335
1605 4265
1606 3271
1607 386
1608 5006
1609 3719
1610 4122
1611 5086
1612 2392
1613 4188
1614 3221
1615 2299
1616 4281
1617 718
1618 3976
1619 3680
1620 2382
1621 538
1622 4277
1623 269
1624 3330
1625 204
1626 582
1627 836
1628 2432
1629 91
1630 5010
1631 2529
1632 1885
1633 187
1634 987
1635 3200
1636 2332
1637 39
1638 4946
1639 935
1640 4401
1641 722
1642 2791
1643 946
1644 4172
1645 3740
1646 5095
1647 813
1648 4430
1649 687
1650 1087
1651 41
1652 2828
1653 2612
1654 541
1655 2176
1656 1499
1657 761
1658 686
1659 319
1660 381
1661 2100
1662 810
1663 5387
1664 3742
1665 1060
1666 3417
1667 1529
1668 1343
1669 1140
1670 994
1671 418
1672 1645
1673 805
1674 2233
1675 3878
1676 1741
1677 3030
1678 2085
1679 940
1680 1984
1681 868
1682 5469
1683 2204
1684 1469
1685 4495
1686 1369
1687 3170
1688 4823
1689 1071
1690 3638
1691 4058
1692 4968
1693 3013
1694 227
1695 260
1696 5154
1697 1630
1698 4296
1699 1099
1700 1846
1701 3891
1702 1451
1703 5409
1704 3415
1705 483
1706 2796
1707 2824
1708 799
1709 1238
1710 433
1711 176
1712 2440
1713 938
1714 153
1715 703
1716 583
1717 5163
1718 843
1719 5
1720 691
1721 991
1722 4371
1723 3393
1724 3357
1725 2523
1726 2364
1727 1981
1728 3910
1729 1165
1730 3264
1731 5046
1732 4017
1733 4799
1734 3032
1735 4068
1736 731
1737 243
1738 3363
1739 19
1740 1475
1741 4929
1742 1413
1743 5123
1744 1622
1745 2073
1746 2116
1747 816
1748 3028
1749 1731
1750 1093
1751 3101
1752 929
1753 4653
1754 934
1755 1530
1756 1902
1757 2625
1758 3235
1759 956
1760 922
1761 5340
1762 2192
1763 2814
1764 5448
1765 4569
1766 1500
1767 36
1768 1828
1769 80
1770 724
1771 2872
1772 941
1773 22
1774 331
1775 177
1776 5112
1777 5060
1778 5338
1779 3184
1780 5048
1781 359
1782 769
1783 1136
1784 763
1785 1043
1786 4433
1787 511
1788 415
1789 3008
1790 221
1791 2045
1792 53
1793 4346
1794 4205
1795 1264
1796 2130
1797 4335
1798 4244
1799 2459
1800 1393
1801 5328
1802 3097
1803 4988
1804 1150
1805 3269
1806 134
1807 695
1808 92
1809 1996
1810 1033
1811 3149
1812 575
1813 2565
1814 4814
1815 3298
1816 793
1817 925
1818 1023
1819 156
1820 4241
1821 1618
1822 835
1823 693
1824 5135
1825 248
1826 3059
1827 2876
1828 3065
1829 4679
1830 2473
1831 839
1832 3856
1833 3274
1834 1100
1835 45
1836 1940
1837 2111
1838 3353
1839 585
1840 3091
1841 2032
1842 4305
1843 1112
1844 1636
1845 710
1846 4135
1847 4747
1848 599
1849 268
1850 180
1851 2794
1852 3267
1853 1325
1854 2373
1855 5353
1856 390
1857 1629
1858 1941
1859 537
1860 3171
1861 77
1862 4426
1863 4608
1864 4844
1865 1821
1866 2293
1867 3702
1868 1279
1869 3023
1870 762
1871 2528
1872 867
1873 2368
1874 3428
1875 1209
1876 2510
1877 2386
1878 4586
1879 4092
1880 685
1881 448
1882 4499
1883 517
1884 218
1885 608
1886 1899
1887 4415
1888 3522
1889 3082
1890 4274
1891 2970
1892 24
1893 2584
1894 759
1895 364
1896 2335
1897 462
1898 1596
1899 4420
1900 451
1901 688
1902 1453
1903 550
1904 303
1905 4302
1906 1332
1907 5270
1908 1449
1909 801
1910 1752
1911 4639
1912 1313
1913 2690
1914 154
1915 245
1916 375
1917 612
1918 1802
1919 1258
1920 1372
1921 2238
1922 1837
1923 339
1924 1316
1925 928
1926 2409
1927 3001
1928 4849
1929 774
1930 2203
1931 1370
1932 682
1933 700
1934 2530
1935 251
1936 1586
1937 5143
1938 4067
1939 2536
1940 256
1941 1194
1942 4259
1943 1097
1944 3468
1945 1467
1946 892
1947 5061
1948 4238
1949 2810
1950 3416
1951 3530
1952 3377
1953 616
1954 3676
1955 1790
1956 1013
1957 1866
1958 2004
1959 367
1960 434
1961 1466
1962 1633
1963 491
1964 2732
1965 3328
1966 4993
1967 4534
1968 4063
1969 918
1970 2873
1971 4217
1972 4950
1973 4709
1974 1454
1975 2350
1976 1680
1977 4790
1978 4741
1979 601
1980 4541
1981 2775
1982 2540
1983 3338
1984 873
1985 4076
1986 4948
1987 129
1988 593
1989 2415
1990 785
1991 254
1992 1994
1993 949
1994 3850
1995 1083
1996 4278
1997 147
1998 640
1999 4609
2000 2047
2001 2239
2002 2787
2003 655
2004 646
2005 2052
2006 881
2007 2354
2008 2048
2009 5107
2010 145
2011 4693
2012 4474
2013 38
2014 1927
2015 26
2016 1713
2017 723
2018 3165
2019 3128
2020 490
2021 5343
2022 1794
2023 2926
2024 2102
2025 313
2026 2951
2027 1011
2028 2158
2029 947
2030 894
2031 2322
2032 1239
2033 624
2034 581
2035 396
2036 2352
2037 237
2038 1905
2039 2336
2040 1812
2041 5407
2042 705
2043 3116
2044 5245
2045 830
2046 1587
2047 151
2048 1266
2049 3192
2050 1553
2051 3137
2052 1624
2053 4714
2054 3262
2055 309
2056 1849
2057 4547
2058 600
2059 48
2060 854
2061 2570
2062 5002
2063 4450
2064 3204
2065 1363
2066 559
2067 2618
2068 1606
2069 2324
2070 625
2071 2923
2072 1160
2073 211
2074 2395
2075 780
2076 4397
2077 1204
2078 815
2079 2714
2080 17
2081 5220
2082 2024
2083 2998
2084 745
2085 222
2086 1956
2087 4227
2088 5286
2089 1452
2090 489
2091 168
2092 1933
2093 3392
2094 1471
2095 4127
2096 2403
2097 4905
2098 467
2099 284
2100 558
2101 468
2102 2559
2103 1255
2104 1331
2105 4575
2106 859
2107 1952
2108 1024
2109 1051
2110 653
2111 3898
2112 137
2113 3089
2114 1894
2115 4413
2116 1747
2117 1353
2118 105
2119 3780
2120 726
2121 901
2122 3632
2123 3361
2124 970
2125 3757
2126 602
2127 31
2128 983
2129 394
2130 4682
2131 977
2132 1241
2133 265
2134 689
2135 2349
2136 741
2137 1922
2138 421
2139 1655
2140 712
2141 825
2142 3253
2143 480
2144 3781
2145 832
2146 2414
2147 1225
2148 4702
2149 1708
2150 2862
2151 684
2152 452
2153 4240
2154 1121
2155 4772
2156 411
2157 2390
2158 833
2159 657
2160 2348
2161 4655
2162 4233
2163 3903
2164 520
2165 3134
2166 8
2167 3390
2168 1595
2169 3805
2170 333
2171 2580
2172 4134
2173 3654
2174 325
2175 3749
2176 2278
2177 2734
2178 2297
2179 2992
2180 4540
2181 802
2182 437
2183 513
2184 2688
2185 1785
2186 4221
2187 4930
2188 2097
2189 3944
2190 3855
2191 1825
2192 561
2193 341
2194 505
2195 4869
2196 2128
2197 4056
2198 2246
2199 757
2200 807
2201 1461
2202 1589
2203 3764
2204 487
2205 1439
2206 654
2207 3746
2208 1256
2209 1863
2210 397
2211 371
2212 286
2213 2460
2214 786
2215 3763
2216 3040
2217 5068
2218 1972
2219 730
2220 499
2221 3146
2222 871
2223 1758
2224 1159
2225 2436
2226 1665
2227 910
2228 1196
2229 2506
2230 1671
2231 1514
2232 4503
2233 1714
2234 146
2235 512
2236 1498
2237 4666
2238 5204
2239 228
2240 3335
2241 398
2242 3188
2243 4385
2244 5451
2245 3195
2246 2722
2247 300
2248 1564
2249 4192
2250 3905
2251 5259
2252 1670
2253 5133
2254 1964
2255 332
2256 2076
2257 1301
2258 4795
2259 2880
2260 2857
2261 4762
2262 3967
2263 305
2264 1735
2265 1473
2266 430
2267 52
2268 1701
2269 510
2270 874
2271 1137
2272 1259
2273 518
2274 3585
2275 1029
2276 2234
2277 121
2278 909
2279 1573
2280 817
2281 2988
2282 2626
2283 2065
2284 3827
2285 576
2286 247
2287 586
2288 1482
2289 2779
2290 1566
2291 1355
2292 236
2293 3774
2294 456
2295 3379
2296 4260
2297 25
2298 3279
2299 4713
2300 2608
2301 1116
2302 2822
2303 178
2304 738
2305 3514
2306 3355
2307 64
2308 3810
2309 5428
2310 1048
2311 2829
2312 3469
2313 4239
2314 3322
2315 216
2316 2790
2317 566
2318 5322
2319 1997
2320 3495
2321 2784
2322 3234
2323 3435
2324 3443
2325 680
2326 1240
2327 2843
2328 377
2329 1890
2330 457
2331 4271
2332 853
2333 4921
2334 3387
2335 1161
2336 326
2337 4535
2338 1826
2339 183
2340 343
2341 2962
2342 1381
2343 49
2344 4794
2345 770
2346 2541
2347 81
2348 307
2349 324
2350 1554
2351 809
2352 2321
2353 1694
2354 1729
2355 1244
2356 844
2357 2933
2358 3908
2359 69
2360 441
2361 366
2362 67
2363 60
2364 4060
2365 2285
2366 4553
2367 857
2368 1444
2369 99
2370 595
2371 1797
2372 497
2373 4019
2374 363
2375 502
2376 617
2377 3744
2378 4338
2379 130
2380 1985
2381 632
2382 3994
2383 5377
2384 4596
2385 2071
2386 157
2387 1706
2388 645
2389 1657
2390 2450
2391 314
2392 3517
2393 3159
2394 2494
2395 1602
2396 278
2397 384
2398 5100
2399 4472
2400 573
2401 1203
2402 1563
2403 1549
2404 86
2405 588
2406 2210
2407 758
2408 59
2409 1296
2410 2564
2411 3329
2412 3986
2413 1003
2414 2319
2415 2912
2416 911
2417 2833
2418 979
2419 3611
2420 2041
2421 2340
2422 939
2423 523
2424 1487
2425 1918
2426 298
2427 2776
2428 2034
2429 3190
2430 1382
2431 1705
2432 2316
2433 577
2434 4077
2435 349
2436 3639
2437 4457
2438 4289
2439 2725
2440 2372
2441 543
2442 346
2443 2056
2444 2419
2445 242
2446 1182
2447 1677
2448 1910
2449 1822
2450 2687
2451 2925
2452 3210
2453 1440
2454 2865
2455 3570
2456 4564
2457 71
2458 808
2459 2600
2460 1402
2461 2884
2462 5391
2463 294
2464 3851
2465 399
2466 4237
2467 647
2468 1053
2469 622
2470 3512
2471 3909
2472 3378
2473 659
2474 5173
2475 409
2476 2222
2477 651
2478 4997
2479 2391
2480 1412
2481 1699
2482 1769
2483 2476
2484 2852
2485 389
2486 1117
2487 1009
2488 2351
2489 2178
2490 217
2491 4605
2492 5176
2493 814
2494 2154
2495 4010
2496 493
2497 484
2498 73
2499 959
2500 3419
2501 141
2502 1415
2503 3096
2504 4680
2505 2936
2506 2042
2507 5375
2508 440
2509 3567
2510 698
2511 878
2512 2603
2513 982
2514 136
2515 4406
2516 2691
2517 4956
2518 2760
2519 3697
2520 773
2521 422
2522 847
2523 336
2524 458
2525 3816
2526 5177
2527 591
2528 3208
2529 790
2530 429
2531 5108
2532 3949
2533 3640
2534 3424
2535 845
2536 4057
2537 182
2538 1207
2539 2388
2540 2642
2541 338
2542 1357
2543 3232
2544 784
2545 508
2546 1681
2547 1792
2548 587
2549 2882
2550 1686
2551 3548
2552 2885
2553 2785
2554 4026
2555 2804
2556 18
2557 637
2558 442
2559 702
2560 5330
2561 475
2562 2547
2563 3508
2564 4583
2565 219
2566 3751
2567 3717
2568 438
2569 2094
2570 1942
2571 744
2572 924
2573 4739
2574 3197
2575 2089
2576 5240
2577 1838
2578 3541
2579 4467
2580 1537
2581 250
2582 3876
2583 5250
2584 3841
2585 3406
2586 311
2587 3515
2588 1108
2589 1146
2590 3173
2591 1291
2592 35
2593 1574
2594 4648
2595 2594
2596 3875
2597 4257
2598 5412
2599 1590
2600 678
2601 2762
2602 2848
2603 3478
2604 2227
2605 380
2606 11
2607 1156
2608 112
2609 1311
2610 460
2611 555
2612 1318
2613 1300
2614 252
2615 4881
2616 3689
2617 944
2618 4620
2619 1334
2620 507
2621 3012
2622 1947
2623 796
2624 1027
2625 1472
2626 2696
2627 611
2628 3527
2629 3402
2630 405
2631 149
2632 27
2633 400
2634 960
2635 2067
2636 140
2637 708
2638 3806
2639 2509
2640 1278
2641 1966
2642 2924
2643 225
2644 2575
2645 4986
2646 3010
2647 2913
2648 542
2649 3372
2650 4801
2651 1371
2652 1878
2653 1562
2654 1503
2655 3554
2656 1457
2657 828
2658 2197
2659 4601
2660 840
2661 819
2662 304
2663 4459
2664 4497
2665 621
2666 1764
2667 4496
2668 202
2669 2245
2670 4119
2671 4574
2672 2313
2673 1189
2674 4830
2675 4439
2676 4263
2677 125
2678 351
2679 2929
2680 1504
2681 3735
2682 1145
2683 148
2684 498
2685 3825
2686 753
2687 4466
2688 952
2689 2126
2690 886
2691 3498
2692 1859
2693 122
2694 3470
2695 2091
2696 449
2697 1446
2698 3375
2699 4688
2700 1308
2701 2147
2702 1091
2703 3151
2704 496
2705 1263
2706 488
2707 927
2708 3881
2709 2726
2710 666
2711 526
2712 2507
2713 4994
2714 914
2715 0
2716 2680
2717 3289
2718 1228
2719 1788
2720 3842
2721 334
2722 2561
2723 5251
2724 3599
2725 791
2726 1312
2727 1347
2728 447
2729 2272
2730 628
2731 562
2732 5166
2733 656
2734 673
2735 2782
2736 1298
2737 1142
2738 287
2739 1079
2740 234
2741 1506
2742 423
2743 2290
2744 501
2745 3854
2746 172
2747 2881
2748 3894
2749 1886
2750 3659
2751 166
2752 1508
2753 2355
2754 1856
2755 2703
2756 3370
2757 1141
2758 5029
2759 1591
2760 5117
2761 3562
2762 4009
2763 3310
2764 1533
2765 2729
2766 4218
2767 2721
2768 567
2769 806
2770 107
2771 14
2772 3095
2773 257
2774 4722
2775 803
2776 1951
2777 206
2778 82
2779 2967
2780 1442
2781 85
2782 1200
2783 1409
2784 650
2785 783
2786 750
2787 1954
2788 3974
2789 104
2790 3296
2791 1320
2792 3636
2793 1295
2794 2133
2795 75
2796 3272
2797 777
2798 3455
2799 2379
2800 276
2801 5272
2802 2797
2803 4732
2804 4971
