2353
0 35
1 1799
2 368
3 3034
4 4282
5 7517
6 1971
7 2956
8 1216
9 4805
10 37
11 6151
12 2996
13 2672
14 1215
15 1591
16 3671
17 1897
18 6066
19 833
20 181
21 612
22 551
23 2419
24 187
25 1989
26 1188
27 5417
28 3477
29 252
30 7146
31 2532
32 239
33 476
34 1618
35 6296
36 398
37 2733
38 310
39 7027
40 2930
41 5306
42 1820
43 171
44 7292
45 611
46 959
47 5772
48 691
49 4178
50 7333
51 1431
52 4292
53 4965
54 1576
55 807
56 453
57 6697
58 196
59 734
60 4826
61 167
62 1710
63 929
64 581
65 3083
66 6835
67 5499
68 269
69 793
70 5865
71 6345
72 877
73 591
74 1535
75 6644
76 4161
77 2724
78 1231
79 4749
80 384
81 1697
82 4171
83 5433
84 887
85 5899
86 5735
87 2198
88 3641
89 6638
90 4903
91 4643
92 1556
93 5457
94 1021
95 3451
96 1499
97 1272
98 1411
99 1899
100 2806
101 6063
102 247
103 2727
104 4984
105 2767
106 2955
107 6368
108 2339
109 679
110 5038
111 2074
112 4514
113 68
114 604
115 4552
116 1923
117 609
118 777
119 425
120 323
121 416
122 723
123 178
124 2278
125 490
126 853
127 875
128 4019
129 2891
130 504
131 485
132 579
133 1286
134 583
135 3560
136 4475
137 1222
138 2702
139 3157
140 641
141 655
142 2886
143 2673
144 198
145 2786
146 124
147 1274
148 3197
149 445
150 3251
151 6995
152 4663
153 125
154 1549
155 438
156 3340
157 100
158 1793
159 2976
160 3956
161 3415
162 4907
163 689
164 4163
165 991
166 1514
167 5817
168 3138
169 6361
170 26
171 3666
172 622
173 1223
174 1729
175 2944
176 2850
177 4860
178 4075
179 731
180 163
181 639
182 1969
183 5921
184 5411
185 1699
186 1586
187 2247
188 2749
189 3774
190 5088
191 6334
192 2896
193 450
194 7234
195 348
196 624
197 101
198 6341
199 466
200 1855
201 2744
202 628
203 2043
204 4223
205 4670
206 462
207 3371
208 1186
209 2
210 5842
211 7277
212 278
213 213
214 4029
215 470
216 5384
217 2072
218 4176
219 566
220 34
221 2261
222 1358
223 2387
224 153
225 5766
226 2625
227 96
228 6598
229 2280
230 808
231 1432
232 176
233 7275
234 4609
235 414
236 272
237 2926
238 5826
239 2914
240 580
241 5657
242 5413
243 2966
244 640
245 636
246 1050
247 5293
248 2040
249 3154
250 389
251 4507
252 804
253 2991
254 1105
255 4687
256 6832
257 5547
258 1884
259 4004
260 3861
261 3720
262 2691
263 1022
264 4197
265 395
266 3454
267 3766
268 6786
269 1627
270 3378
271 1473
272 4611
273 5556
274 3514
275 2473
276 4557
277 4849
278 4996
279 6297
280 482
281 6539
282 1171
283 1042
284 5159
285 3628
286 5261
287 1835
288 3908
289 6913
290 4306
291 5958
292 1160
293 351
294 709
295 2259
296 1898
297 7463
298 2239
299 2386
300 1251
301 4371
302 5388
303 4415
304 3818
305 549
306 206
307 5474
308 2561
309 958
310 589
311 5549
312 1452
313 1986
314 3003
315 2764
316 2912
317 185
318 6255
319 6098
320 57
321 492
322 714
323 4203
324 103
325 5610
326 698
327 2094
328 5799
329 32
330 448
331 2286
332 975
333 1784
334 1183
335 1916
336 5198
337 513
338 3332
339 1076
340 5733
341 3472
342 868
343 4659
344 6693
345 1400
346 842
347 7455
348 271
349 2687
350 2662
351 1079
352 1904
353 2076
354 1344
355 6549
356 2567
357 1557
358 177
359 4156
360 773
361 203
362 2546
363 711
364 1082
365 3590
366 1767
367 3280
368 1384
369 1774
370 1310
371 3426
372 3455
373 5360
374 984
375 296
376 680
377 1643
378 6625
379 3750
380 712
381 606
382 1024
383 4561
384 4559
385 832
386 1943
387 1280
388 97
389 308
390 592
391 373
392 1405
393 2115
394 1796
395 3768
396 6922
397 3164
398 1329
399 6640
400 5012
401 1883
402 11
403 211
404 244
405 23
406 1352
407 7233
408 4901
409 161
410 6446
411 1797
412 7401
413 3893
414 7408
415 6169
416 2471
417 498
418 2176
419 677
420 672
421 5380
422 13
423 3355
424 441
425 2721
426 6390
427 3150
428 411
429 259
430 428
431 662
432 2519
433 3682
434 2283
435 3350
436 64
437 2435
438 3411
439 3174
440 105
441 4243
442 2015
443 2492
444 3696
445 3761
446 3354
447 2338
448 1876
449 3749
450 2307
451 6661
452 3508
453 328
454 6663
455 383
456 24
457 444
458 393
459 4104
460 1395
461 6509
462 2249
463 7331
464 2013
465 5500
466 468
467 1646
468 3298
469 431
470 4542
471 486
472 968
473 4377
474 2138
475 5352
476 128
477 1023
478 3512
479 3228
480 4626
481 590
482 6779
483 3175
484 123
485 1853
486 3320
487 6801
488 6084
489 3081
490 1107
491 3436
492 5238
493 669
494 491
495 2326
496 312
497 3248
498 6522
499 1328
500 3909
501 902
502 4655
503 645
504 619
505 5560
506 7024
507 3575
508 697
509 5880
510 3733
511 543
512 561
513 3611
514 2770
515 983
516 1906
517 1444
518 4151
519 195
520 5400
521 1606
522 2901
523 690
524 113
525 614
526 4811
527 2265
528 4192
529 366
530 4999
531 4103
532 1723
533 6062
534 4767
535 1032
536 464
537 6056
538 1162
539 7347
540 209
541 4285
542 1903
543 4899
544 3139
545 1018
546 4851
547 3124
548 6302
549 6220
550 3297
551 1996
552 1496
553 360
554 484
555 4745
556 2216
557 3351
558 104
559 4619
560 424
561 1857
562 1889
563 4957
564 3520
565 6773
566 3878
567 647
568 6731
569 3140
570 2525
571 634
572 1868
573 595
574 510
575 1804
576 1148
577 3414
578 2337
579 2174
580 2994
581 5091
582 892
583 3004
584 3645
585 2904
586 70
587 2538
588 5391
589 1940
590 4380
591 6534
592 1139
593 321
594 374
595 494
596 6514
597 5130
598 5520
599 231
600 2029
601 1551
602 4703
603 786
604 2269
605 1345
606 2951
607 1921
608 516
609 157
610 2358
611 3040
612 7308
613 6754
614 4071
615 5279
616 1600
617 4827
618 1137
619 6377
620 5882
621 1262
622 4545
623 1062
624 3736
625 2322
626 1634
627 1056
628 4248
629 477
630 748
631 5811
632 2618
633 1863
634 327
635 1525
636 423
637 4836
638 182
639 1436
640 4943
641 4588
642 5192
643 4497
644 6659
645 2913
646 243
647 1208
648 4159
649 4016
650 1908
651 5112
652 5991
653 4417
654 1477
655 5570
656 329
657 565
658 291
659 908
660 1438
661 2835
662 5382
663 1106
664 3660
665 6627
666 4215
667 4117
668 2480
669 652
670 3500
671 5318
672 1608
673 180
674 131
675 4725
676 3787
677 653
678 5925
679 4617
680 6109
681 2613
682 761
683 443
684 4741
685 588
686 5466
687 724
688 5029
689 3730
690 1413
691 1955
692 2388
693 2583
694 6189
695 5863
696 6837
697 6979
698 1695
699 546
700 3770
701 7490
702 4476
703 138
704 681
705 4555
706 1581
707 4098
708 5841
709 5341
710 3342
711 559
712 626
713 2626
714 2232
715 4450
716 5713
717 6093
718 704
719 4451
720 820
721 6173
722 555
723 2793
724 1426
725 6985
726 2909
727 372
728 343
729 461
730 4368
731 1952
732 899
733 159
734 3865
735 1164
736 950
737 2181
738 392
739 659
740 5850
741 4925
742 4212
743 2940
744 3097
745 3742
746 3165
747 5526
748 347
749 4387
750 6045
751 2711
752 4288
753 1882
754 7372
755 7044
756 5073
757 99
758 1810
759 4114
760 2042
761 1075
762 6740
763 6458
764 4057
765 1288
766 4205
767 5501
768 1
769 6941
770 5727
771 427
772 3728
773 19
774 4818
775 3092
776 5797
777 7342
778 4021
779 607
780 621
781 3362
782 811
783 3033
784 1307
785 5336
786 2556
787 7232
788 635
789 363
790 1705
791 6161
792 53
793 598
794 572
795 5348
796 971
797 200
798 4753
799 121
800 545
801 471
802 39
803 20
804 3847
805 4935
806 4955
807 439
808 2126
809 576
810 1255
811 2057
812 1469
813 3786
814 1563
815 5216
816 72
817 627
818 47
819 89
820 2449
821 112
822 194
823 2098
824 3685
825 12
826 5240
827 517
828 7202
829 2173
830 5853
831 2576
832 1919
833 1142
834 2114
835 7086
836 5972
837 1851
838 2294
839 7514
840 4434
841 2082
842 2444
843 228
844 7136
845 3837
846 5294
847 996
848 4610
849 1663
850 336
851 419
852 1941
853 135
854 1074
855 3230
856 3521
857 1641
858 2920
859 535
860 359
861 293
862 2437
863 671
864 3772
865 6734
866 1622
867 2333
868 426
869 27
870 737
871 7002
872 3464
873 7363
874 4105
875 757
876 2125
877 5805
878 586
879 1741
880 4454
881 1615
882 760
883 2484
884 2244
885 6868
886 5765
887 4216
888 1483
889 1355
890 1516
891 729
892 4863
893 7369
894 6845
895 4023
896 7447
897 1035
898 3273
899 5331
900 577
901 429
902 5064
903 2569
904 7166
905 5166
906 21
907 769
908 3849
909 2264
910 2584
911 2012
912 693
913 435
914 2751
915 3689
916 391
917 3100
918 2831
919 2128
920 2704
921 2150
922 276
923 5463
924 2120
925 382
926 1156
927 3055
928 1587
929 4694
930 2050
931 226
932 4027
933 5782
934 751
935 5838
936 3190
937 6256
938 2743
939 1933
940 739
941 5677
942 2355
943 292
944 2171
945 2869
946 2166
947 2105
948 407
949 4381
950 3315
951 6615
952 5754
953 4433
954 7235
955 3382
956 3537
957 129
958 7511
959 927
960 5676
961 981
962 7179
963 587
964 1779
965 994
966 1910
967 5897
968 1570
969 2109
970 5392
971 2083
972 7185
973 506
974 6403
975 1766
976 169
977 1686
978 6820
979 6479
980 3319
981 3822
982 2795
983 6816
984 1639
985 5031
986 4383
987 3407
988 6485
989 2794
990 3435
991 281
992 3967
993 1330
994 51
995 7029
996 1593
997 651
998 5960
999 4674
1000 6053
1001 4644
1002 2960
1003 1736
1004 2486
1005 629
1006 6281
1007 95
1008 1959
1009 1478
1010 1470
1011 1114
1012 1522
1013 3427
1014 7278
1015 1747
1016 3321
1017 3695
1018 345
1019 3506
1020 1120
1021 1520
1022 3577
1023 300
1024 568
1025 1476
1026 2314
1027 4550
1028 3288
1029 2162
1030 1109
1031 4535
1032 4391
1033 3925
1034 241
1035 1628
1036 7499
1037 2224
1038 2757
1039 433
1040 6651
1041 721
1042 88
1043 4774
1044 562
1045 311
1046 2117
1047 3955
1048 1448
1049 224
1050 401
1051 514
1052 632
1053 28
1054 600
1055 146
1056 7284
1057 907
1058 263
1059 80
1060 133
1061 541
1062 1041
1063 7205
1064 923
1065 1582
1066 703
1067 478
1068 2803
1069 5004
1070 4254
1071 179
1072 6846
1073 3226
1074 350
1075 111
1076 3509
1077 5368
1078 61
1079 318
1080 1719
1081 1009
1082 1000
1083 219
1084 5704
1085 1112
1086 1963
1087 4047
1088 268
1089 1259
1090 2773
1091 5649
1092 2470
1093 3384
1094 4726
1095 394
1096 791
1097 3856
1098 10
1099 7297
1100 6188
1101 331
1102 2919
1103 5428
1104 1757
1105 4036
1106 2095
1107 4810
1108 304
1109 3704
1110 550
1111 40
1112 356
1113 5940
1114 3108
1115 3869
1116 2203
1117 1318
1118 3793
1119 3734
1120 1382
1121 6044
1122 341
1123 663
1124 1568
1125 1414
1126 2450
1127 65
1128 77
1129 1877
1130 2169
1131 6193
1132 282
1133 3642
1134 6257
1135 574
1136 1020
1137 2206
1138 6752
1139 2808
1140 2246
1141 2352
1142 2311
1143 852
1144 5150
1145 3627
1146 1983
1147 4761
1148 9
1149 4094
1150 2243
1151 6474
1152 2186
1153 4692
1154 5868
1155 6639
1156 5312
1157 3060
1158 109
1159 7253
1160 806
1161 110
1162 6134
1163 5280
1164 2707
1165 3504
1166 547
1167 530
1168 436
1169 3496
1170 410
1171 2559
1172 803
1173 4427
1174 58
1175 4648
1176 3025
1177 1102
1178 4720
1179 7397
1180 6840
1181 1012
1182 29
1183 3994
1184 140
1185 1267
1186 3005
1187 2507
1188 1750
1189 5906
1190 2608
1191 584
1192 608
1193 6546
1194 5981
1195 735
1196 1668
1197 2035
1198 6557
1199 3067
1200 2753
1201 2229
1202 6523
1203 3939
1204 753
1205 6086
1206 5994
1207 1788
1208 617
1209 3747
1210 377
1211 204
1212 2184
1213 2738
1214 5452
1215 7320
1216 6927
1217 915
1218 455
1219 2039
1220 4959
1221 136
1222 6476
1223 3653
1224 596
1225 3222
1226 841
1227 4006
1228 2096
1229 3971
1230 364
1231 3410
1232 2895
1233 4091
1234 403
1235 2305
1236 7452
1237 3268
1238 3988
1239 4532
1240 524
1241 3093
1242 3848
1243 4506
1244 3551
1245 4099
1246 285
1247 1196
1248 1422
1249 1113
1250 1574
1251 4690
1252 5698
1253 4566
1254 6007
1255 5762
1256 246
1257 7357
1258 2301
1259 4891
1260 2531
1261 458
1262 4875
1263 156
1264 552
1265 6877
1266 1762
1267 3020
1268 199
1269 1281
1270 4325
1271 2747
1272 3924
1273 480
1274 5404
1275 2211
1276 1305
1277 1385
1278 197
1279 642
1280 1296
1281 5996
1282 1735
1283 7271
1284 5056
1285 3244
1286 594
1287 675
1288 3114
1289 570
1290 303
1291 2348
1292 3871
1293 4298
1294 7273
1295 339
1296 1536
1297 1772
1298 94
1299 1092
1300 2829
1301 3631
1302 290
1303 6646
1304 162
1305 2255
1306 7291
1307 5282
1308 2395
1309 931
1310 1685
1311 2009
1312 3347
1313 4615
1314 245
1315 4410
1316 3087
1317 815
1318 409
1319 1220
1320 2024
1321 3638
1322 699
1323 1157
1324 7
1325 3429
1326 2044
1327 6608
1328 3972
1329 3738
1330 755
1331 5146
1332 1004
1333 2309
1334 85
1335 90
1336 118
1337 3208
1338 895
1339 666
1340 701
1341 1002
1342 6641
1343 2701
1344 283
1345 2568
1346 2331
1347 2502
1348 2134
1349 1665
1350 7070
1351 2734
1352 4633
1353 456
1354 3331
1355 3122
1356 5233
1357 1311
1358 1730
1359 144
1360 6541
1361 2709
1362 1275
1363 288
1364 1065
1365 5429
1366 81
1367 538
1368 116
1369 145
1370 1547
1371 2862
1372 890
1373 2936
1374 5169
1375 1930
1376 5535
1377 4230
1378 481
1379 620
1380 6014
1381 986
1382 1845
1383 1306
1384 5464
1385 1484
1386 5405
1387 4283
1388 6117
1389 361
1390 2931
1391 2796
1392 92
1393 2167
1394 4637
1395 901
1396 254
1397 1060
1398 4093
1399 1534
1400 1192
1401 6605
1402 7472
1403 778
1404 280
1405 2153
1406 15
1407 417
1408 2937
1409 3431
1410 4160
1411 7494
1412 2454
1413 3990
1414 5867
1415 5734
1416 4175
1417 1841
1418 18
1419 5575
1420 2653
1421 1512
1422 250
1423 3075
1424 1824
1425 1840
1426 5126
1427 2356
1428 2140
1429 7362
1430 7190
1431 6310
1432 3112
1433 3589
1434 4199
1435 2439
1436 7265
1437 4531
1438 6069
1439 4102
1440 3487
1441 6967
1442 344
1443 314
1444 874
1445 1538
1446 1227
1447 4882
1448 73
1449 3225
1450 536
1451 460
1452 637
1453 6686
1454 5223
1455 1334
1456 3134
1457 421
1458 152
1459 5174
1460 924
1461 3542
1462 6587
1463 3090
1464 36
1465 518
1466 388
1467 415
1468 3265
1469 487
1470 889
1471 605
1472 17
1473 1671
1474 2345
1475 5264
1476 4880
1477 497
1478 1094
1479 519
1480 1944
1481 688
1482 2617
1483 4277
1484 4345
1485 3281
1486 682
1487 3715
1488 2907
1489 1128
1490 1679
1491 1194
1492 593
1493 3113
1494 3658
1495 4312
1496 154
1497 186
1498 692
1499 816
1500 700
1501 396
1502 2148
1503 754
1504 320
1505 5119
1506 2093
1507 988
1508 2130
1509 1151
1510 5197
1511 5944
1512 260
1513 447
1514 1575
1515 821
1516 1299
1517 573
1518 1052
1519 964
1520 5544
1521 1962
1522 4482
1523 1701
1524 4728
1525 165
1526 7329
1527 1839
1528 1975
1529 2250
1530 220
1531 4701
1532 1805
1533 2275
1534 1250
1535 1034
1536 249
1537 834
1538 120
1539 1521
1540 3283
1541 279
1542 750
1543 511
1544 2189
1545 2049
1546 381
1547 1837
1548 1468
1549 114
1550 2776
1551 3118
1552 4169
1553 2063
1554 5333
1555 1743
1556 2375
1557 3757
1558 150
1559 4664
1560 1474
1561 3091
1562 16
1563 1865
1564 508
1565 1970
1566 325
1567 1338
1568 355
1569 469
1570 2990
1571 678
1572 1892
1573 91
1574 67
1575 446
1576 5067
1577 861
1578 1357
1579 2061
1580 2731
1581 6590
1582 1367
1583 2491
1584 422
1585 838
1586 273
1587 747
1588 885
1589 935
1590 6714
1591 2523
1592 190
1593 4294
1594 1616
1595 1958
1596 6911
1597 6139
1598 1947
1599 1873
1600 1681
1601 1488
1602 5985
1603 948
1604 143
1605 5896
1606 148
1607 230
1608 499
1609 2839
1610 4799
1611 6226
1612 1604
1613 7117
1614 4620
1615 4625
1616 554
1617 1917
1618 2562
1619 4076
1620 2475
1621 553
1622 2788
1623 175
1624 6684
1625 2394
1626 205
1627 4323
1628 1206
1629 52
1630 2971
1631 437
1632 2191
1633 5236
1634 3352
1635 44
1636 3796
1637 294
1638 928
1639 3073
1640 4806
1641 6626
1642 1201
1643 661
1644 62
1645 2373
1646 1728
1647 857
1648 1066
1649 603
1650 2880
1651 1434
1652 3823
1653 6367
1654 4884
1655 4
1656 6936
1657 2210
1658 5106
1659 451
1660 7137
1661 5305
1662 14
1663 1303
1664 227
1665 7124
1666 3001
1667 7010
1668 1195
1669 6518
1670 544
1671 2447
1672 1577
1673 2011
1674 2364
1675 2324
1676 4453
1677 3385
1678 1623
1679 1956
1680 400
1681 5533
1682 4106
1683 5927
1684 1751
1685 2405
1686 6867
1687 2111
1688 132
1689 1089
1690 258
1691 4654
1692 5647
1693 1957
1694 3595
1695 501
1696 528
1697 3361
1698 5366
1699 5225
1700 66
1701 2274
1702 1257
1703 5412
1704 1090
1705 706
1706 3684
1707 6261
1708 2089
1709 5254
1710 333
1711 22
1712 2779
1713 1135
1714 106
1715 4640
1716 1998
1717 2233
1718 301
1719 45
1720 2175
1721 1954
1722 313
1723 46
1724 3396
1725 4744
1726 6577
1727 2543
1728 5401
1729 1517
1730 440
1731 399
1732 4931
1733 1136
1734 102
1735 6154
1736 6621
1737 38
1738 4798
1739 369
1740 1537
1741 6468
1742 256
1743 6149
1744 5449
1745 1428
1746 6035
1747 1660
1748 4924
1749 830
1750 1369
1751 654
1752 3725
1753 2209
1754 623
1755 2723
1756 1637
1757 4142
1758 2873
1759 557
1760 3456
1761 6595
1762 6596
1763 6200
1764 2190
1765 1607
1766 752
1767 236
1768 7364
1769 4396
1770 618
1771 1803
1772 930
1773 31
1774 2589
1775 160
1776 6715
1777 5183
1778 5973
1779 5434
1780 1461
1781 1742
1782 6892
1783 1764
1784 972
1785 2528
1786 2710
1787 82
1788 289
1789 5603
1790 232
1791 2612
1792 4012
1793 6082
1794 7162
1795 134
1796 794
1797 50
1798 3659
1799 3147
1800 4359
1801 4839
1802 6436
1803 1624
1804 6453
1805 3399
1806 1471
1807 2401
1808 108
1809 5402
1810 340
1811 5844
1812 338
1813 3497
1814 1979
1815 6568
1816 615
1817 533
1818 6324
1819 1981
1820 2041
1821 4416
1822 564
1823 7072
1824 483
1825 3364
1826 2927
1827 4351
1828 346
1829 3123
1830 5955
1831 658
1832 1823
1833 3817
1834 5961
1835 3632
1836 1698
1837 2728
1838 5277
1839 5571
1840 164
1841 599
1842 3598
1843 319
1844 2389
1845 3016
1846 6553
1847 63
1848 375
1849 413
1850 5574
1851 1680
1852 4706
1853 1783
1854 643
1855 4166
1856 362
1857 6533
1858 3039
1859 275
1860 5856
1861 6963
1862 8
1863 1268
1864 166
1865 6210
1866 523
1867 873
1868 707
1869 4953
1870 1051
1871 0
1872 2227
1873 1320
1874 4828
1875 3303
1876 158
1877 3797
1878 775
1879 192
1880 1980
1881 3326
1882 686
1883 2980
1884 1571
1885 2220
1886 4685
1887 3450
1888 509
1889 83
1890 1655
1891 1301
1892 1682
1893 2164
1894 251
1895 2799
1896 5248
1897 7290
1898 3366
1899 2440
1900 1464
1901 1046
1902 1247
1903 1990
1904 4320
1905 6496
1906 4066
1907 6288
1908 2423
1909 537
1910 317
1911 980
1912 2855
1913 4874
1914 2362
1915 75
1916 673
1917 493
1918 4158
1919 2988
1920 2898
1921 1180
1922 137
1923 353
1924 687
1925 5259
1926 387
1927 542
1928 270
1929 1209
1930 4172
1931 4582
1932 982
1933 452
1934 3731
1935 76
1936 7375
1937 783
1938 5667
1939 1829
1940 1987
1941 4759
1942 418
1943 563
1944 6603
1945 2064
1946 708
1947 4758
1948 3693
1949 5000
1950 2367
1951 1706
1952 5483
1953 2892
1954 4050
1955 3529
1956 379
1957 3900
1958 668
1959 495
1960 4058
1961 115
1962 6356
1963 299
1964 7355
1965 330
1966 1847
1967 674
1968 539
1969 664
1970 2097
1971 7217
1972 5245
1973 297
1974 378
1975 2366
1976 4693
1977 1368
1978 2432
1979 7453
1980 255
1981 358
1982 2102
1983 3756
1984 6519
1985 107
1986 6004
1987 71
1988 6613
1989 5321
1990 3098
1991 5144
1992 6727
1993 850
1994 2512
1995 694
1996 3421
1997 5127
1998 4964
1999 3752
2000 1746
2001 1564
2002 2472
2003 813
2004 4571
2005 1119
2006 5378
2007 7163
2008 69
2009 4594
2010 326
2011 3106
2012 1167
2013 3086
2014 6993
2015 30
2016 59
2017 732
2018 1579
2019 2771
2020 1656
2021 4988
2022 3131
2023 1792
2024 4304
2025 3246
2026 846
2027 212
2028 1087
2029 130
2030 4768
2031 3323
2032 473
2033 4361
2034 2784
2035 6179
2036 2720
2037 397
2038 2421
2039 193
2040 217
2041 625
2042 3801
2043 3929
2044 4220
2045 5086
2046 475
2047 257
2048 6213
2049 5035
2050 49
2051 48
2052 3433
2053 2644
2054 578
2055 5043
2056 430
2057 4052
2058 736
2059 1430
2060 644
2061 1927
2062 5943
2063 4667
2064 979
2065 2548
2066 2238
2067 385
2068 4270
2069 1465
2070 3591
2071 5267
2072 6980
2073 6106
2074 2883
2075 7090
2076 758
2077 503
2078 2785
2079 2466
2080 223
2081 5525
2082 6040
2083 7116
2084 5594
2085 5448
2086 5213
2087 264
2088 2038
2089 1678
2090 4063
2091 1190
2092 390
2093 5636
2094 5440
2095 4135
2096 7131
2097 210
2098 5793
2099 2086
2100 1725
2101 60
2102 1635
2103 54
2104 3388
2105 2647
2106 7503
2107 43
2108 2516
2109 2551
2110 787
2111 5971
2112 556
2113 7023
2114 151
2115 3391
2116 222
2117 1048
2118 4350
2119 1597
2120 2016
2121 676
2122 5055
2123 7293
2124 733
2125 1284
2126 5247
2127 2703
2128 4977
2129 3828
2130 2631
2131 713
2132 315
2133 502
2134 434
2135 5045
2136 5485
2137 4504
2138 2828
2139 286
2140 569
2141 202
2142 5602
2143 4278
2144 2962
2145 2820
2146 913
2147 6337
2148 522
2149 4137
2150 4679
2151 610
2152 237
2153 170
2154 2112
2155 2277
2156 93
2157 5271
2158 7031
2159 6424
2160 2544
2161 1915
2162 7045
2163 2237
2164 4129
2165 5947
2166 1337
2167 1887
2168 909
2169 1276
2170 2679
2171 2163
2172 3623
2173 3843
2174 702
2175 467
2176 2099
2177 601
2178 3102
2179 534
2180 4399
2181 520
2182 937
2183 380
2184 540
2185 25
2186 6328
2187 597
2188 2718
2189 665
2190 365
2191 2830
2192 765
2193 2730
2194 4606
2195 2476
2196 1427
2197 298
2198 6611
2199 2090
2200 2932
2201 2236
2202 1479
2203 6419
2204 3252
2205 2725
2206 1360
2207 1115
2208 2488
2209 941
2210 1117
2211 2554
2212 155
2213 191
2214 685
2215 3760
2216 4589
2217 4460
2218 7378
2219 2053
2220 479
2221 4358
2222 5074
2223 1189
2224 189
2225 5606
2226 2965
2227 3346
2228 4815
2229 1558
2230 952
2231 4529
2232 5710
2233 221
2234 1198
2235 4618
2236 2854
2237 2315
2238 5423
2239 4481
2240 6316
2241 1526
2242 3289
2243 1030
2244 961
2245 3196
2246 947
2247 6456
2248 6806
2249 5494
2250 412
2251 2705
2252 442
2253 6538
2254 6191
2255 1289
2256 7458
2257 4834
2258 7384
2259 3673
2260 2729
2261 3186
2262 867
2263 235
2264 630
2265 1683
2266 860
2267 3171
2268 406
2269 657
2270 2055
2271 6024
2272 371
2273 727
2274 4809
2275 3416
2276 4157
2277 1005
2278 4486
2279 3
2280 567
2281 966
2282 4028
2283 2897
2284 7513
2285 2047
2286 463
2287 127
2288 1768
2289 1645
2290 2465
2291 6101
2292 408
2293 4814
2294 5496
2295 4496
2296 240
2297 1317
2298 6046
2299 277
2300 6211
2301 2101
2302 7264
2303 1738
2304 7055
2305 5275
2306 6209
2307 4007
2308 3370
2309 1928
2310 1403
2311 7428
2312 1059
2313 4177
2314 1834
2315 4830
2316 3444
2317 1154
2318 3329
2319 84
2320 710
2321 4347
2322 6977
2323 1852
2324 3805
2325 1207
2326 2819
2327 5003
2328 78
2329 4411
2330 472
2331 2510
2332 216
2333 4231
2334 2540
2335 5338
2336 3548
2337 6122
2338 449
2339 851
2340 2010
2341 6298
2342 6899
2343 633
2344 334
2345 1530
2346 2312
2347 1967
2348 1163
2349 6624
2350 4217
2351 646
2352 2821
2353 1007
2354 74
2355 4612
2356 548
2357 79
2358 1498
2359 2085
2360 683
2361 3430
2362 5887
2363 505
2364 5954
2365 4182
2366 3697
2367 5515
2368 6981
2369 1233
2370 2031
2371 6217
2372 6126
2373 1386
2374 42
2375 526
2376 173
2377 2393
2378 6516
2379 2663
2380 745
2381 695
2382 496
2383 3181
2384 2667
2385 3565
2386 349
2387 139
2388 420
2389 2137
2390 919
2391 6239
2392 3007
2393 117
2394 262
2395 684
2396 5094
2397 1993
2398 2826
2399 3827
2400 6517
2401 6524
2402 3163
2403 6703
2404 306
2405 525
2406 2804
2407 7313
2408 7180
2409 5301
2410 234
2411 168
2412 1291
2413 1294
2414 5557
2415 2685
2416 1449
2417 147
2418 7013
2419 3036
2420 4089
2421 4505
2422 718
2423 1071
2424 5889
2425 992
2426 7114
2427 2948
2428 402
2429 2271
2430 404
2431 5858
2432 4053
2433 4352
2434 1891
2435 4221
2436 512
2437 2684
2438 3594
2439 2397
2440 5307
2441 1033
2442 1406
2443 531
2444 2279
2445 6839
2446 3126
2447 1327
2448 1462
2449 5239
2450 3344
2451 2573
2452 1752
2453 3153
2454 3721
2455 7272
2456 4421
2457 1589
2458 1531
2459 3735
2460 3674
2461 500
2462 5592
2463 3425
2464 7440
2465 3672
2466 6657
2467 5342
2468 174
2469 201
2470 3466
2471 3663
2472 1880
2473 648
2474 1749
2475 1043
2476 4422
2477 660
2478 529
2479 613
2480 1260
2481 1648
2482 616
2483 142
2484 1875
2485 532
2486 457
2487 1995
2488 5158
2489 1703
2490 6295
2491 6578
2492 98
2493 3610
2494 6394
2495 1266
2496 4061
2497 337
2498 746
2499 4755
2500 4133
2501 560
2502 7104
2503 4070
2504 357
2505 5311
2506 521
2507 3841
2508 1601
2509 3942
2510 474
2511 2717
2512 2410
2513 6358
2514 789
2515 6880
2516 558
2517 2817
2518 489
2519 242
2520 1831
2521 5309
2522 6228
2523 248
2524 265
2525 2200
2526 1802
2527 352
2528 2235
2529 141
2530 4796
2531 215
2532 650
2533 705
2534 218
2535 814
2536 3167
2537 233
2538 527
2539 454
2540 3042
2541 6306
2542 1961
2543 208
2544 2890
2545 1727
2546 849
2547 3373
2548 3271
2549 274
2550 3868
2551 1780
2552 4096
2553 1542
2554 922
2555 7416
2556 55
2557 741
2558 5014
2559 2037
2560 6581
2561 3762
2562 5242
2563 284
2564 3874
2565 507
2566 5778
2567 287
2568 3688
2569 3074
2570 3891
2571 238
2572 5118
2573 5743
2574 3095
2575 1124
2576 1304
2577 779
2578 1501
2579 6464
2580 370
2581 332
2582 87
2583 7110
2584 2664
2585 5083
2586 172
2587 2188
2588 6628
2589 911
2590 2598
2591 5942
2592 2308
2593 856
2594 1951
2595 2369
2596 2131
2597 188
2598 4392
2599 1978
2600 5049
2601 5588
2602 5265
2603 2254
2604 1450
2605 459
2606 1423
2607 183
2608 6017
2609 1982
2610 3806
2611 1692
2612 6717
2613 316
2614 1211
2615 2452
2616 6
2617 6370
2618 488
2619 726
2620 2902
2621 2722
2622 3132
2623 5964
2624 7477
2625 5498
2626 5580
2627 5125
2628 4530
2629 3057
2630 305
2631 1278
2632 322
2633 5891
2634 5802
2635 126
2636 1091
2637 7019
2638 7003
2639 4190
2640 6245
2641 2807
2642 3667
2643 302
2644 4389
2645 824
2646 4705
2647 1795
2648 342
2649 3993
2650 6589
2651 1015
2652 1722
2653 5095
2654 4922
2655 5732
2656 2054
2657 6205
2658 6381
2659 4179
2660 5226
2661 3023
2662 376
2663 1122
2664 5298
2665 1204
2666 119
2667 2876
2668 2005
2669 906
2670 7315
2671 4353
2672 2316
2673 122
2674 2412
2675 1974
2676 1447
2677 2172
2678 5281
2679 2780
2680 2396
2681 1225
2682 253
2683 1612
2684 4878
2685 184
2686 1677
2687 2327
2688 4686
2689 2815
2690 978
2691 2155
2692 5329
2693 465
2694 2606
2695 335
2696 4548
2697 261
2698 771
2699 3719
2700 2979
2701 4938
2702 309
2703 6720
2704 1242
2705 5111
2706 405
2707 41
2708 3863
2709 266
2710 1045
2711 7017
2712 4321
2713 207
2714 670
2715 1787
2716 1717
2717 6893
2718 631
2719 5
2720 582
2721 225
2722 307
2723 4077
2724 1241
2725 571
2726 2416
2727 4152
2728 3169
2729 1298
2730 6104
2731 3517
2732 5620
2733 4835
2734 3275
2735 56
2736 1828
2737 7439
2738 6813
2739 4204
2740 5467
2741 3353
2742 817
2743 859
2744 86
2745 4443
2746 4791
2747 602
2748 1026
2749 3566
2750 5924
2751 1363
2752 267
2753 3191
2754 728
2755 3902
2756 3814
2757 649
2758 5096
2759 6267
2760 324
2761 6452
2762 5722
2763 1083
2764 1271
2765 960
2766 575
2767 1361
2768 656
2769 6095
2770 1152
2771 5210
2772 3949
2773 1849
2774 1629
2775 6599
2776 2240
2777 386
2778 367
2779 7001
2780 3989
2781 3516
2782 1067
2783 667
2784 4227
2785 696
2786 585
2787 876
2788 7507
2789 515
2790 3727
2791 214
2792 432
2793 295
2794 149
2795 638
2796 3374
2797 229
2798 3946
2799 2036
2800 6781
2801 354
2802 2713
2803 5645
2804 33
