3313
6673 0
600 1
3583 2
3013 3
6836 4
4153 5
99 6
7000 7
7473 8
3582 9
5153 10
148 11
536 12
649 13
2846 14
1605 15
207 16
3139 17
2359 18
5797 19
6620 20
694 21
603 22
4190 23
736 24
7300 25
6823 26
2793 27
7071 28
2507 29
2072 30
1151 31
6337 32
864 33
1529 34
6098 35
4088 36
4458 37
4359 38
4572 39
4013 40
6140 41
3134 42
2282 43
1815 44
5967 45
5122 46
3275 47
6179 48
4414 49
6520 50
707 51
2138 52
6873 53
4615 54
2686 55
4020 56
2133 57
2309 58
538 59
1473 60
205 61
835 62
1116 63
5384 64
1439 65
2460 66
2030 67
2985 68
789 69
1561 70
1929 71
660 72
861 73
1474 74
4802 75
7186 76
6636 77
5401 78
1393 79
1212 80
1150 81
2307 82
2720 83
314 84
407 85
2094 86
1996 87
3610 88
731 89
1903 90
3247 91
3211 92
1460 93
1370 94
6507 95
2338 96
2337 97
3653 98
679 99
3946 100
6642 101
7341 102
847 103
90 104
5826 105
1354 106
1523 107
1225 108
2011 109
2171 110
2143 111
3747 112
4712 113
3418 114
1602 115
6660 116
7199 117
779 118
5208 119
74 120
1614 121
5015 122
2796 123
4374 124
1991 125
3133 126
6126 127
1522 128
5616 129
2903 130
4824 131
169 132
296 133
2494 134
697 135
322 136
2758 137
1652 138
1349 139
2653 140
7107 141
2585 142
2165 143
3878 144
1121 145
5778 146
2423 147
4860 148
2156 149
274 150
3014 151
1952 152
2199 153
6638 154
2790 155
1650 156
1374 157
4704 158
622 159
4263 160
6402 161
505 162
5025 163
3129 164
4703 165
2971 166
1540 167
1357 168
387 169
4665 170
2753 171
2779 172
1817 173
6514 174
942 175
2752 176
6193 177
4384 178
3093 179
4251 180
2213 181
3906 182
1783 183
3443 184
580 185
760 186
341 187
172 188
7244 189
3293 190
1768 191
3390 192
1231 193
1457 194
3990 195
6306 196
4420 197
641 198
4775 199
1681 200
7328 201
4559 202
982 203
1722 204
3755 205
233 206
5104 207
2112 208
3236 209
3924 210
978 211
2991 212
451 213
659 214
234 215
1302 216
4731 217
6431 218
4683 219
7366 220
684 221
1433 222
202 223
3223 224
2362 225
6799 226
6198 227
6197 228
636 229
3931 230
7236 231
6110 232
3689 233
1294 234
4288 235
4421 236
1331 237
5658 238
4596 239
1801 240
2369 241
7357 242
3220 243
640 244
463 245
5294 246
2251 247
848 248
3302 249
1062 250
194 251
466 252
3462 253
3254 254
3006 255
6063 256
5762 257
2455 258
4880 259
5143 260
5844 261
262 262
2904 263
2941 264
3128 265
6985 266
1790 267
1569 268
6646 269
153 270
772 271
1541 272
6397 273
3317 274
1496 275
4281 276
1574 277
6053 278
6278 279
3553 280
3073 281
985 282
4635 283
5010 284
3654 285
1599 286
185 287
2820 288
1032 289
7383 290
717 291
3237 292
2490 293
5291 294
1925 295
2931 296
1703 297
5981 298
4504 299
1162 300
1176 301
973 302
4975 303
5439 304
6940 305
2624 306
4713 307
1842 308
2101 309
662 310
7373 311
5886 312
5235 313
785 314
2691 315
4829 316
2378 317
2014 318
2709 319
2042 320
5516 321
2988 322
4777 323
143 324
3225 325
3661 326
4039 327
5166 328
3018 329
1934 330
3700 331
96 332
2493 333
816 334
6134 335
1319 336
2538 337
165 338
1488 339
297 340
3554 341
0 342
504 343
1881 344
284 345
5911 346
670 347
2312 348
2662 349
1257 350
4910 351
582 352
4571 353
4735 354
3613 355
5724 356
5521 357
2727 358
116 359
2037 360
981 361
4294 362
3234 363
4582 364
7171 365
783 366
1149 367
1647 368
4827 369
229 370
1600 371
2647 372
1697 373
4412 374
2741 375
1588 376
2731 377
3564 378
6614 379
1691 380
615 381
4287 382
4664 383
5101 384
713 385
4357 386
2154 387
2176 388
5072 389
530 390
376 391
1713 392
7147 393
2525 394
1679 395
1796 396
2751 397
5348 398
3620 399
7343 400
1916 401
3098 402
5000 403
2940 404
880 405
1693 406
5589 407
7397 408
2123 409
3967 410
584 411
486 412
5172 413
1042 414
6584 415
6035 416
7086 417
1427 418
2201 419
4377 420
664 421
4779 422
798 423
2854 424
733 425
550 426
4666 427
1763 428
5113 429
6692 430
1590 431
7203 432
7123 433
7164 434
1004 435
453 436
1251 437
1239 438
4255 439
2266 440
4943 441
2578 442
1506 443
5438 444
6211 445
2860 446
5793 447
1804 448
192 449
3898 450
3544 451
2118 452
3594 453
2265 454
4935 455
5634 456
4083 457
5162 458
87 459
6861 460
3529 461
498 462
259 463
6862 464
435 465
2930 466
2375 467
7214 468
6626 469
2202 470
324 471
5321 472
2517 473
3580 474
1813 475
4938 476
61 477
5989 478
3175 479
6071 480
7355 481
4299 482
4012 483
1206 484
2290 485
6124 486
2104 487
6531 488
4687 489
4322 490
2122 491
484 492
1244 493
381 494
4765 495
974 496
4352 497
144 498
3399 499
1100 500
2093 501
7495 502
2830 503
1398 504
2330 505
4286 506
106 507
1613 508
4932 509
6624 510
4133 511
6773 512
2232 513
3460 514
4613 515
1935 516
4815 517
6339 518
4065 519
3729 520
2684 521
1110 522
1026 523
3680 524
6824 525
2211 526
2799 527
6975 528
7219 529
2008 530
909 531
6481 532
1453 533
7264 534
1915 535
5732 536
735 537
4301 538
2113 539
1142 540
6727 541
5116 542
2865 543
2529 544
232 545
3327 546
231 547
5960 548
6436 549
1597 550
2144 551
1250 552
1607 553
729 554
325 555
693 556
4079 557
708 558
1272 559
7074 560
4631 561
3374 562
496 563
4838 564
2577 565
2404 566
246 567
482 568
1337 569
5382 570
5272 571
2599 572
1707 573
2521 574
2584 575
1902 576
5915 577
6235 578
264 579
457 580
1730 581
2694 582
2102 583
1759 584
347 585
7161 586
2816 587
6576 588
5711 589
2334 590
930 591
2530 592
7335 593
1412 594
1090 595
3602 596
548 597
3911 598
1480 599
6840 600
2591 601
7464 602
2268 603
447 604
2459 605
744 606
709 607
1646 608
5350 609
5081 610
2106 611
2746 612
6965 613
2374 614
3645 615
1968 616
5849 617
2080 618
5920 619
1533 620
6153 621
1058 622
3954 623
5256 624
3973 625
1275 626
5859 627
6210 628
5718 629
2540 630
2715 631
1237 632
822 633
2629 634
7112 635
6085 636
1591 637
7003 638
4363 639
1079 640
2114 641
1557 642
4244 643
1399 644
1366 645
3045 646
3205 647
6637 648
1135 649
1296 650
2729 651
527 652
3664 653
4092 654
345 655
997 656
4031 657
4010 658
2874 659
31 660
4234 661
283 662
7078 663
3431 664
5756 665
702 666
175 667
4362 668
7427 669
4894 670
3032 671
3806 672
642 673
6534 674
683 675
2778 676
5561 677
1907 678
5930 679
1909 680
826 681
5618 682
5449 683
5972 684
4042 685
4993 686
571 687
7102 688
4806 689
1698 690
3189 691
4283 692
6785 693
6578 694
7114 695
6196 696
1341 697
2545 698
2995 699
4036 700
6499 701
6625 702
5440 703
4035 704
894 705
4823 706
3516 707
2587 708
1406 709
2707 710
427 711
2155 712
7517 713
3196 714
2450 715
339 716
2197 717
2435 718
6108 719
2857 720
359 721
1186 722
2602 723
7090 724
2472 725
1358 726
1120 727
6353 728
5597 729
313 730
7367 731
4150 732
2571 733
1173 734
2303 735
5556 736
1479 737
4556 738
5429 739
362 740
4971 741
431 742
7009 743
1295 744
1908 745
5275 746
6950 747
2447 748
1632 749
2784 750
1050 751
2574 752
620 753
2962 754
3089 755
2979 756
5970 757
6921 758
724 759
5539 760
2772 761
6553 762
92 763
547 764
6892 765
7060 766
211 767
346 768
2645 769
6735 770
6457 771
6069 772
398 773
1242 774
309 775
426 776
6181 777
410 778
2306 779
5852 780
4321 781
612 782
4542 783
1825 784
135 785
7378 786
939 787
5155 788
4741 789
3340 790
957 791
6031 792
5237 793
3312 794
6398 795
6307 796
495 797
7455 798
5323 799
2661 800
2632 801
5760 802
5455 803
6516 804
1034 805
5389 806
2619 807
6659 808
6249 809
5352 810
4314 811
5747 812
1405 813
3874 814
3827 815
2878 816
2479 817
2224 818
7454 819
2256 820
1824 821
5812 822
244 823
776 824
7146 825
2883 826
1444 827
6036 828
225 829
4093 830
5457 831
3007 832
881 833
2862 834
4070 835
2775 836
3556 837
3560 838
1972 839
1814 840
806 841
1556 842
72 843
794 844
2382 845
631 846
3097 847
2734 848
2649 849
2328 850
3809 851
1165 852
6357 853
1455 854
2556 855
4945 856
507 857
823 858
4453 859
1944 860
2823 861
2473 862
4469 863
458 864
3563 865
2287 866
343 867
5660 868
6617 869
5884 870
1900 871
5385 872
1834 873
2315 874
3295 875
4139 876
2706 877
2835 878
5535 879
3798 880
3916 881
3782 882
6356 883
1154 884
6131 885
5786 886
5391 887
3430 888
5947 889
6672 890
5562 891
4087 892
118 893
210 894
6505 895
1330 896
2765 897
7202 898
1407 899
2654 900
7076 901
1216 902
183 903
2096 904
2625 905
2877 906
5451 907
3910 908
3886 909
4916 910
6846 911
6482 912
6413 913
2840 914
2336 915
1003 916
6696 917
573 918
4573 919
2125 920
6991 921
2035 922
2710 923
3531 924
1078 925
1980 926
5545 927
2443 928
5234 929
273 930
2593 931
337 932
6056 933
1069 934
574 935
1417 936
4230 937
2056 938
3998 939
2005 940
3218 941
614 942
445 943
1701 944
6728 945
6606 946
378 947
5218 948
2225 949
2067 950
2651 951
491 952
7410 953
5908 954
7200 955
3232 956
1656 957
477 958
3727 959
3190 960
878 961
2623 962
1376 963
6027 964
5379 965
2960 966
2936 967
1550 968
3303 969
2220 970
33 971
2531 972
964 973
5434 974
1158 975
1024 976
2129 977
7109 978
6258 979
562 980
3757 981
7113 982
685 983
3666 984
1060 985
2536 986
5034 987
865 988
2351 989
3383 990
483 991
1500 992
2454 993
7122 994
5571 995
4162 996
1108 997
1624 998
769 999
6230 1000
2446 1001
4265 1002
2198 1003
6546 1004
1363 1005
3330 1006
4906 1007
3723 1008
2057 1009
2045 1010
109 1011
3095 1012
1518 1013
792 1014
1076 1015
2271 1016
6316 1017
5055 1018
2902 1019
7293 1020
5771 1021
6930 1022
25 1023
3222 1024
1256 1025
1413 1026
2502 1027
3090 1028
6565 1029
2151 1030
2183 1031
3852 1032
5681 1033
3867 1034
651 1035
6648 1036
4341 1037
2907 1038
4402 1039
3291 1040
2418 1041
913 1042
2797 1043
3436 1044
2658 1045
1869 1046
5212 1047
3768 1048
7399 1049
657 1050
6064 1051
1694 1052
3831 1053
295 1054
1986 1055
181 1056
5224 1057
6865 1058
6014 1059
7128 1060
825 1061
3299 1062
4988 1063
2124 1064
1896 1065
2674 1066
564 1067
3020 1068
1323 1069
5621 1070
331 1071
1566 1072
2036 1073
1276 1074
293 1075
6050 1076
2444 1077
2761 1078
5324 1079
1246 1080
1865 1081
4177 1082
3802 1083
2235 1084
5722 1085
1475 1086
2880 1087
7096 1088
3151 1089
2411 1090
170 1091
2029 1092
3548 1093
227 1094
6805 1095
5335 1096
1756 1097
6109 1098
2798 1099
5076 1100
3087 1101
1038 1102
2453 1103
617 1104
4836 1105
995 1106
1083 1107
4529 1108
1342 1109
7441 1110
6383 1111
5805 1112
2433 1113
3350 1114
2065 1115
1873 1116
409 1117
6377 1118
4959 1119
638 1120
230 1121
1622 1122
2916 1123
4089 1124
7265 1125
5687 1126
3862 1127
1895 1128
2458 1129
3344 1130
6651 1131
129 1132
2728 1133
107 1134
668 1135
661 1136
1580 1137
3895 1138
1395 1139
1642 1140
4914 1141
2269 1142
1596 1143
1611 1144
176 1145
853 1146
836 1147
1404 1148
5649 1149
1792 1150
6721 1151
2614 1152
6488 1153
5853 1154
6148 1155
667 1156
1044 1157
1055 1158
6228 1159
1306 1160
108 1161
395 1162
1983 1163
2032 1164
2554 1165
24 1166
1992 1167
2406 1168
1887 1169
1213 1170
1307 1171
3459 1172
2958 1173
2449 1174
37 1175
7208 1176
959 1177
4252 1178
1853 1179
1595 1180
5366 1181
6324 1182
3421 1183
6315 1184
5481 1185
2438 1186
2169 1187
1005 1188
2210 1189
6687 1190
852 1191
2721 1192
908 1193
2229 1194
6259 1195
1917 1196
949 1197
1361 1198
6173 1199
1564 1200
6094 1201
5957 1202
1662 1203
1920 1204
5331 1205
236 1206
5251 1207
6639 1208
1706 1209
910 1210
1286 1211
5223 1212
2848 1213
1464 1214
5241 1215
1639 1216
3521 1217
833 1218
4303 1219
2827 1220
7463 1221
1249 1222
3207 1223
340 1224
430 1225
841 1226
5498 1227
114 1228
4292 1229
215 1230
1254 1231
1708 1232
4181 1233
2350 1234
5802 1235
2933 1236
4484 1237
5073 1238
745 1239
2805 1240
1201 1241
2484 1242
385 1243
2993 1244
4717 1245
2385 1246
3915 1247
3630 1248
474 1249
5 1250
1328 1251
5183 1252
412 1253
5373 1254
21 1255
366 1256
6608 1257
6657 1258
5817 1259
1924 1260
3182 1261
2415 1262
3061 1263
1735 1264
371 1265
139 1266
665 1267
838 1268
863 1269
7179 1270
3656 1271
6968 1272
1377 1273
1298 1274
424 1275
3177 1276
4908 1277
1930 1278
2669 1279
6715 1280
3838 1281
499 1282
892 1283
3790 1284
4367 1285
5520 1286
1649 1287
591 1288
1389 1289
1454 1290
1229 1291
413 1292
901 1293
555 1294
7124 1295
4957 1296
516 1297
3761 1298
1080 1299
3736 1300
3615 1301
2448 1302
546 1303
3595 1304
4899 1305
6219 1306
1268 1307
1144 1308
506 1309
5445 1310
163 1311
1729 1312
4176 1313
3789 1314
112 1315
3137 1316
1432 1317
4462 1318
253 1319
6596 1320
4117 1321
6224 1322
6311 1323
1725 1324
5014 1325
6366 1326
3588 1327
2620 1328
1443 1329
1911 1330
3124 1331
2759 1332
4163 1333
4243 1334
2558 1335
6104 1336
6656 1337
2562 1338
2066 1339
4085 1340
1836 1341
1126 1342
2167 1343
2959 1344
597 1345
1234 1346
1207 1347
3012 1348
1156 1349
3310 1350
3102 1351
2247 1352
700 1353
4508 1354
2208 1355
1009 1356
2892 1357
4726 1358
2541 1359
1359 1360
3116 1361
13 1362
78 1363
1269 1364
1726 1365
4424 1366
10 1367
1194 1368
1749 1369
4863 1370
1326 1371
2829 1372
2867 1373
2974 1374
4978 1375
485 1376
2086 1377
4216 1378
3269 1379
7002 1380
544 1381
4711 1382
2655 1383
3964 1384
3273 1385
4342 1386
389 1387
3157 1388
204 1389
3754 1390
459 1391
7407 1392
4551 1393
3184 1394
722 1395
3731 1396
5168 1397
56 1398
281 1399
2898 1400
1568 1401
2982 1402
332 1403
1999 1404
3647 1405
5453 1406
1096 1407
1437 1408
4548 1409
1942 1410
1139 1411
1019 1412
815 1413
6555 1414
3997 1415
1777 1416
2180 1417
3810 1418
2675 1419
1769 1420
4560 1421
1492 1422
2519 1423
420 1424
4077 1425
5271 1426
1940 1427
3817 1428
1534 1429
5693 1430
5169 1431
534 1432
2890 1433
5509 1434
7477 1435
5927 1436
618 1437
2060 1438
7388 1439
3346 1440
5823 1441
2996 1442
1051 1443
737 1444
42 1445
1259 1446
1682 1447
721 1448
4227 1449
2207 1450
1047 1451
671 1452
4516 1453
1889 1454
1686 1455
1228 1456
3784 1457
2539 1458
6189 1459
1215 1460
3 1461
2559 1462
1687 1463
692 1464
5148 1465
2920 1466
120 1467
3481 1468
569 1469
3082 1470
7059 1471
1452 1472
1022 1473
951 1474
7243 1475
4610 1476
4385 1477
3715 1478
7386 1479
5537 1480
627 1481
6174 1482
4913 1483
3695 1484
2416 1485
95 1486
6223 1487
4771 1488
4347 1489
3104 1490
1709 1491
2120 1492
1589 1493
3472 1494
28 1495
4389 1496
3665 1497
6261 1498
2175 1499
1197 1500
658 1501
1953 1502
875 1503
1196 1504
5919 1505
917 1506
4140 1507
1724 1508
3957 1509
4199 1510
1809 1511
4611 1512
3464 1513
526 1514
1350 1515
6136 1516
2150 1517
3450 1518
5585 1519
1503 1520
2953 1521
1812 1522
2944 1523
219 1524
5047 1525
22 1526
77 1527
2301 1528
4446 1529
2348 1530
1988 1531
1802 1532
299 1533
5009 1534
2357 1535
4415 1536
3994 1537
36 1538
2395 1539
3465 1540
551 1541
4562 1542
265 1543
688 1544
3618 1545
2972 1546
2547 1547
4483 1548
5049 1549
4004 1550
921 1551
4273 1552
7488 1553
3930 1554
7503 1555
554 1556
3096 1557
2427 1558
3245 1559
1551 1560
5757 1561
6967 1562
152 1563
817 1564
2352 1565
3367 1566
1797 1567
3877 1568
2606 1569
3252 1570
7360 1571
5342 1572
2401 1573
5068 1574
2548 1575
1525 1576
1746 1577
1099 1578
3267 1579
1188 1580
3028 1581
2575 1582
1085 1583
5892 1584
2297 1585
656 1586
6015 1587
5232 1588
1367 1589
1672 1590
6267 1591
983 1592
1505 1593
5225 1594
6187 1595
2696 1596
475 1597
904 1598
2523 1599
4125 1600
1558 1601
7245 1602
2062 1603
336 1604
342 1605
317 1606
3992 1607
2344 1608
6464 1609
2471 1610
6774 1611
4606 1612
1993 1613
2275 1614
2434 1615
237 1616
5028 1617
5607 1618
2737 1619
3657 1620
2228 1621
3141 1622
4081 1623
1440 1624
842 1625
3503 1626
2557 1627
53 1628
2630 1629
213 1630
3685 1631
2109 1632
3433 1633
2526 1634
2800 1635
3707 1636
2226 1637
1630 1638
2386 1639
2757 1640
1779 1641
5996 1642
535 1643
2973 1644
7131 1645
1736 1646
5821 1647
1346 1648
2639 1649
2828 1650
5326 1651
2099 1652
1695 1653
2895 1654
257 1655
3528 1656
1827 1657
4460 1658
180 1659
2361 1660
2634 1661
2853 1662
1382 1663
5097 1664
3160 1665
1321 1666
719 1667
1961 1668
4007 1669
609 1670
1678 1671
2451 1672
1236 1673
4372 1674
276 1675
1510 1676
623 1677
1571 1678
4931 1679
7398 1680
1415 1681
5282 1682
6683 1683
2844 1684
999 1685
7206 1686
3227 1687
3692 1688
6275 1689
5447 1690
2023 1691
2957 1692
4169 1693
1056 1694
6928 1695
5018 1696
5897 1697
3463 1698
1311 1699
2002 1700
5557 1701
5870 1702
5325 1703
2900 1704
1284 1705
1192 1706
2419 1707
2965 1708
1041 1709
4593 1710
1584 1711
2542 1712
1067 1713
4416 1714
3500 1715
1760 1716
4620 1717
2616 1718
7183 1719
1157 1720
2182 1721
5039 1722
3900 1723
3285 1724
1519 1725
6512 1726
1425 1727
3099 1728
4361 1729
1461 1730
4325 1731
891 1732
5992 1733
35 1734
268 1735
6024 1736
1386 1737
2811 1738
5239 1739
2803 1740
2394 1741
4837 1742
173 1743
3859 1744
64 1745
416 1746
3510 1747
6544 1748
678 1749
4999 1750
4922 1751
2163 1752
4852 1753
923 1754
4137 1755
1504 1756
2364 1757
3004 1758
2149 1759
7166 1760
1661 1761
883 1762
2410 1763
1227 1764
298 1765
3499 1766
6297 1767
5228 1768
1385 1769
6489 1770
2500 1771
512 1772
2596 1773
3131 1774
4706 1775
727 1776
545 1777
1397 1778
2881 1779
3008 1780
4033 1781
3056 1782
7515 1783
3289 1784
5796 1785
5783 1786
155 1787
4885 1788
6938 1789
808 1790
1282 1791
7511 1792
6334 1793
2612 1794
2952 1795
3975 1796
5067 1797
1719 1798
5548 1799
5842 1800
1351 1801
5446 1802
2371 1803
5741 1804
567 1805
5393 1806
334 1807
695 1808
6786 1809
1882 1810
5261 1811
2983 1812
1528 1813
368 1814
3540 1815
3539 1816
5017 1817
2024 1818
663 1819
5940 1820
4409 1821
1563 1822
2555 1823
813 1824
1240 1825
397 1826
3672 1827
4330 1828
5935 1829
2173 1830
4346 1831
718 1832
2233 1833
3051 1834
2474 1835
5624 1836
3575 1837
2476 1838
6241 1839
1712 1840
4478 1841
2189 1842
6518 1843
6335 1844
2792 1845
3147 1846
3983 1847
4034 1848
4657 1849
2873 1850
5109 1851
3244 1852
3435 1853
1549 1854
4269 1855
2234 1856
6631 1857
455 1858
1392 1859
6501 1860
1755 1861
399 1862
4369 1863
1604 1864
948 1865
4308 1866
738 1867
147 1868
5359 1869
2948 1870
1283 1871
4627 1872
5258 1873
7165 1874
788 1875
1495 1876
1442 1877
5006 1878
209 1879
5372 1880
151 1881
508 1882
4331 1883
5418 1884
5345 1885
621 1886
3364 1887
4261 1888
4501 1889
1422 1890
1644 1891
522 1892
4050 1893
5893 1894
3067 1895
4629 1896
6043 1897
98 1898
2613 1899
1845 1900
6318 1901
4215 1902
1476 1903
394 1904
3960 1905
401 1906
2222 1907
2034 1908
4379 1909
3705 1910
2090 1911
4098 1912
7095 1913
4963 1914
4380 1915
379 1916
238 1917
7201 1918
7358 1919
2131 1920
2637 1921
991 1922
2901 1923
7494 1924
3419 1925
3112 1926
3793 1927
1092 1928
4045 1929
2951 1930
2259 1931
828 1932
5513 1933
6123 1934
2949 1935
1847 1936
3891 1937
161 1938
4849 1939
6296 1940
186 1941
5707 1942
34 1943
2280 1944
782 1945
1674 1946
4929 1947
1811 1948
4061 1949
266 1950
3989 1951
6725 1952
1498 1953
1685 1954
3305 1955
4105 1956
2421 1957
1603 1958
2886 1959
3702 1960
7132 1961
2253 1962
979 1963
2847 1964
5907 1965
6209 1966
4659 1967
3003 1968
1990 1969
1715 1970
2436 1971
312 1972
4311 1973
415 1974
2588 1975
4071 1976
6062 1977
2912 1978
652 1979
1182 1980
3863 1981
1821 1982
2770 1983
1989 1984
810 1985
1782 1986
2051 1987
456 1988
2597 1989
3331 1990
4132 1991
4482 1992
824 1993
5338 1994
7006 1995
4066 1996
518 1997
2214 1998
7332 1999
1164 2000
2323 2001
4048 2002
927 2003
1472 2004
5976 2005
2426 2006
2794 2007
4792 2008
2657 2009
1263 2010
1478 2011
3286 2012
6298 2013
2702 2014
2095 2015
350 2016
771 2017
7016 2018
2487 2019
277 2020
1773 2021
5690 2022
6694 2023
1369 2024
3781 2025
1974 2026
889 2027
5615 2028
2026 2029
4102 2030
3959 2031
20 2032
2605 2033
5578 2034
2579 2035
1262 2036
4027 2037
7423 2038
489 2039
5699 2040
4964 2041
4871 2042
5541 2043
2475 2044
1402 2045
3370 2046
136 2047
5463 2048
6424 2049
5196 2050
3716 2051
5058 2052
2078 2053
3426 2054
5135 2055
2622 2056
1553 2057
4601 2058
4667 2059
7116 2060
3103 2061
306 2062
767 2063
2227 2064
3240 2065
3903 2066
1628 2067
3088 2068
292 2069
1832 2070
919 2071
575 2072
4144 2073
2831 2074
3833 2075
2316 2076
3080 2077
3115 2078
502 2079
6128 2080
2236 2081
854 2082
1791 2083
1785 2084
929 2085
5192 2086
4324 2087
6668 2088
5485 2089
1936 2090
5231 2091
1195 2092
2116 2093
5452 2094
1130 2095
1629 2096
3970 2097
3016 2098
5390 2099
1033 2100
5063 2101
860 2102
5568 2103
2343 2104
819 2105
752 2106
4638 2107
6348 2108
2115 2109
2836 2110
557 2111
7315 2112
2913 2113
2372 2114
3612 2115
1446 2116
4826 2117
2510 2118
1245 2119
2092 2120
6513 2121
1477 2122
2187 2123
2817 2124
6257 2125
906 2126
6963 2127
1587 2128
4121 2129
5726 2130
900 2131
1544 2132
5971 2133
216 2134
16 2135
191 2136
3603 2137
5636 2138
3069 2139
3551 2140
2342 2141
2325 2142
1027 2143
3557 2144
2670 2145
2569 2146
6589 2147
3487 2148
1015 2149
4728 2150
4868 2151
6250 2152
280 2153
6394 2154
3114 2155
3319 2156
303 2157
66 2158
7028 2159
1619 2160
2285 2161
2749 2162
4600 2163
476 2164
2331 2165
5236 2166
196 2167
4628 2168
1214 2169
6943 2170
2388 2171
6666 2172
3202 2173
5407 2174
4607 2175
6524 2176
168 2177
3978 2178
460 2179
4761 2180
3979 2181
3865 2182
5553 2183
2978 2184
558 2185
4796 2186
5735 2187
4799 2188
7273 2189
7505 2190
6623 2191
2615 2192
473 2193
6486 2194
5383 2195
3038 2196
4293 2197
5094 2198
7053 2199
2217 2200
6382 2201
1204 2202
2432 2203
1198 2204
3059 2205
941 2206
3923 2207
1819 2208
1985 2209
3219 2210
2782 2211
2987 2212
2273 2213
1939 2214
606 2215
1793 2216
2736 2217
1499 2218
800 2219
1362 2220
5280 2221
537 2222
3496 2223
4817 2224
1105 2225
1107 2226
5420 2227
5937 2228
855 2229
1401 2230
7327 2231
2861 2232
977 2233
5308 2234
2908 2235
1191 2236
7339 2237
672 2238
2713 2239
2551 2240
701 2241
6742 2242
6839 2243
6161 2244
4488 2245
5651 2246
850 2247
7419 2248
1205 2249
251 2250
1171 2251
2061 2252
134 2253
7414 2254
2257 2255
1233 2256
552 2257
4282 2258
4960 2259
1699 2260
197 2261
7333 2262
540 2263
1982 2264
4028 2265
2088 2266
5979 2267
1134 2268
5036 2269
5193 2270
2200 2271
1967 2272
101 2273
4151 2274
1890 2275
6750 2276
2837 2277
6977 2278
1451 2279
7248 2280
1573 2281
7115 2282
271 2283
5611 2284
6435 2285
2083 2286
432 2287
4257 2288
6922 2289
2405 2290
85 2291
4747 2292
1430 2293
4716 2294
1436 2295
3249 2296
5782 2297
377 2298
2231 2299
1030 2300
1277 2301
1937 2302
3290 2303
7094 2304
3508 2305
5474 2306
6463 2307
2660 2308
1676 2309
3522 2310
6006 2311
2640 2312
1507 2313
5213 2314
1820 2315
6618 2316
5486 2317
5733 2318
625 2319
414 2320
4204 2321
1877 2322
1654 2323
5954 2324
2063 2325
2293 2326
914 2327
5253 2328
1264 2329
452 2330
928 2331
6652 2332
1435 2333
7230 2334
5835 2335
6271 2336
6548 2337
1381 2338
2064 2339
6899 2340
5226 2341
4211 2342
6280 2343
650 2344
438 2345
5368 2346
6891 2347
6724 2348
1081 2349
121 2350
2954 2351
222 2352
6227 2353
5254 2354
6048 2355
1766 2356
5934 2357
2130 2358
6352 2359
6054 2360
1465 2361
4113 2362
895 2363
3065 2364
1659 2365
2687 2366
5612 2367
4512 2368
5013 2369
5929 2370
4116 2371
3332 2372
5191 2373
987 2374
111 2375
393 2376
5341 2377
5754 2378
4444 2379
46 2380
628 2381
5827 2382
2145 2383
1071 2384
2402 2385
6541 2386
2697 2387
1035 2388
996 2389
2335 2390
1538 2391
3519 2392
7318 2393
1548 2394
2482 2395
5865 2396
6934 2397
1209 2398
1914 2399
7259 2400
2216 2401
6158 2402
2617 2403
2263 2404
7260 2405
7254 2406
2518 2407
3159 2408
4503 2409
2921 2410
5709 2411
1002 2412
2073 2413
5173 2414
3572 2415
903 2416
454 2417
5250 2418
3485 2419
2809 2420
686 2421
3660 2422
3052 2423
784 2424
1668 2425
4235 2426
6403 2427
2970 2428
4224 2429
843 2430
3250 2431
712 2432
2964 2433
2975 2434
7431 2435
3239 2436
2340 2437
171 2438
269 2439
3662 2440
1898 2441
488 2442
5613 2443
1073 2444
3000 2445
5867 2446
1512 2447
467 2448
1224 2449
7370 2450
560 2451
5620 2452
1045 2453
4148 2454
3075 2455
5763 2456
4026 2457
5388 2458
4839 2459
1636 2460
633 2461
5353 2462
5369 2463
7421 2464
2262 2465
4267 2466
2667 2467
7408 2468
3758 2469
846 2470
4831 2471
2768 2472
5587 2473
1208 2474
1301 2475
2520 2476
5991 2477
1885 2478
3512 2479
4678 2480
351 2481
2928 2482
3710 2483
4531 2484
5022 2485
2851 2486
279 2487
6041 2488
245 2489
3168 2490
184 2491
7251 2492
3497 2493
4217 2494
2429 2495
1966 2496
282 2497
305 2498
888 2499
2243 2500
2390 2501
125 2502
5062 2503
3847 2504
945 2505
2077 2506
1133 2507
2159 2508
3246 2509
4617 2510
6182 2511
1075 2512
3776 2513
1576 2514
1185 2515
321 2516
4547 2517
3590 2518
3592 2519
3632 2520
323 2521
969 2522
677 2523
1555 2524
355 2525
874 2526
1128 2527
2922 2528
1281 2529
4755 2530
6752 2531
1673 2532
7458 2533
1658 2534
4001 2535
7070 2536
4156 2537
1539 2538
1962 2539
6643 2540
6370 2541
4584 2542
2810 2543
4047 2544
6941 2545
934 2546
1217 2547
3321 2548
2864 2549
3816 2550
5551 2551
290 2552
1325 2553
1031 2554
2389 2555
4461 2556
5027 2557
595 2558
4029 2559
3251 2560
1530 2561
1767 2562
1975 2563
6966 2564
6003 2565
1119 2566
5525 2567
2915 2568
4072 2569
1941 2570
201 2571
4745 2572
2774 2573
5530 2574
4622 2575
3268 2576
3573 2577
3803 2578
5008 2579
6699 2580
3842 2581
6137 2582
6028 2583
630 2584
6820 2585
725 2586
3281 2587
596 2588
291 2589
2852 2590
1621 2591
6989 2592
553 2593
4196 2594
5961 2595
4489 2596
1631 2597
2989 2598
2739 2599
1863 2600
5380 2601
2478 2602
2711 2603
3301 2604
7169 2605
1102 2606
5496 2607
1933 2608
1868 2609
3985 2610
1137 2611
5293 2612
2108 2613
739 2614
6166 2615
2544 2616
5408 2617
1683 2618
5862 2619
5362 2620
6336 2621
3713 2622
2370 2623
6944 2624
1608 2625
4123 2626
514 2627
6222 2628
6172 2629
2832 2630
1336 2631
2319 2632
2926 2633
3336 2634
7416 2635
936 2636
40 2637
4127 2638
4443 2639
3638 2640
2366 2641
4594 2642
4672 2643
5645 2644
4719 2645
646 2646
5863 2647
4129 2648
4381 2649
1808 2650
6320 2651
1684 2652
5775 2653
5595 2654
4748 2655
4930 2656
6184 2657
2483 2658
400 2659
1727 2660
6188 2661
1841 2662
3951 2663
1979 2664
2379 2665
1247 2666
4213 2667
6754 2668
3631 2669
2295 2670
3971 2671
2963 2672
6021 2673
441 2674
6681 2675
5194 2676
1178 2677
2641 2678
869 2679
5400 2680
2716 2681
4430 2682
117 2683
711 2684
5419 2685
464 2686
18 2687
2322 2688
1037 2689
7290 2690
3712 2691
3693 2692
3458 2693
3819 2694
2407 2695
41 2696
2999 2697
1266 2698
2501 2699
3043 2700
2891 2701
5159 2702
4996 2703
4147 2704
5045 2705
5423 2706
6437 2707
2760 2708
5901 2709
2445 2710
6460 2711
7347 2712
2016 2713
4022 2714
1449 2715
4583 2716
3986 2717
4911 2718
2358 2719
3492 2720
805 2721
1014 2722
2168 2723
1093 2724
2368 2725
1113 2726
2563 2727
3938 2728
3752 2729
6849 2730
1327 2731
5016 2732
3356 2733
4474 2734
1913 2735
4296 2736
1856 2737
4873 2738
1677 2739
1029 2740
4552 2741
487 2742
3181 2743
2409 2744
3743 2745
5676 2746
5856 2747
1338 2748
5312 2749
14 2750
6492 2751
955 2752
607 2753
270 2754
1289 2755
1855 2756
1255 2757
2845 2758
1874 2759
2961 2760
2855 2761
2488 2762
1884 2763
1774 2764
2179 2765
3072 2766
5605 2767
3750 2768
3050 2769
5026 2770
4517 2771
79 2772
1542 2773
5833 2774
6895 2775
2162 2776
728 2777
7175 2778
131 2779
3574 2780
2762 2781
778 2782
5111 2783
182 2784
1166 2785
4980 2786
3092 2787
4790 2788
6218 2789
4926 2790
5410 2791
5759 2792
6268 2793
7148 2794
3094 2795
4878 2796
998 2797
1232 2798
5931 2799
5667 2800
402 2801
3135 2802
5799 2803
124 2804
4435 2805
81 2806
4825 2807
2006 2808
5124 2809
1897 2810
3029 2811
2600 2812
6680 2813
2465 2814
2503 2815
3022 2816
5318 2817
4438 2818
5533 2819
577 2820
2276 2821
7232 2822
198 2823
164 2824
915 2825
723 2826
4239 2827
6616 2828
1829 2829
2081 2830
2302 2831
4000 2832
3167 2833
2050 2834
2192 2835
7168 2836
1964 2837
583 2838
2437 2839
4208 2840
6784 2841
3048 2842
465 2843
5089 2844
590 2845
801 2846
2184 2847
7340 2848
3897 2849
6987 2850
4337 2851
2656 2852
4008 2853
4679 2854
1751 2855
1689 2856
539 2857
916 2858
559 2859
3324 2860
2505 2861
1669 2862
6533 2863
1579 2864
814 2865
1320 2866
1052 2867
1744 2868
2671 2869
4449 2870
3375 2871
5559 2872
761 2873
1894 2874
5868 2875
2020 2876
4870 2877
5720 2878
3640 2879
3673 2880
5872 2881
3777 2882
461 2883
1710 2884
832 2885
1570 2886
4865 2887
2572 2888
6465 2889
5790 2890
632 2891
5032 2892
6496 2893
604 2894
3671 2895
967 2896
2665 2897
1786 2898
1620 2899
1919 2900
4968 2901
327 2902
1660 2903
2281 2904
1109 2905
2635 2906
2984 2907
1728 2908
7031 2909
5441 2910
2532 2911
5448 2912
7417 2913
5472 2914
696 2915
1765 2916
6734 2917
2733 2918
1879 2919
1001 2920
3023 2921
141 2922
3425 2923
480 2924
6007 2925
3839 2926
221 2927
2566 2928
6517 2929
1094 2930
6344 2931
2412 2932
2195 2933
589 2934
3535 2935
6932 2936
2990 2937
6368 2938
7422 2939
1098 2940
6422 2941
2807 2942
2701 2943
5242 2944
2967 2945
2565 2946
1218 2947
3027 2948
6678 2949
2255 2950
1021 2951
335 2952
1400 2953
4477 2954
2186 2955
423 2956
598 2957
5233 2958
716 2959
333 2960
870 2961
3952 2962
228 2963
217 2964
675 2965
879 2966
1947 2967
3279 2968
82 2969
289 2970
2717 2971
7506 2972
4756 2973
2252 2974
68 2975
2776 2976
5574 2977
2561 2978
12 2979
1508 2980
443 2981
1159 2982
1984 2983
1285 2984
5245 2985
1086 2986
3021 2987
644 2988
3372 2989
6780 2990
610 2991
1203 2992
4350 2993
2387 2994
568 2995
1175 2996
1578 2997
3062 2998
7098 2999
5653 3000
2160 3001
2825 3002
1567 3003
2643 3004
3138 3005
2170 3006
364 3007
2934 3008
963 3009
4705 3010
2082 3011
178 3012
1516 3013
6586 3014
3410 3015
3164 3016
2043 3017
239 3018
3208 3019
5305 3020
4925 3021
4641 3022
3031 3023
218 3024
1959 3025
1380 3026
3822 3027
5347 3028
7054 3029
1023 3030
4024 3031
787 3032
796 3033
5005 3034
4220 3035
1665 3036
6287 3037
3042 3038
4182 3039
1860 3040
2363 3041
1322 3042
5766 3043
2498 3044
2365 3045
2053 3046
1258 3047
6375 3048
2652 3049
1253 3050
5990 3051
2289 3052
1077 3053
4411 3054
524 3055
5360 3056
4427 3057
893 3058
2927 3059
3397 3060
2392 3061
4075 3062
3296 3063
3766 3064
1152 3065
2627 3066
706 3067
272 3068
6776 3069
3759 3070
6083 3071
5584 3072
5573 3073
1371 3074
320 3075
1456 3076
4505 3077
4470 3078
3855 3079
4933 3080
2896 3081
4506 3082
5078 3083
2193 3084
3760 3085
4320 3086
3455 3087
5638 3088
7330 3089
5538 3090
4060 3091
4009 3092
1891 3093
1918 3094
365 3095
7450 3096
6130 3097
187 3098
1870 3099
542 3100
4214 3101
80 3102
4284 3103
6590 3104
2248 3105
2582 3106
2038 3107
2866 3108
811 3109
3270 3110
1938 3111
2320 3112
5903 3113
384 3114
195 3115
681 3116
4218 3117
6813 3118
2177 3119
4120 3120
2499 3121
4697 3122
543 3123
5146 3124
4893 3125
5156 3126
4152 3127
5490 3128
2923 3129
1546 3130
5569 3131
6700 3132
2044 3133
2250 3134
3506 3135
5784 3136
304 3137
5695 3138
2142 3139
5493 3140
766 3141
3171 3142
91 3143
5731 3144
5139 3145
532 3146
807 3147
3037 3148
5247 3149
1046 3150
4500 3151
2313 3152
6113 3153
812 3154
3844 3155
7258 3156
3628 3157
521 3158
2738 3159
4158 3160
4037 3161
676 3162
4874 3163
2317 3164
1438 3165
4080 3166
156 3167
6073 3168
5515 3169
655 3170
935 3171
4014 3172
1010 3173
2769 3174
6549 3175
5402 3176
2399 3177
448 3178
2353 3179
7051 3180
1431 3181
4604 3182
3172 3183
4688 3184
7492 3185
5764 3186
3041 3187
1036 3188
1018 3189
2527 3190
1880 3191
3849 3192
1823 3193
1800 3194
422 3195
1987 3196
3742 3197
4974 3198
6599 3199
2456 3200
75 3201
4264 3202
3126 3203
501 3204
308 3205
2296 3206
2283 3207
1849 3208
1414 3209
774 3210
4725 3211
5942 3212
1822 3213
2121 3214
1835 3215
43 3216
2756 3217
162 3218
6317 3219
2230 3220
59 3221
1312 3222
4254 3223
3108 3224
674 3225
2284 3226
2740 3227
5367 3228
1334 3229
2015 3230
1997 3231
601 3232
5779 3233
4016 3234
2040 3235
986 3236
4891 3237
2601 3238
2486 3239
6613 3240
6808 3241
3385 3242
1265 3243
5238 3244
6995 3245
1146 3246
3371 3247
2642 3248
2699 3249
2683 3250
4901 3251
4983 3252
7336 3253
4639 3254
4585 3255
984 3256
3451 3257
4302 3258
1586 3259
2705 3260
3423 3261
1490 3262
3889 3263
2209 3264
471 3265
5465 3266
4822 3267
6240 3268
7369 3269
587 3270
4498 3271
380 3272
4348 3273
2318 3274
4592 3275
383 3276
2980 3277
1329 3278
3828 3279
1463 3280
831 3281
76 3282
1861 3283
2750 3284
1061 3285
1308 3286
5494 3287
654 3288
6893 3289
1910 3290
2400 3291
4407 3292
3183 3293
2134 3294
2858 3295
6847 3296
123 3297
2324 3298
6286 3299
2393 3300
5484 3301
5102 3302
5968 3303
3735 3304
6560 3305
328 3306
7014 3307
2413 3308
1547 3309
5583 3310
318 3311
705 3312
2333 3313
5749 3314
27 3315
7434 3316
373 3317
330 3318
2477 3319
86 3320
1313 3321
1429 3322
287 3323
5131 3324
5912 3325
1852 3326
1761 3327
6425 3328
301 3329
2576 3330
7136 3331
2128 3332
7193 3333
1016 3334
4103 3335
2767 3336
1189 3337
3875 3338
1491 3339
2919 3340
2698 3341
2981 3342
2802 3343
1324 3344
6421 3345
2495 3346
3929 3347
714 3348
250 3349
3717 3350
1360 3351
2424 3352
529 3353
189 3354
4701 3355
1095 3356
3396 3357
2732 3358
6045 3359
5332 3360
278 3361
2021 3362
5244 3363
1202 3364
2787 3365
1365 3366
2025 3367
931 3368
2003 3369
247 3370
7433 3371
5492 3372
2938 3373
1373 3374
1280 3375
1752 3376
428 3377
3748 3378
7292 3379
404 3380
3609 3381
1127 3382
260 3383
757 3384
6121 3385
570 3386
4052 3387
1748 3388
3019 3389
7384 3390
4944 3391
6912 3392
851 3393
390 3394
1028 3395
818 3396
925 3397
5356 3398
2254 3399
4545 3400
4327 3401
1840 3402
966 3403
193 3404
1789 3405
4180 3406
4668 3407
6255 3408
4345 3409
1172 3410
4399 3411
2089 3412
2033 3413
6039 3414
2140 3415
6361 3416
2491 3417
5458 3418
2603 3419
2819 3420
2139 3421
55 3422
1200 3423
5877 3424
2135 3425
5717 3426
2137 3427
5619 3428
1532 3429
159 3430
5987 3431
1170 3432
1270 3433
2780 3434
1922 3435
1562 3436
2937 3437
2955 3438
3287 3439
7172 3440
5499 3441
1000 3442
434 3443
5742 3444
2943 3445
5106 3446
2046 3447
2107 3448
1181 3449
3040 3450
3454 3451
1347 3452
2678 3453
3469 3454
1618 3455
572 3456
2022 3457
5398 3458
2834 3459
866 3460
2485 3461
3577 3462
5406 3463
965 3464
2929 3465
4797 3466
1279 3467
958 3468
4722 3469
4882 3470
918 3471
4691 3472
1418 3473
704 3474
2914 3475
1383 3476
6858 3477
1 3478
4236 3479
3064 3480
6427 3481
2512 3482
3534 3483
6869 3484
6929 3485
1410 3486
6684 3487
2726 3488
2205 3489
1082 3490
2311 3491
2031 3492
1114 3493
1458 3494
7017 3495
1559 3496
4467 3497
2075 3498
6155 3499
972 3500
240 3501
3011 3502
1267 3503
69 3504
1169 3505
408 3506
7504 3507
3315 3508
2074 3509
2712 3510
5351 3511
4883 3512
54 3513
1355 3514
3408 3515
3415 3516
6939 3517
5093 3518
4006 3519
242 3520
62 3521
856 3522
6510 3523
5095 3524
3457 3525
1368 3526
4644 3527
2755 3528
780 3529
252 3530
4896 3531
392 3532
32 3533
2966 3534
7133 3535
73 3536
2148 3537
478 3538
3304 3539
3518 3540
5727 3541
1174 3542
286 3543
3030 3544
647 3545
2546 3546
2676 3547
6476 3548
391 3549
6185 3550
7361 3551
2607 3552
115 3553
896 3554
4699 3555
4904 3556
3153 3557
7246 3558
126 3559
6574 3560
6160 3561
741 3562
4038 3563
4270 3564
799 3565
1524 3566
367 3567
4332 3568
7218 3569
462 3570
2994 3571
3354 3572
1757 3573
3345 3574
1153 3575
1089 3576
60 3577
4086 3578
3801 3579
3835 3580
363 3581
1846 3582
1775 3583
1806 3584
4809 3585
6719 3586
793 3587
4023 3588
2181 3589
581 3590
5491 3591
2147 3592
133 3593
6132 3594
624 3595
2672 3596
2076 3597
208 3598
3936 3599
3775 3600
4496 3601
6607 3602
4423 3603
5845 3604
4365 3605
3132 3606
5358 3607
2279 3608
1737 3609
4694 3610
7440 3611
4019 3612
6423 3613
1758 3614
2246 3615
5734 3616
3570 3617
5603 3618
494 3619
2018 3620
1278 3621
7088 3622
2812 3623
3871 3624
1448 3625
4770 3626
5953 3627
4115 3628
2946 3629
3113 3630
4924 3631
1638 3632
933 3633
2347 3634
2693 3635
2097 3636
2956 3637
3546 3638
2872 3639
645 3640
2777 3641
5164 3642
358 3643
1577 3644
3629 3645
1781 3646
2466 3647
4094 3648
1927 3649
4619 3650
4616 3651
2264 3652
2212 3653
370 3654
7275 3655
6669 3656
179 3657
3010 3658
5995 3659
3480 3660
2945 3661
2626 3662
2560 3663
1657 3664
5847 3665
4184 3666
2522 3667
4660 3668
2196 3669
5220 3670
5751 3671
3253 3672
2218 3673
1904 3674
1721 3675
1260 3676
6833 3677
1193 3678
975 3679
3353 3680
1531 3681
4142 3682
531 3683
1828 3684
5834 3685
4069 3686
1148 3687
357 3688
2748 3689
1535 3690
6827 3691
563 3692
1318 3693
629 3694
887 3695
2041 3696
212 3697
294 3698
1131 3699
4720 3700
5831 3701
3797 3702
3691 3703
2425 3704
3627 3705
326 3706
1543 3707
877 3708
6133 3709
749 3710
2164 3711
1104 3712
3646 3713
2791 3714
2441 3715
1180 3716
4685 3717
1147 3718
1606 3719
988 3720
3858 3721
7308 3722
50 3723
3988 3724
5917 3725
2730 3726
748 3727
4985 3728
3684 3729
4497 3730
1955 3731
1515 3732
1091 3733
533 3734
3416 3735
3641 3736
4368 3737
479 3738
315 3739
396 3740
1403 3741
160 3742
4161 3743
6880 3744
2166 3745
867 3746
425 3747
2219 3748
1466 3749
5514 3750
1633 3751
2918 3752
2553 3753
2398 3754
4702 3755
4203 3756
912 3757
4991 3758
3868 3759
4828 3760
51 3761
3366 3762
2027 3763
137 3764
1731 3765
1931 3766
6323 3767
235 3768
4884 3769
1416 3770
687 3771
2537 3772
311 3773
89 3774
2052 3775
3566 3776
6702 3777
2288 3778
3442 3779
4609 3780
3511 3781
2467 3782
5051 3783
1839 3784
1241 3785
1762 3786
3966 3787
6458 3788
4690 3789
2968 3790
5503 3791
750 3792
2203 3793
4682 3794
804 3795
338 3796
1688 3797
1287 3798
7456 3799
4262 3800
1129 3801
4625 3802
2267 3803
1040 3804
5086 3805
857 3806
2804 3807
199 3808
827 3809
2646 3810
970 3811
1970 3812
411 3813
7271 3814
7010 3815
899 3816
7229 3817
862 3818
1867 3819
703 3820
254 3821
2771 3822
3774 3823
26 3824
7068 3825
1340 3826
7151 3827
1396 3828
3258 3829
937 3830
7307 3831
2618 3832
5945 3833
7485 3834
6569 3835
4733 3836
6603 3837
190 3838
2127 3839
3266 3840
637 3841
2644 3842
4250 3843
2528 3844
5824 3845
1292 3846
2329 3847
4447 3848
15 3849
1923 3850
2680 3851
4312 3852
2850 3853
971 3854
2013 3855
223 3856
1290 3857
6772 3858
200 3859
388 3860
6190 3861
5737 3862
2326 3863
1372 3864
509 3865
1994 3866
2838 3867
2249 3868
3405 3869
6832 3870
1666 3871
541 3872
5526 3873
4291 3874
97 3875
1739 3876
3704 3877
5161 3878
7153 3879
763 3880
4106 3881
4636 3882
4598 3883
6078 3884
469 3885
2291 3886
7348 3887
4078 3888
226 3889
6766 3890
6480 3891
4762 3892
6202 3893
2157 3894
1199 3895
3837 3896
2781 3897
7382 3898
3071 3899
3165 3900
2636 3901
1601 3902
2017 3903
5572 3904
7385 3905
444 3906
1419 3907
2839 3908
2935 3909
7190 3910
1140 3911
4417 3912
3470 3913
1886 3914
3866 3915
6439 3916
932 3917
1112 3918
5163 3919
5319 3920
4881 3921
5311 3922
1136 3923
1747 3924
2299 3925
1732 3926
3335 3927
4675 3928
2069 3929
6151 3930
2789 3931
119 3932
5943 3933
593 3934
3658 3935
1954 3936
4588 3937
1612 3938
1625 3939
6856 3940
5739 3941
3174 3942
6570 3943
753 3944
2245 3945
4984 3946
6044 3947
174 3948
1117 3949
5376 3950
4577 3951
2884 3952
1753 3953
4992 3954
2998 3955
3977 3956
2942 3957
882 3958
2239 3959
3140 3960
1124 3961
3320 3962
2470 3963
4205 3964
3351 3965
2604 3966
6853 3967
605 3968
1848 3969
2244 3970
1871 3971
3049 3972
2308 3973
886 3974
6554 3975
698 3976
2260 3977
1345 3978
820 3979
2692 3980
6539 3981
6456 3982
3241 3983
3746 3984
1617 3985
1344 3986
4793 3987
2376 3988
3086 3989
3604 3990
6781 3991
3655 3992
4387 3993
4776 3994
7448 3995
1161 3996
6605 3997
1610 3998
940 3999
5188 4000
1692 4001
740 4002
2580 4003
2976 4004
3053 4005
4937 4006
3605 4007
2882 4008
5495 4009
849 4010
734 4011
523 4012
4295 4013
3927 4014
2659 4015
127 4016
3277 4017
70 4018
4738 4019
953 4020
2859 4021
6102 4022
588 4023
2004 4024
5315 4025
3719 4026
5415 4027
4174 4028
1115 4029
3783 4030
5249 4031
2414 4032
2054 4033
4692 4034
166 4035
2870 4036
5567 4037
5966 4038
1348 4039
1390 4040
5339 4041
4686 4042
1132 4043
579 4044
2611 4045
1177 4046
3941 4047
2274 4048
1664 4049
619 4050
2439 4051
4386 4052
2514 4053
3026 4054
3537 4055
7457 4056
2633 4057
2141 4058
4812 4059
2589 4060
472 4061
762 4062
2237 4063
6793 4064
525 4065
1572 4066
726 4067
7249 4068
890 4069
2910 4070
3391 4071
4099 4072
3389 4073
2191 4074
3642 4075
2049 4076
3044 4077
5542 4078
1049 4079
1138 4080
2489 4081
5105 4082
7267 4083
4886 4084
576 4085
29 4086
1527 4087
1333 4088
592 4089
4614 4090
4555 4091
6350 4092
2977 4093
4398 4094
6372 4095
2345 4096
2815 4097
2648 4098
4782 4099
470 4100
5417 4101
1070 4102
3483 4103
1671 4104
7135 4105
4271 4106
5958 4107
2 4108
5841 4109
1794 4110
4847 4111
6818 4112
2305 4113
4450 4114
4058 4115
5719 4116
3427 4117
2007 4118
6401 4119
5671 4120
5768 4121
3228 4122
1293 4123
3490 4124
2091 4125
7001 4126
3493 4127
1097 4128
5794 4129
4202 4130
1388 4131
5082 4132
256 4133
3623 4134
4353 4135
1352 4136
446 4137
2172 4138
44 4139
2509 4140
6494 4141
786 4142
1025 4143
1008 4144
361 4145
4528 4146
6969 4147
5428 4148
17 4149
5265 4150
2595 4151
4168 4152
5020 4153
4095 4154
7029 4155
1921 4156
3329 4157
2059 4158
859 4159
6676 4160
6474 4161
5262 4162
926 4163
1787 4164
2381 4165
5772 4166
5973 4167
648 4168
214 4169
1675 4170
5887 4171
673 4172
7073 4173
375 4174
2783 4175
5993 4176
6416 4177
2440 4178
7137 4179
682 4180
1680 4181
1851 4182
2567 4183
3362 4184
2039 4185
3352 4186
6826 4187
5299 4188
6777 4189
3679 4190
2714 4191
49 4192
5546 4193
2808 4194
1866 4195
1235 4196
3616 4197
1339 4198
830 4199
3780 4200
1838 4201
3150 4202
626 4203
510 4204
4471 4205
4223 4206
1248 4207
1598 4208
3395 4209
6942 4210
344 4211
2286 4212
4645 4213
6117 4214
7176 4215
6703 4216
4356 4217
6115 4218
5151 4219
437 4220
6884 4221
3404 4222
2468 4223
924 4224
83 4225
3796 4226
2685 4227
821 4228
1409 4229
2700 4230
4820 4231
2856 4232
639 4233
449 4234
1951 4235
1626 4236
6611 4237
1635 4238
2215 4239
158 4240
3668 4241
4998 4242
4905 4243
1926 4244
5248 4245
4005 4246
5197 4247
2568 4248
4442 4249
3901 4250
7257 4251
1447 4252
868 4253
992 4254
2786 4255
7487 4256
6046 4257
150 4258
4119 4259
3005 4260
2103 4261
5914 4262
3036 4263
2813 4264
285 4265
142 4266
3428 4267
3944 4268
6341 4269
2871 4270
4056 4271
6272 4272
3057 4273
6281 4274
188 4275
989 4276
2788 4277
2764 4278
1511 4279
4128 4280
1771 4281
5371 4282
2098 4283
71 4284
7158 4285
503 4286
113 4287
1830 4288
5304 4289
3256 4290
2497 4291
302 4292
2461 4293
57 4294
3387 4295
3504 4296
1795 4297
2535 4298
7125 4299
1125 4300
6790 4301
1118 4302
1048 4303
3176 4304
1663 4305
3706 4306
493 4307
2504 4308
4523 4309
3527 4310
3663 4311
2849 4312
566 4313
6964 4314
2506 4315
4167 4316
922 4317
2534 4318
1702 4319
803 4320
4953 4321
7188 4322
7081 4323
2403 4324
3058 4325
1859 4326
1335 4327
6414 4328
2206 4329
7097 4330
1745 4331
1670 4332
5524 4333
4082 4334
4351 4335
2679 4336
4110 4337
1807 4338
1862 4339
224 4340
4767 4341
611 4342
2868 4343
2590 4344
1640 4345
517 4346
1948 4347
4895 4348
1592 4349
608 4350
4371 4351
6931 4352
5187 4353
2824 4354
3599 4355
497 4356
2911 4357
6016 4358
1594 4359
2048 4360
5677 4361
3591 4362
490 4363
3156 4364
5692 4365
4141 4366
6757 4367
3598 4368
1740 4369
960 4370
1582 4371
6220 4372
4316 4373
1106 4374
2932 4375
5002 4376
4759 4377
7289 4378
1788 4379
6771 4380
954 4381
4231 4382
4565 4383
5421 4384
2724 4385
755 4386
578 4387
5190 4388
2188 4389
5560 4390
3009 4391
1375 4392
1017 4393
1310 4394
100 4395
4210 4396
765 4397
4225 4398
1428 4399
858 4400
3963 4401
1084 4402
4055 4403
6845 4404
2887 4405
1552 4406
2508 4407
1742 4408
6138 4409
3466 4410
1167 4411
1969 4412
3224 4413
2785 4414
492 4415
7065 4416
440 4417
1484 4418
809 4419
950 4420
2417 4421
5243 4422
47 4423
5926 4424
1998 4425
7110 4426
2666 4427
4131 4428
6451 4429
4097 4430
3682 4431
4338 4432
1057 4433
2079 4434
6477 4435
4568 4436
1304 4437
5820 4438
1190 4439
102 4440
2194 4441
956 4442
1772 4443
2223 4444
5267 4445
1888 4446
3622 4447
742 4448
3192 4449
3962 4450
2463 4451
1901 4452
515 4453
7127 4454
1221 4455
6583 4456
2899 4457
1798 4458
7082 4459
3870 4460
2581 4461
4277 4462
946 4463
1274 4464
944 4465
2277 4466
5596 4467
1946 4468
2668 4469
1064 4470
354 4471
1356 4472
1826 4473
3373 4474
6448 4475
1007 4476
943 4477
3996 4478
1876 4479
1803 4480
1950 4481
4194 4482
3276 4483
1087 4484
1575 4485
4279 4486
2272 4487
2986 4488
4987 4489
7449 4490
6542 4491
689 4492
4 4493
3738 4494
2564 4495
316 4496
4965 4497
790 4498
4436 4499
2631 4500
3947 4501
3015 4502
5710 4503
2570 4504
1957 4505
1445 4506
2723 4507
2238 4508
1864 4509
436 4510
1833 4511
2397 4512
2885 4513
3106 4514
1039 4515
6712 4516
1103 4517
2070 4518
565 4519
4245 4520
1450 4521
4707 4522
4530 4523
5209 4524
468 4525
1700 4526
1653 4527
146 4528
4032 4529
2349 4530
4418 4531
4798 4532
2221 4533
6392 4534
1470 4535
2704 4536
6013 4537
7205 4538
2310 4539
3143 4540
6665 4541
1743 4542
1423 4543
5580 4544
1521 4545
528 4546
2430 4547
3079 4548
4172 4549
4995 4550
6792 4551
6475 4552
7181 4553
1723 4554
845 4555
7514 4556
6523 4557
2240 4558
5810 4559
300 4560
1977 4561
177 4562
3070 4563
3439 4564
2897 4565
249 4566
1101 4567
6305 4568
7295 4569
2346 4570
1288 4571
4266 4572
4454 4573
3734 4574
2190 4575
2300 4576
3444 4577
1013 4578
4670 4579
4791 4580
6204 4581
5404 4582
4135 4583
2905 4584
594 4585
4875 4586
3322 4587
844 4588
837 4589
2384 4590
1467 4591
1971 4592
5815 4593
3795 4594
7012 4595
5501 4596
1384 4597
3047 4598
4693 4599
7322 4600
1299 4601
149 4602
94 4603
3264 4604
6763 4605
902 4606
2795 4607
2550 4608
4539 4609
1960 4610
5883 4611
5563 4612
1364 4613
2745 4614
4391 4615
7180 4616
715 4617
2117 4618
3242 4619
2773 4620
6591 4621
1230 4622
4715 4623
1949 4624
3272 4625
1645 4626
6295 4627
2695 4628
2464 4629
920 4630
5880 4631
1738 4632
7359 4633
1219 4634
4157 4635
6935 4636
2442 4637
4197 4638
7266 4639
1469 4640
1411 4641
2146 4642
2428 4643
3191 4644
1734 4645
2009 4646
7062 4647
3033 4648
2549 4649
2178 4650
7381 4651
2111 4652
2294 4653
2047 4654
907 4655
4400 4656
429 4657
6164 4658
3297 4659
1585 4660
3121 4661
1163 4662
1482 4663
4676 4664
6001 4665
4515 4666
746 4667
2001 4668
6800 4669
6693 4670
3636 4671
3392 4672
4429 4673
5933 4674
2969 4675
3298 4676
3283 4677
2583 4678
2204 4679
2516 4680
3770 4681
885 4682
1883 4683
1872 4684
1906 4685
2594 4686
5848 4687
3429 4688
2058 4689
2321 4690
3054 4691
307 4692
3569 4693
3571 4694
3545 4695
353 4696
3377 4697
1160 4698
3607 4699
743 4700
2153 4701
1892 4702
110 4703
5041 4704
1317 4705
1958 4706
7403 4707
48 4708
6779 4709
1932 4710
3773 4711
2939 4712
5593 4713
2821 4714
267 4715
3411 4716
2708 4717
4785 4718
839 4719
6881 4720
4830 4721
6723 4722
3696 4723
5083 4724
3942 4725
4136 4726
1394 4727
3558 4728
994 4729
5431 4730
2513 4731
1493 4732
7234 4733
7376 4734
6598 4735
1965 4736
2818 4737
3403 4738
4445 4739
7019 4740
1468 4741
3068 4742
6426 4743
3667 4744
680 4745
1303 4746
4744 4747
6100 4748
4297 4749
1780 4750
1222 4751
6075 4752
3785 4753
1291 4754
1690 4755
5851 4756
2158 4757
1615 4758
2100 4759
1816 4760
1141 4761
5986 4762
1483 4763
45 4764
1273 4765
6557 4766
4742 4767
5264 4768
7329 4769
6470 4770
1623 4771
3987 4772
1741 4773
3259 4774
5435 4775
3076 4776
4249 4777
19 4778
1187 4779
3025 4780
2136 4781
128 4782
7239 4783
2367 4784
4801 4785
4981 4786
6619 4787
3420 4788
2055 4789
3110 4790
1424 4791
3601 4792
6445 4793
3118 4794
2422 4795
1648 4796
2010 4797
513 4798
4543 4799
2152 4800
747 4801
3230 4802
1238 4803
4877 4804
5334 4805
5813 4806
2833 4807
947 4808
1778 4809
386 4810
5263 4811
243 4812
2754 4813
2573 4814
7402 4815
1526 4816
7045 4817
3543 4818
4746 4819
520 4820
5588 4821
352 4822
602 4823
7451 4824
6430 4825
3136 4826
2841 4827
405 4828
3728 4829
3186 4830
2480 4831
759 4832
2889 4833
1581 4834
1878 4835
1641 4836
3625 4837
6269 4838
751 4839
2339 4840
2875 4841
3881 4842
7391 4843
1223 4844
5761 4845
1705 4846
6740 4847
6959 4848
873 4849
5462 4850
3726 4851
3576 4852
7363 4853
1857 4854
756 4855
3814 4856
5700 4857
5454 4858
2690 4859
203 4860
6 4861
5889 4862
3699 4863
2673 4864
2019 4865
2071 4866
4241 4867
3621 4868
7437 4869
4433 4870
3807 4871
7277 4872
795 4873
3328 4874
2893 4875
2876 4876
1973 4877
1956 4878
360 4879
5507 4880
6925 4881
2481 4882
1537 4883
67 4884
6561 4885
1583 4886
2068 4887
3567 4888
1905 4889
5635 4890
3523 4891
356 4892
1634 4893
3034 4894
275 4895
1718 4896
7428 4897
6386 4898
2126 4899
1471 4900
2598 4901
898 4902
585 4903
3829 4904
5755 4905
732 4906
2241 4907
1818 4908
3832 4909
6066 4910
1810 4911
1261 4912
310 4913
2742 4914
6226 4915
3509 4916
897 4917
905 4918
1378 4919
2638 4920
2763 4921
1995 4922
2380 4923
5564 4924
418 4925
3805 4926
2628 4927
1627 4928
6468 4929
5043 4930
2391 4931
6283 4932
1943 4933
3154 4934
1609 4935
2242 4936
7323 4937
1343 4938
1565 4939
791 4940
1945 4941
3314 4942
3017 4943
7117 4944
5057 4945
4612 4946
1122 4947
6004 4948
666 4949
1111 4950
980 4951
976 4952
241 4953
7316 4954
1899 4955
5882 4956
5606 4957
3081 4958
374 4959
1211 4960
6903 4961
93 4962
2028 4963
7173 4964
4743 4965
1315 4966
3869 4967
5471 4968
1844 4969
1252 4970
7297 4971
7444 4972
6816 4973
4355 4974
6770 4975
6300 4976
911 4977
2801 4978
5850 4979
6838 4980
2869 4981
586 4982
5647 4983
3467 4984
1494 4985
1770 4986
84 4987
5215 4988
5746 4989
417 4990
167 4991
2278 4992
4155 4993
2258 4994
3626 4995
4834 4996
5297 4997
3341 4998
3907 4999
1459 5000
3180 5001
4063 5002
319 5003
1011 5004
3046 5005
653 5006
2689 5007
1593 5008
2950 5009
1651 5010
1243 5011
4343 5012
1353 5013
103 5014
6970 5015
6528 5016
1305 5017
2997 5018
6739 5019
58 5020
3197 5021
2360 5022
1928 5023
2110 5024
403 5025
1850 5026
768 5027
4053 5028
255 5029
5487 5030
3912 5031
599 5032
6417 5033
3477 5034
2185 5035
122 5036
6653 5037
1799 5038
4253 5039
2924 5040
2917 5041
990 5042
421 5043
5544 5044
2457 5045
6924 5046
549 5047
5184 5048
5133 5049
511 5050
2608 5051
1513 5052
775 5053
3697 5054
2354 5055
5444 5056
635 5057
5674 5058
1711 5059
4654 5060
5745 5061
1434 5062
7472 5063
2863 5064
1408 5065
261 5066
1545 5067
802 5068
6733 5069
1893 5070
3187 5071
1696 5072
1976 5073
2383 5074
5411 5075
1441 5076
3494 5077
1554 5078
4754 5079
4349 5080
2377 5081
5982 5082
4463 5083
556 5084
2747 5085
7512 5086
3808 5087
5488 5088
6736 5089
1210 5090
1981 5091
3347 5092
1754 5093
872 5094
4566 5095
3948 5096
5656 5097
3193 5098
2677 5099
3513 5100
3002 5101
5753 5102
3484 5103
876 5104
4336 5105
132 5106
1184 5107
669 5108
220 5109
1316 5110
1667 5111
1717 5112
2085 5113
2744 5114
7415 5115
6658 5116
4278 5117
764 5118
3935 5119
1716 5120
7212 5121
7462 5122
4388 5123
105 5124
3818 5125
3823 5126
4124 5127
3024 5128
65 5129
6913 5130
3902 5131
777 5132
1963 5133
3452 5134
5460 5135
840 5136
4869 5137
4848 5138
1053 5139
433 5140
406 5141
1074 5142
481 5143
4146 5144
3659 5145
1220 5146
1854 5147
4173 5148
5694 5149
3581 5150
1063 5151
140 5152
3333 5153
2132 5154
2814 5155
1643 5156
4768 5157
8 5158
2947 5159
1072 5160
1616 5161
6901 5162
2119 5163
5317 5164
2682 5165
6428 5166
157 5167
3651 5168
730 5169
2327 5170
2431 5171
1733 5172
3355 5173
4821 5174
7100 5175
2543 5176
7325 5177
797 5178
6747 5179
2735 5180
2722 5181
2725 5182
4788 5183
5118 5184
6274 5185
450 5186
1012 5187
2492 5188
442 5189
2925 5190
2261 5191
4221 5192
154 5193
1831 5194
7387 5195
1486 5196
4373 5197
2888 5198
3678 5199
6595 5200
1183 5201
4044 5202
3624 5203
3414 5204
1875 5205
6212 5206
4491 5207
3447 5208
1426 5209
3550 5210
2663 5211
1309 5212
1637 5213
690 5214
4637 5215
52 5216
1168 5217
2373 5218
1068 5219
349 5220
6661 5221
39 5222
4758 5223
2511 5224
4413 5225
145 5226
6697 5227
7413 5228
6139 5229
3280 5230
3955 5231
3939 5232
1805 5233
4111 5234
1059 5235
1043 5236
6047 5237
1858 5238
2806 5239
1502 5240
7406 5241
2906 5242
4997 5243
5923 5244
2314 5245
6769 5246
4890 5247
1837 5248
5689 5249
2703 5250
758 5251
1764 5252
2533 5253
1332 5254
5108 5255
834 5256
3382 5257
2292 5258
382 5259
5392 5260
4753 5261
6806 5262
1145 5263
5601 5264
1379 5265
2909 5266
7311 5267
104 5268
1179 5269
5064 5270
2452 5271
7044 5272
754 5273
2356 5274
2843 5275
248 5276
938 5277
1750 5278
1123 5279
4126 5280
3201 5281
7195 5282
372 5283
38 5284
3001 5285
1054 5286
6552 5287
1271 5288
2161 5289
773 5290
3644 5291
4522 5292
4166 5293
1501 5294
2462 5295
1978 5296
2087 5297
884 5298
4633 5299
5394 5300
613 5301
2552 5302
710 5303
993 5304
2084 5305
2341 5306
1509 5307
2496 5308
5240 5309
2270 5310
616 5311
6556 5312
4206 5313
6577 5314
3520 5315
7 5316
7238 5317
2332 5318
2304 5319
5878 5320
1514 5321
4814 5322
1481 5323
2592 5324
6663 5325
5479 5326
3449 5327
2012 5328
6080 5329
6705 5330
4840 5331
1487 5332
1497 5333
7436 5334
1517 5335
2766 5336
4569 5337
4410 5338
3179 5339
519 5340
5939 5341
7274 5342
3804 5343
6566 5344
5210 5345
5088 5346
6844 5347
1720 5348
4101 5349
6821 5350
2650 5351
7412 5352
2586 5353
3035 5354
1066 5355
6205 5356
699 5357
6279 5358
2718 5359
2174 5360
3737 5361
23 5362
1391 5363
2524 5364
720 5365
781 5366
2609 5367
6095 5368
2621 5369
2743 5370
3921 5371
1520 5372
4393 5373
7108 5374
348 5375
3840 5376
2420 5377
1655 5378
419 5379
2298 5380
2894 5381
1020 5382
2000 5383
1462 5384
4973 5385
6213 5386
329 5387
130 5388
2822 5389
5361 5390
1714 5391
6644 5392
829 5393
1143 5394
5504 5395
1485 5396
5787 5397
2664 5398
4499 5399
2515 5400
6572 5401
6679 5402
871 5403
1420 5404
3417 5405
2469 5406
2396 5407
2879 5408
63 5409
5158 5410
11 5411
1006 5412
2826 5413
4642 5414
4518 5415
9 5416
1784 5417
561 5418
4171 5419
263 5420
3586 5421
138 5422
2719 5423
1704 5424
6025 5425
952 5426
288 5427
6299 5428
6888 5429
3739 5430
2408 5431
634 5432
7072 5433
3243 5434
2105 5435
3402 5436
4323 5437
4452 5438
4104 5439
7379 5440
7220 5441
2688 5442
4298 5443
2992 5444
4228 5445
1536 5446
5944 5447
968 5448
1489 5449
369 5450
1155 5451
5825 5452
2842 5453
770 5454
3039 5455
1300 5456
961 5457
3407 5458
3861 5459
5127 5460
1314 5461
3365 5462
1226 5463
6288 5464
439 5465
5838 5466
1912 5467
5890 5468
7185 5469
1088 5470
2355 5471
1560 5472
1421 5473
2681 5474
962 5475
500 5476
206 5477
4192 5478
6923 5479
5773 5480
3438 5481
643 5482
4630 5483
4481 5484
1297 5485
3772 5486
2610 5487
6936 5488
1843 5489
5112 5490
3820 5491
1776 5492
258 5493
1387 5494
88 5495
1065 5496
691 5497
30 5498
