2353
35 0
1799 1
368 2
3034 3
4282 4
7517 5
1971 6
2956 7
1216 8
4805 9
37 10
6151 11
2996 12
2672 13
1215 14
1591 15
3671 16
1897 17
6066 18
833 19
181 20
612 21
551 22
2419 23
187 24
1989 25
1188 26
5417 27
3477 28
252 29
7146 30
2532 31
239 32
476 33
1618 34
6296 35
398 36
2733 37
310 38
7027 39
2930 40
5306 41
1820 42
171 43
7292 44
611 45
959 46
5772 47
691 48
4178 49
7333 50
1431 51
4292 52
4965 53
1576 54
807 55
453 56
6697 57
196 58
734 59
4826 60
167 61
1710 62
929 63
581 64
3083 65
6835 66
5499 67
269 68
793 69
5865 70
6345 71
877 72
591 73
1535 74
6644 75
4161 76
2724 77
1231 78
4749 79
384 80
1697 81
4171 82
5433 83
887 84
5899 85
5735 86
2198 87
3641 88
6638 89
4903 90
4643 91
1556 92
5457 93
1021 94
3451 95
1499 96
1272 97
1411 98
1899 99
2806 100
6063 101
247 102
2727 103
4984 104
2767 105
2955 106
6368 107
2339 108
679 109
5038 110
2074 111
4514 112
68 113
604 114
4552 115
1923 116
609 117
777 118
425 119
323 120
416 121
723 122
178 123
2278 124
490 125
853 126
875 127
4019 128
2891 129
504 130
485 131
579 132
1286 133
583 134
3560 135
4475 136
1222 137
2702 138
3157 139
641 140
655 141
2886 142
2673 143
198 144
2786 145
124 146
1274 147
3197 148
445 149
3251 150
6995 151
4663 152
125 153
1549 154
438 155
3340 156
100 157
1793 158
2976 159
3956 160
3415 161
4907 162
689 163
4163 164
991 165
1514 166
5817 167
3138 168
6361 169
26 170
3666 171
622 172
1223 173
1729 174
2944 175
2850 176
4860 177
4075 178
731 179
163 180
639 181
1969 182
5921 183
5411 184
1699 185
1586 186
2247 187
2749 188
3774 189
5088 190
6334 191
2896 192
450 193
7234 194
348 195
624 196
101 197
6341 198
466 199
1855 200
2744 201
628 202
2043 203
4223 204
4670 205
462 206
3371 207
1186 208
2 209
5842 210
7277 211
278 212
213 213
4029 214
470 215
5384 216
2072 217
4176 218
566 219
34 220
2261 221
1358 222
2387 223
153 224
5766 225
2625 226
96 227
6598 228
2280 229
808 230
1432 231
176 232
7275 233
4609 234
414 235
272 236
2926 237
5826 238
2914 239
580 240
5657 241
5413 242
2966 243
640 244
636 245
1050 246
5293 247
2040 248
3154 249
389 250
4507 251
804 252
2991 253
1105 254
4687 255
6832 256
5547 257
1884 258
4004 259
3861 260
3720 261
2691 262
1022 263
4197 264
395 265
3454 266
3766 267
6786 268
1627 269
3378 270
1473 271
4611 272
5556 273
3514 274
2473 275
4557 276
4849 277
4996 278
6297 279
482 280
6539 281
1171 282
1042 283
5159 284
3628 285
5261 286
1835 287
3908 288
6913 289
4306 290
5958 291
1160 292
351 293
709 294
2259 295
1898 296
7463 297
2239 298
2386 299
1251 300
4371 301
5388 302
4415 303
3818 304
549 305
206 306
5474 307
2561 308
958 309
589 310
5549 311
1452 312
1986 313
3003 314
2764 315
2912 316
185 317
6255 318
6098 319
57 320
492 321
714 322
4203 323
103 324
5610 325
698 326
2094 327
5799 328
32 329
448 330
2286 331
975 332
1784 333
1183 334
1916 335
5198 336
513 337
3332 338
1076 339
5733 340
3472 341
868 342
4659 343
6693 344
1400 345
842 346
7455 347
271 348
2687 349
2662 350
1079 351
1904 352
2076 353
1344 354
6549 355
2567 356
1557 357
177 358
4156 359
773 360
203 361
2546 362
711 363
1082 364
3590 365
1767 366
3280 367
1384 368
1774 369
1310 370
3426 371
3455 372
5360 373
984 374
296 375
680 376
1643 377
6625 378
3750 379
712 380
606 381
1024 382
4561 383
4559 384
832 385
1943 386
1280 387
97 388
308 389
592 390
373 391
1405 392
2115 393
1796 394
3768 395
6922 396
3164 397
1329 398
6640 399
5012 400
1883 401
11 402
211 403
244 404
23 405
1352 406
7233 407
4901 408
161 409
6446 410
1797 411
7401 412
3893 413
7408 414
6169 415
2471 416
498 417
2176 418
677 419
672 420
5380 421
13 422
3355 423
441 424
2721 425
6390 426
3150 427
411 428
259 429
428 430
662 431
2519 432
3682 433
2283 434
3350 435
64 436
2435 437
3411 438
3174 439
105 440
4243 441
2015 442
2492 443
3696 444
3761 445
3354 446
2338 447
1876 448
3749 449
2307 450
6661 451
3508 452
328 453
6663 454
383 455
24 456
444 457
393 458
4104 459
1395 460
6509 461
2249 462
7331 463
2013 464
5500 465
468 466
1646 467
3298 468
431 469
4542 470
486 471
968 472
4377 473
2138 474
5352 475
128 476
1023 477
3512 478
3228 479
4626 480
590 481
6779 482
3175 483
123 484
1853 485
3320 486
6801 487
6084 488
3081 489
1107 490
3436 491
5238 492
669 493
491 494
2326 495
312 496
3248 497
6522 498
1328 499
3909 500
902 501
4655 502
645 503
619 504
5560 505
7024 506
3575 507
697 508
5880 509
3733 510
543 511
561 512
3611 513
2770 514
983 515
1906 516
1444 517
4151 518
195 519
5400 520
1606 521
2901 522
690 523
113 524
614 525
4811 526
2265 527
4192 528
366 529
4999 530
4103 531
1723 532
6062 533
4767 534
1032 535
464 536
6056 537
1162 538
7347 539
209 540
4285 541
1903 542
4899 543
3139 544
1018 545
4851 546
3124 547
6302 548
6220 549
3297 550
1996 551
1496 552
360 553
484 554
4745 555
2216 556
3351 557
104 558
4619 559
424 560
1857 561
1889 562
4957 563
3520 564
6773 565
3878 566
647 567
6731 568
3140 569
2525 570
634 571
1868 572
595 573
510 574
1804 575
1148 576
3414 577
2337 578
2174 579
2994 580
5091 581
892 582
3004 583
3645 584
2904 585
70 586
2538 587
5391 588
1940 589
4380 590
6534 591
1139 592
321 593
374 594
494 595
6514 596
5130 597
5520 598
231 599
2029 600
1551 601
4703 602
786 603
2269 604
1345 605
2951 606
1921 607
516 608
157 609
2358 610
3040 611
7308 612
6754 613
4071 614
5279 615
1600 616
4827 617
1137 618
6377 619
5882 620
1262 621
4545 622
1062 623
3736 624
2322 625
1634 626
1056 627
4248 628
477 629
748 630
5811 631
2618 632
1863 633
327 634
1525 635
423 636
4836 637
182 638
1436 639
4943 640
4588 641
5192 642
4497 643
6659 644
2913 645
243 646
1208 647
4159 648
4016 649
1908 650
5112 651
5991 652
4417 653
1477 654
5570 655
329 656
565 657
291 658
908 659
1438 660
2835 661
5382 662
1106 663
3660 664
6627 665
4215 666
4117 667
2480 668
652 669
3500 670
5318 671
1608 672
180 673
131 674
4725 675
3787 676
653 677
5925 678
4617 679
6109 680
2613 681
761 682
443 683
4741 684
588 685
5466 686
724 687
5029 688
3730 689
1413 690
1955 691
2388 692
2583 693
6189 694
5863 695
6837 696
6979 697
1695 698
546 699
3770 700
7490 701
4476 702
138 703
681 704
4555 705
1581 706
4098 707
5841 708
5341 709
3342 710
559 711
626 712
2626 713
2232 714
4450 715
5713 716
6093 717
704 718
4451 719
820 720
6173 721
555 722
2793 723
1426 724
6985 725
2909 726
372 727
343 728
461 729
4368 730
1952 731
899 732
159 733
3865 734
1164 735
950 736
2181 737
392 738
659 739
5850 740
4925 741
4212 742
2940 743
3097 744
3742 745
3165 746
5526 747
347 748
4387 749
6045 750
2711 751
4288 752
1882 753
7372 754
7044 755
5073 756
99 757
1810 758
4114 759
2042 760
1075 761
6740 762
6458 763
4057 764
1288 765
4205 766
5501 767
1 768
6941 769
5727 770
427 771
3728 772
19 773
4818 774
3092 775
5797 776
7342 777
4021 778
607 779
621 780
3362 781
811 782
3033 783
1307 784
5336 785
2556 786
7232 787
635 788
363 789
1705 790
6161 791
53 792
598 793
572 794
5348 795
971 796
200 797
4753 798
121 799
545 800
471 801
39 802
20 803
3847 804
4935 805
4955 806
439 807
2126 808
576 809
1255 810
2057 811
1469 812
3786 813
1563 814
5216 815
72 816
627 817
47 818
89 819
2449 820
112 821
194 822
2098 823
3685 824
12 825
5240 826
517 827
7202 828
2173 829
5853 830
2576 831
1919 832
1142 833
2114 834
7086 835
5972 836
1851 837
2294 838
7514 839
4434 840
2082 841
2444 842
228 843
7136 844
3837 845
5294 846
996 847
4610 848
1663 849
336 850
419 851
1941 852
135 853
1074 854
3230 855
3521 856
1641 857
2920 858
535 859
359 860
293 861
2437 862
671 863
3772 864
6734 865
1622 866
2333 867
426 868
27 869
737 870
7002 871
3464 872
7363 873
4105 874
757 875
2125 876
5805 877
586 878
1741 879
4454 880
1615 881
760 882
2484 883
2244 884
6868 885
5765 886
4216 887
1483 888
1355 889
1516 890
729 891
4863 892
7369 893
6845 894
4023 895
7447 896
1035 897
3273 898
5331 899
577 900
429 901
5064 902
2569 903
7166 904
5166 905
21 906
769 907
3849 908
2264 909
2584 910
2012 911
693 912
435 913
2751 914
3689 915
391 916
3100 917
2831 918
2128 919
2704 920
2150 921
276 922
5463 923
2120 924
382 925
1156 926
3055 927
1587 928
4694 929
2050 930
226 931
4027 932
5782 933
751 934
5838 935
3190 936
6256 937
2743 938
1933 939
739 940
5677 941
2355 942
292 943
2171 944
2869 945
2166 946
2105 947
407 948
4381 949
3315 950
6615 951
5754 952
4433 953
7235 954
3382 955
3537 956
129 957
7511 958
927 959
5676 960
981 961
7179 962
587 963
1779 964
994 965
1910 966
5897 967
1570 968
2109 969
5392 970
2083 971
7185 972
506 973
6403 974
1766 975
169 976
1686 977
6820 978
6479 979
3319 980
3822 981
2795 982
6816 983
1639 984
5031 985
4383 986
3407 987
6485 988
2794 989
3435 990
281 991
3967 992
1330 993
51 994
7029 995
1593 996
651 997
5960 998
4674 999
6053 1000
4644 1001
2960 1002
1736 1003
2486 1004
629 1005
6281 1006
95 1007
1959 1008
1478 1009
1470 1010
1114 1011
1522 1012
3427 1013
7278 1014
1747 1015
3321 1016
3695 1017
345 1018
3506 1019
1120 1020
1520 1021
3577 1022
300 1023
568 1024
1476 1025
2314 1026
4550 1027
3288 1028
2162 1029
1109 1030
4535 1031
4391 1032
3925 1033
241 1034
1628 1035
7499 1036
2224 1037
2757 1038
433 1039
6651 1040
721 1041
88 1042
4774 1043
562 1044
311 1045
2117 1046
3955 1047
1448 1048
224 1049
401 1050
514 1051
632 1052
28 1053
600 1054
146 1055
7284 1056
907 1057
263 1058
80 1059
133 1060
541 1061
1041 1062
7205 1063
923 1064
1582 1065
703 1066
478 1067
2803 1068
5004 1069
4254 1070
179 1071
6846 1072
3226 1073
350 1074
111 1075
3509 1076
5368 1077
61 1078
318 1079
1719 1080
1009 1081
1000 1082
219 1083
5704 1084
1112 1085
1963 1086
4047 1087
268 1088
1259 1089
2773 1090
5649 1091
2470 1092
3384 1093
4726 1094
394 1095
791 1096
3856 1097
10 1098
7297 1099
6188 1100
331 1101
2919 1102
5428 1103
1757 1104
4036 1105
2095 1106
4810 1107
304 1108
3704 1109
550 1110
40 1111
356 1112
5940 1113
3108 1114
3869 1115
2203 1116
1318 1117
3793 1118
3734 1119
1382 1120
6044 1121
341 1122
663 1123
1568 1124
1414 1125
2450 1126
65 1127
77 1128
1877 1129
2169 1130
6193 1131
282 1132
3642 1133
6257 1134
574 1135
1020 1136
2206 1137
6752 1138
2808 1139
2246 1140
2352 1141
2311 1142
852 1143
5150 1144
3627 1145
1983 1146
4761 1147
9 1148
4094 1149
2243 1150
6474 1151
2186 1152
4692 1153
5868 1154
6639 1155
5312 1156
3060 1157
109 1158
7253 1159
806 1160
110 1161
6134 1162
5280 1163
2707 1164
3504 1165
547 1166
530 1167
436 1168
3496 1169
410 1170
2559 1171
803 1172
4427 1173
58 1174
4648 1175
3025 1176
1102 1177
4720 1178
7397 1179
6840 1180
1012 1181
29 1182
3994 1183
140 1184
1267 1185
3005 1186
2507 1187
1750 1188
5906 1189
2608 1190
584 1191
608 1192
6546 1193
5981 1194
735 1195
1668 1196
2035 1197
6557 1198
3067 1199
2753 1200
2229 1201
6523 1202
3939 1203
753 1204
6086 1205
5994 1206
1788 1207
617 1208
3747 1209
377 1210
204 1211
2184 1212
2738 1213
5452 1214
7320 1215
6927 1216
915 1217
455 1218
2039 1219
4959 1220
136 1221
6476 1222
3653 1223
596 1224
3222 1225
841 1226
4006 1227
2096 1228
3971 1229
364 1230
3410 1231
2895 1232
4091 1233
403 1234
2305 1235
7452 1236
3268 1237
3988 1238
4532 1239
524 1240
3093 1241
3848 1242
4506 1243
3551 1244
4099 1245
285 1246
1196 1247
1422 1248
1113 1249
1574 1250
4690 1251
5698 1252
4566 1253
6007 1254
5762 1255
246 1256
7357 1257
2301 1258
4891 1259
2531 1260
458 1261
4875 1262
156 1263
552 1264
6877 1265
1762 1266
3020 1267
199 1268
1281 1269
4325 1270
2747 1271
3924 1272
480 1273
5404 1274
2211 1275
1305 1276
1385 1277
197 1278
642 1279
1296 1280
5996 1281
1735 1282
7271 1283
5056 1284
3244 1285
594 1286
675 1287
3114 1288
570 1289
303 1290
2348 1291
3871 1292
4298 1293
7273 1294
339 1295
1536 1296
1772 1297
94 1298
1092 1299
2829 1300
3631 1301
290 1302
6646 1303
162 1304
2255 1305
7291 1306
5282 1307
2395 1308
931 1309
1685 1310
2009 1311
3347 1312
4615 1313
245 1314
4410 1315
3087 1316
815 1317
409 1318
1220 1319
2024 1320
3638 1321
699 1322
1157 1323
7 1324
3429 1325
2044 1326
6608 1327
3972 1328
3738 1329
755 1330
5146 1331
1004 1332
2309 1333
85 1334
90 1335
118 1336
3208 1337
895 1338
666 1339
701 1340
1002 1341
6641 1342
2701 1343
283 1344
2568 1345
2331 1346
2502 1347
2134 1348
1665 1349
7070 1350
2734 1351
4633 1352
456 1353
3331 1354
3122 1355
5233 1356
1311 1357
1730 1358
144 1359
6541 1360
2709 1361
1275 1362
288 1363
1065 1364
5429 1365
81 1366
538 1367
116 1368
145 1369
1547 1370
2862 1371
890 1372
2936 1373
5169 1374
1930 1375
5535 1376
4230 1377
481 1378
620 1379
6014 1380
986 1381
1845 1382
1306 1383
5464 1384
1484 1385
5405 1386
4283 1387
6117 1388
361 1389
2931 1390
2796 1391
92 1392
2167 1393
4637 1394
901 1395
254 1396
1060 1397
4093 1398
1534 1399
1192 1400
6605 1401
7472 1402
778 1403
280 1404
2153 1405
15 1406
417 1407
2937 1408
3431 1409
4160 1410
7494 1411
2454 1412
3990 1413
5867 1414
5734 1415
4175 1416
1841 1417
18 1418
5575 1419
2653 1420
1512 1421
250 1422
3075 1423
1824 1424
1840 1425
5126 1426
2356 1427
2140 1428
7362 1429
7190 1430
6310 1431
3112 1432
3589 1433
4199 1434
2439 1435
7265 1436
4531 1437
6069 1438
4102 1439
3487 1440
6967 1441
344 1442
314 1443
874 1444
1538 1445
1227 1446
4882 1447
73 1448
3225 1449
536 1450
460 1451
637 1452
6686 1453
5223 1454
1334 1455
3134 1456
421 1457
152 1458
5174 1459
924 1460
3542 1461
6587 1462
3090 1463
36 1464
518 1465
388 1466
415 1467
3265 1468
487 1469
889 1470
605 1471
17 1472
1671 1473
2345 1474
5264 1475
4880 1476
497 1477
1094 1478
519 1479
1944 1480
688 1481
2617 1482
4277 1483
4345 1484
3281 1485
682 1486
3715 1487
2907 1488
1128 1489
1679 1490
1194 1491
593 1492
3113 1493
3658 1494
4312 1495
154 1496
186 1497
692 1498
816 1499
700 1500
396 1501
2148 1502
754 1503
320 1504
5119 1505
2093 1506
988 1507
2130 1508
1151 1509
5197 1510
5944 1511
260 1512
447 1513
1575 1514
821 1515
1299 1516
573 1517
1052 1518
964 1519
5544 1520
1962 1521
4482 1522
1701 1523
4728 1524
165 1525
7329 1526
1839 1527
1975 1528
2250 1529
220 1530
4701 1531
1805 1532
2275 1533
1250 1534
1034 1535
249 1536
834 1537
120 1538
1521 1539
3283 1540
279 1541
750 1542
511 1543
2189 1544
2049 1545
381 1546
1837 1547
1468 1548
114 1549
2776 1550
3118 1551
4169 1552
2063 1553
5333 1554
1743 1555
2375 1556
3757 1557
150 1558
4664 1559
1474 1560
3091 1561
16 1562
1865 1563
508 1564
1970 1565
325 1566
1338 1567
355 1568
469 1569
2990 1570
678 1571
1892 1572
91 1573
67 1574
446 1575
5067 1576
861 1577
1357 1578
2061 1579
2731 1580
6590 1581
1367 1582
2491 1583
422 1584
838 1585
273 1586
747 1587
885 1588
935 1589
6714 1590
2523 1591
190 1592
4294 1593
1616 1594
1958 1595
6911 1596
6139 1597
1947 1598
1873 1599
1681 1600
1488 1601
5985 1602
948 1603
143 1604
5896 1605
148 1606
230 1607
499 1608
2839 1609
4799 1610
6226 1611
1604 1612
7117 1613
4620 1614
4625 1615
554 1616
1917 1617
2562 1618
4076 1619
2475 1620
553 1621
2788 1622
175 1623
6684 1624
2394 1625
205 1626
4323 1627
1206 1628
52 1629
2971 1630
437 1631
2191 1632
5236 1633
3352 1634
44 1635
3796 1636
294 1637
928 1638
3073 1639
4806 1640
6626 1641
1201 1642
661 1643
62 1644
2373 1645
1728 1646
857 1647
1066 1648
603 1649
2880 1650
1434 1651
3823 1652
6367 1653
4884 1654
4 1655
6936 1656
2210 1657
5106 1658
451 1659
7137 1660
5305 1661
14 1662
1303 1663
227 1664
7124 1665
3001 1666
7010 1667
1195 1668
6518 1669
544 1670
2447 1671
1577 1672
2011 1673
2364 1674
2324 1675
4453 1676
3385 1677
1623 1678
1956 1679
400 1680
5533 1681
4106 1682
5927 1683
1751 1684
2405 1685
6867 1686
2111 1687
132 1688
1089 1689
258 1690
4654 1691
5647 1692
1957 1693
3595 1694
501 1695
528 1696
3361 1697
5366 1698
5225 1699
66 1700
2274 1701
1257 1702
5412 1703
1090 1704
706 1705
3684 1706
6261 1707
2089 1708
5254 1709
333 1710
22 1711
2779 1712
1135 1713
106 1714
4640 1715
1998 1716
2233 1717
301 1718
45 1719
2175 1720
1954 1721
313 1722
46 1723
3396 1724
4744 1725
6577 1726
2543 1727
5401 1728
1517 1729
440 1730
399 1731
4931 1732
1136 1733
102 1734
6154 1735
6621 1736
38 1737
4798 1738
369 1739
1537 1740
6468 1741
256 1742
6149 1743
5449 1744
1428 1745
6035 1746
1660 1747
4924 1748
830 1749
1369 1750
654 1751
3725 1752
2209 1753
623 1754
2723 1755
1637 1756
4142 1757
2873 1758
557 1759
3456 1760
6595 1761
6596 1762
6200 1763
2190 1764
1607 1765
752 1766
236 1767
7364 1768
4396 1769
618 1770
1803 1771
930 1772
31 1773
2589 1774
160 1775
6715 1776
5183 1777
5973 1778
5434 1779
1461 1780
1742 1781
6892 1782
1764 1783
972 1784
2528 1785
2710 1786
82 1787
289 1788
5603 1789
232 1790
2612 1791
4012 1792
6082 1793
7162 1794
134 1795
794 1796
50 1797
3659 1798
3147 1799
4359 1800
4839 1801
6436 1802
1624 1803
6453 1804
3399 1805
1471 1806
2401 1807
108 1808
5402 1809
340 1810
5844 1811
338 1812
3497 1813
1979 1814
6568 1815
615 1816
533 1817
6324 1818
1981 1819
2041 1820
4416 1821
564 1822
7072 1823
483 1824
3364 1825
2927 1826
4351 1827
346 1828
3123 1829
5955 1830
658 1831
1823 1832
3817 1833
5961 1834
3632 1835
1698 1836
2728 1837
5277 1838
5571 1839
164 1840
599 1841
3598 1842
319 1843
2389 1844
3016 1845
6553 1846
63 1847
375 1848
413 1849
5574 1850
1680 1851
4706 1852
1783 1853
643 1854
4166 1855
362 1856
6533 1857
3039 1858
275 1859
5856 1860
6963 1861
8 1862
1268 1863
166 1864
6210 1865
523 1866
873 1867
707 1868
4953 1869
1051 1870
0 1871
2227 1872
1320 1873
4828 1874
3303 1875
158 1876
3797 1877
775 1878
192 1879
1980 1880
3326 1881
686 1882
2980 1883
1571 1884
2220 1885
4685 1886
3450 1887
509 1888
83 1889
1655 1890
1301 1891
1682 1892
2164 1893
251 1894
2799 1895
5248 1896
7290 1897
3366 1898
2440 1899
1464 1900
1046 1901
1247 1902
1990 1903
4320 1904
6496 1905
4066 1906
6288 1907
2423 1908
537 1909
317 1910
980 1911
2855 1912
4874 1913
2362 1914
75 1915
673 1916
493 1917
4158 1918
2988 1919
2898 1920
1180 1921
137 1922
353 1923
687 1924
5259 1925
387 1926
542 1927
270 1928
1209 1929
4172 1930
4582 1931
982 1932
452 1933
3731 1934
76 1935
7375 1936
783 1937
5667 1938
1829 1939
1987 1940
4759 1941
418 1942
563 1943
6603 1944
2064 1945
708 1946
4758 1947
3693 1948
5000 1949
2367 1950
1706 1951
5483 1952
2892 1953
4050 1954
3529 1955
379 1956
3900 1957
668 1958
495 1959
4058 1960
115 1961
6356 1962
299 1963
7355 1964
330 1965
1847 1966
674 1967
539 1968
664 1969
2097 1970
7217 1971
5245 1972
297 1973
378 1974
2366 1975
4693 1976
1368 1977
2432 1978
7453 1979
255 1980
358 1981
2102 1982
3756 1983
6519 1984
107 1985
6004 1986
71 1987
6613 1988
5321 1989
3098 1990
5144 1991
6727 1992
850 1993
2512 1994
694 1995
3421 1996
5127 1997
4964 1998
3752 1999
1746 2000
1564 2001
2472 2002
813 2003
4571 2004
1119 2005
5378 2006
7163 2007
69 2008
4594 2009
326 2010
3106 2011
1167 2012
3086 2013
6993 2014
30 2015
59 2016
732 2017
1579 2018
2771 2019
1656 2020
4988 2021
3131 2022
1792 2023
4304 2024
3246 2025
846 2026
212 2027
1087 2028
130 2029
4768 2030
3323 2031
473 2032
4361 2033
2784 2034
6179 2035
2720 2036
397 2037
2421 2038
193 2039
217 2040
625 2041
3801 2042
3929 2043
4220 2044
5086 2045
475 2046
257 2047
6213 2048
5035 2049
49 2050
48 2051
3433 2052
2644 2053
578 2054
5043 2055
430 2056
4052 2057
736 2058
1430 2059
644 2060
1927 2061
5943 2062
4667 2063
979 2064
2548 2065
2238 2066
385 2067
4270 2068
1465 2069
3591 2070
5267 2071
6980 2072
6106 2073
2883 2074
7090 2075
758 2076
503 2077
2785 2078
2466 2079
223 2080
5525 2081
6040 2082
7116 2083
5594 2084
5448 2085
5213 2086
264 2087
2038 2088
1678 2089
4063 2090
1190 2091
390 2092
5636 2093
5440 2094
4135 2095
7131 2096
210 2097
5793 2098
2086 2099
1725 2100
60 2101
1635 2102
54 2103
3388 2104
2647 2105
7503 2106
43 2107
2516 2108
2551 2109
787 2110
5971 2111
556 2112
7023 2113
151 2114
3391 2115
222 2116
1048 2117
4350 2118
1597 2119
2016 2120
676 2121
5055 2122
7293 2123
733 2124
1284 2125
5247 2126
2703 2127
4977 2128
3828 2129
2631 2130
713 2131
315 2132
502 2133
434 2134
5045 2135
5485 2136
4504 2137
2828 2138
286 2139
569 2140
202 2141
5602 2142
4278 2143
2962 2144
2820 2145
913 2146
6337 2147
522 2148
4137 2149
4679 2150
610 2151
237 2152
170 2153
2112 2154
2277 2155
93 2156
5271 2157
7031 2158
6424 2159
2544 2160
1915 2161
7045 2162
2237 2163
4129 2164
5947 2165
1337 2166
1887 2167
909 2168
1276 2169
2679 2170
2163 2171
3623 2172
3843 2173
702 2174
467 2175
2099 2176
601 2177
3102 2178
534 2179
4399 2180
520 2181
937 2182
380 2183
540 2184
25 2185
6328 2186
597 2187
2718 2188
665 2189
365 2190
2830 2191
765 2192
2730 2193
4606 2194
2476 2195
1427 2196
298 2197
6611 2198
2090 2199
2932 2200
2236 2201
1479 2202
6419 2203
3252 2204
2725 2205
1360 2206
1115 2207
2488 2208
941 2209
1117 2210
2554 2211
155 2212
191 2213
685 2214
3760 2215
4589 2216
4460 2217
7378 2218
2053 2219
479 2220
4358 2221
5074 2222
1189 2223
189 2224
5606 2225
2965 2226
3346 2227
4815 2228
1558 2229
952 2230
4529 2231
5710 2232
221 2233
1198 2234
4618 2235
2854 2236
2315 2237
5423 2238
4481 2239
6316 2240
1526 2241
3289 2242
1030 2243
961 2244
3196 2245
947 2246
6456 2247
6806 2248
5494 2249
412 2250
2705 2251
442 2252
6538 2253
6191 2254
1289 2255
7458 2256
4834 2257
7384 2258
3673 2259
2729 2260
3186 2261
867 2262
235 2263
630 2264
1683 2265
860 2266
3171 2267
406 2268
657 2269
2055 2270
6024 2271
371 2272
727 2273
4809 2274
3416 2275
4157 2276
1005 2277
4486 2278
3 2279
567 2280
966 2281
4028 2282
2897 2283
7513 2284
2047 2285
463 2286
127 2287
1768 2288
1645 2289
2465 2290
6101 2291
408 2292
4814 2293
5496 2294
4496 2295
240 2296
1317 2297
6046 2298
277 2299
6211 2300
2101 2301
7264 2302
1738 2303
7055 2304
5275 2305
6209 2306
4007 2307
3370 2308
1928 2309
1403 2310
7428 2311
1059 2312
4177 2313
1834 2314
4830 2315
3444 2316
1154 2317
3329 2318
84 2319
710 2320
4347 2321
6977 2322
1852 2323
3805 2324
1207 2325
2819 2326
5003 2327
78 2328
4411 2329
472 2330
2510 2331
216 2332
4231 2333
2540 2334
5338 2335
3548 2336
6122 2337
449 2338
851 2339
2010 2340
6298 2341
6899 2342
633 2343
334 2344
1530 2345
2312 2346
1967 2347
1163 2348
6624 2349
4217 2350
646 2351
2821 2352
1007 2353
74 2354
4612 2355
548 2356
79 2357
1498 2358
2085 2359
683 2360
3430 2361
5887 2362
505 2363
5954 2364
4182 2365
3697 2366
5515 2367
6981 2368
1233 2369
2031 2370
6217 2371
6126 2372
1386 2373
42 2374
526 2375
173 2376
2393 2377
6516 2378
2663 2379
745 2380
695 2381
496 2382
3181 2383
2667 2384
3565 2385
349 2386
139 2387
420 2388
2137 2389
919 2390
6239 2391
3007 2392
117 2393
262 2394
684 2395
5094 2396
1993 2397
2826 2398
3827 2399
6517 2400
6524 2401
3163 2402
6703 2403
306 2404
525 2405
2804 2406
7313 2407
7180 2408
5301 2409
234 2410
168 2411
1291 2412
1294 2413
5557 2414
2685 2415
1449 2416
147 2417
7013 2418
3036 2419
4089 2420
4505 2421
718 2422
1071 2423
5889 2424
992 2425
7114 2426
2948 2427
402 2428
2271 2429
404 2430
5858 2431
4053 2432
4352 2433
1891 2434
4221 2435
512 2436
2684 2437
3594 2438
2397 2439
5307 2440
1033 2441
1406 2442
531 2443
2279 2444
6839 2445
3126 2446
1327 2447
1462 2448
5239 2449
3344 2450
2573 2451
1752 2452
3153 2453
3721 2454
7272 2455
4421 2456
1589 2457
1531 2458
3735 2459
3674 2460
500 2461
5592 2462
3425 2463
7440 2464
3672 2465
6657 2466
5342 2467
174 2468
201 2469
3466 2470
3663 2471
1880 2472
648 2473
1749 2474
1043 2475
4422 2476
660 2477
529 2478
613 2479
1260 2480
1648 2481
616 2482
142 2483
1875 2484
532 2485
457 2486
1995 2487
5158 2488
1703 2489
6295 2490
6578 2491
98 2492
3610 2493
6394 2494
1266 2495
4061 2496
337 2497
746 2498
4755 2499
4133 2500
560 2501
7104 2502
4070 2503
357 2504
5311 2505
521 2506
3841 2507
1601 2508
3942 2509
474 2510
2717 2511
2410 2512
6358 2513
789 2514
6880 2515
558 2516
2817 2517
489 2518
242 2519
1831 2520
5309 2521
6228 2522
248 2523
265 2524
2200 2525
1802 2526
352 2527
2235 2528
141 2529
4796 2530
215 2531
650 2532
705 2533
218 2534
814 2535
3167 2536
233 2537
527 2538
454 2539
3042 2540
6306 2541
1961 2542
208 2543
2890 2544
1727 2545
849 2546
3373 2547
3271 2548
274 2549
3868 2550
1780 2551
4096 2552
1542 2553
922 2554
7416 2555
55 2556
741 2557
5014 2558
2037 2559
6581 2560
3762 2561
5242 2562
284 2563
3874 2564
507 2565
5778 2566
287 2567
3688 2568
3074 2569
3891 2570
238 2571
5118 2572
5743 2573
3095 2574
1124 2575
1304 2576
779 2577
1501 2578
6464 2579
370 2580
332 2581
87 2582
7110 2583
2664 2584
5083 2585
172 2586
2188 2587
6628 2588
911 2589
2598 2590
5942 2591
2308 2592
856 2593
1951 2594
2369 2595
2131 2596
188 2597
4392 2598
1978 2599
5049 2600
5588 2601
5265 2602
2254 2603
1450 2604
459 2605
1423 2606
183 2607
6017 2608
1982 2609
3806 2610
1692 2611
6717 2612
316 2613
1211 2614
2452 2615
6 2616
6370 2617
488 2618
726 2619
2902 2620
2722 2621
3132 2622
5964 2623
7477 2624
5498 2625
5580 2626
5125 2627
4530 2628
3057 2629
305 2630
1278 2631
322 2632
5891 2633
5802 2634
126 2635
1091 2636
7019 2637
7003 2638
4190 2639
6245 2640
2807 2641
3667 2642
302 2643
4389 2644
824 2645
4705 2646
1795 2647
342 2648
3993 2649
6589 2650
1015 2651
1722 2652
5095 2653
4922 2654
5732 2655
2054 2656
6205 2657
6381 2658
4179 2659
5226 2660
3023 2661
376 2662
1122 2663
5298 2664
1204 2665
119 2666
2876 2667
2005 2668
906 2669
7315 2670
4353 2671
2316 2672
122 2673
2412 2674
1974 2675
1447 2676
2172 2677
5281 2678
2780 2679
2396 2680
1225 2681
253 2682
1612 2683
4878 2684
184 2685
1677 2686
2327 2687
4686 2688
2815 2689
978 2690
2155 2691
5329 2692
465 2693
2606 2694
335 2695
4548 2696
261 2697
771 2698
3719 2699
2979 2700
4938 2701
309 2702
6720 2703
1242 2704
5111 2705
405 2706
41 2707
3863 2708
266 2709
1045 2710
7017 2711
4321 2712
207 2713
670 2714
1787 2715
1717 2716
6893 2717
631 2718
5 2719
582 2720
225 2721
307 2722
4077 2723
1241 2724
571 2725
2416 2726
4152 2727
3169 2728
1298 2729
6104 2730
3517 2731
5620 2732
4835 2733
3275 2734
56 2735
1828 2736
7439 2737
6813 2738
4204 2739
5467 2740
3353 2741
817 2742
859 2743
86 2744
4443 2745
4791 2746
602 2747
1026 2748
3566 2749
5924 2750
1363 2751
267 2752
3191 2753
728 2754
3902 2755
3814 2756
649 2757
5096 2758
6267 2759
324 2760
6452 2761
5722 2762
1083 2763
1271 2764
960 2765
575 2766
1361 2767
656 2768
6095 2769
1152 2770
5210 2771
3949 2772
1849 2773
1629 2774
6599 2775
2240 2776
386 2777
367 2778
7001 2779
3989 2780
3516 2781
1067 2782
667 2783
4227 2784
696 2785
585 2786
876 2787
7507 2788
515 2789
3727 2790
214 2791
432 2792
295 2793
149 2794
638 2795
3374 2796
229 2797
3946 2798
2036 2799
6781 2800
354 2801
2713 2802
5645 2803
33 2804
