3948
162 0
6673 1
6087 2
3136 3
3469 4
2640 5
3181 6
1800 7
5605 8
9571 9
3954 10
5613 11
1427 12
1033 13
2722 14
4773 15
1783 16
8449 17
520 18
9398 19
6050 20
1969 21
4362 22
801 23
6381 24
4842 25
4874 26
799 27
3277 28
4593 29
7746 30
333 31
7562 32
8987 33
8512 34
3634 35
3173 36
5941 37
9098 38
6488 39
4126 40
2057 41
3800 42
1884 43
1511 44
5598 45
2482 46
2795 47
947 48
3056 49
5533 50
7814 51
4236 52
183 53
367 54
3520 55
846 56
3272 57
6799 58
728 59
3355 60
586 61
1955 62
937 63
859 64
4953 65
1198 66
4460 67
7434 68
4809 69
413 70
655 71
773 72
114 73
6318 74
7026 75
3598 76
503 77
768 78
1870 79
914 80
2296 81
4548 82
6295 83
4920 84
2735 85
1813 86
8667 87
4626 88
9104 89
4525 90
6111 91
386 92
554 93
1948 94
9397 95
980 96
2743 97
1247 98
5919 99
3793 100
2329 101
397 102
1507 103
4586 104
4653 105
7042 106
972 107
1073 108
923 109
1700 110
1361 111
578 112
1296 113
2897 114
8500 115
7760 116
6596 117
7805 118
9584 119
405 120
3383 121
5728 122
5827 123
6358 124
5141 125
8120 126
1090 127
2088 128
165 129
1336 130
8604 131
7514 132
5282 133
8822 134
4469 135
18 136
8271 137
4045 138
1136 139
882 140
7877 141
1418 142
1381 143
1123 144
1404 145
2008 146
1977 147
1897 148
1156 149
2463 150
2175 151
4402 152
1137 153
7287 154
3993 155
1715 156
465 157
3809 158
7872 159
1139 160
1572 161
3398 162
3226 163
2132 164
9103 165
6332 166
9277 167
5069 168
2171 169
8244 170
659 171
4664 172
2924 173
3315 174
1310 175
1220 176
541 177
8412 178
2112 179
1091 180
7705 181
4161 182
8647 183
7339 184
5296 185
3150 186
4358 187
4370 188
3193 189
9428 190
1477 191
888 192
4430 193
995 194
3676 195
7883 196
3996 197
680 198
197 199
849 200
6444 201
6535 202
4146 203
150 204
8888 205
3821 206
4485 207
5354 208
1109 209
2468 210
1226 211
1395 212
7620 213
891 214
1411 215
2135 216
259 217
4890 218
4704 219
8996 220
9107 221
6812 222
1623 223
4710 224
9590 225
1754 226
798 227
6979 228
1627 229
1221 230
1299 231
4424 232
2210 233
1757 234
4692 235
324 236
8224 237
748 238
1201 239
1886 240
3140 241
1915 242
8450 243
8650 244
1878 245
1174 246
8329 247
313 248
1238 249
5128 250
2961 251
7988 252
2728 253
2174 254
5854 255
8937 256
8352 257
1725 258
9211 259
3985 260
2017 261
169 262
1963 263
1301 264
1736 265
5719 266
9454 267
8931 268
6770 269
158 270
965 271
1829 272
282 273
1792 274
8953 275
3384 276
3575 277
6102 278
5300 279
1910 280
6228 281
3170 282
4978 283
6386 284
7047 285
5712 286
8609 287
3190 288
2926 289
3303 290
5316 291
6610 292
4270 293
2469 294
2553 295
113 296
957 297
6961 298
8091 299
7701 300
7579 301
474 302
811 303
6959 304
1426 305
1868 306
4864 307
2051 308
1936 309
1161 310
191 311
8487 312
9401 313
7433 314
9524 315
442 316
1512 317
428 318
7658 319
4133 320
3534 321
4849 322
6897 323
3597 324
5433 325
1059 326
8600 327
7338 328
5875 329
4134 330
1722 331
486 332
7349 333
3317 334
1306 335
8089 336
8374 337
484 338
963 339
8127 340
3767 341
0 342
2079 343
1624 344
5806 345
4852 346
1366 347
2450 348
204 349
1905 350
675 351
3471 352
345 353
7692 354
498 355
8821 356
1483 357
436 358
4752 359
4552 360
556 361
8596 362
8484 363
2514 364
3001 365
7464 366
4769 367
1434 368
6474 369
8866 370
2569 371
1533 372
5842 373
9626 374
825 375
125 376
2153 377
8206 378
3454 379
1146 380
1259 381
7927 382
732 383
1246 384
490 385
2013 386
1943 387
6302 388
8852 389
7829 390
278 391
8606 392
3883 393
9210 394
357 395
2866 396
2180 397
3826 398
9520 399
7901 400
1726 401
1041 402
3416 403
6711 404
440 405
1171 406
1542 407
315 408
371 409
9188 410
5162 411
3419 412
1384 413
3418 414
5649 415
5168 416
7286 417
745 418
2309 419
1348 420
9437 421
6700 422
2300 423
469 424
3165 425
7210 426
3480 427
1371 428
5754 429
7066 430
4239 431
2102 432
7479 433
796 434
1476 435
7024 436
6707 437
1446 438
6843 439
1029 440
3576 441
4827 442
847 443
2712 444
7722 445
342 446
4786 447
7140 448
8785 449
525 450
3840 451
1189 452
7887 453
1149 454
3019 455
1082 456
1822 457
70 458
3211 459
7130 460
905 461
677 462
548 463
2943 464
3670 465
4968 466
6950 467
822 468
9369 469
1939 470
9408 471
1436 472
3637 473
8591 474
1849 475
3528 476
4899 477
3703 478
6983 479
514 480
715 481
3093 482
903 483
7158 484
1766 485
4778 486
819 487
5736 488
2822 489
2806 490
6989 491
3632 492
1991 493
2668 494
418 495
4086 496
869 497
2190 498
9492 499
2001 500
1133 501
1763 502
6828 503
8047 504
1893 505
938 506
1484 507
1400 508
473 509
1103 510
3734 511
8619 512
9267 513
4558 514
4316 515
95 516
8629 517
5978 518
8738 519
1837 520
8833 521
2023 522
5346 523
530 524
360 525
4831 526
579 527
4299 528
3822 529
9136 530
1110 531
9301 532
4624 533
2117 534
4913 535
1529 536
589 537
804 538
468 539
4477 540
5288 541
5209 542
8216 543
2933 544
338 545
3820 546
1011 547
769 548
5911 549
3476 550
4394 551
1344 552
4389 553
2379 554
845 555
8143 556
9451 557
1480 558
9330 559
4650 560
2694 561
6845 562
584 563
3336 564
3109 565
1316 566
4503 567
7327 568
1303 569
1415 570
2745 571
7719 572
1931 573
1592 574
7260 575
7779 576
2713 577
6498 578
3513 579
3992 580
3461 581
1431 582
8975 583
6306 584
3974 585
3866 586
1417 587
1237 588
1199 589
1172 590
6408 591
1958 592
1261 593
9416 594
7593 595
1016 596
3683 597
2263 598
943 599
1253 600
955 601
1959 602
1485 603
6181 604
5864 605
6216 606
3947 607
4527 608
4252 609
4634 610
1516 611
5386 612
6443 613
2523 614
2138 615
5782 616
61 617
889 618
7924 619
1252 620
9546 621
3441 622
5499 623
3967 624
4372 625
1005 626
1772 627
4755 628
3626 629
1660 630
8064 631
1670 632
71 633
2420 634
7537 635
2491 636
4283 637
3015 638
206 639
1547 640
4367 641
8564 642
5885 643
8826 644
1794 645
5508 646
1790 647
3835 648
5977 649
696 650
4281 651
2060 652
5725 653
5937 654
4247 655
4231 656
9324 657
1836 658
104 659
5136 660
2209 661
3448 662
4004 663
5514 664
1556 665
8316 666
200 667
9078 668
8358 669
6712 670
2137 671
3617 672
3998 673
3166 674
5495 675
1859 676
7975 677
2417 678
2973 679
7470 680
3380 681
8256 682
2212 683
3436 684
292 685
3596 686
562 687
2568 688
5562 689
232 690
119 691
6933 692
6599 693
3625 694
7443 695
1854 696
2975 697
4918 698
7030 699
7181 700
890 701
7162 702
273 703
4129 704
1167 705
5799 706
5175 707
243 708
506 709
2094 710
4061 711
6255 712
2318 713
7280 714
2584 715
4804 716
5991 717
3257 718
458 719
2267 720
121 721
1495 722
1833 723
86 724
8896 725
9248 726
842 727
4699 728
2891 729
5349 730
1068 731
1437 732
2038 733
567 734
7850 735
8471 736
1560 737
8489 738
2963 739
1635 740
5149 741
5905 742
5743 743
8178 744
4654 745
1295 746
763 747
2976 748
1911 749
129 750
105 751
1961 752
1062 753
2526 754
4290 755
9252 756
9481 757
5407 758
3567 759
7308 760
620 761
806 762
863 763
4490 764
3167 765
6075 766
3798 767
5063 768
1568 769
9340 770
432 771
9242 772
5626 773
6163 774
49 775
4703 776
5838 777
7627 778
7521 779
1898 780
2152 781
55 782
4745 783
494 784
1144 785
3845 786
1387 787
7442 788
4536 789
9605 790
2678 791
7543 792
3655 793
4669 794
551 795
46 796
665 797
2605 798
968 799
1309 800
4830 801
4561 802
5170 803
1618 804
6090 805
133 806
2438 807
8514 808
6514 809
2362 810
3587 811
818 812
4935 813
1024 814
2271 815
1839 816
1325 817
3399 818
6561 819
2708 820
1578 821
2315 822
533 823
1594 824
4714 825
1921 826
1855 827
9550 828
5183 829
7804 830
7353 831
6161 832
9506 833
101 834
4020 835
3157 836
2920 837
7223 838
3065 839
2664 840
7781 841
7393 842
3934 843
4271 844
2950 845
1708 846
8448 847
7365 848
603 849
1858 850
146 851
1163 852
4064 853
1984 854
30 855
532 856
813 857
1356 858
8913 859
127 860
950 861
2908 862
1506 863
5918 864
3796 865
6088 866
1155 867
2567 868
9568 869
3023 870
9448 871
8815 872
3958 873
6465 874
6412 875
431 876
1947 877
2029 878
148 879
4817 880
5925 881
5687 882
8622 883
2904 884
9215 885
8616 886
300 887
3493 888
7160 889
2788 890
5043 891
2651 892
2201 893
9533 894
6280 895
3077 896
6640 897
3168 898
2006 899
9132 900
3483 901
5364 902
271 903
2291 904
8695 905
136 906
4688 907
4431 908
1890 909
2590 910
2435 911
4987 912
8280 913
1653 914
9477 915
4349 916
7665 917
238 918
3061 919
6559 920
5522 921
9124 922
7903 923
2383 924
4168 925
870 926
1935 927
5791 928
8683 929
2287 930
7169 931
130 932
2734 933
1957 934
6201 935
1501 936
1630 937
5732 938
9378 939
6458 940
4590 941
4911 942
5868 943
4543 944
225 945
57 946
4962 947
3464 948
6867 949
2521 950
1464 951
695 952
8590 953
1951 954
6229 955
1435 956
8627 957
6789 958
4678 959
4187 960
8796 961
8082 962
4690 963
4970 964
3425 965
3225 966
4309 967
211 968
154 969
720 970
3695 971
4844 972
396 973
1612 974
8383 975
1228 976
1162 977
2579 978
6246 979
56 980
3295 981
1169 982
649 983
2218 984
214 985
1793 986
5051 987
199 988
1712 989
727 990
1377 991
1420 992
1548 993
9300 994
84 995
519 996
390 997
3856 998
6890 999
5897 1000
5308 1001
6751 1002
6665 1003
2900 1004
1527 1005
7116 1006
516 1007
1061 1008
7143 1009
7638 1010
9347 1011
1561 1012
3763 1013
312 1014
1788 1015
5447 1016
7655 1017
1359 1018
4056 1019
4393 1020
5007 1021
6574 1022
1187 1023
2641 1024
2292 1025
752 1026
1762 1027
539 1028
6623 1029
8420 1030
1847 1031
6190 1032
1491 1033
571 1034
258 1035
1814 1036
296 1037
568 1038
4065 1039
4136 1040
6866 1041
1354 1042
5133 1043
1193 1044
198 1045
1106 1046
2458 1047
7288 1048
3057 1049
1721 1050
8437 1051
2832 1052
2039 1053
1750 1054
5938 1055
8918 1056
5250 1057
171 1058
456 1059
6191 1060
6682 1061
7801 1062
1950 1063
1234 1064
3505 1065
6964 1066
1821 1067
4659 1068
1620 1069
5408 1070
7215 1071
6237 1072
8180 1073
3976 1074
42 1075
257 1076
6776 1077
3024 1078
6116 1079
92 1080
4928 1081
6413 1082
2002 1083
8803 1084
3994 1085
7605 1086
9101 1087
487 1088
1982 1089
691 1090
8933 1091
686 1092
7166 1093
9089 1094
5625 1095
3356 1096
3737 1097
6706 1098
4285 1099
1640 1100
5602 1101
2914 1102
5310 1103
5878 1104
3860 1105
212 1106
689 1107
1830 1108
1412 1109
1360 1110
4518 1111
860 1112
740 1113
2916 1114
5638 1115
4199 1116
8332 1117
3178 1118
7532 1119
240 1120
307 1121
3118 1122
8043 1123
6096 1124
6625 1125
4259 1126
9214 1127
1432 1128
1775 1129
7021 1130
1329 1131
1391 1132
5360 1133
1142 1134
4810 1135
5746 1136
6448 1137
1346 1138
1031 1139
8301 1140
1195 1141
3103 1142
8260 1143
1475 1144
9592 1145
115 1146
7195 1147
6838 1148
2700 1149
8305 1150
9422 1151
5717 1152
6777 1153
2404 1154
3203 1155
507 1156
8620 1157
1877 1158
8255 1159
5848 1160
8222 1161
868 1162
1904 1163
85 1164
4263 1165
1245 1166
3915 1167
2065 1168
1168 1169
7458 1170
4555 1171
2679 1172
3405 1173
7902 1174
1838 1175
3058 1176
954 1177
958 1178
1659 1179
4345 1180
6431 1181
764 1182
8508 1183
4550 1184
6840 1185
7567 1186
824 1187
1605 1188
549 1189
1645 1190
1852 1191
6745 1192
4261 1193
485 1194
2436 1195
3613 1196
6457 1197
5955 1198
2157 1199
4099 1200
7038 1201
2554 1202
4854 1203
6107 1204
2659 1205
303 1206
1901 1207
1609 1208
1312 1209
3366 1210
2066 1211
7102 1212
7913 1213
2496 1214
493 1215
5924 1216
1799 1217
4005 1218
3309 1219
5908 1220
2305 1221
575 1222
1129 1223
7552 1224
5912 1225
1367 1226
6380 1227
124 1228
4127 1229
7445 1230
4538 1231
2238 1232
2742 1233
4390 1234
6369 1235
1866 1236
3784 1237
408 1238
3817 1239
2337 1240
2096 1241
3344 1242
5076 1243
3267 1244
7974 1245
9599 1246
593 1247
761 1248
331 1249
7501 1250
8849 1251
8056 1252
1646 1253
1655 1254
5021 1255
5692 1256
2889 1257
152 1258
291 1259
1441 1260
7845 1261
1806 1262
9086 1263
8003 1264
5071 1265
4509 1266
1918 1267
2156 1268
4073 1269
306 1270
7534 1271
6552 1272
3748 1273
1539 1274
6626 1275
6791 1276
1851 1277
5623 1278
4925 1279
6521 1280
3396 1281
3151 1282
6404 1283
3609 1284
4298 1285
5622 1286
6275 1287
2787 1288
1148 1289
1286 1290
844 1291
2583 1292
2255 1293
1334 1294
5668 1295
2789 1296
3463 1297
1447 1298
1093 1299
2977 1300
4524 1301
1732 1302
361 1303
1105 1304
4346 1305
7078 1306
879 1307
7209 1308
2351 1309
7727 1310
8387 1311
7436 1312
5435 1313
9222 1314
1633 1315
5879 1316
931 1317
7496 1318
635 1319
1036 1320
353 1321
2358 1322
1519 1323
8345 1324
2484 1325
3210 1326
5401 1327
998 1328
8145 1329
8268 1330
6033 1331
3586 1332
8991 1333
5893 1334
387 1335
2561 1336
7221 1337
5274 1338
1764 1339
9511 1340
1275 1341
8593 1342
5509 1343
1597 1344
1421 1345
7070 1346
37 1347
2545 1348
714 1349
2762 1350
5343 1351
4318 1352
340 1353
4097 1354
583 1355
298 1356
6560 1357
9439 1358
703 1359
6539 1360
2879 1361
3497 1362
8938 1363
8092 1364
2028 1365
6352 1366
2919 1367
6888 1368
8885 1369
7072 1370
8714 1371
4437 1372
1450 1373
1131 1374
629 1375
231 1376
1470 1377
1552 1378
7372 1379
8446 1380
248 1381
9403 1382
1266 1383
3916 1384
9404 1385
8997 1386
5619 1387
3260 1388
7787 1389
2424 1390
7934 1391
2824 1392
8410 1393
31 1394
921 1395
5443 1396
7144 1397
201 1398
1782 1399
2070 1400
1074 1401
1815 1402
2984 1403
394 1404
5261 1405
7555 1406
1345 1407
767 1408
4368 1409
8755 1410
1085 1411
375 1412
6696 1413
5262 1414
6614 1415
4649 1416
2003 1417
6650 1418
5603 1419
994 1420
6718 1421
1203 1422
3732 1423
2558 1424
505 1425
7055 1426
1598 1427
5928 1428
3894 1429
2382 1430
6719 1431
1823 1432
2357 1433
5368 1434
2805 1435
7129 1436
193 1437
2104 1438
820 1439
743 1440
5454 1441
1789 1442
7159 1443
4292 1444
1920 1445
6618 1446
3240 1447
4989 1448
987 1449
5449 1450
4964 1451
236 1452
9016 1453
2478 1454
7553 1455
8876 1456
6796 1457
1184 1458
2681 1459
934 1460
1 1461
6212 1462
7428 1463
4762 1464
4473 1465
4000 1466
6200 1467
618 1468
8743 1469
2063 1470
3746 1471
4746 1472
1433 1473
3928 1474
6958 1475
8745 1476
3388 1477
1803 1478
9494 1479
1180 1480
775 1481
6517 1482
480 1483
5781 1484
1882 1485
7465 1486
2790 1487
1760 1488
8702 1489
1887 1490
651 1491
1628 1492
3041 1493
6722 1494
26 1495
29 1496
877 1497
7946 1498
9490 1499
1330 1500
7802 1501
4888 1502
1244 1503
4530 1504
8241 1505
4081 1506
2306 1507
976 1508
1406 1509
1004 1510
1084 1511
2082 1512
8634 1513
36 1514
1573 1515
8243 1516
1037 1517
9207 1518
1445 1519
1778 1520
5540 1521
6831 1522
7 1523
1589 1524
2158 1525
1423 1526
1669 1527
3514 1528
8734 1529
5258 1530
699 1531
7492 1532
9351 1533
6729 1534
7138 1535
7468 1536
4409 1537
344 1538
2072 1539
1490 1540
5393 1541
5347 1542
2967 1543
401 1544
7784 1545
1254 1546
4540 1547
5850 1548
3010 1549
5359 1550
917 1551
5835 1552
5664 1553
4384 1554
5530 1555
1713 1556
8836 1557
1112 1558
4520 1559
1885 1560
6851 1561
7256 1562
3033 1563
1932 1564
434 1565
4093 1566
6286 1567
1549 1568
6515 1569
622 1570
8656 1571
1215 1572
4937 1573
2151 1574
2419 1575
524 1576
3913 1577
1389 1578
6627 1579
4214 1580
2133 1581
213 1582
83 1583
8900 1584
1674 1585
3592 1586
8077 1587
3641 1588
2918 1589
2602 1590
6680 1591
365 1592
3660 1593
8169 1594
713 1595
4400 1596
5832 1597
3198 1598
4539 1599
7799 1600
794 1601
7750 1602
7869 1603
166 1604
7227 1605
7840 1606
2150 1607
4832 1608
1132 1609
5339 1610
3231 1611
4121 1612
2373 1613
2041 1614
558 1615
3846 1616
5896 1617
66 1618
6006 1619
8054 1620
1353 1621
4192 1622
6035 1623
5641 1624
9338 1625
733 1626
1860 1627
8497 1628
1320 1629
5022 1630
3559 1631
6253 1632
8856 1633
5581 1634
1204 1635
2848 1636
1313 1637
4882 1638
3180 1639
252 1640
1322 1641
8860 1642
3710 1643
1375 1644
4999 1645
1474 1646
5146 1647
613 1648
1104 1649
6962 1650
2313 1651
1985 1652
6977 1653
1583 1654
531 1655
8764 1656
190 1657
4912 1658
179 1659
185 1660
8134 1661
2052 1662
8029 1663
7252 1664
751 1665
1147 1666
3652 1667
7626 1668
6824 1669
4125 1670
8579 1671
3501 1672
3485 1673
2282 1674
908 1675
880 1676
8812 1677
7529 1678
1269 1679
5990 1680
453 1681
6254 1682
1591 1683
1940 1684
624 1685
7478 1686
777 1687
1777 1688
8977 1689
422 1690
4069 1691
1115 1692
9302 1693
502 1694
546 1695
3364 1696
5095 1697
45 1698
241 1699
6223 1700
6173 1701
1466 1702
2626 1703
2055 1704
227 1705
1277 1706
986 1707
2283 1708
32 1709
2288 1710
7607 1711
991 1712
423 1713
6153 1714
8395 1715
7257 1716
4012 1717
272 1718
2876 1719
3729 1720
1987 1721
316 1722
544 1723
5073 1724
1372 1725
858 1726
939 1727
9514 1728
1756 1729
6952 1730
195 1731
2506 1732
7208 1733
656 1734
343 1735
7629 1736
6805 1737
592 1738
2501 1739
2761 1740
5489 1741
7219 1742
3002 1743
1388 1744
545 1745
347 1746
9015 1747
3801 1748
8661 1749
3138 1750
1052 1751
77 1752
4575 1753
4508 1754
5390 1755
6071 1756
3287 1757
2617 1758
441 1759
7899 1760
2109 1761
840 1762
8246 1763
2936 1764
1744 1765
6679 1766
1469 1767
2534 1768
6629 1769
5169 1770
3393 1771
5404 1772
4517 1773
4257 1774
349 1775
4758 1776
5006 1777
1042 1778
9159 1779
2167 1780
2942 1781
8264 1782
2855 1783
6880 1784
785 1785
3733 1786
9019 1787
1639 1788
5773 1789
1545 1790
2045 1791
4456 1792
7493 1793
671 1794
3686 1795
9253 1796
673 1797
2004 1798
1917 1799
2303 1800
3843 1801
2621 1802
1314 1803
2369 1804
14 1805
6166 1806
3446 1807
8905 1808
4713 1809
2399 1810
411 1811
1876 1812
1923 1813
8978 1814
2564 1815
8703 1816
2610 1817
626 1818
4480 1819
7893 1820
4850 1821
7213 1822
5375 1823
117 1824
67 1825
5507 1826
4077 1827
9175 1828
1865 1829
3667 1830
5765 1831
407 1832
2178 1833
2181 1834
2049 1835
4124 1836
3359 1837
3073 1838
1875 1839
1807 1840
1579 1841
555 1842
7795 1843
3290 1844
8445 1845
6129 1846
1055 1847
384 1848
8071 1849
5907 1850
3014 1851
2854 1852
8718 1853
137 1854
3691 1855
7900 1856
5025 1857
329 1858
412 1859
3477 1860
3347 1861
8930 1862
4829 1863
8130 1864
915 1865
7323 1866
5890 1867
9029 1868
786 1869
3472 1870
2380 1871
668 1872
5245 1873
4186 1874
308 1875
184 1876
2757 1877
1749 1878
2391 1879
460 1880
5238 1881
7368 1882
7068 1883
1774 1884
1515 1885
215 1886
3278 1887
5502 1888
4190 1889
5881 1890
6956 1891
5953 1892
1010 1893
2754 1894
2250 1895
6835 1896
2813 1897
2375 1898
2672 1899
9254 1900
6656 1901
96 1902
7371 1903
3351 1904
322 1905
8941 1906
281 1907
1834 1908
1319 1909
8400 1910
1414 1911
6285 1912
2719 1913
967 1914
2898 1915
4848 1916
9045 1917
8322 1918
1056 1919
8513 1920
1376 1921
6157 1922
638 1923
5479 1924
6370 1925
6305 1926
9480 1927
6394 1928
7250 1929
116 1930
5026 1931
1493 1932
1937 1933
339 1934
676 1935
1001 1936
3120 1937
5471 1938
3779 1939
3503 1940
614 1941
8236 1942
10 1943
1022 1944
7624 1945
4255 1946
7772 1947
3018 1948
5694 1949
3292 1950
893 1951
230 1952
6119 1953
4578 1954
1100 1955
3148 1956
447 1957
2485 1958
4232 1959
907 1960
918 1961
3129 1962
3758 1963
522 1964
6658 1965
2244 1966
7175 1967
3823 1968
4496 1969
1651 1970
1102 1971
132 1972
4076 1973
4770 1974
13 1975
4535 1976
7239 1977
39 1978
109 1979
8020 1980
3937 1981
717 1982
7998 1983
314 1984
6508 1985
1913 1986
2172 1987
1030 1988
1679 1989
8407 1990
7635 1991
5263 1992
251 1993
1531 1994
1342 1995
4897 1996
3702 1997
4708 1998
8451 1999
6203 2000
228 2001
2349 2002
6709 2003
5290 2004
774 2005
9376 2006
1892 2007
3325 2008
1581 2009
6677 2010
3509 2011
5078 2012
5257 2013
7590 2014
50 2015
492 2016
8284 2017
2310 2018
975 2019
6569 2020
964 2021
4602 2022
3965 2023
1933 2024
5205 2025
2820 2026
220 2027
6636 2028
3062 2029
8388 2030
1457 2031
7027 2032
1844 2033
2982 2034
8492 2035
229 2036
2149 2037
5793 2038
7827 2039
3899 2040
7046 2041
970 2042
1570 2043
3392 2044
8846 2045
1590 2046
6597 2047
5410 2048
1399 2049
2546 2050
5637 2051
5971 2052
2087 2053
2331 2054
2465 2055
697 2056
6734 2057
8550 2058
388 2059
9591 2060
1928 2061
2222 2062
5357 2063
4933 2064
8139 2065
1362 2066
5927 2067
1676 2068
535 2069
356 2070
3034 2071
142 2072
8328 2073
131 2074
1063 2075
5829 2076
5965 2077
6914 2078
782 2079
7149 2080
1580 2081
1181 2082
744 2083
1716 2084
7683 2085
2316 2086
5671 2087
1214 2088
5970 2089
5867 2090
8632 2091
135 2092
1473 2093
1575 2094
7135 2095
800 2096
7248 2097
7706 2098
8074 2099
7034 2100
587 2101
186 2102
2080 2103
5836 2104
3611 2105
7054 2106
8150 2107
6995 2108
1307 2109
1900 2110
495 2111
698 2112
7200 2113
8984 2114
8114 2115
4865 2116
5196 2117
2098 2118
1217 2119
1557 2120
6242 2121
5693 2122
2472 2123
2053 2124
791 2125
7424 2126
1997 2127
4154 2128
8586 2129
1116 2130
496 2131
1571 2132
7952 2133
173 2134
746 2135
1891 2136
6026 2137
99 2138
8877 2139
630 2140
983 2141
9201 2142
1711 2143
7373 2144
5546 2145
1239 2146
900 2147
1191 2148
1696 2149
2188 2150
590 2151
5942 2152
1352 2153
8275 2154
1665 2155
4775 2156
9184 2157
7466 2158
5631 2159
8567 2160
828 2161
5916 2162
944 2163
3556 2164
3111 2165
8132 2166
6868 2167
2901 2168
2511 2169
1546 2170
9578 2171
35 2172
1664 2173
5929 2174
5750 2175
534 2176
8342 2177
7123 2178
4833 2179
2231 2180
7254 2181
2733 2182
2964 2183
2493 2184
2844 2185
7401 2186
7205 2187
1078 2188
9585 2189
6769 2190
1825 2191
712 2192
63 2193
1430 2194
5323 2195
7124 2196
7932 2197
7348 2198
5920 2199
5139 2200
999 2201
1981 2202
2910 2203
481 2204
6895 2205
7765 2206
3085 2207
2298 2208
1888 2209
3222 2210
5888 2211
5688 2212
1840 2213
1478 2214
12 2215
8676 2216
6782 2217
9259 2218
8770 2219
1007 2220
8539 2221
6931 2222
279 2223
993 2224
1996 2225
321 2226
1087 2227
4939 2228
6891 2229
3406 2230
3886 2231
4622 2232
8176 2233
7226 2234
7086 2235
1656 2236
97 2237
5579 2238
1603 2239
2529 2240
7835 2241
9536 2242
6853 2243
8588 2244
262 2245
8051 2246
7322 2247
52 2248
2437 2249
8762 2250
4985 2251
5094 2252
3585 2253
2763 2254
702 2255
788 2256
7592 2257
654 2258
6571 2259
1544 2260
8737 2261
103 2262
3224 2263
6317 2264
1419 2265
2732 2266
6598 2267
6919 2268
7050 2269
4900 2270
6011 2271
7908 2272
4711 2273
9152 2274
1980 2275
223 2276
242 2277
8808 2278
1380 2279
7298 2280
8124 2281
2764 2282
4798 2283
6230 2284
289 2285
2071 2286
838 2287
3453 2288
2636 2289
1456 2290
7357 2291
1035 2292
5825 2293
9051 2294
1486 2295
7548 2296
8336 2297
669 2298
3403 2299
336 2300
6848 2301
8958 2302
1222 2303
9044 2304
4579 2305
3196 2306
4838 2307
5796 2308
4021 2309
1602 2310
1530 2311
1066 2312
1671 2313
771 2314
3771 2315
1160 2316
831 2317
3442 2318
5472 2319
89 2320
1229 2321
2769 2322
2683 2323
3488 2324
8552 2325
318 2326
4534 2327
7488 2328
5886 2329
9181 2330
62 2331
9349 2332
488 2333
1967 2334
7270 2335
3803 2336
2 2337
1970 2338
3936 2339
8355 2340
5122 2341
1832 2342
1038 2343
370 2344
666 2345
88 2346
2429 2347
807 2348
3376 2349
2252 2350
2068 2351
607 2352
5468 2353
358 2354
5769 2355
1058 2356
4455 2357
1862 2358
876 2359
5874 2360
3510 2361
7460 2362
5494 2363
7378 2364
7633 2365
1652 2366
3059 2367
1874 2368
5808 2369
2552 2370
8516 2371
4398 2372
1962 2373
1145 2374
15 2375
3787 2376
6506 2377
3688 2378
2412 2379
4724 2380
8909 2381
8771 2382
848 2383
5554 2384
1528 2385
7754 2386
6836 2387
202 2388
5082 2389
9118 2390
5640 2391
7232 2392
8765 2393
6533 2394
7242 2395
4141 2396
906 2397
5 2398
9099 2399
790 2400
399 2401
8298 2402
1606 2403
9544 2404
6743 2405
1706 2406
3075 2407
832 2408
4557 2409
1912 2410
1649 2411
872 2412
843 2413
4551 2414
4280 2415
27 2416
9311 2417
284 2418
217 2419
3117 2420
574 2421
2974 2422
2182 2423
989 2424
647 2425
6819 2426
969 2427
1027 2428
4272 2429
302 2430
7151 2431
814 2432
513 2433
2921 2434
5206 2435
4781 2436
3083 2437
3906 2438
2600 2439
6053 2440
674 2441
1405 2442
3304 2443
3979 2444
4319 2445
2127 2446
8366 2447
7774 2448
6226 2449
1302 2450
4647 2451
6730 2452
8343 2453
4392 2454
3400 2455
5710 2456
2448 2457
8424 2458
6486 2459
7487 2460
2020 2461
619 2462
1494 2463
1684 2464
1449 2465
2345 2466
4440 2467
3389 2468
5662 2469
1311 2470
1503 2471
3172 2472
634 2473
5691 2474
4767 2475
4095 2476
203 2477
245 2478
2432 2479
6750 2480
3439 2481
451 2482
2162 2483
4528 2484
542 2485
5132 2486
210 2487
7876 2488
2311 2489
5512 2490
4502 2491
3498 2492
5818 2493
2230 2494
3972 2495
3701 2496
143 2497
9402 2498
5428 2499
2056 2500
1424 2501
8297 2502
3377 2503
8007 2504
128 2505
379 2506
6999 2507
3946 2508
6345 2509
6485 2510
8767 2511
3316 2512
4938 2513
2062 2514
8741 2515
421 2516
1378 2517
9265 2518
8048 2519
7965 2520
2442 2521
1537 2522
7533 2523
1382 2524
2043 2525
561 2526
3362 2527
6551 2528
4709 2529
3806 2530
6567 2531
1212 2532
3573 2533
90 2534
1743 2535
2120 2536
8669 2537
700 2538
4734 2539
3684 2540
3479 2541
878 2542
1765 2543
4052 2544
6182 2545
2092 2546
1498 2547
3381 2548
3360 2549
2248 2550
1808 2551
255 2552
5193 2553
6401 2554
2799 2555
3639 2556
3970 2557
6695 2558
3999 2559
1278 2560
9276 2561
8731 2562
1227 2563
1678 2564
6794 2565
7392 2566
6504 2567
6389 2568
5137 2569
3882 2570
4276 2571
1554 2572
7767 2573
776 2574
8123 2575
5352 2576
7625 2577
896 2578
6494 2579
8883 2580
5702 2581
2359 2582
8341 2583
8293 2584
3522 2585
8908 2586
913 2587
7489 2588
2643 2589
780 2590
899 2591
3352 2592
72 2593
4982 2594
737 2595
6418 2596
1668 2597
4163 2598
2604 2599
793 2600
3949 2601
9352 2602
470 2603
2024 2604
6913 2605
7994 2606
8270 2607
5415 2608
1114 2609
781 2610
287 2611
627 2612
2075 2613
8344 2614
1000 2615
354 2616
8062 2617
3807 2618
8459 2619
1047 2620
5055 2621
664 2622
1654 2623
4432 2624
7758 2625
5255 2626
9241 2627
9389 2628
5481 2629
1467 2630
855 2631
1401 2632
1786 2633
3953 2634
1293 2635
7374 2636
1020 2637
3253 2638
1810 2639
2931 2640
1848 2641
4329 2642
4151 2643
2818 2644
6634 2645
755 2646
5531 2647
8580 2648
7602 2649
3918 2650
1471 2651
467 2652
499 2653
2899 2654
1662 2655
4354 2656
6241 2657
1586 2658
98 2659
3604 2660
6468 2661
106 2662
2050 2663
3248 2664
5679 2665
1308 2666
7907 2667
5536 2668
8640 2669
1135 2670
639 2671
7113 2672
9021 2673
766 2674
2720 2675
6585 2676
5573 2677
1282 2678
6605 2679
5845 2680
6467 2681
1273 2682
959 2683
283 2684
4499 2685
1304 2686
2009 2687
588 2688
8013 2689
8393 2690
160 2691
2627 2692
4028 2693
4036 2694
1966 2695
5334 2696
1846 2697
1742 2698
8857 2699
6889 2700
2902 2701
6833 2702
8182 2703
5044 2704
3523 2705
527 2706
2090 2707
857 2708
1532 2709
5177 2710
1140 2711
1439 2712
4325 2713
2513 2714
5593 2715
6859 2716
3122 2717
1703 2718
839 2719
4554 2720
1054 2721
2547 2722
606 2723
8655 2724
6124 2725
381 2726
4757 2727
7970 2728
1396 2729
2774 2730
2269 2731
1550 2732
1707 2733
7816 2734
1385 2735
2142 2736
6684 2737
7112 2738
3812 2739
7865 2740
6263 2741
7672 2742
6452 2743
216 2744
7366 2745
4078 2746
4736 2747
4374 2748
2661 2749
5891 2750
337 2751
604 2752
596 2753
3664 2754
3572 2755
1520 2756
7472 2757
1599 2758
1120 2759
3554 2760
1595 2761
1733 2762
3968 2763
1983 2764
874 2765
512 2766
69 2767
758 2768
2129 2769
6292 2770
9535 2771
2766 2772
3154 2773
2804 2774
2792 2775
3548 2776
9341 2777
459 2778
7669 2779
4576 2780
640 2781
2911 2782
2410 2783
5314 2784
1695 2785
4807 2786
4449 2787
6529 2788
5374 2789
1710 2790
3189 2791
3552 2792
1514 2793
4180 2794
4104 2795
5482 2796
9163 2797
4845 2798
5506 2799
9130 2800
6092 2801
7954 2802
3777 2803
2812 2804
6473 2805
1613 2806
565 2807
2198 2808
7299 2809
4006 2810
1186 2811
952 2812
7914 2813
5711 2814
1492 2815
1857 2816
2731 2817
1370 2818
2675 2819
3847 2820
3097 2821
7910 2822
3013 2823
8477 2824
4936 2825
3653 2826
2402 2827
8494 2828
4467 2829
3247 2830
1795 2831
2447 2832
1604 2833
5148 2834
7541 2835
3709 2836
3825 2837
2257 2838
4143 2839
6395 2840
4369 2841
7120 2842
8810 2843
6397 2844
6245 2845
4321 2846
1895 2847
9031 2848
741 2849
5981 2850
2374 2851
683 2852
4267 2853
6338 2854
8760 2855
1440 2856
826 2857
1522 2858
3133 2859
1049 2860
2452 2861
9270 2862
6108 2863
772 2864
690 2865
3397 2866
3995 2867
2208 2868
2618 2869
25 2870
7830 2871
4228 2872
1338 2873
1044 2874
6231 2875
1014 2876
5018 2877
7990 2878
1569 2879
2817 2880
982 2881
3911 2882
7136 2883
8147 2884
4960 2885
4995 2886
1292 2887
1667 2888
359 2889
6938 2890
8641 2891
264 2892
4416 2893
2159 2894
4320 2895
7978 2896
6056 2897
429 2898
7093 2899
4046 2900
8302 2901
4182 2902
704 2903
2852 2904
719 2905
543 2906
759 2907
4184 2908
6128 2909
4142 2910
2390 2911
138 2912
6446 2913
6495 2914
8190 2915
1903 2916
8188 2917
6217 2918
4992 2919
2747 2920
7500 2921
3538 2922
7905 2923
3031 2924
2777 2925
600 2926
8323 2927
7663 2928
7290 2929
3099 2930
2317 2931
1287 2932
483 2933
1124 2934
3197 2935
8547 2936
2118 2937
5230 2938
2106 2939
1333 2940
6864 2941
8442 2942
2500 2943
2168 2944
7404 2945
1773 2946
6271 2947
6159 2948
7485 2949
2046 2950
537 2951
641 2952
897 2953
1067 2954
22 2955
6772 2956
8004 2957
8584 2958
167 2959
2426 2960
1835 2961
9600 2962
249 2963
1182 2964
3299 2965
2232 2966
8172 2967
286 2968
382 2969
3662 2970
2488 2971
3102 2972
9560 2973
1978 2974
219 2975
5112 2976
4425 2977
1650 2978
94 2979
911 2980
1914 2981
979 2982
678 2983
3072 2984
3938 2985
8828 2986
2124 2987
1588 2988
5689 2989
2203 2990
8131 2991
5740 2992
3288 2993
8294 2994
3313 2995
4 2996
4189 2997
4015 2998
2883 2999
3467 3000
1737 3001
1050 3002
7870 3003
951 3004
8340 3005
1045 3006
2959 3007
2131 3008
1563 3009
9182 3010
1535 3011
3700 3012
265 3013
352 3014
218 3015
3263 3016
570 3017
4009 3018
1853 3019
6477 3020
118 3021
6310 3022
6065 3023
2573 3024
1558 3025
2084 3026
2881 3027
5341 3028
6786 3029
4268 3030
2083 3031
4666 3032
7095 3033
250 3034
5784 3035
2550 3036
2986 3037
2154 3038
5426 3039
716 3040
1127 3041
317 3042
1098 3043
2015 3044
1746 3045
170 3046
1060 3047
6020 3048
1285 3049
7709 3050
1207 3051
2979 3052
4225 3053
2204 3054
5642 3055
1614 3056
1709 3057
330 3058
3721 3059
7264 3060
8181 3061
6945 3062
2938 3063
256 3064
1196 3065
4780 3066
547 3067
7820 3068
6903 3069
3674 3070
2076 3071
612 3072
660 3073
5054 3074
628 3075
1357 3076
8518 3077
1758 3078
294 3079
1972 3080
2531 3081
4956 3082
3486 3083
8138 3084
608 3085
3659 3086
6738 3087
120 3088
7303 3089
1521 3090
6469 3091
5534 3092
6967 3093
1647 3094
6016 3095
6335 3096
1797 3097
9361 3098
2657 3099
1472 3100
5176 3101
1811 3102
1175 3103
1974 3104
1006 3105
778 3106
4720 3107
2648 3108
1930 3109
3078 3110
710 3111
7083 3112
2966 3113
7930 3114
7022 3115
6724 3116
625 3117
8999 3118
177 3119
9261 3120
2069 3121
1871 3122
2687 3123
3487 3124
2850 3125
585 3126
3619 3127
7788 3128
1945 3129
7860 3130
2103 3131
8509 3132
3268 3133
8670 3134
2054 3135
4631 3136
927 3137
2259 3138
7962 3139
7808 3140
1393 3141
2134 3142
3566 3143
4470 3144
4826 3145
6886 3146
1770 3147
2498 3148
2264 3149
5380 3150
4679 3151
1641 3152
1559 3153
862 3154
445 3155
9284 3156
60 3157
9345 3158
2955 3159
1241 3160
5276 3161
182 3162
3950 3163
2386 3164
2125 3165
1461 3166
2381 3167
2471 3168
2220 3169
8223 3170
47 3171
2596 3172
4443 3173
2665 3174
2078 3175
5289 3176
1039 3177
327 3178
2107 3179
5207 3180
875 3181
2040 3182
4722 3183
4326 3184
5307 3185
2756 3186
1323 3187
7720 3188
6873 3189
4665 3190
5580 3191
5902 3192
4217 3193
4107 3194
3086 3195
6566 3196
1638 3197
5241 3198
3885 3199
861 3200
7043 3201
3152 3202
335 3203
178 3204
4108 3205
5089 3206
1934 3207
1986 3208
597 3209
6314 3210
6882 3211
4545 3212
2796 3213
5417 3214
1407 3215
2356 3216
7370 3217
3000 3218
9093 3219
1069 3220
1264 3221
403 3222
4278 3223
3427 3224
446 3225
7380 3226
1845 3227
2398 3228
4420 3229
4262 3230
1500 3231
881 3232
644 3233
5870 3234
7956 3235
378 3236
2405 3237
8099 3238
5376 3239
6767 3240
1543 3241
3032 3242
1213 3243
2189 3244
3036 3245
1337 3246
9040 3247
1454 3248
1827 3249
7926 3250
4227 3251
5483 3252
2481 3253
6349 3254
5966 3255
2010 3256
6062 3257
8191 3258
873 3259
1458 3260
444 3261
2005 3262
351 3263
5178 3264
497 3265
5824 3266
8017 3267
2807 3268
553 3269
1177 3270
4700 3271
762 3272
6178 3273
295 3274
417 3275
5432 3276
2443 3277
4286 3278
398 3279
557 3280
3372 3281
5984 3282
2093 3283
8832 3284
7312 3285
2401 3286
9116 3287
3600 3288
895 3289
44 3290
4044 3291
7739 3292
4484 3293
5039 3294
3731 3295
2861 3296
8887 3297
4201 3298
6901 3299
3887 3300
5322 3301
2361 3302
2934 3303
9519 3304
8303 3305
529 3306
1365 3307
835 3308
1023 3309
4435 3310
8016 3311
6815 3312
518 3313
598 3314
1724 3315
2771 3316
247 3317
7309 3318
1262 3319
8363 3320
1327 3321
871 3322
3219 3323
7868 3324
8321 3325
2245 3326
3076 3327
8229 3328
73 3329
2206 3330
5275 3331
5682 3332
3284 3333
1009 3334
3799 3335
246 3336
3780 3337
4684 3338
5033 3339
4687 3340
1479 3341
1976 3342
1973 3343
1232 3344
8113 3345
1455 3346
2100 3347
787 3348
2704 3349
3879 3350
8845 3351
8283 3352
9326 3353
1748 3354
2081 3355
3751 3356
2126 3357
4774 3358
642 3359
3849 3360
5264 3361
4498 3362
5097 3363
2140 3364
7319 3365
68 3366
6283 3367
6326 3368
1785 3369
5882 3370
7307 3371
5733 3372
725 3373
6309 3374
7356 3375
5956 3376
8674 3377
6471 3378
6133 3379
80 3380
4454 3381
6073 3382
4288 3383
5844 3384
1119 3385
850 3386
64 3387
1619 3388
9108 3389
2047 3390
3334 3391
580 3392
617 3393
2363 3394
6872 3395
5601 3396
2635 3397
448 3398
8843 3399
5935 3400
7506 3401
476 3402
5005 3403
433 3404
2549 3405
5661 3406
3017 3407
4689 3408
4089 3409
9073 3410
3319 3411
6162 3412
1607 3413
515 3414
4763 3415
2196 3416
6911 3417
7710 3418
6690 3419
504 3420
8404 3421
20 3422
1856 3423
1206 3424
3811 3425
8454 3426
7852 3427
7693 3428
1513 3429
4466 3430
3088 3431
1159 3432
4173 3433
9336 3434
3119 3435
721 3436
8758 3437
9206 3438
404 3439
1717 3440
402 3441
3206 3442
151 3443
3320 3444
1908 3445
1265 3446
6850 3447
1373 3448
5171 3449
2155 3450
1587 3451
7920 3452
8882 3453
1714 3454
1289 3455
8773 3456
2116 3457
922 3458
1150 3459
6493 3460
8897 3461
8597 3462
383 3463
366 3464
1998 3465
362 3466
2981 3467
5188 3468
1784 3469
5944 3470
3616 3471
6906 3472
1791 3473
1280 3474
5305 3475
7507 3476
1409 3477
808 3478
3348 3479
2022 3480
3411 3481
3370 3482
5036 3483
7680 3484
5219 3485
566 3486
901 3487
742 3488
6630 3489
9580 3490
2421 3491
74 3492
1118 3493
4198 3494
6737 3495
572 3496
631 3497
4729 3498
1818 3499
2578 3500
274 3501
5220 3502
4894 3503
3562 3504
1666 3505
2811 3506
9512 3507
6616 3508
8800 3509
6604 3510
2077 3511
7997 3512
6795 3513
424 3514
9562 3515
6402 3516
6364 3517
2875 3518
4725 3519
8664 3520
7039 3521
1751 3522
8286 3523
4397 3524
4681 3525
3052 3526
4332 3527
9529 3528
277 3529
932 3530
3209 3531
6649 3532
9 3533
7243 3534
663 3535
168 3536
658 3537
2460 3538
6400 3539
2191 3540
288 3541
8546 3542
5863 3543
5387 3544
235 3545
8102 3546
3901 3547
8659 3548
802 3549
4751 3550
1179 3551
1211 3552
5572 3553
6879 3554
457 3555
5124 3556
3296 3557
1398 3558
1297 3559
4213 3560
7296 3561
5268 3562
3176 3563
7576 3564
311 3565
1305 3566
3506 3567
809 3568
3321 3569
3920 3570
6921 3571
2388 3572
6982 3573
9390 3574
3724 3575
8651 3576
6573 3577
3673 3578
1173 3579
2067 3580
636 3581
6966 3582
718 3583
722 3584
6870 3585
5504 3586
3588 3587
5478 3588
7268 3589
1046 3590
108 3591
996 3592
33 3593
1787 3594
884 3595
4478 3596
9386 3597
6106 3598
3620 3599
263 3600
6624 3601
2297 3602
7310 3603
7416 3604
7190 3605
4183 3606
2474 3607
350 3608
6125 3609
1125 3610
3098 3611
1693 3612
76 3613
7528 3614
1941 3615
1661 3616
3925 3617
5088 3618
2622 3619
6948 3620
5423 3621
6187 3622
9250 3623
3942 3624
851 3625
1428 3626
3615 3627
3805 3628
594 3629
9169 3630
65 3631
1747 3632
9297 3633
1776 3634
7276 3635
2334 3636
1988 3637
5311 3638
5293 3639
6044 3640
1065 3641
38 3642
7222 3643
5698 3644
8730 3645
4051 3646
602 3647
765 3648
779 3649
1288 3650
4170 3651
1740 3652
1021 3653
48 3654
8415 3655
1584 3656
2826 3657
2147 3658
4353 3659
2841 3660
3547 3661
7848 3662
5119 3663
577 3664
111 3665
4411 3666
8470 3667
2580 3668
4128 3669
2794 3670
8097 3671
4022 3672
2611 3673
82 3674
735 3675
5658 3676
3016 3677
2441 3678
1805 3679
1386 3680
3280 3681
3661 3682
909 3683
692 3684
3410 3685
3518 3686
5761 3687
8855 3688
3326 3689
3068 3690
4944 3691
810 3692
5319 3693
4071 3694
8466 3695
1497 3696
1681 3697
3677 3698
1166 3699
1328 3700
153 3701
147 3702
662 3703
2099 3704
7229 3705
9496 3706
770 3707
5503 3708
4035 3709
425 3710
1509 3711
9281 3712
2214 3713
6261 3714
2346 3715
2624 3716
2831 3717
9053 3718
3200 3719
1468 3720
1364 3721
6994 3722
1819 3723
4846 3724
2035 3725
299 3726
1916 3727
8444 3728
8662 3729
34 3730
3561 3731
1541 3732
1796 3733
6811 3734
1223 3735
757 3736
3243 3737
2433 3738
2837 3739
145 3740
9424 3741
7810 3742
1960 3743
681 3744
6170 3745
5047 3746
7391 3747
8373 3748
91 3749
1686 3750
4178 3751
2781 3752
4305 3753
4306 3754
1625 3755
5114 3756
5982 3757
6238 3758
1894 3759
3437 3760
5291 3761
3363 3762
6100 3763
6054 3764
4226 3765
5161 3766
679 3767
2705 3768
7426 3769
856 3770
3975 3771
6642 3772
2835 3773
4858 3774
2923 3775
7491 3776
226 3777
5856 3778
5086 3779
3135 3780
6876 3781
1017 3782
209 3783
1256 3784
6032 3785
4314 3786
461 3787
2032 3788
3690 3789
7267 3790
8214 3791
2148 3792
4675 3793
528 3794
5345 3795
8705 3796
854 3797
1231 3798
1025 3799
1134 3800
3185 3801
1071 3802
87 3803
1075 3804
1097 3805
385 3806
1481 3807
2233 3808
2691 3809
2115 3810
1349 3811
8247 3812
7359 3813
1718 3814
6024 3815
8289 3816
3594 3817
1698 3818
841 3819
2007 3820
7790 3821
140 3822
6784 3823
28 3824
6447 3825
392 3826
7369 3827
8830 3828
3581 3829
5789 3830
5034 3831
1200 3832
1820 3833
9617 3834
9342 3835
6225 3836
2367 3837
1235 3838
2427 3839
3379 3840
1034 3841
7648 3842
609 3843
3289 3844
2036 3845
1101 3846
1634 3847
4203 3848
1944 3849
5184 3850
6530 3851
40 3852
1907 3853
945 3854
1949 3855
576 3856
163 3857
2842 3858
792 3859
172 3860
7613 3861
7936 3862
4105 3863
5246 3864
2376 3865
1925 3866
3742 3867
3021 3868
1672 3869
9176 3870
1249 3871
3630 3872
1727 3873
9179 3874
2868 3875
8754 3876
1731 3877
8793 3878
5286 3879
623 3880
6435 3881
1536 3882
4730 3883
7196 3884
7350 3885
992 3886
1263 3887
8390 3888
450 3889
4891 3890
7806 3891
1489 3892
3121 3893
2548 3894
1463 3895
8433 3896
3012 3897
208 3898
51 3899
4185 3900
1881 3901
2095 3902
1909 3903
207 3904
9232 3905
297 3906
3030 3907
1190 3908
1538 3909
2994 3910
5741 3911
4211 3912
1922 3913
5156 3914
2703 3915
3459 3916
1170 3917
615 3918
1086 3919
2033 3920
707 3921
2262 3922
5109 3923
2440 3924
941 3925
6350 3926
6059 3927
1255 3928
8335 3929
1534 3930
3863 3931
4338 3932
2343 3933
9472 3934
334 3935
4957 3936
4566 3937
1902 3938
1629 3939
6014 3940
621 3941
2121 3942
2221 3943
3524 3944
1092 3945
1341 3946
6590 3947
205 3948
7015 3949
2145 3950
1831 3951
1979 3952
730 3953
6681 3954
4599 3955
6518 3956
6268 3957
1953 3958
1879 3959
8715 3960
1008 3961
821 3962
17 3963
1276 3964
1596 3965
5199 3966
7815 3967
6998 3968
7376 3969
823 3970
724 3971
2141 3972
8626 3973
2692 3974
464 3975
2871 3976
3029 3977
2026 3978
3564 3979
4284 3980
6595 3981
4667 3982
1157 3983
3988 3984
2882 3985
1658 3986
661 3987
2110 3988
3761 3989
2727 3990
2684 3991
1095 3992
8635 3993
9547 3994
2021 3995
2251 3996
1369 3997
2480 3998
5476 3999
6818 4000
2114 4001
1842 4002
1621 4003
1801 4004
2183 4005
1363 4006
5628 4007
6547 4008
3558 4009
391 4010
414 4011
605 4012
815 4013
5590 4014
1326 4015
2634 4016
6069 4017
5967 4018
1076 4019
244 4020
1971 4021
6385 4022
5539 4023
1611 4024
8502 4025
894 4026
3890 4027
141 4028
290 4029
1350 4030
6277 4031
3877 4032
8133 4033
5764 4034
5517 4035
961 4036
5028 4037
2160 4038
6509 4039
81 4040
1720 4041
8463 4042
1403 4043
8121 4044
1499 4045
1824 4046
9079 4047
1502 4048
919 4049
1402 4050
1048 4051
2341 4052
8599 4053
328 4054
449 4055
4382 4056
2012 4057
936 4058
8719 4059
7097 4060
670 4061
455 4062
1224 4063
1565 4064
9549 4065
5072 4066
5107 4067
4676 4068
1755 4069
2577 4070
9160 4071
6040 4072
5788 4073
1663 4074
6221 4075
2951 4076
685 4077
1355 4078
1332 4079
1079 4080
8287 4081
8371 4082
3066 4083
3286 4084
2571 4085
6666 4086
6278 4087
1260 4088
309 4089
6269 4090
5873 4091
5172 4092
1518 4093
4573 4094
7441 4095
6527 4096
3489 4097
1242 4098
4333 4099
6949 4100
885 4101
4958 4102
1610 4103
2944 4104
463 4105
9491 4106
960 4107
1626 4108
610 4109
754 4110
1697 4111
8196 4112
3646 4113
3605 4114
2935 4115
3314 4116
930 4117
1279 4118
6094 4119
1188 4120
2136 4121
1812 4122
5283 4123
1759 4124
925 4125
6022 4126
1826 4127
4662 4128
3955 4129
188 4130
2711 4131
9434 4132
462 4133
3608 4134
521 4135
187 4136
6621 4137
1615 4138
2434 4139
5165 4140
2123 4141
8447 4142
688 4143
2865 4144
2261 4145
5724 4146
1015 4147
175 4148
53 4149
633 4150
5833 4151
2505 4152
1358 4153
3768 4154
3126 4155
9065 4156
1243 4157
2725 4158
2000 4159
1051 4160
3689 4161
1077 4162
1324 4163
2396 4164
1745 4165
1331 4166
4048 4167
3563 4168
3774 4169
8385 4170
4122 4171
3531 4172
4794 4173
7673 4174
5198 4175
400 4176
1096 4177
1524 4178
9156 4179
865 4180
8615 4181
5568 4182
978 4183
8613 4184
3004 4185
110 4186
1080 4187
4847 4188
8787 4189
8556 4190
942 4191
7518 4192
4381 4193
7554 4194
1993 4195
1946 4196
7343 4197
6417 4198
6905 4199
3458 4200
5208 4201
1482 4202
1451 4203
508 4204
9462 4205
7984 4206
7379 4207
4172 4208
5695 4209
1643 4210
1692 4211
9475 4212
2642 4213
1682 4214
1219 4215
5414 4216
1208 4217
6043 4218
9370 4219
509 4220
1567 4221
6593 4222
4587 4223
4812 4224
2625 4225
3 4226
2400 4227
472 4228
1691 4229
2108 4230
2834 4231
2666 4232
348 4233
1761 4234
817 4235
1867 4236
8079 4237
9391 4238
1994 4239
2364 4240
7139 4241
377 4242
1510 4243
8891 4244
9509 4245
285 4246
4243 4247
8649 4248
3349 4249
4808 4250
4705 4251
711 4252
254 4253
6037 4254
6970 4255
1070 4256
6762 4257
1209 4258
2601 4259
5451 4260
1392 4261
2993 4262
646 4263
2027 4264
3743 4265
1154 4266
7662 4267
4608 4268
2042 4269
2130 4270
7763 4271
977 4272
1508 4273
928 4274
7617 4275
1896 4276
8589 4277
1816 4278
410 4279
7389 4280
1397 4281
7294 4282
6619 4283
3663 4284
834 4285
1863 4286
2746 4287
1872 4288
3502 4289
997 4290
1192 4291
3387 4292
7922 4293
1642 4294
6942 4295
2674 4296
372 4297
1954 4298
2330 4299
8018 4300
2510 4301
7168 4302
5317 4303
2614 4304
5887 4305
8112 4306
5821 4307
3525 4308
5820 4309
1081 4310
5767 4311
1165 4312
5565 4313
3543 4314
3867 4315
8 4316
7606 4317
1771 4318
7238 4319
2170 4320
4991 4321
1368 4322
6391 4323
1429 4324
2143 4325
2236 4326
784 4327
2281 4328
6432 4329
657 4330
687 4331
6858 4332
261 4333
5939 4334
3070 4335
2516 4336
8740 4337
8031 4338
1734 4339
7448 4340
2932 4341
2449 4342
1040 4343
4202 4344
1176 4345
1864 4346
9474 4347
3871 4348
797 4349
2888 4350
1019 4351
1300 4352
2299 4353
1347 4354
301 4355
482 4356
3590 4357
415 4358
2540 4359
4218 4360
8709 4361
5092 4362
5201 4363
8555 4364
8748 4365
653 4366
4739 4367
8922 4368
783 4369
1032 4370
6663 4371
4248 4372
1425 4373
560 4374
1719 4375
1043 4376
2823 4377
477 4378
4047 4379
5880 4380
1413 4381
7321 4382
2101 4383
5686 4384
2144 4385
2542 4386
164 4387
4532 4388
6648 4389
58 4390
2164 4391
816 4392
2197 4393
7262 4394
3873 4395
3907 4396
3050 4397
7851 4398
112 4399
4895 4400
5427 4401
1379 4402
8788 4403
1551 4404
6499 4405
6575 4406
6572 4407
6577 4408
5729 4409
9075 4410
1965 4411
43 4412
886 4413
3020 4414
8386 4415
5617 4416
6154 4417
3113 4418
126 4419
1002 4420
1883 4421
1126 4422
4694 4423
1769 4424
2328 4425
6652 4426
6061 4427
54 4428
563 4429
6768 4430
2887 4431
4596 4432
4356 4433
985 4434
2690 4435
380 4436
1999 4437
5486 4438
7148 4439
2415 4440
7385 4441
376 4442
7053 4443
3252 4444
3571 4445
9355 4446
5079 4447
157 4448
3858 4449
8903 4450
3028 4451
1194 4452
5190 4453
5860 4454
3082 4455
1694 4456
2074 4457
3723 4458
1730 4459
7029 4460
9447 4461
3273 4462
536 4463
8411 4464
8928 4465
6284 4466
7098 4467
8173 4468
1408 4469
1989 4470
310 4471
7766 4472
1291 4473
3308 4474
3407 4475
1284 4476
323 4477
1202 4478
1487 4479
564 4480
1233 4481
526 4482
3361 4483
389 4484
5783 4485
616 4486
1952 4487
5669 4488
437 4489
8806 4490
2205 4491
5755 4492
475 4493
1525 4494
3322 4495
3656 4496
3106 4497
1780 4498
6898 4499
2097 4500
7301 4501
6944 4502
5228 4503
6702 4504
4114 4505
1809 4506
176 4507
6215 4508
2594 4509
4273 4510
1968 4511
3027 4512
8137 4513
4220 4514
4521 4515
5204 4516
1608 4517
648 4518
8061 4519
3342 4520
267 4521
4070 4522
1018 4523
4413 4524
3782 4525
500 4526
883 4527
5523 4528
3337 4529
5464 4530
3878 4531
5952 4532
4323 4533
1648 4534
5309 4535
5594 4536
2492 4537
5074 4538
892 4539
946 4540
5189 4541
3011 4542
1083 4543
4547 4544
5111 4545
573 4546
8104 4547
3107 4548
3249 4549
5438 4550
374 4551
7753 4552
4139 4553
652 4554
5865 4555
7800 4556
3262 4557
1685 4558
4658 4559
1448 4560
7028 4561
632 4562
523 4563
134 4564
6199 4565
812 4566
4868 4567
6130 4568
7623 4569
1251 4570
5997 4571
3644 4572
3460 4573
3844 4574
2456 4575
5948 4576
6478 4577
2893 4578
395 4579
1453 4580
8653 4581
7177 4582
6195 4583
7007 4584
1631 4585
1540 4586
3074 4587
8577 4588
1600 4589
1673 4590
517 4591
5023 4592
1622 4593
7425 4594
1990 4595
6264 4596
5085 4597
2697 4598
1258 4599
2200 4600
6027 4601
8274 4602
3872 4603
7013 4604
2667 4605
706 4606
6846 4607
2301 4608
2240 4609
6904 4610
2338 4611
6227 4612
1318 4613
3957 4614
6641 4615
1268 4616
501 4617
705 4618
8406 4619
4569 4620
7258 4621
1906 4622
4733 4623
1343 4624
1248 4625
6076 4626
924 4627
5003 4628
1205 4629
75 4630
8665 4631
8707 4632
8510 4633
5108 4634
1683 4635
5477 4636
940 4637
8060 4638
1465 4639
3218 4640
159 4641
7125 4642
6010 4643
8525 4644
3212 4645
8568 4646
2030 4647
611 4648
4572 4649
8549 4650
2044 4651
7484 4652
7388 4653
1111 4654
6122 4655
1351 4656
2464 4657
5655 4658
1321 4659
7982 4660
3408 4661
4951 4662
8675 4663
5260 4664
9384 4665
4660 4666
1335 4667
1394 4668
1294 4669
738 4670
1699 4671
7981 4672
4637 4673
569 4674
9365 4675
192 4676
6609 4677
2541 4678
601 4679
1768 4680
9625 4681
7735 4682
2321 4683
6675 4684
1057 4685
1317 4686
3134 4687
1225 4688
4216 4689
3045 4690
2161 4691
393 4692
3124 4693
4594 4694
8066 4695
9274 4696
3330 4697
6013 4698
1735 4699
8175 4700
7813 4701
1899 4702
6601 4703
1143 4704
1677 4705
6524 4706
4049 4707
9531 4708
8630 4709
8095 4710
2176 4711
9614 4712
346 4713
935 4714
3693 4715
1964 4716
1496 4717
2260 4718
7636 4719
4008 4720
3040 4721
233 4722
5249 4723
439 4724
1236 4725
5252 4726
1804 4727
3727 4728
489 4729
2477 4730
9367 4731
6939 4732
2808 4733
5678 4734
5358 4735
1739 4736
3764 4737
78 4738
4150 4739
332 4740
9575 4741
2536 4742
8638 4743
9178 4744
2235 4745
1130 4746
4693 4747
2588 4748
1929 4749
3544 4750
2199 4751
1576 4752
6852 4753
971 4754
1704 4755
1089 4756
795 4757
280 4758
591 4759
8063 4760
3164 4761
6907 4762
1158 4763
293 4764
3875 4765
2988 4766
672 4767
3394 4768
729 4769
1566 4770
684 4771
3298 4772
902 4773
2034 4774
7297 4775
1108 4776
1582 4777
189 4778
1992 4779
6219 4780
1290 4781
23 4782
8110 4783
100 4784
7527 4785
5110 4786
7118 4787
2085 4788
2912 4789
1689 4790
5378 4791
926 4792
7285 4793
194 4794
1281 4795
8817 4796
7656 4797
438 4798
2785 4799
6 4800
239 4801
2320 4802
3385 4803
7838 4804
8050 4805
2223 4806
966 4807
2031 4808
1339 4809
419 4810
836 4811
139 4812
1938 4813
276 4814
867 4815
4742 4816
1141 4817
3715 4818
9150 4819
5527 4820
1416 4821
933 4822
2562 4823
3612 4824
4062 4825
2960 4826
1443 4827
1153 4828
5373 4829
1617 4830
3819 4831
5762 4832
866 4833
5115 4834
1274 4835
1873 4836
5548 4837
149 4838
6098 4839
4816 4840
1151 4841
1553 4842
3804 4843
3973 4844
9396 4845
9100 4846
6940 4847
2335 4848
4476 4849
9455 4850
1422 4851
2225 4852
196 4853
4489 4854
7245 4855
1687 4856
1240 4857
3623 4858
2809 4859
4783 4860
369 4861
3227 4862
1644 4863
9061 4864
1216 4865
5753 4866
5585 4867
7282 4868
326 4869
2058 4870
6114 4871
5588 4872
427 4873
8959 4874
5221 4875
8804 4876
8503 4877
7770 4878
107 4879
1444 4880
5715 4881
2128 4882
122 4883
11 4884
4726 4885
5084 4886
682 4887
8347 4888
1523 4889
1438 4890
21 4891
6005 4892
1117 4893
2179 4894
981 4895
708 4896
2059 4897
368 4898
6802 4899
2609 4900
731 4901
416 4902
2644 4903
6671 4904
3333 4905
7817 4906
3329 4907
3551 4908
6668 4909
9339 4910
694 4911
3345 4912
466 4913
1942 4914
750 4915
1574 4916
8468 4917
6694 4918
1657 4919
3931 4920
4401 4921
5665 4922
1919 4923
9072 4924
8889 4925
5779 4926
8249 4927
1767 4928
753 4929
2216 4930
1107 4931
2086 4932
4100 4933
6637 4934
6343 4935
1705 4936
8642 4937
3037 4938
7789 4939
749 4940
1675 4941
1028 4942
2122 4943
643 4944
4464 4945
7759 4946
6023 4947
3940 4948
6101 4949
5302 4950
9191 4951
2857 4952
1452 4953
3063 4954
3327 4955
9209 4956
4905 4957
5555 4958
4348 4959
2325 4960
2073 4961
6809 4962
435 4963
962 4964
7473 4965
2439 4966
2744 4967
1283 4968
1601 4969
3328 4970
8257 4971
4300 4972
736 4973
9446 4974
8916 4975
6822 4976
3421 4977
9426 4978
6522 4979
9216 4980
1781 4981
9113 4982
8152 4983
7000 4984
2173 4985
4149 4986
1564 4987
9245 4988
2639 4989
1577 4990
6393 4991
756 4992
2680 4993
5577 4994
4671 4995
4475 4996
4731 4997
5563 4998
8842 4999
1752 5000
910 5001
9231 5002
59 5003
6992 5004
2146 5005
6354 5006
6289 5007
1562 5008
4289 5009
320 5010
1817 5011
4549 5012
3834 5013
6218 5014
5635 5015
1488 5016
2166 5017
723 5018
9601 5019
24 5020
5553 5021
693 5022
479 5023
1889 5024
5766 5025
409 5026
363 5027
904 5028
6713 5029
5980 5030
2671 5031
16 5032
2186 5033
4024 5034
1210 5035
1257 5036
3042 5037
540 5038
1850 5039
1526 5040
1504 5041
2025 5042
2752 5043
8330 5044
2037 5045
1094 5046
9153 5047
1926 5048
9223 5049
7452 5050
2459 5051
7045 5052
4668 5053
222 5054
1128 5055
3044 5056
8631 5057
5552 5058
760 5059
269 5060
454 5061
5843 5062
6273 5063
6810 5064
747 5065
701 5066
1012 5067
5592 5068
7792 5069
1861 5070
7405 5071
8221 5072
912 5073
4254 5074
4222 5075
6854 5076
4219 5077
2991 5078
8389 5079
4973 5080
853 5081
956 5082
2537 5083
4950 5084
4840 5085
5515 5086
4661 5087
5811 5088
4898 5089
637 5090
1975 5091
5298 5092
3841 5093
8281 5094
7664 5095
667 5096
3952 5097
2113 5098
1802 5099
234 5100
5185 5101
7352 5102
224 5103
2840 5104
4497 5105
2119 5106
5578 5107
1218 5108
325 5109
1869 5110
4462 5111
8212 5112
4721 5113
3599 5114
9623 5115
5771 5116
1828 5117
3539 5118
8309 5119
2048 5120
1738 5121
9280 5122
9335 5123
5125 5124
9220 5125
3657 5126
5463 5127
6434 5128
1099 5129
6362 5130
5325 5131
7236 5132
4719 5133
1741 5134
920 5135
6055 5136
974 5137
3490 5138
538 5139
3747 5140
830 5141
510 5142
478 5143
3215 5144
948 5145
8880 5146
4513 5147
3094 5148
305 5149
5992 5150
2016 5151
5459 5152
4371 5153
6927 5154
2372 5155
1088 5156
3128 5157
3216 5158
1410 5159
3474 5160
2597 5161
4403 5162
559 5163
7400 5164
426 5165
1271 5166
3054 5167
4448 5168
9458 5169
8088 5170
5560 5171
253 5172
5567 5173
4059 5174
3648 5175
7406 5176
8603 5177
2913 5178
5145 5179
990 5180
2019 5181
19 5182
599 5183
1728 5184
7041 5185
452 5186
2507 5187
7439 5188
5452 5189
4559 5190
1690 5191
1122 5192
6997 5193
1183 5194
2570 5195
1880 5196
929 5197
4625 5198
1230 5199
2702 5200
864 5201
1723 5202
1315 5203
9603 5204
4997 5205
2969 5206
2165 5207
102 5208
645 5209
2091 5210
4084 5211
5551 5212
420 5213
123 5214
4836 5215
2089 5216
4871 5217
4074 5218
471 5219
304 5220
79 5221
827 5222
2185 5223
6698 5224
8847 5225
3494 5226
5155 5227
6421 5228
1632 5229
237 5230
8799 5231
8499 5232
1064 5233
4196 5234
364 5235
6390 5236
550 5237
1517 5238
8039 5239
3529 5240
319 5241
4246 5242
156 5243
373 5244
8536 5245
1459 5246
2226 5247
2987 5248
8628 5249
6453 5250
1585 5251
552 5252
4417 5253
180 5254
144 5255
8587 5256
3638 5257
1270 5258
837 5259
3797 5260
3496 5261
7090 5262
973 5263
4961 5264
8532 5265
491 5266
6377 5267
4761 5268
3108 5269
1505 5270
8034 5271
6545 5272
1924 5273
1250 5274
2378 5275
6376 5276
1462 5277
3739 5278
1729 5279
1164 5280
6555 5281
7165 5282
7228 5283
6183 5284
7110 5285
4932 5286
161 5287
1138 5288
1340 5289
5852 5290
1152 5291
270 5292
6688 5293
852 5294
6374 5295
3997 5296
1072 5297
7351 5298
9629 5299
4018 5300
3492 5301
9517 5302
2453 5303
7882 5304
1442 5305
1680 5306
2543 5307
9406 5308
1636 5309
2011 5310
1374 5311
1053 5312
4102 5313
898 5314
1843 5315
7044 5316
5775 5317
2111 5318
355 5319
2544 5320
2014 5321
1702 5322
2348 5323
3956 5324
805 5325
5726 5326
9566 5327
8769 5328
803 5329
9106 5330
4796 5331
1185 5332
1113 5333
9449 5334
650 5335
789 5336
4981 5337
949 5338
988 5339
4055 5340
1841 5341
3264 5342
4429 5343
3116 5344
1616 5345
3624 5346
3692 5347
1390 5348
4034 5349
41 5350
1956 5351
268 5352
887 5353
4123 5354
3516 5355
3932 5356
833 5357
1927 5358
4241 5359
734 5360
3717 5361
9608 5362
1013 5363
3601 5364
595 5365
582 5366
9305 5367
4974 5368
9141 5369
4701 5370
1779 5371
1555 5372
4564 5373
1688 5374
4516 5375
8350 5376
5123 5377
5113 5378
8156 5379
3555 5380
5061 5381
3720 5382
8867 5383
2169 5384
2105 5385
3465 5386
6492 5387
5606 5388
1197 5389
3096 5390
1267 5391
7577 5392
953 5393
1753 5394
155 5395
3179 5396
1798 5397
2018 5398
2061 5399
1460 5400
9362 5401
5488 5402
181 5403
1995 5404
2895 5405
6406 5406
3232 5407
1121 5408
1701 5409
93 5410
8402 5411
4360 5412
3293 5413
7945 5414
5975 5415
984 5416
7940 5417
2598 5418
1026 5419
221 5420
6265 5421
5138 5422
5831 5423
2064 5424
7881 5425
443 5426
3375 5427
4166 5428
2907 5429
726 5430
9165 5431
7723 5432
9611 5433
3071 5434
3589 5435
5950 5436
406 5437
4519 5438
275 5439
2177 5440
5589 5441
916 5442
6132 5443
2139 5444
6602 5445
829 5446
7367 5447
4302 5448
5009 5449
260 5450
7231 5451
6301 5452
8462 5453
341 5454
2163 5455
3265 5456
511 5457
430 5458
2776 5459
7546 5460
3553 5461
5004 5462
4265 5463
6701 5464
174 5465
3438 5466
2211 5467
6877 5468
7771 5469
1272 5470
1003 5471
9030 5472
4207 5473
5487 5474
3507 5475
1178 5476
1383 5477
1637 5478
581 5479
2941 5480
7080 5481
739 5482
9556 5483
4670 5484
266 5485
5101 5486
5154 5487
2241 5488
6419 5489
1298 5490
3005 5491
3371 5492
4940 5493
3256 5494
2896 5495
1593 5496
4050 5497
709 5498
