943
5557 0
2740 1
185 2
3056 3
5797 4
67 5
172 6
8617 7
5101 8
389 9
5497 10
1 11
189 12
2283 13
205 14
698 15
3222 16
4460 17
629 18
1659 19
250 20
1512 21
8072 22
917 23
8732 24
5656 25
9193 26
6675 27
8184 28
6770 29
4953 30
62 31
5761 32
9153 33
63 34
5178 35
130 36
1790 37
738 38
5869 39
1614 40
595 41
4623 42
3734 43
935 44
422 45
3706 46
7640 47
1547 48
9200 49
652 50
8677 51
802 52
3926 53
2882 54
6107 55
4107 56
8933 57
1349 58
1103 59
344 60
6119 61
7727 62
466 63
6574 64
3016 65
1332 66
1393 67
278 68
8017 69
5171 70
6918 71
2704 72
410 73
561 74
7577 75
3253 76
113 77
4222 78
9340 79
2449 80
7078 81
4051 82
6867 83
6386 84
3823 85
233 86
1026 87
4738 88
9085 89
294 90
3261 91
1446 92
7353 93
1439 94
9403 95
6021 96
7927 97
891 98
8888 99
8355 100
6665 101
9128 102
30 103
1462 104
8051 105
9605 106
2210 107
4728 108
5859 109
336 110
7501 111
6408 112
3873 113
4810 114
4765 115
3831 116
9232 117
3506 118
4562 119
3339 120
4938 121
1829 122
9336 123
8468 124
45 125
4602 126
1579 127
2927 128
1660 129
4789 130
6479 131
5347 132
8654 133
382 134
293 135
7316 136
392 137
7759 138
211 139
995 140
7893 141
462 142
1409 143
4464 144
47 145
3314 146
3833 147
7985 148
128 149
6727 150
4502 151
65 152
7245 153
1124 154
340 155
1575 156
6872 157
4902 158
557 159
3035 160
7676 161
4582 162
6328 163
5124 164
7452 165
4000 166
5452 167
9236 168
4690 169
126 170
2861 171
5271 172
7860 173
7436 174
1710 175
2794 176
6226 177
411 178
266 179
173 180
1498 181
893 182
4683 183
6468 184
7781 185
2199 186
6514 187
277 188
252 189
2248 190
69 191
9244 192
3034 193
267 194
1922 195
1179 196
5161 197
109 198
6671 199
4147 200
149 201
9470 202
258 203
3090 204
4688 205
5755 206
124 207
24 208
2084 209
91 210
372 211
64 212
4552 213
158 214
3014 215
3835 216
219 217
7793 218
1297 219
2105 220
7808 221
2258 222
5672 223
8613 224
619 225
9575 226
127 227
1108 228
5122 229
3197 230
8212 231
5675 232
2005 233
367 234
8603 235
8016 236
513 237
8433 238
398 239
635 240
7867 241
2421 242
5552 243
6831 244
355 245
5146 246
405 247
8806 248
3908 249
6433 250
401 251
3288 252
3967 253
8342 254
5655 255
2520 256
2725 257
3140 258
226 259
1007 260
7431 261
4647 262
5201 263
7095 264
2447 265
6425 266
5579 267
688 268
235 269
9508 270
2511 271
944 272
1452 273
8352 274
7137 275
7193 276
3847 277
907 278
2534 279
5235 280
7256 281
8579 282
8847 283
4621 284
766 285
4816 286
169 287
1348 288
2309 289
646 290
9370 291
4058 292
178 293
440 294
4062 295
2023 296
1233 297
2230 298
6010 299
9180 300
3817 301
1113 302
8071 303
5758 304
1646 305
181 306
3994 307
6780 308
9609 309
8201 310
7393 311
2562 312
9386 313
624 314
8639 315
9371 316
5838 317
4689 318
4384 319
2143 320
1910 321
991 322
6815 323
4915 324
2 325
390 326
4722 327
644 328
329 329
7901 330
1328 331
623 332
818 333
2172 334
333 335
1534 336
3418 337
602 338
962 339
3308 340
6781 341
386 342
8506 343
1762 344
1058 345
6657 346
2075 347
2140 348
1562 349
4679 350
4833 351
1308 352
435 353
3398 354
8909 355
4928 356
6071 357
1632 358
8095 359
484 360
4117 361
9607 362
7462 363
8788 364
9265 365
5226 366
3950 367
5085 368
8874 369
153 370
338 371
3799 372
472 373
6132 374
4164 375
6458 376
1043 377
5947 378
6241 379
441 380
5891 381
2720 382
903 383
4210 384
2278 385
4100 386
2845 387
755 388
80 389
7615 390
283 391
5427 392
1636 393
8558 394
8882 395
4581 396
5381 397
26 398
8175 399
1900 400
6905 401
34 402
475 403
6084 404
6295 405
1857 406
41 407
4279 408
7686 409
9391 410
3936 411
8358 412
248 413
8702 414
4654 415
8685 416
165 417
1350 418
4699 419
2168 420
1453 421
7228 422
6296 423
641 424
5874 425
1413 426
1627 427
1564 428
8249 429
7977 430
7683 431
317 432
9354 433
6729 434
2541 435
2514 436
1244 437
1057 438
1291 439
4361 440
8318 441
2580 442
8944 443
358 444
2692 445
3013 446
3070 447
1773 448
439 449
8952 450
3767 451
8443 452
3028 453
805 454
1088 455
2362 456
1816 457
763 458
3320 459
54 460
7944 461
6882 462
391 463
254 464
7281 465
1665 466
5034 467
5073 468
7988 469
4745 470
2117 471
7791 472
5368 473
1886 474
5764 475
5409 476
4622 477
1640 478
131 479
4935 480
7796 481
312 482
7553 483
2827 484
4186 485
3488 486
8593 487
6203 488
15 489
5479 490
6986 491
8583 492
400 493
1278 494
1338 495
7280 496
700 497
2332 498
2221 499
232 500
1003 501
4054 502
1854 503
1081 504
100 505
1107 506
6332 507
384 508
4758 509
55 510
556 511
376 512
1889 513
1995 514
1896 515
9599 516
94 517
2789 518
2792 519
5845 520
5039 521
2839 522
6374 523
2529 524
7082 525
4325 526
6160 527
1711 528
7835 529
1749 530
7936 531
240 532
1907 533
6288 534
3073 535
231 536
273 537
1990 538
7602 539
8161 540
7692 541
4525 542
3770 543
348 544
2486 545
2853 546
3255 547
5866 548
8977 549
122 550
6495 551
873 552
4275 553
6560 554
1554 555
1929 556
1129 557
3360 558
7871 559
2617 560
5532 561
2665 562
1370 563
7797 564
4951 565
896 566
7109 567
425 568
816 569
9536 570
5272 571
8590 572
7605 573
6314 574
6486 575
2453 576
2951 577
4377 578
9034 579
2747 580
5086 581
3479 582
366 583
1030 584
1463 585
3951 586
909 587
731 588
290 589
1304 590
5602 591
8291 592
5435 593
2053 594
1993 595
154 596
4270 597
9184 598
9360 599
7434 600
502 601
160 602
6198 603
4882 604
1901 605
3473 606
5938 607
673 608
2643 609
264 610
238 611
171 612
1709 613
6838 614
2190 615
728 616
2251 617
5496 618
5094 619
7981 620
1497 621
804 622
7674 623
6511 624
588 625
6679 626
1663 627
257 628
9429 629
3066 630
7778 631
2987 632
2567 633
66 634
2010 635
301 636
2745 637
8393 638
817 639
271 640
8190 641
4701 642
6031 643
168 644
5885 645
2777 646
4401 647
4313 648
786 649
5095 650
1298 651
9211 652
4211 653
1729 654
1687 655
99 656
4196 657
7401 658
129 659
4850 660
2848 661
4519 662
7176 663
4288 664
5305 665
2600 666
403 667
875 668
417 669
4982 670
3211 671
4707 672
7120 673
1471 674
1505 675
6133 676
1721 677
8820 678
3490 679
7022 680
4036 681
2697 682
196 683
4956 684
2267 685
4478 686
8787 687
9046 688
6150 689
1230 690
5022 691
2295 692
5265 693
2801 694
3928 695
6822 696
8989 697
8475 698
1034 699
9509 700
8 701
3702 702
554 703
387 704
81 705
8808 706
948 707
1899 708
3448 709
9224 710
377 711
1637 712
1642 713
1561 714
3605 715
6977 716
3717 717
6706 718
2282 719
859 720
3701 721
404 722
9562 723
3257 724
5719 725
2624 726
415 727
825 728
142 729
3860 730
9065 731
1800 732
7034 733
204 734
8968 735
3033 736
4467 737
467 738
365 739
1699 740
347 741
3515 742
7184 743
6118 744
3134 745
8750 746
6109 747
8418 748
244 749
245 750
297 751
161 752
5641 753
7616 754
6231 755
5411 756
2787 757
2682 758
3181 759
8580 760
8503 761
5702 762
286 763
1941 764
9478 765
5519 766
6390 767
4470 768
6182 769
237 770
692 771
1132 772
5711 773
198 774
667 775
7003 776
5482 777
6627 778
368 779
436 780
8079 781
3451 782
1876 783
6415 784
184 785
6082 786
3644 787
633 788
3440 789
5079 790
5188 791
7177 792
2869 793
412 794
71 795
3321 796
5749 797
1852 798
8401 799
2502 800
8159 801
5990 802
8068 803
451 804
2134 805
6078 806
4989 807
8470 808
870 809
8050 810
1070 811
3500 812
3306 813
7213 814
8550 815
4762 816
2296 817
182 818
2030 819
922 820
84 821
3361 822
1980 823
2776 824
341 825
1131 826
3879 827
2189 828
3886 829
1778 830
945 831
369 832
2331 833
2881 834
8796 835
4658 836
6127 837
1148 838
6244 839
4343 840
269 841
9395 842
7772 843
5275 844
963 845
3054 846
2993 847
4257 848
5720 849
5830 850
7337 851
1203 852
838 853
8592 854
180 855
7970 856
7217 857
2287 858
311 859
2237 860
2031 861
5534 862
8546 863
4822 864
1064 865
3758 866
897 867
164 868
7709 869
666 870
5377 871
2879 872
6903 873
5698 874
350 875
5662 876
6152 877
2018 878
8497 879
5206 880
334 881
4034 882
1769 883
4522 884
228 885
9135 886
2742 887
135 888
332 889
3779 890
7593 891
5399 892
2472 893
4241 894
7752 895
2227 896
8771 897
6402 898
8382 899
380 900
6404 901
8196 902
2639 903
145 904
664 905
3622 906
4914 907
7562 908
7617 909
3319 910
7728 911
710 912
50 913
6451 914
2936 915
6349 916
2216 917
39 918
300 919
594 920
4544 921
1613 922
5410 923
430 924
107 925
1825 926
8588 927
137 928
2046 929
2148 930
8442 931
175 932
3838 933
8404 934
5349 935
1674 936
2678 937
1020 938
3157 939
1529 940
4265 941
320 942
7673 943
1146 944
1310 945
38 946
9431 947
968 948
5666 949
1220 950
7084 951
116 952
2058 953
2807 954
201 955
812 956
6455 957
8070 958
6571 959
5354 960
2357 961
163 962
3206 963
1376 964
6227 965
3463 966
3445 967
4199 968
3129 969
409 970
5024 971
7771 972
86 973
1206 974
1288 975
7165 976
9477 977
7472 978
848 979
3041 980
4624 981
4642 982
8896 983
9432 984
7061 985
8301 986
4081 987
156 988
7430 989
4972 990
2301 991
8616 992
4108 993
657 994
93 995
7762 996
418 997
1726 998
349 999
7115 1000
9564 1001
325 1002
4932 1003
4694 1004
8670 1005
1432 1006
20 1007
3172 1008
8587 1009
2999 1010
8445 1011
3322 1012
6112 1013
5230 1014
5356 1015
197 1016
3724 1017
4 1018
9422 1019
4116 1020
7424 1021
4094 1022
2477 1023
5754 1024
3739 1025
4064 1026
4013 1027
7731 1028
3804 1029
9416 1030
6649 1031
8804 1032
7766 1033
4991 1034
8076 1035
8778 1036
9101 1037
6447 1038
3525 1039
314 1040
8323 1041
5591 1042
3914 1043
177 1044
2171 1045
1936 1046
8438 1047
8626 1048
4261 1049
6946 1050
1269 1051
413 1052
7359 1053
4367 1054
5353 1055
2888 1056
1885 1057
1071 1058
7021 1059
247 1060
424 1061
1782 1062
5074 1063
6517 1064
5408 1065
9615 1066
3399 1067
5510 1068
1656 1069
5564 1070
8712 1071
4843 1072
7875 1073
7270 1074
111 1075
5241 1076
388 1077
6270 1078
6251 1079
23 1080
1054 1081
8030 1082
143 1083
1160 1084
3437 1085
3444 1086
2182 1087
330 1088
4003 1089
2128 1090
7444 1091
1016 1092
3913 1093
4004 1094
217 1095
8537 1096
1605 1097
5345 1098
1052 1099
7716 1100
8632 1101
9341 1102
7774 1103
8962 1104
3556 1105
6578 1106
7588 1107
1406 1108
4236 1109
823 1110
6056 1111
216 1112
8570 1113
8430 1114
1571 1115
4675 1116
4960 1117
1210 1118
220 1119
202 1120
7751 1121
8925 1122
279 1123
5055 1124
932 1125
3359 1126
4968 1127
1522 1128
6265 1129
1440 1130
541 1131
2908 1132
4160 1133
82 1134
1551 1135
5509 1136
8524 1137
3858 1138
3108 1139
6102 1140
4358 1141
7523 1142
5963 1143
2051 1144
1541 1145
6497 1146
488 1147
509 1148
1444 1149
6001 1150
6995 1151
19 1152
7097 1153
6746 1154
5807 1155
3156 1156
4980 1157
36 1158
363 1159
3413 1160
1330 1161
222 1162
429 1163
6506 1164
2426 1165
431 1166
210 1167
5302 1168
3095 1169
3012 1170
6745 1171
370 1172
765 1173
8649 1174
4005 1175
6617 1176
5853 1177
1226 1178
8615 1179
120 1180
8591 1181
2781 1182
7187 1183
3906 1184
6268 1185
3192 1186
322 1187
3335 1188
6502 1189
3333 1190
381 1191
3784 1192
4526 1193
7789 1194
3112 1195
1065 1196
6722 1197
44 1198
1953 1199
574 1200
485 1201
7524 1202
8499 1203
2240 1204
5976 1205
1777 1206
5263 1207
3801 1208
685 1209
8941 1210
4539 1211
3089 1212
7799 1213
6737 1214
839 1215
396 1216
1122 1217
32 1218
7960 1219
3364 1220
6768 1221
4039 1222
378 1223
7906 1224
9209 1225
6622 1226
3829 1227
76 1228
2389 1229
52 1230
2947 1231
121 1232
2553 1233
138 1234
5314 1235
8450 1236
315 1237
3209 1238
1040 1239
8151 1240
3443 1241
4369 1242
8937 1243
4849 1244
7133 1245
2956 1246
6921 1247
5695 1248
2358 1249
3575 1250
9241 1251
8625 1252
2757 1253
4077 1254
669 1255
643 1256
167 1257
3670 1258
426 1259
961 1260
5617 1261
7419 1262
846 1263
3309 1264
48 1265
4314 1266
7450 1267
3434 1268
972 1269
4271 1270
3118 1271
1701 1272
8856 1273
674 1274
3875 1275
5793 1276
4523 1277
6793 1278
8559 1279
3432 1280
230 1281
6873 1282
5919 1283
5962 1284
104 1285
1031 1286
4993 1287
4661 1288
7655 1289
8800 1290
2730 1291
4770 1292
2940 1293
1570 1294
884 1295
4339 1296
4710 1297
356 1298
323 1299
6849 1300
1217 1301
7805 1302
1935 1303
151 1304
342 1305
8765 1306
6254 1307
4637 1308
837 1309
3566 1310
7399 1311
5298 1312
450 1313
4018 1314
7800 1315
703 1316
3243 1317
4524 1318
5634 1319
6863 1320
9411 1321
4141 1322
6263 1323
6529 1324
1225 1325
4308 1326
2255 1327
4184 1328
1606 1329
8398 1330
357 1331
4498 1332
6498 1333
114 1334
3937 1335
206 1336
3865 1337
8849 1338
438 1339
6019 1340
6753 1341
4721 1342
5388 1343
9387 1344
9511 1345
832 1346
7402 1347
7406 1348
2543 1349
8859 1350
3938 1351
751 1352
272 1353
256 1354
1153 1355
3315 1356
3974 1357
6255 1358
6453 1359
4984 1360
1661 1361
1996 1362
236 1363
72 1364
3661 1365
1898 1366
874 1367
4538 1368
3907 1369
6126 1370
4038 1371
6184 1372
1204 1373
324 1374
862 1375
3227 1376
3503 1377
1758 1378
6286 1379
456 1380
2974 1381
6504 1382
6208 1383
1592 1384
3553 1385
5115 1386
6933 1387
8963 1388
4975 1389
287 1390
5238 1391
2705 1392
8756 1393
7192 1394
5502 1395
2973 1396
1245 1397
7804 1398
7801 1399
2923 1400
7787 1401
5713 1402
5848 1403
672 1404
7813 1405
9000 1406
14 1407
207 1408
749 1409
549 1410
2821 1411
218 1412
9156 1413
1744 1414
5880 1415
8997 1416
5339 1417
8784 1418
90 1419
2696 1420
1097 1421
191 1422
4785 1423
3074 1424
476 1425
1859 1426
2452 1427
56 1428
3316 1429
397 1430
6871 1431
8828 1432
4962 1433
6480 1434
7810 1435
8290 1436
1077 1437
9 1438
2403 1439
460 1440
3641 1441
9620 1442
4630 1443
4846 1444
5945 1445
5059 1446
5560 1447
7342 1448
9446 1449
7250 1450
74 1451
8891 1452
360 1453
7102 1454
31 1455
208 1456
2752 1457
6467 1458
200 1459
9098 1460
2368 1461
5062 1462
4776 1463
259 1464
3492 1465
136 1466
170 1467
263 1468
157 1469
2573 1470
6711 1471
2119 1472
8647 1473
773 1474
983 1475
5908 1476
469 1477
3420 1478
5909 1479
2196 1480
6318 1481
4977 1482
1738 1483
7357 1484
3557 1485
379 1486
544 1487
7506 1488
3771 1489
4115 1490
2109 1491
433 1492
8797 1493
8737 1494
2033 1495
1784 1496
8638 1497
3408 1498
4285 1499
2070 1500
18 1501
510 1502
9060 1503
3286 1504
27 1505
8131 1506
6232 1507
771 1508
1280 1509
977 1510
5210 1511
9418 1512
2469 1513
5690 1514
7719 1515
9152 1516
2177 1517
8690 1518
2570 1519
5119 1520
6297 1521
337 1522
898 1523
8392 1524
0 1525
1848 1526
5775 1527
7081 1528
4536 1529
7856 1530
8390 1531
8178 1532
6173 1533
626 1534
681 1535
255 1536
2097 1537
725 1538
5099 1539
7664 1540
246 1541
1033 1542
8012 1543
3474 1544
5508 1545
7355 1546
1013 1547
579 1548
9409 1549
2243 1550
8959 1551
3446 1552
7210 1553
2419 1554
6621 1555
6950 1556
1576 1557
2434 1558
6385 1559
5067 1560
4750 1561
2008 1562
7231 1563
2459 1564
2388 1565
3226 1566
7546 1567
7569 1568
3689 1569
6121 1570
4134 1571
2092 1572
70 1573
7297 1574
60 1575
6129 1576
313 1577
214 1578
8255 1579
3298 1580
2694 1581
199 1582
3849 1583
5740 1584
6998 1585
4775 1586
4379 1587
1951 1588
8491 1589
4530 1590
192 1591
4845 1592
1572 1593
3956 1594
4569 1595
1163 1596
351 1597
442 1598
1563 1599
8456 1600
2731 1601
5498 1602
2519 1603
4499 1604
274 1605
7321 1606
6959 1607
2219 1608
7746 1609
1812 1610
8602 1611
223 1612
6075 1613
6596 1614
2399 1615
6641 1616
7052 1617
5274 1618
6916 1619
3032 1620
1270 1621
8589 1622
4574 1623
7689 1624
4966 1625
21 1626
4924 1627
7957 1628
489 1629
2547 1630
2455 1631
5601 1632
3954 1633
707 1634
5523 1635
996 1636
359 1637
1519 1638
8912 1639
5726 1640
9369 1641
4669 1642
7685 1643
2875 1644
4660 1645
295 1646
3798 1647
6877 1648
7658 1649
7162 1650
6580 1651
892 1652
1125 1653
1695 1654
3869 1655
3988 1656
8446 1657
592 1658
5145 1659
8141 1660
6593 1661
3885 1662
6492 1663
9516 1664
5668 1665
9351 1666
2378 1667
3082 1668
555 1669
9617 1670
2316 1671
7293 1672
850 1673
8600 1674
9210 1675
6642 1676
5693 1677
3106 1678
2045 1679
659 1680
5863 1681
911 1682
8156 1683
8760 1684
2306 1685
7929 1686
2404 1687
871 1688
9342 1689
2901 1690
361 1691
8437 1692
8870 1693
2668 1694
1880 1695
6927 1696
3780 1697
414 1698
3122 1699
6819 1700
4491 1701
4964 1702
1927 1703
865 1704
1612 1705
2125 1706
7946 1707
9299 1708
6490 1709
57 1710
95 1711
2201 1712
2489 1713
3675 1714
371 1715
4854 1716
10 1717
7827 1718
1553 1719
9490 1720
6625 1721
7025 1722
904 1723
2126 1724
4693 1725
4668 1726
987 1727
1219 1728
373 1729
1380 1730
296 1731
3176 1732
682 1733
316 1734
68 1735
364 1736
5831 1737
2774 1738
8096 1739
5750 1740
753 1741
7096 1742
302 1743
9394 1744
5707 1745
4865 1746
8360 1747
308 1748
9004 1749
6357 1750
5304 1751
243 1752
564 1753
395 1754
6144 1755
4617 1756
1292 1757
2804 1758
437 1759
6744 1760
8819 1761
7952 1762
221 1763
949 1764
4670 1765
1821 1766
4483 1767
3588 1768
132 1769
1412 1770
3722 1771
565 1772
9053 1773
706 1774
7307 1775
2786 1776
883 1777
785 1778
2513 1779
6151 1780
6230 1781
4940 1782
37 1783
260 1784
1178 1785
8447 1786
102 1787
3427 1788
2131 1789
5688 1790
42 1791
2038 1792
188 1793
3076 1794
2346 1795
59 1796
1000 1797
79 1798
8769 1799
1549 1800
4149 1801
2554 1802
3856 1803
8861 1804
3047 1805
3987 1806
7397 1807
1059 1808
5289 1809
3583 1810
117 1811
309 1812
7646 1813
6437 1814
385 1815
1603 1816
2206 1817
8978 1818
5742 1819
2982 1820
5896 1821
7544 1822
8152 1823
159 1824
7590 1825
2204 1826
1221 1827
3489 1828
353 1829
40 1830
497 1831
2938 1832
6100 1833
4167 1834
795 1835
4069 1836
8530 1837
292 1838
1869 1839
3612 1840
1408 1841
7239 1842
6908 1843
5716 1844
5243 1845
9518 1846
5911 1847
959 1848
8539 1849
2856 1850
4180 1851
2370 1852
537 1853
6449 1854
6688 1855
5068 1856
3509 1857
5046 1858
7809 1859
4736 1860
1087 1861
5221 1862
8568 1863
2231 1864
4631 1865
6224 1866
281 1867
375 1868
3567 1869
7498 1870
6217 1871
58 1872
2330 1873
5007 1874
2363 1875
6359 1876
8541 1877
3812 1878
343 1879
3680 1880
6445 1881
3031 1882
2667 1883
7649 1884
787 1885
1986 1886
4666 1887
166 1888
1141 1889
4529 1890
2166 1891
777 1892
408 1893
2029 1894
7146 1895
9249 1896
2120 1897
1998 1898
5968 1899
6663 1900
3471 1901
215 1902
9129 1903
9124 1904
5194 1905
8449 1906
3559 1907
8643 1908
9171 1909
2360 1910
1465 1911
1598 1912
8885 1913
4520 1914
213 1915
6530 1916
8330 1917
8667 1918
2518 1919
6802 1920
5827 1921
7830 1922
8135 1923
8150 1924
3915 1925
5488 1926
3079 1927
6772 1928
5568 1929
7481 1930
3260 1931
7945 1932
420 1933
2684 1934
6980 1935
6257 1936
3841 1937
2616 1938
43 1939
4065 1940
525 1941
5152 1942
2738 1943
2367 1944
9486 1945
118 1946
1047 1947
645 1948
609 1949
5722 1950
1912 1951
9414 1952
115 1953
8577 1954
1145 1955
2889 1956
303 1957
6808 1958
144 1959
511 1960
2812 1961
1644 1962
285 1963
7907 1964
7132 1965
7226 1966
2638 1967
326 1968
416 1969
3807 1970
4326 1971
6016 1972
53 1973
7814 1974
813 1975
3941 1976
346 1977
2215 1978
6861 1979
6836 1980
362 1981
6565 1982
1902 1983
2962 1984
3522 1985
3940 1986
1735 1987
2627 1988
2918 1989
1813 1990
4045 1991
5288 1992
2526 1993
8103 1994
5507 1995
6181 1996
6917 1997
7046 1998
5069 1999
887 2000
3465 2001
4449 2002
6484 2003
7529 2004
17 2005
1249 2006
2916 2007
6417 2008
6949 2009
2596 2010
183 2011
7333 2012
1464 2013
1521 2014
6017 2015
6465 2016
9595 2017
4563 2018
4731 2019
1450 2020
7739 2021
3043 2022
5 2023
6590 2024
1392 2025
321 2026
1353 2027
374 2028
993 2029
5373 2030
8860 2031
8466 2032
9303 2033
5524 2034
270 2035
1623 2036
769 2037
8728 2038
305 2039
6260 2040
3232 2041
3045 2042
2100 2043
508 2044
195 2045
8220 2046
5618 2047
6474 2048
307 2049
6420 2050
1573 2051
732 2052
3723 2053
6161 2054
13 2055
331 2056
8451 2057
7028 2058
2849 2059
3183 2060
4981 2061
6881 2062
432 2063
3634 2064
6054 2065
8662 2066
9280 2067
658 2068
3925 2069
3439 2070
73 2071
9565 2072
1442 2073
4226 2074
4341 2075
3863 2076
1591 2077
4009 2078
4618 2079
2672 2080
6389 2081
3273 2082
3633 2083
7749 2084
8054 2085
3148 2086
162 2087
1649 2088
5657 2089
2818 2090
7439 2091
7227 2092
310 2093
7926 2094
1076 2095
6428 2096
261 2097
768 2098
1086 2099
5686 2100
4674 2101
9197 2102
1390 2103
906 2104
7043 2105
22 2106
1438 2107
8381 2108
2602 2109
3376 2110
1716 2111
4353 2112
1500 2113
8329 2114
7829 2115
33 2116
3995 2117
9247 2118
3476 2119
6994 2120
7591 2121
78 2122
5328 2123
5131 2124
5290 2125
712 2126
1396 2127
2436 2128
227 2129
2651 2130
8900 2131
4320 2132
7763 2133
1118 2134
6233 2135
757 2136
6157 2137
2443 2138
83 2139
6958 2140
4262 2141
6588 2142
8659 2143
6599 2144
8350 2145
6069 2146
1652 2147
2264 2148
9355 2149
5941 2150
28 2151
119 2152
6 2153
1833 2154
1511 2155
11 2156
7055 2157
419 2158
2226 2159
9144 2160
6852 2161
2435 2162
2256 2163
5725 2164
7160 2165
4889 2166
8136 2167
4312 2168
406 2169
4517 2170
77 2171
3608 2172
6893 2173
4579 2174
8205 2175
7360 2176
2615 2177
533 2178
1585 2179
801 2180
46 2181
7089 2182
1974 2183
6573 2184
179 2185
5687 2186
4528 2187
6886 2188
5786 2189
225 2190
2021 2191
8127 2192
5913 2193
6931 2194
3746 2195
459 2196
2503 2197
1736 2198
8204 2199
8715 2200
2754 2201
1268 2202
1414 2203
4425 2204
61 2205
6299 2206
3494 2207
4443 2208
2555 2209
1845 2210
8097 2211
1080 2212
2823 2213
1499 2214
5818 2215
1207 2216
4912 2217
249 2218
1545 2219
6771 2220
394 2221
2971 2222
2465 2223
1508 2224
2793 2225
2271 2226
2558 2227
8629 2228
6898 2229
4472 2230
6635 2231
5228 2232
7637 2233
8023 2234
8868 2235
2890 2236
6858 2237
3266 2238
566 2239
5057 2240
5541 2241
4671 2242
5025 2243
9581 2244
3397 2245
3548 2246
4667 2247
7567 2248
7286 2249
125 2250
2374 2251
5135 2252
5763 2253
9093 2254
3573 2255
3574 2256
7806 2257
4329 2258
2817 2259
4218 2260
1215 2261
1248 2262
51 2263
2531 2264
7141 2265
6887 2266
194 2267
4078 2268
147 2269
5658 2270
7485 2271
3787 2272
1024 2273
6870 2274
2859 2275
5407 2276
2979 2277
141 2278
5472 2279
1333 2280
345 2281
5264 2282
6624 2283
4276 2284
3279 2285
5041 2286
29 2287
689 2288
5959 2289
7571 2290
2579 2291
2811 2292
6213 2293
916 2294
304 2295
85 2296
299 2297
5856 2298
152 2299
5580 2300
6726 2301
6443 2302
1209 2303
3703 2304
8954 2305
9447 2306
807 2307
4424 2308
4166 2309
2252 2310
9037 2311
1704 2312
399 2313
280 2314
1924 2315
2281 2316
4852 2317
1702 2318
2884 2319
7956 2320
1757 2321
570 2322
6895 2323
8340 2324
1530 2325
3607 2326
3868 2327
1060 2328
140 2329
8195 2330
1401 2331
9578 2332
4813 2333
2711 2334
3452 2335
3671 2336
8488 2337
190 2338
3683 2339
5729 2340
5322 2341
276 2342
1324 2343
187 2344
3371 2345
2086 2346
354 2347
335 2348
2527 2349
5483 2350
9525 2351
1863 2352
1284 2353
92 2354
3267 2355
2106 2356
1851 2357
5753 2358
3190 2359
1544 2360
7723 2361
9222 2362
4836 2363
5333 2364
1567 2365
7119 2366
1490 2367
2564 2368
1581 2369
8693 2370
1255 2371
3142 2372
3164 2373
7611 2374
4847 2375
298 2376
6575 2377
5605 2378
4263 2379
470 2380
8695 2381
923 2382
716 2383
2727 2384
239 2385
4072 2386
5358 2387
12 2388
7520 2389
8413 2390
6272 2391
1223 2392
2019 2393
352 2394
2397 2395
9434 2396
98 2397
5065 2398
3656 2399
2000 2400
7912 2401
5443 2402
5414 2403
4899 2404
6369 2405
3059 2406
407 2407
1303 2408
927 2409
6616 2410
3572 2411
2432 2412
7868 2413
224 2414
9293 2415
4014 2416
1596 2417
1355 2418
1096 2419
5733 2420
1079 2421
1552 2422
6911 2423
2136 2424
6037 2425
7443 2426
3119 2427
4073 2428
268 2429
9257 2430
5984 2431
9400 2432
5809 2433
9030 2434
8311 2435
148 2436
8328 2437
3822 2438
89 2439
1723 2440
869 2441
87 2442
521 2443
209 2444
6334 2445
6973 2446
759 2447
5642 2448
4826 2449
620 2450
5421 2451
3534 2452
4163 2453
4858 2454
3277 2455
139 2456
9176 2457
8514 2458
3481 2459
2911 2460
2224 2461
3088 2462
4277 2463
2438 2464
103 2465
253 2466
3692 2467
110 2468
25 2469
7997 2470
5767 2471
7473 2472
4201 2473
9191 2474
9475 2475
8174 2476
6310 2477
713 2478
4490 2479
8628 2480
1604 2481
6629 2482
4632 2483
2433 2484
5878 2485
7533 2486
7032 2487
8397 2488
8996 2489
6322 2490
2410 2491
8845 2492
4407 2493
8275 2494
9238 2495
339 2496
5709 2497
9442 2498
1864 2499
106 2500
2458 2501
284 2502
4146 2503
97 2504
3103 2505
1134 2506
6798 2507
3839 2508
921 2509
8640 2510
6413 2511
2350 2512
7848 2513
5476 2514
6090 2515
229 2516
6508 2517
16 2518
5379 2519
3 2520
3237 2521
1155 2522
3776 2523
829 2524
5881 2525
3889 2526
402 2527
2664 2528
393 2529
3203 2530
5907 2531
1256 2532
6044 2533
752 2534
1044 2535
7693 2536
9631 2537
174 2538
4127 2539
4213 2540
7883 2541
618 2542
2441 2543
123 2544
1658 2545
5242 2546
3290 2547
7381 2548
8609 2549
5451 2550
1610 2551
5177 2552
242 2553
4287 2554
2379 2555
2471 2556
5300 2557
8840 2558
4829 2559
327 2560
275 2561
764 2562
2718 2563
421 2564
101 2565
1329 2566
108 2567
8345 2568
4700 2569
262 2570
3547 2571
3084 2572
4150 2573
2772 2574
5257 2575
3529 2576
8707 2577
288 2578
6261 2579
9190 2580
4294 2581
9227 2582
8003 2583
1804 2584
2369 2585
6885 2586
6648 2587
8680 2588
3880 2589
434 2590
4545 2591
241 2592
1751 2593
186 2594
5425 2595
4905 2596
5724 2597
5276 2598
6043 2599
427 2600
49 2601
1626 2602
5701 2603
234 2604
4724 2605
4411 2606
5619 2607
6201 2608
7242 2609
1189 2610
7366 2611
5948 2612
4957 2613
8089 2614
4456 2615
319 2616
7842 2617
4998 2618
5606 2619
5382 2620
9309 2621
5438 2622
7356 2623
806 2624
4746 2625
1657 2626
6595 2627
1216 2628
612 2629
75 2630
3674 2631
1930 2632
6094 2633
3651 2634
2162 2635
3323 2636
9569 2637
3516 2638
146 2639
492 2640
5943 2641
2457 2642
1241 2643
2548 2644
7947 2645
4302 2646
1171 2647
3480 2648
1628 2649
1648 2650
3362 2651
3628 2652
531 2653
6799 2654
1992 2655
9404 2656
2373 2657
4233 2658
9556 2659
2743 2660
4763 2661
265 2662
318 2663
2910 2664
729 2665
134 2666
2142 2667
7712 2668
2002 2669
2591 2670
6652 2671
8200 2672
3165 2673
3578 2674
96 2675
7993 2676
4603 2677
6397 2678
7290 2679
8368 2680
709 2681
583 2682
3313 2683
1688 2684
105 2685
718 2686
1724 2687
428 2688
6154 2689
4421 2690
8543 2691
1593 2692
7327 2693
5973 2694
1568 2695
328 2696
3301 2697
7125 2698
5785 2699
9252 2700
965 2701
203 2702
2017 2703
7047 2704
943 2705
2089 2706
886 2707
2920 2708
150 2709
291 2710
251 2711
714 2712
7 2713
8154 2714
3866 2715
1419 2716
2984 2717
7009 2718
4185 2719
8259 2720
6789 2721
112 2722
3189 2723
1856 2724
6522 2725
1213 2726
6619 2727
282 2728
1539 2729
7169 2730
4202 2731
4547 2732
306 2733
5392 2734
8407 2735
1672 2736
3162 2737
8999 2738
8356 2739
8283 2740
9451 2741
212 2742
9219 2743
5395 2744
6655 2745
1036 2746
6791 2747
617 2748
7491 2749
9042 2750
8039 2751
5953 2752
3700 2753
1826 2754
4101 2755
814 2756
1094 2757
193 2758
929 2759
9220 2760
5268 2761
155 2762
3026 2763
4807 2764
4247 2765
600 2766
7504 2767
1540 2768
423 2769
5632 2770
4266 2771
7410 2772
3460 2773
863 2774
6011 2775
2764 2776
7724 2777
3558 2778
4438 2779
8048 2780
1400 2781
5997 2782
4477 2783
4832 2784
133 2785
383 2786
5811 2787
176 2788
4022 2789
35 2790
4450 2791
833 2792
7853 2793
2200 2794
3346 2795
289 2796
3334 2797
3378 2798
5829 2799
894 2800
88 2801
1678 2802
1180 2803
8257 2804
