3948
0 162
1 6673
2 6087
3 3136
4 3469
5 2640
6 3181
7 1800
8 5605
9 9571
10 3954
11 5613
12 1427
13 1033
14 2722
15 4773
16 1783
17 8449
18 520
19 9398
20 6050
21 1969
22 4362
23 801
24 6381
25 4842
26 4874
27 799
28 3277
29 4593
30 7746
31 333
32 7562
33 8987
34 8512
35 3634
36 3173
37 5941
38 9098
39 6488
40 4126
41 2057
42 3800
43 1884
44 1511
45 5598
46 2482
47 2795
48 947
49 3056
50 5533
51 7814
52 4236
53 183
54 367
55 3520
56 846
57 3272
58 6799
59 728
60 3355
61 586
62 1955
63 937
64 859
65 4953
66 1198
67 4460
68 7434
69 4809
70 413
71 655
72 773
73 114
74 6318
75 7026
76 3598
77 503
78 768
79 1870
80 914
81 2296
82 4548
83 6295
84 4920
85 2735
86 1813
87 8667
88 4626
89 9104
90 4525
91 6111
92 386
93 554
94 1948
95 9397
96 980
97 2743
98 1247
99 5919
100 3793
101 2329
102 397
103 1507
104 4586
105 4653
106 7042
107 972
108 1073
109 923
110 1700
111 1361
112 578
113 1296
114 2897
115 8500
116 7760
117 6596
118 7805
119 9584
120 405
121 3383
122 5728
123 5827
124 6358
125 5141
126 8120
127 1090
128 2088
129 165
130 1336
131 8604
132 7514
133 5282
134 8822
135 4469
136 18
137 8271
138 4045
139 1136
140 882
141 7877
142 1418
143 1381
144 1123
145 1404
146 2008
147 1977
148 1897
149 1156
150 2463
151 2175
152 4402
153 1137
154 7287
155 3993
156 1715
157 465
158 3809
159 7872
160 1139
161 1572
162 3398
163 3226
164 2132
165 9103
166 6332
167 9277
168 5069
169 2171
170 8244
171 659
172 4664
173 2924
174 3315
175 1310
176 1220
177 541
178 8412
179 2112
180 1091
181 7705
182 4161
183 8647
184 7339
185 5296
186 3150
187 4358
188 4370
189 3193
190 9428
191 1477
192 888
193 4430
194 995
195 3676
196 7883
197 3996
198 680
199 197
200 849
201 6444
202 6535
203 4146
204 150
205 8888
206 3821
207 4485
208 5354
209 1109
210 2468
211 1226
212 1395
213 7620
214 891
215 1411
216 2135
217 259
218 4890
219 4704
220 8996
221 9107
222 6812
223 1623
224 4710
225 9590
226 1754
227 798
228 6979
229 1627
230 1221
231 1299
232 4424
233 2210
234 1757
235 4692
236 324
237 8224
238 748
239 1201
240 1886
241 3140
242 1915
243 8450
244 8650
245 1878
246 1174
247 8329
248 313
249 1238
250 5128
251 2961
252 7988
253 2728
254 2174
255 5854
256 8937
257 8352
258 1725
259 9211
260 3985
261 2017
262 169
263 1963
264 1301
265 1736
266 5719
267 9454
268 8931
269 6770
270 158
271 965
272 1829
273 282
274 1792
275 8953
276 3384
277 3575
278 6102
279 5300
280 1910
281 6228
282 3170
283 4978
284 6386
285 7047
286 5712
287 8609
288 3190
289 2926
290 3303
291 5316
292 6610
293 4270
294 2469
295 2553
296 113
297 957
298 6961
299 8091
300 7701
301 7579
302 474
303 811
304 6959
305 1426
306 1868
307 4864
308 2051
309 1936
310 1161
311 191
312 8487
313 9401
314 7433
315 9524
316 442
317 1512
318 428
319 7658
320 4133
321 3534
322 4849
323 6897
324 3597
325 5433
326 1059
327 8600
328 7338
329 5875
330 4134
331 1722
332 486
333 7349
334 3317
335 1306
336 8089
337 8374
338 484
339 963
340 8127
341 3767
342 0
343 2079
344 1624
345 5806
346 4852
347 1366
348 2450
349 204
350 1905
351 675
352 3471
353 345
354 7692
355 498
356 8821
357 1483
358 436
359 4752
360 4552
361 556
362 8596
363 8484
364 2514
365 3001
366 7464
367 4769
368 1434
369 6474
370 8866
371 2569
372 1533
373 5842
374 9626
375 825
376 125
377 2153
378 8206
379 3454
380 1146
381 1259
382 7927
383 732
384 1246
385 490
386 2013
387 1943
388 6302
389 8852
390 7829
391 278
392 8606
393 3883
394 9210
395 357
396 2866
397 2180
398 3826
399 9520
400 7901
401 1726
402 1041
403 3416
404 6711
405 440
406 1171
407 1542
408 315
409 371
410 9188
411 5162
412 3419
413 1384
414 3418
415 5649
416 5168
417 7286
418 745
419 2309
420 1348
421 9437
422 6700
423 2300
424 469
425 3165
426 7210
427 3480
428 1371
429 5754
430 7066
431 4239
432 2102
433 7479
434 796
435 1476
436 7024
437 6707
438 1446
439 6843
440 1029
441 3576
442 4827
443 847
444 2712
445 7722
446 342
447 4786
448 7140
449 8785
450 525
451 3840
452 1189
453 7887
454 1149
455 3019
456 1082
457 1822
458 70
459 3211
460 7130
461 905
462 677
463 548
464 2943
465 3670
466 4968
467 6950
468 822
469 9369
470 1939
471 9408
472 1436
473 3637
474 8591
475 1849
476 3528
477 4899
478 3703
479 6983
480 514
481 715
482 3093
483 903
484 7158
485 1766
486 4778
487 819
488 5736
489 2822
490 2806
491 6989
492 3632
493 1991
494 2668
495 418
496 4086
497 869
498 2190
499 9492
500 2001
501 1133
502 1763
503 6828
504 8047
505 1893
506 938
507 1484
508 1400
509 473
510 1103
511 3734
512 8619
513 9267
514 4558
515 4316
516 95
517 8629
518 5978
519 8738
520 1837
521 8833
522 2023
523 5346
524 530
525 360
526 4831
527 579
528 4299
529 3822
530 9136
531 1110
532 9301
533 4624
534 2117
535 4913
536 1529
537 589
538 804
539 468
540 4477
541 5288
542 5209
543 8216
544 2933
545 338
546 3820
547 1011
548 769
549 5911
550 3476
551 4394
552 1344
553 4389
554 2379
555 845
556 8143
557 9451
558 1480
559 9330
560 4650
561 2694
562 6845
563 584
564 3336
565 3109
566 1316
567 4503
568 7327
569 1303
570 1415
571 2745
572 7719
573 1931
574 1592
575 7260
576 7779
577 2713
578 6498
579 3513
580 3992
581 3461
582 1431
583 8975
584 6306
585 3974
586 3866
587 1417
588 1237
589 1199
590 1172
591 6408
592 1958
593 1261
594 9416
595 7593
596 1016
597 3683
598 2263
599 943
600 1253
601 955
602 1959
603 1485
604 6181
605 5864
606 6216
607 3947
608 4527
609 4252
610 4634
611 1516
612 5386
613 6443
614 2523
615 2138
616 5782
617 61
618 889
619 7924
620 1252
621 9546
622 3441
623 5499
624 3967
625 4372
626 1005
627 1772
628 4755
629 3626
630 1660
631 8064
632 1670
633 71
634 2420
635 7537
636 2491
637 4283
638 3015
639 206
640 1547
641 4367
642 8564
643 5885
644 8826
645 1794
646 5508
647 1790
648 3835
649 5977
650 696
651 4281
652 2060
653 5725
654 5937
655 4247
656 4231
657 9324
658 1836
659 104
660 5136
661 2209
662 3448
663 4004
664 5514
665 1556
666 8316
667 200
668 9078
669 8358
670 6712
671 2137
672 3617
673 3998
674 3166
675 5495
676 1859
677 7975
678 2417
679 2973
680 7470
681 3380
682 8256
683 2212
684 3436
685 292
686 3596
687 562
688 2568
689 5562
690 232
691 119
692 6933
693 6599
694 3625
695 7443
696 1854
697 2975
698 4918
699 7030
700 7181
701 890
702 7162
703 273
704 4129
705 1167
706 5799
707 5175
708 243
709 506
710 2094
711 4061
712 6255
713 2318
714 7280
715 2584
716 4804
717 5991
718 3257
719 458
720 2267
721 121
722 1495
723 1833
724 86
725 8896
726 9248
727 842
728 4699
729 2891
730 5349
731 1068
732 1437
733 2038
734 567
735 7850
736 8471
737 1560
738 8489
739 2963
740 1635
741 5149
742 5905
743 5743
744 8178
745 4654
746 1295
747 763
748 2976
749 1911
750 129
751 105
752 1961
753 1062
754 2526
755 4290
756 9252
757 9481
758 5407
759 3567
760 7308
761 620
762 806
763 863
764 4490
765 3167
766 6075
767 3798
768 5063
769 1568
770 9340
771 432
772 9242
773 5626
774 6163
775 49
776 4703
777 5838
778 7627
779 7521
780 1898
781 2152
782 55
783 4745
784 494
785 1144
786 3845
787 1387
788 7442
789 4536
790 9605
791 2678
792 7543
793 3655
794 4669
795 551
796 46
797 665
798 2605
799 968
800 1309
801 4830
802 4561
803 5170
804 1618
805 6090
806 133
807 2438
808 8514
809 6514
810 2362
811 3587
812 818
813 4935
814 1024
815 2271
816 1839
817 1325
818 3399
819 6561
820 2708
821 1578
822 2315
823 533
824 1594
825 4714
826 1921
827 1855
828 9550
829 5183
830 7804
831 7353
832 6161
833 9506
834 101
835 4020
836 3157
837 2920
838 7223
839 3065
840 2664
841 7781
842 7393
843 3934
844 4271
845 2950
846 1708
847 8448
848 7365
849 603
850 1858
851 146
852 1163
853 4064
854 1984
855 30
856 532
857 813
858 1356
859 8913
860 127
861 950
862 2908
863 1506
864 5918
865 3796
866 6088
867 1155
868 2567
869 9568
870 3023
871 9448
872 8815
873 3958
874 6465
875 6412
876 431
877 1947
878 2029
879 148
880 4817
881 5925
882 5687
883 8622
884 2904
885 9215
886 8616
887 300
888 3493
889 7160
890 2788
891 5043
892 2651
893 2201
894 9533
895 6280
896 3077
897 6640
898 3168
899 2006
900 9132
901 3483
902 5364
903 271
904 2291
905 8695
906 136
907 4688
908 4431
909 1890
910 2590
911 2435
912 4987
913 8280
914 1653
915 9477
916 4349
917 7665
918 238
919 3061
920 6559
921 5522
922 9124
923 7903
924 2383
925 4168
926 870
927 1935
928 5791
929 8683
930 2287
931 7169
932 130
933 2734
934 1957
935 6201
936 1501
937 1630
938 5732
939 9378
940 6458
941 4590
942 4911
943 5868
944 4543
945 225
946 57
947 4962
948 3464
949 6867
950 2521
951 1464
952 695
953 8590
954 1951
955 6229
956 1435
957 8627
958 6789
959 4678
960 4187
961 8796
962 8082
963 4690
964 4970
965 3425
966 3225
967 4309
968 211
969 154
970 720
971 3695
972 4844
973 396
974 1612
975 8383
976 1228
977 1162
978 2579
979 6246
980 56
981 3295
982 1169
983 649
984 2218
985 214
986 1793
987 5051
988 199
989 1712
990 727
991 1377
992 1420
993 1548
994 9300
995 84
996 519
997 390
998 3856
999 6890
1000 5897
1001 5308
1002 6751
1003 6665
1004 2900
1005 1527
1006 7116
1007 516
1008 1061
1009 7143
1010 7638
1011 9347
1012 1561
1013 3763
1014 312
1015 1788
1016 5447
1017 7655
1018 1359
1019 4056
1020 4393
1021 5007
1022 6574
1023 1187
1024 2641
1025 2292
1026 752
1027 1762
1028 539
1029 6623
1030 8420
1031 1847
1032 6190
1033 1491
1034 571
1035 258
1036 1814
1037 296
1038 568
1039 4065
1040 4136
1041 6866
1042 1354
1043 5133
1044 1193
1045 198
1046 1106
1047 2458
1048 7288
1049 3057
1050 1721
1051 8437
1052 2832
1053 2039
1054 1750
1055 5938
1056 8918
1057 5250
1058 171
1059 456
1060 6191
1061 6682
1062 7801
1063 1950
1064 1234
1065 3505
1066 6964
1067 1821
1068 4659
1069 1620
1070 5408
1071 7215
1072 6237
1073 8180
1074 3976
1075 42
1076 257
1077 6776
1078 3024
1079 6116
1080 92
1081 4928
1082 6413
1083 2002
1084 8803
1085 3994
1086 7605
1087 9101
1088 487
1089 1982
1090 691
1091 8933
1092 686
1093 7166
1094 9089
1095 5625
1096 3356
1097 3737
1098 6706
1099 4285
1100 1640
1101 5602
1102 2914
1103 5310
1104 5878
1105 3860
1106 212
1107 689
1108 1830
1109 1412
1110 1360
1111 4518
1112 860
1113 740
1114 2916
1115 5638
1116 4199
1117 8332
1118 3178
1119 7532
1120 240
1121 307
1122 3118
1123 8043
1124 6096
1125 6625
1126 4259
1127 9214
1128 1432
1129 1775
1130 7021
1131 1329
1132 1391
1133 5360
1134 1142
1135 4810
1136 5746
1137 6448
1138 1346
1139 1031
1140 8301
1141 1195
1142 3103
1143 8260
1144 1475
1145 9592
1146 115
1147 7195
1148 6838
1149 2700
1150 8305
1151 9422
1152 5717
1153 6777
1154 2404
1155 3203
1156 507
1157 8620
1158 1877
1159 8255
1160 5848
1161 8222
1162 868
1163 1904
1164 85
1165 4263
1166 1245
1167 3915
1168 2065
1169 1168
1170 7458
1171 4555
1172 2679
1173 3405
1174 7902
1175 1838
1176 3058
1177 954
1178 958
1179 1659
1180 4345
1181 6431
1182 764
1183 8508
1184 4550
1185 6840
1186 7567
1187 824
1188 1605
1189 549
1190 1645
1191 1852
1192 6745
1193 4261
1194 485
1195 2436
1196 3613
1197 6457
1198 5955
1199 2157
1200 4099
1201 7038
1202 2554
1203 4854
1204 6107
1205 2659
1206 303
1207 1901
1208 1609
1209 1312
1210 3366
1211 2066
1212 7102
1213 7913
1214 2496
1215 493
1216 5924
1217 1799
1218 4005
1219 3309
1220 5908
1221 2305
1222 575
1223 1129
1224 7552
1225 5912
1226 1367
1227 6380
1228 124
1229 4127
1230 7445
1231 4538
1232 2238
1233 2742
1234 4390
1235 6369
1236 1866
1237 3784
1238 408
1239 3817
1240 2337
1241 2096
1242 3344
1243 5076
1244 3267
1245 7974
1246 9599
1247 593
1248 761
1249 331
1250 7501
1251 8849
1252 8056
1253 1646
1254 1655
1255 5021
1256 5692
1257 2889
1258 152
1259 291
1260 1441
1261 7845
1262 1806
1263 9086
1264 8003
1265 5071
1266 4509
1267 1918
1268 2156
1269 4073
1270 306
1271 7534
1272 6552
1273 3748
1274 1539
1275 6626
1276 6791
1277 1851
1278 5623
1279 4925
1280 6521
1281 3396
1282 3151
1283 6404
1284 3609
1285 4298
1286 5622
1287 6275
1288 2787
1289 1148
1290 1286
1291 844
1292 2583
1293 2255
1294 1334
1295 5668
1296 2789
1297 3463
1298 1447
1299 1093
1300 2977
1301 4524
1302 1732
1303 361
1304 1105
1305 4346
1306 7078
1307 879
1308 7209
1309 2351
1310 7727
1311 8387
1312 7436
1313 5435
1314 9222
1315 1633
1316 5879
1317 931
1318 7496
1319 635
1320 1036
1321 353
1322 2358
1323 1519
1324 8345
1325 2484
1326 3210
1327 5401
1328 998
1329 8145
1330 8268
1331 6033
1332 3586
1333 8991
1334 5893
1335 387
1336 2561
1337 7221
1338 5274
1339 1764
1340 9511
1341 1275
1342 8593
1343 5509
1344 1597
1345 1421
1346 7070
1347 37
1348 2545
1349 714
1350 2762
1351 5343
1352 4318
1353 340
1354 4097
1355 583
1356 298
1357 6560
1358 9439
1359 703
1360 6539
1361 2879
1362 3497
1363 8938
1364 8092
1365 2028
1366 6352
1367 2919
1368 6888
1369 8885
1370 7072
1371 8714
1372 4437
1373 1450
1374 1131
1375 629
1376 231
1377 1470
1378 1552
1379 7372
1380 8446
1381 248
1382 9403
1383 1266
1384 3916
1385 9404
1386 8997
1387 5619
1388 3260
1389 7787
1390 2424
1391 7934
1392 2824
1393 8410
1394 31
1395 921
1396 5443
1397 7144
1398 201
1399 1782
1400 2070
1401 1074
1402 1815
1403 2984
1404 394
1405 5261
1406 7555
1407 1345
1408 767
1409 4368
1410 8755
1411 1085
1412 375
1413 6696
1414 5262
1415 6614
1416 4649
1417 2003
1418 6650
1419 5603
1420 994
1421 6718
1422 1203
1423 3732
1424 2558
1425 505
1426 7055
1427 1598
1428 5928
1429 3894
1430 2382
1431 6719
1432 1823
1433 2357
1434 5368
1435 2805
1436 7129
1437 193
1438 2104
1439 820
1440 743
1441 5454
1442 1789
1443 7159
1444 4292
1445 1920
1446 6618
1447 3240
1448 4989
1449 987
1450 5449
1451 4964
1452 236
1453 9016
1454 2478
1455 7553
1456 8876
1457 6796
1458 1184
1459 2681
1460 934
1461 1
1462 6212
1463 7428
1464 4762
1465 4473
1466 4000
1467 6200
1468 618
1469 8743
1470 2063
1471 3746
1472 4746
1473 1433
1474 3928
1475 6958
1476 8745
1477 3388
1478 1803
1479 9494
1480 1180
1481 775
1482 6517
1483 480
1484 5781
1485 1882
1486 7465
1487 2790
1488 1760
1489 8702
1490 1887
1491 651
1492 1628
1493 3041
1494 6722
1495 26
1496 29
1497 877
1498 7946
1499 9490
1500 1330
1501 7802
1502 4888
1503 1244
1504 4530
1505 8241
1506 4081
1507 2306
1508 976
1509 1406
1510 1004
1511 1084
1512 2082
1513 8634
1514 36
1515 1573
1516 8243
1517 1037
1518 9207
1519 1445
1520 1778
1521 5540
1522 6831
1523 7
1524 1589
1525 2158
1526 1423
1527 1669
1528 3514
1529 8734
1530 5258
1531 699
1532 7492
1533 9351
1534 6729
1535 7138
1536 7468
1537 4409
1538 344
1539 2072
1540 1490
1541 5393
1542 5347
1543 2967
1544 401
1545 7784
1546 1254
1547 4540
1548 5850
1549 3010
1550 5359
1551 917
1552 5835
1553 5664
1554 4384
1555 5530
1556 1713
1557 8836
1558 1112
1559 4520
1560 1885
1561 6851
1562 7256
1563 3033
1564 1932
1565 434
1566 4093
1567 6286
1568 1549
1569 6515
1570 622
1571 8656
1572 1215
1573 4937
1574 2151
1575 2419
1576 524
1577 3913
1578 1389
1579 6627
1580 4214
1581 2133
1582 213
1583 83
1584 8900
1585 1674
1586 3592
1587 8077
1588 3641
1589 2918
1590 2602
1591 6680
1592 365
1593 3660
1594 8169
1595 713
1596 4400
1597 5832
1598 3198
1599 4539
1600 7799
1601 794
1602 7750
1603 7869
1604 166
1605 7227
1606 7840
1607 2150
1608 4832
1609 1132
1610 5339
1611 3231
1612 4121
1613 2373
1614 2041
1615 558
1616 3846
1617 5896
1618 66
1619 6006
1620 8054
1621 1353
1622 4192
1623 6035
1624 5641
1625 9338
1626 733
1627 1860
1628 8497
1629 1320
1630 5022
1631 3559
1632 6253
1633 8856
1634 5581
1635 1204
1636 2848
1637 1313
1638 4882
1639 3180
1640 252
1641 1322
1642 8860
1643 3710
1644 1375
1645 4999
1646 1474
1647 5146
1648 613
1649 1104
1650 6962
1651 2313
1652 1985
1653 6977
1654 1583
1655 531
1656 8764
1657 190
1658 4912
1659 179
1660 185
1661 8134
1662 2052
1663 8029
1664 7252
1665 751
1666 1147
1667 3652
1668 7626
1669 6824
1670 4125
1671 8579
1672 3501
1673 3485
1674 2282
1675 908
1676 880
1677 8812
1678 7529
1679 1269
1680 5990
1681 453
1682 6254
1683 1591
1684 1940
1685 624
1686 7478
1687 777
1688 1777
1689 8977
1690 422
1691 4069
1692 1115
1693 9302
1694 502
1695 546
1696 3364
1697 5095
1698 45
1699 241
1700 6223
1701 6173
1702 1466
1703 2626
1704 2055
1705 227
1706 1277
1707 986
1708 2283
1709 32
1710 2288
1711 7607
1712 991
1713 423
1714 6153
1715 8395
1716 7257
1717 4012
1718 272
1719 2876
1720 3729
1721 1987
1722 316
1723 544
1724 5073
1725 1372
1726 858
1727 939
1728 9514
1729 1756
1730 6952
1731 195
1732 2506
1733 7208
1734 656
1735 343
1736 7629
1737 6805
1738 592
1739 2501
1740 2761
1741 5489
1742 7219
1743 3002
1744 1388
1745 545
1746 347
1747 9015
1748 3801
1749 8661
1750 3138
1751 1052
1752 77
1753 4575
1754 4508
1755 5390
1756 6071
1757 3287
1758 2617
1759 441
1760 7899
1761 2109
1762 840
1763 8246
1764 2936
1765 1744
1766 6679
1767 1469
1768 2534
1769 6629
1770 5169
1771 3393
1772 5404
1773 4517
1774 4257
1775 349
1776 4758
1777 5006
1778 1042
1779 9159
1780 2167
1781 2942
1782 8264
1783 2855
1784 6880
1785 785
1786 3733
1787 9019
1788 1639
1789 5773
1790 1545
1791 2045
1792 4456
1793 7493
1794 671
1795 3686
1796 9253
1797 673
1798 2004
1799 1917
1800 2303
1801 3843
1802 2621
1803 1314
1804 2369
1805 14
1806 6166
1807 3446
1808 8905
1809 4713
1810 2399
1811 411
1812 1876
1813 1923
1814 8978
1815 2564
1816 8703
1817 2610
1818 626
1819 4480
1820 7893
1821 4850
1822 7213
1823 5375
1824 117
1825 67
1826 5507
1827 4077
1828 9175
1829 1865
1830 3667
1831 5765
1832 407
1833 2178
1834 2181
1835 2049
1836 4124
1837 3359
1838 3073
1839 1875
1840 1807
1841 1579
1842 555
1843 7795
1844 3290
1845 8445
1846 6129
1847 1055
1848 384
1849 8071
1850 5907
1851 3014
1852 2854
1853 8718
1854 137
1855 3691
1856 7900
1857 5025
1858 329
1859 412
1860 3477
1861 3347
1862 8930
1863 4829
1864 8130
1865 915
1866 7323
1867 5890
1868 9029
1869 786
1870 3472
1871 2380
1872 668
1873 5245
1874 4186
1875 308
1876 184
1877 2757
1878 1749
1879 2391
1880 460
1881 5238
1882 7368
1883 7068
1884 1774
1885 1515
1886 215
1887 3278
1888 5502
1889 4190
1890 5881
1891 6956
1892 5953
1893 1010
1894 2754
1895 2250
1896 6835
1897 2813
1898 2375
1899 2672
1900 9254
1901 6656
1902 96
1903 7371
1904 3351
1905 322
1906 8941
1907 281
1908 1834
1909 1319
1910 8400
1911 1414
1912 6285
1913 2719
1914 967
1915 2898
1916 4848
1917 9045
1918 8322
1919 1056
1920 8513
1921 1376
1922 6157
1923 638
1924 5479
1925 6370
1926 6305
1927 9480
1928 6394
1929 7250
1930 116
1931 5026
1932 1493
1933 1937
1934 339
1935 676
1936 1001
1937 3120
1938 5471
1939 3779
1940 3503
1941 614
1942 8236
1943 10
1944 1022
1945 7624
1946 4255
1947 7772
1948 3018
1949 5694
1950 3292
1951 893
1952 230
1953 6119
1954 4578
1955 1100
1956 3148
1957 447
1958 2485
1959 4232
1960 907
1961 918
1962 3129
1963 3758
1964 522
1965 6658
1966 2244
1967 7175
1968 3823
1969 4496
1970 1651
1971 1102
1972 132
1973 4076
1974 4770
1975 13
1976 4535
1977 7239
1978 39
1979 109
1980 8020
1981 3937
1982 717
1983 7998
1984 314
1985 6508
1986 1913
1987 2172
1988 1030
1989 1679
1990 8407
1991 7635
1992 5263
1993 251
1994 1531
1995 1342
1996 4897
1997 3702
1998 4708
1999 8451
2000 6203
2001 228
2002 2349
2003 6709
2004 5290
2005 774
2006 9376
2007 1892
2008 3325
2009 1581
2010 6677
2011 3509
2012 5078
2013 5257
2014 7590
2015 50
2016 492
2017 8284
2018 2310
2019 975
2020 6569
2021 964
2022 4602
2023 3965
2024 1933
2025 5205
2026 2820
2027 220
2028 6636
2029 3062
2030 8388
2031 1457
2032 7027
2033 1844
2034 2982
2035 8492
2036 229
2037 2149
2038 5793
2039 7827
2040 3899
2041 7046
2042 970
2043 1570
2044 3392
2045 8846
2046 1590
2047 6597
2048 5410
2049 1399
2050 2546
2051 5637
2052 5971
2053 2087
2054 2331
2055 2465
2056 697
2057 6734
2058 8550
2059 388
2060 9591
2061 1928
2062 2222
2063 5357
2064 4933
2065 8139
2066 1362
2067 5927
2068 1676
2069 535
2070 356
2071 3034
2072 142
2073 8328
2074 131
2075 1063
2076 5829
2077 5965
2078 6914
2079 782
2080 7149
2081 1580
2082 1181
2083 744
2084 1716
2085 7683
2086 2316
2087 5671
2088 1214
2089 5970
2090 5867
2091 8632
2092 135
2093 1473
2094 1575
2095 7135
2096 800
2097 7248
2098 7706
2099 8074
2100 7034
2101 587
2102 186
2103 2080
2104 5836
2105 3611
2106 7054
2107 8150
2108 6995
2109 1307
2110 1900
2111 495
2112 698
2113 7200
2114 8984
2115 8114
2116 4865
2117 5196
2118 2098
2119 1217
2120 1557
2121 6242
2122 5693
2123 2472
2124 2053
2125 791
2126 7424
2127 1997
2128 4154
2129 8586
2130 1116
2131 496
2132 1571
2133 7952
2134 173
2135 746
2136 1891
2137 6026
2138 99
2139 8877
2140 630
2141 983
2142 9201
2143 1711
2144 7373
2145 5546
2146 1239
2147 900
2148 1191
2149 1696
2150 2188
2151 590
2152 5942
2153 1352
2154 8275
2155 1665
2156 4775
2157 9184
2158 7466
2159 5631
2160 8567
2161 828
2162 5916
2163 944
2164 3556
2165 3111
2166 8132
2167 6868
2168 2901
2169 2511
2170 1546
2171 9578
2172 35
2173 1664
2174 5929
2175 5750
2176 534
2177 8342
2178 7123
2179 4833
2180 2231
2181 7254
2182 2733
2183 2964
2184 2493
2185 2844
2186 7401
2187 7205
2188 1078
2189 9585
2190 6769
2191 1825
2192 712
2193 63
2194 1430
2195 5323
2196 7124
2197 7932
2198 7348
2199 5920
2200 5139
2201 999
2202 1981
2203 2910
2204 481
2205 6895
2206 7765
2207 3085
2208 2298
2209 1888
2210 3222
2211 5888
2212 5688
2213 1840
2214 1478
2215 12
2216 8676
2217 6782
2218 9259
2219 8770
2220 1007
2221 8539
2222 6931
2223 279
2224 993
2225 1996
2226 321
2227 1087
2228 4939
2229 6891
2230 3406
2231 3886
2232 4622
2233 8176
2234 7226
2235 7086
2236 1656
2237 97
2238 5579
2239 1603
2240 2529
2241 7835
2242 9536
2243 6853
2244 8588
2245 262
2246 8051
2247 7322
2248 52
2249 2437
2250 8762
2251 4985
2252 5094
2253 3585
2254 2763
2255 702
2256 788
2257 7592
2258 654
2259 6571
2260 1544
2261 8737
2262 103
2263 3224
2264 6317
2265 1419
2266 2732
2267 6598
2268 6919
2269 7050
2270 4900
2271 6011
2272 7908
2273 4711
2274 9152
2275 1980
2276 223
2277 242
2278 8808
2279 1380
2280 7298
2281 8124
2282 2764
2283 4798
2284 6230
2285 289
2286 2071
2287 838
2288 3453
2289 2636
2290 1456
2291 7357
2292 1035
2293 5825
2294 9051
2295 1486
2296 7548
2297 8336
2298 669
2299 3403
2300 336
2301 6848
2302 8958
2303 1222
2304 9044
2305 4579
2306 3196
2307 4838
2308 5796
2309 4021
2310 1602
2311 1530
2312 1066
2313 1671
2314 771
2315 3771
2316 1160
2317 831
2318 3442
2319 5472
2320 89
2321 1229
2322 2769
2323 2683
2324 3488
2325 8552
2326 318
2327 4534
2328 7488
2329 5886
2330 9181
2331 62
2332 9349
2333 488
2334 1967
2335 7270
2336 3803
2337 2
2338 1970
2339 3936
2340 8355
2341 5122
2342 1832
2343 1038
2344 370
2345 666
2346 88
2347 2429
2348 807
2349 3376
2350 2252
2351 2068
2352 607
2353 5468
2354 358
2355 5769
2356 1058
2357 4455
2358 1862
2359 876
2360 5874
2361 3510
2362 7460
2363 5494
2364 7378
2365 7633
2366 1652
2367 3059
2368 1874
2369 5808
2370 2552
2371 8516
2372 4398
2373 1962
2374 1145
2375 15
2376 3787
2377 6506
2378 3688
2379 2412
2380 4724
2381 8909
2382 8771
2383 848
2384 5554
2385 1528
2386 7754
2387 6836
2388 202
2389 5082
2390 9118
2391 5640
2392 7232
2393 8765
2394 6533
2395 7242
2396 4141
2397 906
2398 5
2399 9099
2400 790
2401 399
2402 8298
2403 1606
2404 9544
2405 6743
2406 1706
2407 3075
2408 832
2409 4557
2410 1912
2411 1649
2412 872
2413 843
2414 4551
2415 4280
2416 27
2417 9311
2418 284
2419 217
2420 3117
2421 574
2422 2974
2423 2182
2424 989
2425 647
2426 6819
2427 969
2428 1027
2429 4272
2430 302
2431 7151
2432 814
2433 513
2434 2921
2435 5206
2436 4781
2437 3083
2438 3906
2439 2600
2440 6053
2441 674
2442 1405
2443 3304
2444 3979
2445 4319
2446 2127
2447 8366
2448 7774
2449 6226
2450 1302
2451 4647
2452 6730
2453 8343
2454 4392
2455 3400
2456 5710
2457 2448
2458 8424
2459 6486
2460 7487
2461 2020
2462 619
2463 1494
2464 1684
2465 1449
2466 2345
2467 4440
2468 3389
2469 5662
2470 1311
2471 1503
2472 3172
2473 634
2474 5691
2475 4767
2476 4095
2477 203
2478 245
2479 2432
2480 6750
2481 3439
2482 451
2483 2162
2484 4528
2485 542
2486 5132
2487 210
2488 7876
2489 2311
2490 5512
2491 4502
2492 3498
2493 5818
2494 2230
2495 3972
2496 3701
2497 143
2498 9402
2499 5428
2500 2056
2501 1424
2502 8297
2503 3377
2504 8007
2505 128
2506 379
2507 6999
2508 3946
2509 6345
2510 6485
2511 8767
2512 3316
2513 4938
2514 2062
2515 8741
2516 421
2517 1378
2518 9265
2519 8048
2520 7965
2521 2442
2522 1537
2523 7533
2524 1382
2525 2043
2526 561
2527 3362
2528 6551
2529 4709
2530 3806
2531 6567
2532 1212
2533 3573
2534 90
2535 1743
2536 2120
2537 8669
2538 700
2539 4734
2540 3684
2541 3479
2542 878
2543 1765
2544 4052
2545 6182
2546 2092
2547 1498
2548 3381
2549 3360
2550 2248
2551 1808
2552 255
2553 5193
2554 6401
2555 2799
2556 3639
2557 3970
2558 6695
2559 3999
2560 1278
2561 9276
2562 8731
2563 1227
2564 1678
2565 6794
2566 7392
2567 6504
2568 6389
2569 5137
2570 3882
2571 4276
2572 1554
2573 7767
2574 776
2575 8123
2576 5352
2577 7625
2578 896
2579 6494
2580 8883
2581 5702
2582 2359
2583 8341
2584 8293
2585 3522
2586 8908
2587 913
2588 7489
2589 2643
2590 780
2591 899
2592 3352
2593 72
2594 4982
2595 737
2596 6418
2597 1668
2598 4163
2599 2604
2600 793
2601 3949
2602 9352
2603 470
2604 2024
2605 6913
2606 7994
2607 8270
2608 5415
2609 1114
2610 781
2611 287
2612 627
2613 2075
2614 8344
2615 1000
2616 354
2617 8062
2618 3807
2619 8459
2620 1047
2621 5055
2622 664
2623 1654
2624 4432
2625 7758
2626 5255
2627 9241
2628 9389
2629 5481
2630 1467
2631 855
2632 1401
2633 1786
2634 3953
2635 1293
2636 7374
2637 1020
2638 3253
2639 1810
2640 2931
2641 1848
2642 4329
2643 4151
2644 2818
2645 6634
2646 755
2647 5531
2648 8580
2649 7602
2650 3918
2651 1471
2652 467
2653 499
2654 2899
2655 1662
2656 4354
2657 6241
2658 1586
2659 98
2660 3604
2661 6468
2662 106
2663 2050
2664 3248
2665 5679
2666 1308
2667 7907
2668 5536
2669 8640
2670 1135
2671 639
2672 7113
2673 9021
2674 766
2675 2720
2676 6585
2677 5573
2678 1282
2679 6605
2680 5845
2681 6467
2682 1273
2683 959
2684 283
2685 4499
2686 1304
2687 2009
2688 588
2689 8013
2690 8393
2691 160
2692 2627
2693 4028
2694 4036
2695 1966
2696 5334
2697 1846
2698 1742
2699 8857
2700 6889
2701 2902
2702 6833
2703 8182
2704 5044
2705 3523
2706 527
2707 2090
2708 857
2709 1532
2710 5177
2711 1140
2712 1439
2713 4325
2714 2513
2715 5593
2716 6859
2717 3122
2718 1703
2719 839
2720 4554
2721 1054
2722 2547
2723 606
2724 8655
2725 6124
2726 381
2727 4757
2728 7970
2729 1396
2730 2774
2731 2269
2732 1550
2733 1707
2734 7816
2735 1385
2736 2142
2737 6684
2738 7112
2739 3812
2740 7865
2741 6263
2742 7672
2743 6452
2744 216
2745 7366
2746 4078
2747 4736
2748 4374
2749 2661
2750 5891
2751 337
2752 604
2753 596
2754 3664
2755 3572
2756 1520
2757 7472
2758 1599
2759 1120
2760 3554
2761 1595
2762 1733
2763 3968
2764 1983
2765 874
2766 512
2767 69
2768 758
2769 2129
2770 6292
2771 9535
2772 2766
2773 3154
2774 2804
2775 2792
2776 3548
2777 9341
2778 459
2779 7669
2780 4576
2781 640
2782 2911
2783 2410
2784 5314
2785 1695
2786 4807
2787 4449
2788 6529
2789 5374
2790 1710
2791 3189
2792 3552
2793 1514
2794 4180
2795 4104
2796 5482
2797 9163
2798 4845
2799 5506
2800 9130
2801 6092
2802 7954
2803 3777
2804 2812
2805 6473
2806 1613
2807 565
2808 2198
2809 7299
2810 4006
2811 1186
2812 952
2813 7914
2814 5711
2815 1492
2816 1857
2817 2731
2818 1370
2819 2675
2820 3847
2821 3097
2822 7910
2823 3013
2824 8477
2825 4936
2826 3653
2827 2402
2828 8494
2829 4467
2830 3247
2831 1795
2832 2447
2833 1604
2834 5148
2835 7541
2836 3709
2837 3825
2838 2257
2839 4143
2840 6395
2841 4369
2842 7120
2843 8810
2844 6397
2845 6245
2846 4321
2847 1895
2848 9031
2849 741
2850 5981
2851 2374
2852 683
2853 4267
2854 6338
2855 8760
2856 1440
2857 826
2858 1522
2859 3133
2860 1049
2861 2452
2862 9270
2863 6108
2864 772
2865 690
2866 3397
2867 3995
2868 2208
2869 2618
2870 25
2871 7830
2872 4228
2873 1338
2874 1044
2875 6231
2876 1014
2877 5018
2878 7990
2879 1569
2880 2817
2881 982
2882 3911
2883 7136
2884 8147
2885 4960
2886 4995
2887 1292
2888 1667
2889 359
2890 6938
2891 8641
2892 264
2893 4416
2894 2159
2895 4320
2896 7978
2897 6056
2898 429
2899 7093
2900 4046
2901 8302
2902 4182
2903 704
2904 2852
2905 719
2906 543
2907 759
2908 4184
2909 6128
2910 4142
2911 2390
2912 138
2913 6446
2914 6495
2915 8190
2916 1903
2917 8188
2918 6217
2919 4992
2920 2747
2921 7500
2922 3538
2923 7905
2924 3031
2925 2777
2926 600
2927 8323
2928 7663
2929 7290
2930 3099
2931 2317
2932 1287
2933 483
2934 1124
2935 3197
2936 8547
2937 2118
2938 5230
2939 2106
2940 1333
2941 6864
2942 8442
2943 2500
2944 2168
2945 7404
2946 1773
2947 6271
2948 6159
2949 7485
2950 2046
2951 537
2952 641
2953 897
2954 1067
2955 22
2956 6772
2957 8004
2958 8584
2959 167
2960 2426
2961 1835
2962 9600
2963 249
2964 1182
2965 3299
2966 2232
2967 8172
2968 286
2969 382
2970 3662
2971 2488
2972 3102
2973 9560
2974 1978
2975 219
2976 5112
2977 4425
2978 1650
2979 94
2980 911
2981 1914
2982 979
2983 678
2984 3072
2985 3938
2986 8828
2987 2124
2988 1588
2989 5689
2990 2203
2991 8131
2992 5740
2993 3288
2994 8294
2995 3313
2996 4
2997 4189
2998 4015
2999 2883
3000 3467
3001 1737
3002 1050
3003 7870
3004 951
3005 8340
3006 1045
3007 2959
3008 2131
3009 1563
3010 9182
3011 1535
3012 3700
3013 265
3014 352
3015 218
3016 3263
3017 570
3018 4009
3019 1853
3020 6477
3021 118
3022 6310
3023 6065
3024 2573
3025 1558
3026 2084
3027 2881
3028 5341
3029 6786
3030 4268
3031 2083
3032 4666
3033 7095
3034 250
3035 5784
3036 2550
3037 2986
3038 2154
3039 5426
3040 716
3041 1127
3042 317
3043 1098
3044 2015
3045 1746
3046 170
3047 1060
3048 6020
3049 1285
3050 7709
3051 1207
3052 2979
3053 4225
3054 2204
3055 5642
3056 1614
3057 1709
3058 330
3059 3721
3060 7264
3061 8181
3062 6945
3063 2938
3064 256
3065 1196
3066 4780
3067 547
3068 7820
3069 6903
3070 3674
3071 2076
3072 612
3073 660
3074 5054
3075 628
3076 1357
3077 8518
3078 1758
3079 294
3080 1972
3081 2531
3082 4956
3083 3486
3084 8138
3085 608
3086 3659
3087 6738
3088 120
3089 7303
3090 1521
3091 6469
3092 5534
3093 6967
3094 1647
3095 6016
3096 6335
3097 1797
3098 9361
3099 2657
3100 1472
3101 5176
3102 1811
3103 1175
3104 1974
3105 1006
3106 778
3107 4720
3108 2648
3109 1930
3110 3078
3111 710
3112 7083
3113 2966
3114 7930
3115 7022
3116 6724
3117 625
3118 8999
3119 177
3120 9261
3121 2069
3122 1871
3123 2687
3124 3487
3125 2850
3126 585
3127 3619
3128 7788
3129 1945
3130 7860
3131 2103
3132 8509
3133 3268
3134 8670
3135 2054
3136 4631
3137 927
3138 2259
3139 7962
3140 7808
3141 1393
3142 2134
3143 3566
3144 4470
3145 4826
3146 6886
3147 1770
3148 2498
3149 2264
3150 5380
3151 4679
3152 1641
3153 1559
3154 862
3155 445
3156 9284
3157 60
3158 9345
3159 2955
3160 1241
3161 5276
3162 182
3163 3950
3164 2386
3165 2125
3166 1461
3167 2381
3168 2471
3169 2220
3170 8223
3171 47
3172 2596
3173 4443
3174 2665
3175 2078
3176 5289
3177 1039
3178 327
3179 2107
3180 5207
3181 875
3182 2040
3183 4722
3184 4326
3185 5307
3186 2756
3187 1323
3188 7720
3189 6873
3190 4665
3191 5580
3192 5902
3193 4217
3194 4107
3195 3086
3196 6566
3197 1638
3198 5241
3199 3885
3200 861
3201 7043
3202 3152
3203 335
3204 178
3205 4108
3206 5089
3207 1934
3208 1986
3209 597
3210 6314
3211 6882
3212 4545
3213 2796
3214 5417
3215 1407
3216 2356
3217 7370
3218 3000
3219 9093
3220 1069
3221 1264
3222 403
3223 4278
3224 3427
3225 446
3226 7380
3227 1845
3228 2398
3229 4420
3230 4262
3231 1500
3232 881
3233 644
3234 5870
3235 7956
3236 378
3237 2405
3238 8099
3239 5376
3240 6767
3241 1543
3242 3032
3243 1213
3244 2189
3245 3036
3246 1337
3247 9040
3248 1454
3249 1827
3250 7926
3251 4227
3252 5483
3253 2481
3254 6349
3255 5966
3256 2010
3257 6062
3258 8191
3259 873
3260 1458
3261 444
3262 2005
3263 351
3264 5178
3265 497
3266 5824
3267 8017
3268 2807
3269 553
3270 1177
3271 4700
3272 762
3273 6178
3274 295
3275 417
3276 5432
3277 2443
3278 4286
3279 398
3280 557
3281 3372
3282 5984
3283 2093
3284 8832
3285 7312
3286 2401
3287 9116
3288 3600
3289 895
3290 44
3291 4044
3292 7739
3293 4484
3294 5039
3295 3731
3296 2861
3297 8887
3298 4201
3299 6901
3300 3887
3301 5322
3302 2361
3303 2934
3304 9519
3305 8303
3306 529
3307 1365
3308 835
3309 1023
3310 4435
3311 8016
3312 6815
3313 518
3314 598
3315 1724
3316 2771
3317 247
3318 7309
3319 1262
3320 8363
3321 1327
3322 871
3323 3219
3324 7868
3325 8321
3326 2245
3327 3076
3328 8229
3329 73
3330 2206
3331 5275
3332 5682
3333 3284
3334 1009
3335 3799
3336 246
3337 3780
3338 4684
3339 5033
3340 4687
3341 1479
3342 1976
3343 1973
3344 1232
3345 8113
3346 1455
3347 2100
3348 787
3349 2704
3350 3879
3351 8845
3352 8283
3353 9326
3354 1748
3355 2081
3356 3751
3357 2126
3358 4774
3359 642
3360 3849
3361 5264
3362 4498
3363 5097
3364 2140
3365 7319
3366 68
3367 6283
3368 6326
3369 1785
3370 5882
3371 7307
3372 5733
3373 725
3374 6309
3375 7356
3376 5956
3377 8674
3378 6471
3379 6133
3380 80
3381 4454
3382 6073
3383 4288
3384 5844
3385 1119
3386 850
3387 64
3388 1619
3389 9108
3390 2047
3391 3334
3392 580
3393 617
3394 2363
3395 6872
3396 5601
3397 2635
3398 448
3399 8843
3400 5935
3401 7506
3402 476
3403 5005
3404 433
3405 2549
3406 5661
3407 3017
3408 4689
3409 4089
3410 9073
3411 3319
3412 6162
3413 1607
3414 515
3415 4763
3416 2196
3417 6911
3418 7710
3419 6690
3420 504
3421 8404
3422 20
3423 1856
3424 1206
3425 3811
3426 8454
3427 7852
3428 7693
3429 1513
3430 4466
3431 3088
3432 1159
3433 4173
3434 9336
3435 3119
3436 721
3437 8758
3438 9206
3439 404
3440 1717
3441 402
3442 3206
3443 151
3444 3320
3445 1908
3446 1265
3447 6850
3448 1373
3449 5171
3450 2155
3451 1587
3452 7920
3453 8882
3454 1714
3455 1289
3456 8773
3457 2116
3458 922
3459 1150
3460 6493
3461 8897
3462 8597
3463 383
3464 366
3465 1998
3466 362
3467 2981
3468 5188
3469 1784
3470 5944
3471 3616
3472 6906
3473 1791
3474 1280
3475 5305
3476 7507
3477 1409
3478 808
3479 3348
3480 2022
3481 3411
3482 3370
3483 5036
3484 7680
3485 5219
3486 566
3487 901
3488 742
3489 6630
3490 9580
3491 2421
3492 74
3493 1118
3494 4198
3495 6737
3496 572
3497 631
3498 4729
3499 1818
3500 2578
3501 274
3502 5220
3503 4894
3504 3562
3505 1666
3506 2811
3507 9512
3508 6616
3509 8800
3510 6604
3511 2077
3512 7997
3513 6795
3514 424
3515 9562
3516 6402
3517 6364
3518 2875
3519 4725
3520 8664
3521 7039
3522 1751
3523 8286
3524 4397
3525 4681
3526 3052
3527 4332
3528 9529
3529 277
3530 932
3531 3209
3532 6649
3533 9
3534 7243
3535 663
3536 168
3537 658
3538 2460
3539 6400
3540 2191
3541 288
3542 8546
3543 5863
3544 5387
3545 235
3546 8102
3547 3901
3548 8659
3549 802
3550 4751
3551 1179
3552 1211
3553 5572
3554 6879
3555 457
3556 5124
3557 3296
3558 1398
3559 1297
3560 4213
3561 7296
3562 5268
3563 3176
3564 7576
3565 311
3566 1305
3567 3506
3568 809
3569 3321
3570 3920
3571 6921
3572 2388
3573 6982
3574 9390
3575 3724
3576 8651
3577 6573
3578 3673
3579 1173
3580 2067
3581 636
3582 6966
3583 718
3584 722
3585 6870
3586 5504
3587 3588
3588 5478
3589 7268
3590 1046
3591 108
3592 996
3593 33
3594 1787
3595 884
3596 4478
3597 9386
3598 6106
3599 3620
3600 263
3601 6624
3602 2297
3603 7310
3604 7416
3605 7190
3606 4183
3607 2474
3608 350
3609 6125
3610 1125
3611 3098
3612 1693
3613 76
3614 7528
3615 1941
3616 1661
3617 3925
3618 5088
3619 2622
3620 6948
3621 5423
3622 6187
3623 9250
3624 3942
3625 851
3626 1428
3627 3615
3628 3805
3629 594
3630 9169
3631 65
3632 1747
3633 9297
3634 1776
3635 7276
3636 2334
3637 1988
3638 5311
3639 5293
3640 6044
3641 1065
3642 38
3643 7222
3644 5698
3645 8730
3646 4051
3647 602
3648 765
3649 779
3650 1288
3651 4170
3652 1740
3653 1021
3654 48
3655 8415
3656 1584
3657 2826
3658 2147
3659 4353
3660 2841
3661 3547
3662 7848
3663 5119
3664 577
3665 111
3666 4411
3667 8470
3668 2580
3669 4128
3670 2794
3671 8097
3672 4022
3673 2611
3674 82
3675 735
3676 5658
3677 3016
3678 2441
3679 1805
3680 1386
3681 3280
3682 3661
3683 909
3684 692
3685 3410
3686 3518
3687 5761
3688 8855
3689 3326
3690 3068
3691 4944
3692 810
3693 5319
3694 4071
3695 8466
3696 1497
3697 1681
3698 3677
3699 1166
3700 1328
3701 153
3702 147
3703 662
3704 2099
3705 7229
3706 9496
3707 770
3708 5503
3709 4035
3710 425
3711 1509
3712 9281
3713 2214
3714 6261
3715 2346
3716 2624
3717 2831
3718 9053
3719 3200
3720 1468
3721 1364
3722 6994
3723 1819
3724 4846
3725 2035
3726 299
3727 1916
3728 8444
3729 8662
3730 34
3731 3561
3732 1541
3733 1796
3734 6811
3735 1223
3736 757
3737 3243
3738 2433
3739 2837
3740 145
3741 9424
3742 7810
3743 1960
3744 681
3745 6170
3746 5047
3747 7391
3748 8373
3749 91
3750 1686
3751 4178
3752 2781
3753 4305
3754 4306
3755 1625
3756 5114
3757 5982
3758 6238
3759 1894
3760 3437
3761 5291
3762 3363
3763 6100
3764 6054
3765 4226
3766 5161
3767 679
3768 2705
3769 7426
3770 856
3771 3975
3772 6642
3773 2835
3774 4858
3775 2923
3776 7491
3777 226
3778 5856
3779 5086
3780 3135
3781 6876
3782 1017
3783 209
3784 1256
3785 6032
3786 4314
3787 461
3788 2032
3789 3690
3790 7267
3791 8214
3792 2148
3793 4675
3794 528
3795 5345
3796 8705
3797 854
3798 1231
3799 1025
3800 1134
3801 3185
3802 1071
3803 87
3804 1075
3805 1097
3806 385
3807 1481
3808 2233
3809 2691
3810 2115
3811 1349
3812 8247
3813 7359
3814 1718
3815 6024
3816 8289
3817 3594
3818 1698
3819 841
3820 2007
3821 7790
3822 140
3823 6784
3824 28
3825 6447
3826 392
3827 7369
3828 8830
3829 3581
3830 5789
3831 5034
3832 1200
3833 1820
3834 9617
3835 9342
3836 6225
3837 2367
3838 1235
3839 2427
3840 3379
3841 1034
3842 7648
3843 609
3844 3289
3845 2036
3846 1101
3847 1634
3848 4203
3849 1944
3850 5184
3851 6530
3852 40
3853 1907
3854 945
3855 1949
3856 576
3857 163
3858 2842
3859 792
3860 172
3861 7613
3862 7936
3863 4105
3864 5246
3865 2376
3866 1925
3867 3742
3868 3021
3869 1672
3870 9176
3871 1249
3872 3630
3873 1727
3874 9179
3875 2868
3876 8754
3877 1731
3878 8793
3879 5286
3880 623
3881 6435
3882 1536
3883 4730
3884 7196
3885 7350
3886 992
3887 1263
3888 8390
3889 450
3890 4891
3891 7806
3892 1489
3893 3121
3894 2548
3895 1463
3896 8433
3897 3012
3898 208
3899 51
3900 4185
3901 1881
3902 2095
3903 1909
3904 207
3905 9232
3906 297
3907 3030
3908 1190
3909 1538
3910 2994
3911 5741
3912 4211
3913 1922
3914 5156
3915 2703
3916 3459
3917 1170
3918 615
3919 1086
3920 2033
3921 707
3922 2262
3923 5109
3924 2440
3925 941
3926 6350
3927 6059
3928 1255
3929 8335
3930 1534
3931 3863
3932 4338
3933 2343
3934 9472
3935 334
3936 4957
3937 4566
3938 1902
3939 1629
3940 6014
3941 621
3942 2121
3943 2221
3944 3524
3945 1092
3946 1341
3947 6590
3948 205
3949 7015
3950 2145
3951 1831
3952 1979
3953 730
3954 6681
3955 4599
3956 6518
3957 6268
3958 1953
3959 1879
3960 8715
3961 1008
3962 821
3963 17
3964 1276
3965 1596
3966 5199
3967 7815
3968 6998
3969 7376
3970 823
3971 724
3972 2141
3973 8626
3974 2692
3975 464
3976 2871
3977 3029
3978 2026
3979 3564
3980 4284
3981 6595
3982 4667
3983 1157
3984 3988
3985 2882
3986 1658
3987 661
3988 2110
3989 3761
3990 2727
3991 2684
3992 1095
3993 8635
3994 9547
3995 2021
3996 2251
3997 1369
3998 2480
3999 5476
4000 6818
4001 2114
4002 1842
4003 1621
4004 1801
4005 2183
4006 1363
4007 5628
4008 6547
4009 3558
4010 391
4011 414
4012 605
4013 815
4014 5590
4015 1326
4016 2634
4017 6069
4018 5967
4019 1076
4020 244
4021 1971
4022 6385
4023 5539
4024 1611
4025 8502
4026 894
4027 3890
4028 141
4029 290
4030 1350
4031 6277
4032 3877
4033 8133
4034 5764
4035 5517
4036 961
4037 5028
4038 2160
4039 6509
4040 81
4041 1720
4042 8463
4043 1403
4044 8121
4045 1499
4046 1824
4047 9079
4048 1502
4049 919
4050 1402
4051 1048
4052 2341
4053 8599
4054 328
4055 449
4056 4382
4057 2012
4058 936
4059 8719
4060 7097
4061 670
4062 455
4063 1224
4064 1565
4065 9549
4066 5072
4067 5107
4068 4676
4069 1755
4070 2577
4071 9160
4072 6040
4073 5788
4074 1663
4075 6221
4076 2951
4077 685
4078 1355
4079 1332
4080 1079
4081 8287
4082 8371
4083 3066
4084 3286
4085 2571
4086 6666
4087 6278
4088 1260
4089 309
4090 6269
4091 5873
4092 5172
4093 1518
4094 4573
4095 7441
4096 6527
4097 3489
4098 1242
4099 4333
4100 6949
4101 885
4102 4958
4103 1610
4104 2944
4105 463
4106 9491
4107 960
4108 1626
4109 610
4110 754
4111 1697
4112 8196
4113 3646
4114 3605
4115 2935
4116 3314
4117 930
4118 1279
4119 6094
4120 1188
4121 2136
4122 1812
4123 5283
4124 1759
4125 925
4126 6022
4127 1826
4128 4662
4129 3955
4130 188
4131 2711
4132 9434
4133 462
4134 3608
4135 521
4136 187
4137 6621
4138 1615
4139 2434
4140 5165
4141 2123
4142 8447
4143 688
4144 2865
4145 2261
4146 5724
4147 1015
4148 175
4149 53
4150 633
4151 5833
4152 2505
4153 1358
4154 3768
4155 3126
4156 9065
4157 1243
4158 2725
4159 2000
4160 1051
4161 3689
4162 1077
4163 1324
4164 2396
4165 1745
4166 1331
4167 4048
4168 3563
4169 3774
4170 8385
4171 4122
4172 3531
4173 4794
4174 7673
4175 5198
4176 400
4177 1096
4178 1524
4179 9156
4180 865
4181 8615
4182 5568
4183 978
4184 8613
4185 3004
4186 110
4187 1080
4188 4847
4189 8787
4190 8556
4191 942
4192 7518
4193 4381
4194 7554
4195 1993
4196 1946
4197 7343
4198 6417
4199 6905
4200 3458
4201 5208
4202 1482
4203 1451
4204 508
4205 9462
4206 7984
4207 7379
4208 4172
4209 5695
4210 1643
4211 1692
4212 9475
4213 2642
4214 1682
4215 1219
4216 5414
4217 1208
4218 6043
4219 9370
4220 509
4221 1567
4222 6593
4223 4587
4224 4812
4225 2625
4226 3
4227 2400
4228 472
4229 1691
4230 2108
4231 2834
4232 2666
4233 348
4234 1761
4235 817
4236 1867
4237 8079
4238 9391
4239 1994
4240 2364
4241 7139
4242 377
4243 1510
4244 8891
4245 9509
4246 285
4247 4243
4248 8649
4249 3349
4250 4808
4251 4705
4252 711
4253 254
4254 6037
4255 6970
4256 1070
4257 6762
4258 1209
4259 2601
4260 5451
4261 1392
4262 2993
4263 646
4264 2027
4265 3743
4266 1154
4267 7662
4268 4608
4269 2042
4270 2130
4271 7763
4272 977
4273 1508
4274 928
4275 7617
4276 1896
4277 8589
4278 1816
4279 410
4280 7389
4281 1397
4282 7294
4283 6619
4284 3663
4285 834
4286 1863
4287 2746
4288 1872
4289 3502
4290 997
4291 1192
4292 3387
4293 7922
4294 1642
4295 6942
4296 2674
4297 372
4298 1954
4299 2330
4300 8018
4301 2510
4302 7168
4303 5317
4304 2614
4305 5887
4306 8112
4307 5821
4308 3525
4309 5820
4310 1081
4311 5767
4312 1165
4313 5565
4314 3543
4315 3867
4316 8
4317 7606
4318 1771
4319 7238
4320 2170
4321 4991
4322 1368
4323 6391
4324 1429
4325 2143
4326 2236
4327 784
4328 2281
4329 6432
4330 657
4331 687
4332 6858
4333 261
4334 5939
4335 3070
4336 2516
4337 8740
4338 8031
4339 1734
4340 7448
4341 2932
4342 2449
4343 1040
4344 4202
4345 1176
4346 1864
4347 9474
4348 3871
4349 797
4350 2888
4351 1019
4352 1300
4353 2299
4354 1347
4355 301
4356 482
4357 3590
4358 415
4359 2540
4360 4218
4361 8709
4362 5092
4363 5201
4364 8555
4365 8748
4366 653
4367 4739
4368 8922
4369 783
4370 1032
4371 6663
4372 4248
4373 1425
4374 560
4375 1719
4376 1043
4377 2823
4378 477
4379 4047
4380 5880
4381 1413
4382 7321
4383 2101
4384 5686
4385 2144
4386 2542
4387 164
4388 4532
4389 6648
4390 58
4391 2164
4392 816
4393 2197
4394 7262
4395 3873
4396 3907
4397 3050
4398 7851
4399 112
4400 4895
4401 5427
4402 1379
4403 8788
4404 1551
4405 6499
4406 6575
4407 6572
4408 6577
4409 5729
4410 9075
4411 1965
4412 43
4413 886
4414 3020
4415 8386
4416 5617
4417 6154
4418 3113
4419 126
4420 1002
4421 1883
4422 1126
4423 4694
4424 1769
4425 2328
4426 6652
4427 6061
4428 54
4429 563
4430 6768
4431 2887
4432 4596
4433 4356
4434 985
4435 2690
4436 380
4437 1999
4438 5486
4439 7148
4440 2415
4441 7385
4442 376
4443 7053
4444 3252
4445 3571
4446 9355
4447 5079
4448 157
4449 3858
4450 8903
4451 3028
4452 1194
4453 5190
4454 5860
4455 3082
4456 1694
4457 2074
4458 3723
4459 1730
4460 7029
4461 9447
4462 3273
4463 536
4464 8411
4465 8928
4466 6284
4467 7098
4468 8173
4469 1408
4470 1989
4471 310
4472 7766
4473 1291
4474 3308
4475 3407
4476 1284
4477 323
4478 1202
4479 1487
4480 564
4481 1233
4482 526
4483 3361
4484 389
4485 5783
4486 616
4487 1952
4488 5669
4489 437
4490 8806
4491 2205
4492 5755
4493 475
4494 1525
4495 3322
4496 3656
4497 3106
4498 1780
4499 6898
4500 2097
4501 7301
4502 6944
4503 5228
4504 6702
4505 4114
4506 1809
4507 176
4508 6215
4509 2594
4510 4273
4511 1968
4512 3027
4513 8137
4514 4220
4515 4521
4516 5204
4517 1608
4518 648
4519 8061
4520 3342
4521 267
4522 4070
4523 1018
4524 4413
4525 3782
4526 500
4527 883
4528 5523
4529 3337
4530 5464
4531 3878
4532 5952
4533 4323
4534 1648
4535 5309
4536 5594
4537 2492
4538 5074
4539 892
4540 946
4541 5189
4542 3011
4543 1083
4544 4547
4545 5111
4546 573
4547 8104
4548 3107
4549 3249
4550 5438
4551 374
4552 7753
4553 4139
4554 652
4555 5865
4556 7800
4557 3262
4558 1685
4559 4658
4560 1448
4561 7028
4562 632
4563 523
4564 134
4565 6199
4566 812
4567 4868
4568 6130
4569 7623
4570 1251
4571 5997
4572 3644
4573 3460
4574 3844
4575 2456
4576 5948
4577 6478
4578 2893
4579 395
4580 1453
4581 8653
4582 7177
4583 6195
4584 7007
4585 1631
4586 1540
4587 3074
4588 8577
4589 1600
4590 1673
4591 517
4592 5023
4593 1622
4594 7425
4595 1990
4596 6264
4597 5085
4598 2697
4599 1258
4600 2200
4601 6027
4602 8274
4603 3872
4604 7013
4605 2667
4606 706
4607 6846
4608 2301
4609 2240
4610 6904
4611 2338
4612 6227
4613 1318
4614 3957
4615 6641
4616 1268
4617 501
4618 705
4619 8406
4620 4569
4621 7258
4622 1906
4623 4733
4624 1343
4625 1248
4626 6076
4627 924
4628 5003
4629 1205
4630 75
4631 8665
4632 8707
4633 8510
4634 5108
4635 1683
4636 5477
4637 940
4638 8060
4639 1465
4640 3218
4641 159
4642 7125
4643 6010
4644 8525
4645 3212
4646 8568
4647 2030
4648 611
4649 4572
4650 8549
4651 2044
4652 7484
4653 7388
4654 1111
4655 6122
4656 1351
4657 2464
4658 5655
4659 1321
4660 7982
4661 3408
4662 4951
4663 8675
4664 5260
4665 9384
4666 4660
4667 1335
4668 1394
4669 1294
4670 738
4671 1699
4672 7981
4673 4637
4674 569
4675 9365
4676 192
4677 6609
4678 2541
4679 601
4680 1768
4681 9625
4682 7735
4683 2321
4684 6675
4685 1057
4686 1317
4687 3134
4688 1225
4689 4216
4690 3045
4691 2161
4692 393
4693 3124
4694 4594
4695 8066
4696 9274
4697 3330
4698 6013
4699 1735
4700 8175
4701 7813
4702 1899
4703 6601
4704 1143
4705 1677
4706 6524
4707 4049
4708 9531
4709 8630
4710 8095
4711 2176
4712 9614
4713 346
4714 935
4715 3693
4716 1964
4717 1496
4718 2260
4719 7636
4720 4008
4721 3040
4722 233
4723 5249
4724 439
4725 1236
4726 5252
4727 1804
4728 3727
4729 489
4730 2477
4731 9367
4732 6939
4733 2808
4734 5678
4735 5358
4736 1739
4737 3764
4738 78
4739 4150
4740 332
4741 9575
4742 2536
4743 8638
4744 9178
4745 2235
4746 1130
4747 4693
4748 2588
4749 1929
4750 3544
4751 2199
4752 1576
4753 6852
4754 971
4755 1704
4756 1089
4757 795
4758 280
4759 591
4760 8063
4761 3164
4762 6907
4763 1158
4764 293
4765 3875
4766 2988
4767 672
4768 3394
4769 729
4770 1566
4771 684
4772 3298
4773 902
4774 2034
4775 7297
4776 1108
4777 1582
4778 189
4779 1992
4780 6219
4781 1290
4782 23
4783 8110
4784 100
4785 7527
4786 5110
4787 7118
4788 2085
4789 2912
4790 1689
4791 5378
4792 926
4793 7285
4794 194
4795 1281
4796 8817
4797 7656
4798 438
4799 2785
4800 6
4801 239
4802 2320
4803 3385
4804 7838
4805 8050
4806 2223
4807 966
4808 2031
4809 1339
4810 419
4811 836
4812 139
4813 1938
4814 276
4815 867
4816 4742
4817 1141
4818 3715
4819 9150
4820 5527
4821 1416
4822 933
4823 2562
4824 3612
4825 4062
4826 2960
4827 1443
4828 1153
4829 5373
4830 1617
4831 3819
4832 5762
4833 866
4834 5115
4835 1274
4836 1873
4837 5548
4838 149
4839 6098
4840 4816
4841 1151
4842 1553
4843 3804
4844 3973
4845 9396
4846 9100
4847 6940
4848 2335
4849 4476
4850 9455
4851 1422
4852 2225
4853 196
4854 4489
4855 7245
4856 1687
4857 1240
4858 3623
4859 2809
4860 4783
4861 369
4862 3227
4863 1644
4864 9061
4865 1216
4866 5753
4867 5585
4868 7282
4869 326
4870 2058
4871 6114
4872 5588
4873 427
4874 8959
4875 5221
4876 8804
4877 8503
4878 7770
4879 107
4880 1444
4881 5715
4882 2128
4883 122
4884 11
4885 4726
4886 5084
4887 682
4888 8347
4889 1523
4890 1438
4891 21
4892 6005
4893 1117
4894 2179
4895 981
4896 708
4897 2059
4898 368
4899 6802
4900 2609
4901 731
4902 416
4903 2644
4904 6671
4905 3333
4906 7817
4907 3329
4908 3551
4909 6668
4910 9339
4911 694
4912 3345
4913 466
4914 1942
4915 750
4916 1574
4917 8468
4918 6694
4919 1657
4920 3931
4921 4401
4922 5665
4923 1919
4924 9072
4925 8889
4926 5779
4927 8249
4928 1767
4929 753
4930 2216
4931 1107
4932 2086
4933 4100
4934 6637
4935 6343
4936 1705
4937 8642
4938 3037
4939 7789
4940 749
4941 1675
4942 1028
4943 2122
4944 643
4945 4464
4946 7759
4947 6023
4948 3940
4949 6101
4950 5302
4951 9191
4952 2857
4953 1452
4954 3063
4955 3327
4956 9209
4957 4905
4958 5555
4959 4348
4960 2325
4961 2073
4962 6809
4963 435
4964 962
4965 7473
4966 2439
4967 2744
4968 1283
4969 1601
4970 3328
4971 8257
4972 4300
4973 736
4974 9446
4975 8916
4976 6822
4977 3421
4978 9426
4979 6522
4980 9216
4981 1781
4982 9113
4983 8152
4984 7000
4985 2173
4986 4149
4987 1564
4988 9245
4989 2639
4990 1577
4991 6393
4992 756
4993 2680
4994 5577
4995 4671
4996 4475
4997 4731
4998 5563
4999 8842
5000 1752
5001 910
5002 9231
5003 59
5004 6992
5005 2146
5006 6354
5007 6289
5008 1562
5009 4289
5010 320
5011 1817
5012 4549
5013 3834
5014 6218
5015 5635
5016 1488
5017 2166
5018 723
5019 9601
5020 24
5021 5553
5022 693
5023 479
5024 1889
5025 5766
5026 409
5027 363
5028 904
5029 6713
5030 5980
5031 2671
5032 16
5033 2186
5034 4024
5035 1210
5036 1257
5037 3042
5038 540
5039 1850
5040 1526
5041 1504
5042 2025
5043 2752
5044 8330
5045 2037
5046 1094
5047 9153
5048 1926
5049 9223
5050 7452
5051 2459
5052 7045
5053 4668
5054 222
5055 1128
5056 3044
5057 8631
5058 5552
5059 760
5060 269
5061 454
5062 5843
5063 6273
5064 6810
5065 747
5066 701
5067 1012
5068 5592
5069 7792
5070 1861
5071 7405
5072 8221
5073 912
5074 4254
5075 4222
5076 6854
5077 4219
5078 2991
5079 8389
5080 4973
5081 853
5082 956
5083 2537
5084 4950
5085 4840
5086 5515
5087 4661
5088 5811
5089 4898
5090 637
5091 1975
5092 5298
5093 3841
5094 8281
5095 7664
5096 667
5097 3952
5098 2113
5099 1802
5100 234
5101 5185
5102 7352
5103 224
5104 2840
5105 4497
5106 2119
5107 5578
5108 1218
5109 325
5110 1869
5111 4462
5112 8212
5113 4721
5114 3599
5115 9623
5116 5771
5117 1828
5118 3539
5119 8309
5120 2048
5121 1738
5122 9280
5123 9335
5124 5125
5125 9220
5126 3657
5127 5463
5128 6434
5129 1099
5130 6362
5131 5325
5132 7236
5133 4719
5134 1741
5135 920
5136 6055
5137 974
5138 3490
5139 538
5140 3747
5141 830
5142 510
5143 478
5144 3215
5145 948
5146 8880
5147 4513
5148 3094
5149 305
5150 5992
5151 2016
5152 5459
5153 4371
5154 6927
5155 2372
5156 1088
5157 3128
5158 3216
5159 1410
5160 3474
5161 2597
5162 4403
5163 559
5164 7400
5165 426
5166 1271
5167 3054
5168 4448
5169 9458
5170 8088
5171 5560
5172 253
5173 5567
5174 4059
5175 3648
5176 7406
5177 8603
5178 2913
5179 5145
5180 990
5181 2019
5182 19
5183 599
5184 1728
5185 7041
5186 452
5187 2507
5188 7439
5189 5452
5190 4559
5191 1690
5192 1122
5193 6997
5194 1183
5195 2570
5196 1880
5197 929
5198 4625
5199 1230
5200 2702
5201 864
5202 1723
5203 1315
5204 9603
5205 4997
5206 2969
5207 2165
5208 102
5209 645
5210 2091
5211 4084
5212 5551
5213 420
5214 123
5215 4836
5216 2089
5217 4871
5218 4074
5219 471
5220 304
5221 79
5222 827
5223 2185
5224 6698
5225 8847
5226 3494
5227 5155
5228 6421
5229 1632
5230 237
5231 8799
5232 8499
5233 1064
5234 4196
5235 364
5236 6390
5237 550
5238 1517
5239 8039
5240 3529
5241 319
5242 4246
5243 156
5244 373
5245 8536
5246 1459
5247 2226
5248 2987
5249 8628
5250 6453
5251 1585
5252 552
5253 4417
5254 180
5255 144
5256 8587
5257 3638
5258 1270
5259 837
5260 3797
5261 3496
5262 7090
5263 973
5264 4961
5265 8532
5266 491
5267 6377
5268 4761
5269 3108
5270 1505
5271 8034
5272 6545
5273 1924
5274 1250
5275 2378
5276 6376
5277 1462
5278 3739
5279 1729
5280 1164
5281 6555
5282 7165
5283 7228
5284 6183
5285 7110
5286 4932
5287 161
5288 1138
5289 1340
5290 5852
5291 1152
5292 270
5293 6688
5294 852
5295 6374
5296 3997
5297 1072
5298 7351
5299 9629
5300 4018
5301 3492
5302 9517
5303 2453
5304 7882
5305 1442
5306 1680
5307 2543
5308 9406
5309 1636
5310 2011
5311 1374
5312 1053
5313 4102
5314 898
5315 1843
5316 7044
5317 5775
5318 2111
5319 355
5320 2544
5321 2014
5322 1702
5323 2348
5324 3956
5325 805
5326 5726
5327 9566
5328 8769
5329 803
5330 9106
5331 4796
5332 1185
5333 1113
5334 9449
5335 650
5336 789
5337 4981
5338 949
5339 988
5340 4055
5341 1841
5342 3264
5343 4429
5344 3116
5345 1616
5346 3624
5347 3692
5348 1390
5349 4034
5350 41
5351 1956
5352 268
5353 887
5354 4123
5355 3516
5356 3932
5357 833
5358 1927
5359 4241
5360 734
5361 3717
5362 9608
5363 1013
5364 3601
5365 595
5366 582
5367 9305
5368 4974
5369 9141
5370 4701
5371 1779
5372 1555
5373 4564
5374 1688
5375 4516
5376 8350
5377 5123
5378 5113
5379 8156
5380 3555
5381 5061
5382 3720
5383 8867
5384 2169
5385 2105
5386 3465
5387 6492
5388 5606
5389 1197
5390 3096
5391 1267
5392 7577
5393 953
5394 1753
5395 155
5396 3179
5397 1798
5398 2018
5399 2061
5400 1460
5401 9362
5402 5488
5403 181
5404 1995
5405 2895
5406 6406
5407 3232
5408 1121
5409 1701
5410 93
5411 8402
5412 4360
5413 3293
5414 7945
5415 5975
5416 984
5417 7940
5418 2598
5419 1026
5420 221
5421 6265
5422 5138
5423 5831
5424 2064
5425 7881
5426 443
5427 3375
5428 4166
5429 2907
5430 726
5431 9165
5432 7723
5433 9611
5434 3071
5435 3589
5436 5950
5437 406
5438 4519
5439 275
5440 2177
5441 5589
5442 916
5443 6132
5444 2139
5445 6602
5446 829
5447 7367
5448 4302
5449 5009
5450 260
5451 7231
5452 6301
5453 8462
5454 341
5455 2163
5456 3265
5457 511
5458 430
5459 2776
5460 7546
5461 3553
5462 5004
5463 4265
5464 6701
5465 174
5466 3438
5467 2211
5468 6877
5469 7771
5470 1272
5471 1003
5472 9030
5473 4207
5474 5487
5475 3507
5476 1178
5477 1383
5478 1637
5479 581
5480 2941
5481 7080
5482 739
5483 9556
5484 4670
5485 266
5486 5101
5487 5154
5488 2241
5489 6419
5490 1298
5491 3005
5492 3371
5493 4940
5494 3256
5495 2896
5496 1593
5497 4050
5498 709
