3313
0 6673
1 600
2 3583
3 3013
4 6836
5 4153
6 99
7 7000
8 7473
9 3582
10 5153
11 148
12 536
13 649
14 2846
15 1605
16 207
17 3139
18 2359
19 5797
20 6620
21 694
22 603
23 4190
24 736
25 7300
26 6823
27 2793
28 7071
29 2507
30 2072
31 1151
32 6337
33 864
34 1529
35 6098
36 4088
37 4458
38 4359
39 4572
40 4013
41 6140
42 3134
43 2282
44 1815
45 5967
46 5122
47 3275
48 6179
49 4414
50 6520
51 707
52 2138
53 6873
54 4615
55 2686
56 4020
57 2133
58 2309
59 538
60 1473
61 205
62 835
63 1116
64 5384
65 1439
66 2460
67 2030
68 2985
69 789
70 1561
71 1929
72 660
73 861
74 1474
75 4802
76 7186
77 6636
78 5401
79 1393
80 1212
81 1150
82 2307
83 2720
84 314
85 407
86 2094
87 1996
88 3610
89 731
90 1903
91 3247
92 3211
93 1460
94 1370
95 6507
96 2338
97 2337
98 3653
99 679
100 3946
101 6642
102 7341
103 847
104 90
105 5826
106 1354
107 1523
108 1225
109 2011
110 2171
111 2143
112 3747
113 4712
114 3418
115 1602
116 6660
117 7199
118 779
119 5208
120 74
121 1614
122 5015
123 2796
124 4374
125 1991
126 3133
127 6126
128 1522
129 5616
130 2903
131 4824
132 169
133 296
134 2494
135 697
136 322
137 2758
138 1652
139 1349
140 2653
141 7107
142 2585
143 2165
144 3878
145 1121
146 5778
147 2423
148 4860
149 2156
150 274
151 3014
152 1952
153 2199
154 6638
155 2790
156 1650
157 1374
158 4704
159 622
160 4263
161 6402
162 505
163 5025
164 3129
165 4703
166 2971
167 1540
168 1357
169 387
170 4665
171 2753
172 2779
173 1817
174 6514
175 942
176 2752
177 6193
178 4384
179 3093
180 4251
181 2213
182 3906
183 1783
184 3443
185 580
186 760
187 341
188 172
189 7244
190 3293
191 1768
192 3390
193 1231
194 1457
195 3990
196 6306
197 4420
198 641
199 4775
200 1681
201 7328
202 4559
203 982
204 1722
205 3755
206 233
207 5104
208 2112
209 3236
210 3924
211 978
212 2991
213 451
214 659
215 234
216 1302
217 4731
218 6431
219 4683
220 7366
221 684
222 1433
223 202
224 3223
225 2362
226 6799
227 6198
228 6197
229 636
230 3931
231 7236
232 6110
233 3689
234 1294
235 4288
236 4421
237 1331
238 5658
239 4596
240 1801
241 2369
242 7357
243 3220
244 640
245 463
246 5294
247 2251
248 848
249 3302
250 1062
251 194
252 466
253 3462
254 3254
255 3006
256 6063
257 5762
258 2455
259 4880
260 5143
261 5844
262 262
263 2904
264 2941
265 3128
266 6985
267 1790
268 1569
269 6646
270 153
271 772
272 1541
273 6397
274 3317
275 1496
276 4281
277 1574
278 6053
279 6278
280 3553
281 3073
282 985
283 4635
284 5010
285 3654
286 1599
287 185
288 2820
289 1032
290 7383
291 717
292 3237
293 2490
294 5291
295 1925
296 2931
297 1703
298 5981
299 4504
300 1162
301 1176
302 973
303 4975
304 5439
305 6940
306 2624
307 4713
308 1842
309 2101
310 662
311 7373
312 5886
313 5235
314 785
315 2691
316 4829
317 2378
318 2014
319 2709
320 2042
321 5516
322 2988
323 4777
324 143
325 3225
326 3661
327 4039
328 5166
329 3018
330 1934
331 3700
332 96
333 2493
334 816
335 6134
336 1319
337 2538
338 165
339 1488
340 297
341 3554
342 0
343 504
344 1881
345 284
346 5911
347 670
348 2312
349 2662
350 1257
351 4910
352 582
353 4571
354 4735
355 3613
356 5724
357 5521
358 2727
359 116
360 2037
361 981
362 4294
363 3234
364 4582
365 7171
366 783
367 1149
368 1647
369 4827
370 229
371 1600
372 2647
373 1697
374 4412
375 2741
376 1588
377 2731
378 3564
379 6614
380 1691
381 615
382 4287
383 4664
384 5101
385 713
386 4357
387 2154
388 2176
389 5072
390 530
391 376
392 1713
393 7147
394 2525
395 1679
396 1796
397 2751
398 5348
399 3620
400 7343
401 1916
402 3098
403 5000
404 2940
405 880
406 1693
407 5589
408 7397
409 2123
410 3967
411 584
412 486
413 5172
414 1042
415 6584
416 6035
417 7086
418 1427
419 2201
420 4377
421 664
422 4779
423 798
424 2854
425 733
426 550
427 4666
428 1763
429 5113
430 6692
431 1590
432 7203
433 7123
434 7164
435 1004
436 453
437 1251
438 1239
439 4255
440 2266
441 4943
442 2578
443 1506
444 5438
445 6211
446 2860
447 5793
448 1804
449 192
450 3898
451 3544
452 2118
453 3594
454 2265
455 4935
456 5634
457 4083
458 5162
459 87
460 6861
461 3529
462 498
463 259
464 6862
465 435
466 2930
467 2375
468 7214
469 6626
470 2202
471 324
472 5321
473 2517
474 3580
475 1813
476 4938
477 61
478 5989
479 3175
480 6071
481 7355
482 4299
483 4012
484 1206
485 2290
486 6124
487 2104
488 6531
489 4687
490 4322
491 2122
492 484
493 1244
494 381
495 4765
496 974
497 4352
498 144
499 3399
500 1100
501 2093
502 7495
503 2830
504 1398
505 2330
506 4286
507 106
508 1613
509 4932
510 6624
511 4133
512 6773
513 2232
514 3460
515 4613
516 1935
517 4815
518 6339
519 4065
520 3729
521 2684
522 1110
523 1026
524 3680
525 6824
526 2211
527 2799
528 6975
529 7219
530 2008
531 909
532 6481
533 1453
534 7264
535 1915
536 5732
537 735
538 4301
539 2113
540 1142
541 6727
542 5116
543 2865
544 2529
545 232
546 3327
547 231
548 5960
549 6436
550 1597
551 2144
552 1250
553 1607
554 729
555 325
556 693
557 4079
558 708
559 1272
560 7074
561 4631
562 3374
563 496
564 4838
565 2577
566 2404
567 246
568 482
569 1337
570 5382
571 5272
572 2599
573 1707
574 2521
575 2584
576 1902
577 5915
578 6235
579 264
580 457
581 1730
582 2694
583 2102
584 1759
585 347
586 7161
587 2816
588 6576
589 5711
590 2334
591 930
592 2530
593 7335
594 1412
595 1090
596 3602
597 548
598 3911
599 1480
600 6840
601 2591
602 7464
603 2268
604 447
605 2459
606 744
607 709
608 1646
609 5350
610 5081
611 2106
612 2746
613 6965
614 2374
615 3645
616 1968
617 5849
618 2080
619 5920
620 1533
621 6153
622 1058
623 3954
624 5256
625 3973
626 1275
627 5859
628 6210
629 5718
630 2540
631 2715
632 1237
633 822
634 2629
635 7112
636 6085
637 1591
638 7003
639 4363
640 1079
641 2114
642 1557
643 4244
644 1399
645 1366
646 3045
647 3205
648 6637
649 1135
650 1296
651 2729
652 527
653 3664
654 4092
655 345
656 997
657 4031
658 4010
659 2874
660 31
661 4234
662 283
663 7078
664 3431
665 5756
666 702
667 175
668 4362
669 7427
670 4894
671 3032
672 3806
673 642
674 6534
675 683
676 2778
677 5561
678 1907
679 5930
680 1909
681 826
682 5618
683 5449
684 5972
685 4042
686 4993
687 571
688 7102
689 4806
690 1698
691 3189
692 4283
693 6785
694 6578
695 7114
696 6196
697 1341
698 2545
699 2995
700 4036
701 6499
702 6625
703 5440
704 4035
705 894
706 4823
707 3516
708 2587
709 1406
710 2707
711 427
712 2155
713 7517
714 3196
715 2450
716 339
717 2197
718 2435
719 6108
720 2857
721 359
722 1186
723 2602
724 7090
725 2472
726 1358
727 1120
728 6353
729 5597
730 313
731 7367
732 4150
733 2571
734 1173
735 2303
736 5556
737 1479
738 4556
739 5429
740 362
741 4971
742 431
743 7009
744 1295
745 1908
746 5275
747 6950
748 2447
749 1632
750 2784
751 1050
752 2574
753 620
754 2962
755 3089
756 2979
757 5970
758 6921
759 724
760 5539
761 2772
762 6553
763 92
764 547
765 6892
766 7060
767 211
768 346
769 2645
770 6735
771 6457
772 6069
773 398
774 1242
775 309
776 426
777 6181
778 410
779 2306
780 5852
781 4321
782 612
783 4542
784 1825
785 135
786 7378
787 939
788 5155
789 4741
790 3340
791 957
792 6031
793 5237
794 3312
795 6398
796 6307
797 495
798 7455
799 5323
800 2661
801 2632
802 5760
803 5455
804 6516
805 1034
806 5389
807 2619
808 6659
809 6249
810 5352
811 4314
812 5747
813 1405
814 3874
815 3827
816 2878
817 2479
818 2224
819 7454
820 2256
821 1824
822 5812
823 244
824 776
825 7146
826 2883
827 1444
828 6036
829 225
830 4093
831 5457
832 3007
833 881
834 2862
835 4070
836 2775
837 3556
838 3560
839 1972
840 1814
841 806
842 1556
843 72
844 794
845 2382
846 631
847 3097
848 2734
849 2649
850 2328
851 3809
852 1165
853 6357
854 1455
855 2556
856 4945
857 507
858 823
859 4453
860 1944
861 2823
862 2473
863 4469
864 458
865 3563
866 2287
867 343
868 5660
869 6617
870 5884
871 1900
872 5385
873 1834
874 2315
875 3295
876 4139
877 2706
878 2835
879 5535
880 3798
881 3916
882 3782
883 6356
884 1154
885 6131
886 5786
887 5391
888 3430
889 5947
890 6672
891 5562
892 4087
893 118
894 210
895 6505
896 1330
897 2765
898 7202
899 1407
900 2654
901 7076
902 1216
903 183
904 2096
905 2625
906 2877
907 5451
908 3910
909 3886
910 4916
911 6846
912 6482
913 6413
914 2840
915 2336
916 1003
917 6696
918 573
919 4573
920 2125
921 6991
922 2035
923 2710
924 3531
925 1078
926 1980
927 5545
928 2443
929 5234
930 273
931 2593
932 337
933 6056
934 1069
935 574
936 1417
937 4230
938 2056
939 3998
940 2005
941 3218
942 614
943 445
944 1701
945 6728
946 6606
947 378
948 5218
949 2225
950 2067
951 2651
952 491
953 7410
954 5908
955 7200
956 3232
957 1656
958 477
959 3727
960 3190
961 878
962 2623
963 1376
964 6027
965 5379
966 2960
967 2936
968 1550
969 3303
970 2220
971 33
972 2531
973 964
974 5434
975 1158
976 1024
977 2129
978 7109
979 6258
980 562
981 3757
982 7113
983 685
984 3666
985 1060
986 2536
987 5034
988 865
989 2351
990 3383
991 483
992 1500
993 2454
994 7122
995 5571
996 4162
997 1108
998 1624
999 769
1000 6230
1001 2446
1002 4265
1003 2198
1004 6546
1005 1363
1006 3330
1007 4906
1008 3723
1009 2057
1010 2045
1011 109
1012 3095
1013 1518
1014 792
1015 1076
1016 2271
1017 6316
1018 5055
1019 2902
1020 7293
1021 5771
1022 6930
1023 25
1024 3222
1025 1256
1026 1413
1027 2502
1028 3090
1029 6565
1030 2151
1031 2183
1032 3852
1033 5681
1034 3867
1035 651
1036 6648
1037 4341
1038 2907
1039 4402
1040 3291
1041 2418
1042 913
1043 2797
1044 3436
1045 2658
1046 1869
1047 5212
1048 3768
1049 7399
1050 657
1051 6064
1052 1694
1053 3831
1054 295
1055 1986
1056 181
1057 5224
1058 6865
1059 6014
1060 7128
1061 825
1062 3299
1063 4988
1064 2124
1065 1896
1066 2674
1067 564
1068 3020
1069 1323
1070 5621
1071 331
1072 1566
1073 2036
1074 1276
1075 293
1076 6050
1077 2444
1078 2761
1079 5324
1080 1246
1081 1865
1082 4177
1083 3802
1084 2235
1085 5722
1086 1475
1087 2880
1088 7096
1089 3151
1090 2411
1091 170
1092 2029
1093 3548
1094 227
1095 6805
1096 5335
1097 1756
1098 6109
1099 2798
1100 5076
1101 3087
1102 1038
1103 2453
1104 617
1105 4836
1106 995
1107 1083
1108 4529
1109 1342
1110 7441
1111 6383
1112 5805
1113 2433
1114 3350
1115 2065
1116 1873
1117 409
1118 6377
1119 4959
1120 638
1121 230
1122 1622
1123 2916
1124 4089
1125 7265
1126 5687
1127 3862
1128 1895
1129 2458
1130 3344
1131 6651
1132 129
1133 2728
1134 107
1135 668
1136 661
1137 1580
1138 3895
1139 1395
1140 1642
1141 4914
1142 2269
1143 1596
1144 1611
1145 176
1146 853
1147 836
1148 1404
1149 5649
1150 1792
1151 6721
1152 2614
1153 6488
1154 5853
1155 6148
1156 667
1157 1044
1158 1055
1159 6228
1160 1306
1161 108
1162 395
1163 1983
1164 2032
1165 2554
1166 24
1167 1992
1168 2406
1169 1887
1170 1213
1171 1307
1172 3459
1173 2958
1174 2449
1175 37
1176 7208
1177 959
1178 4252
1179 1853
1180 1595
1181 5366
1182 6324
1183 3421
1184 6315
1185 5481
1186 2438
1187 2169
1188 1005
1189 2210
1190 6687
1191 852
1192 2721
1193 908
1194 2229
1195 6259
1196 1917
1197 949
1198 1361
1199 6173
1200 1564
1201 6094
1202 5957
1203 1662
1204 1920
1205 5331
1206 236
1207 5251
1208 6639
1209 1706
1210 910
1211 1286
1212 5223
1213 2848
1214 1464
1215 5241
1216 1639
1217 3521
1218 833
1219 4303
1220 2827
1221 7463
1222 1249
1223 3207
1224 340
1225 430
1226 841
1227 5498
1228 114
1229 4292
1230 215
1231 1254
1232 1708
1233 4181
1234 2350
1235 5802
1236 2933
1237 4484
1238 5073
1239 745
1240 2805
1241 1201
1242 2484
1243 385
1244 2993
1245 4717
1246 2385
1247 3915
1248 3630
1249 474
1250 5
1251 1328
1252 5183
1253 412
1254 5373
1255 21
1256 366
1257 6608
1258 6657
1259 5817
1260 1924
1261 3182
1262 2415
1263 3061
1264 1735
1265 371
1266 139
1267 665
1268 838
1269 863
1270 7179
1271 3656
1272 6968
1273 1377
1274 1298
1275 424
1276 3177
1277 4908
1278 1930
1279 2669
1280 6715
1281 3838
1282 499
1283 892
1284 3790
1285 4367
1286 5520
1287 1649
1288 591
1289 1389
1290 1454
1291 1229
1292 413
1293 901
1294 555
1295 7124
1296 4957
1297 516
1298 3761
1299 1080
1300 3736
1301 3615
1302 2448
1303 546
1304 3595
1305 4899
1306 6219
1307 1268
1308 1144
1309 506
1310 5445
1311 163
1312 1729
1313 4176
1314 3789
1315 112
1316 3137
1317 1432
1318 4462
1319 253
1320 6596
1321 4117
1322 6224
1323 6311
1324 1725
1325 5014
1326 6366
1327 3588
1328 2620
1329 1443
1330 1911
1331 3124
1332 2759
1333 4163
1334 4243
1335 2558
1336 6104
1337 6656
1338 2562
1339 2066
1340 4085
1341 1836
1342 1126
1343 2167
1344 2959
1345 597
1346 1234
1347 1207
1348 3012
1349 1156
1350 3310
1351 3102
1352 2247
1353 700
1354 4508
1355 2208
1356 1009
1357 2892
1358 4726
1359 2541
1360 1359
1361 3116
1362 13
1363 78
1364 1269
1365 1726
1366 4424
1367 10
1368 1194
1369 1749
1370 4863
1371 1326
1372 2829
1373 2867
1374 2974
1375 4978
1376 485
1377 2086
1378 4216
1379 3269
1380 7002
1381 544
1382 4711
1383 2655
1384 3964
1385 3273
1386 4342
1387 389
1388 3157
1389 204
1390 3754
1391 459
1392 7407
1393 4551
1394 3184
1395 722
1396 3731
1397 5168
1398 56
1399 281
1400 2898
1401 1568
1402 2982
1403 332
1404 1999
1405 3647
1406 5453
1407 1096
1408 1437
1409 4548
1410 1942
1411 1139
1412 1019
1413 815
1414 6555
1415 3997
1416 1777
1417 2180
1418 3810
1419 2675
1420 1769
1421 4560
1422 1492
1423 2519
1424 420
1425 4077
1426 5271
1427 1940
1428 3817
1429 1534
1430 5693
1431 5169
1432 534
1433 2890
1434 5509
1435 7477
1436 5927
1437 618
1438 2060
1439 7388
1440 3346
1441 5823
1442 2996
1443 1051
1444 737
1445 42
1446 1259
1447 1682
1448 721
1449 4227
1450 2207
1451 1047
1452 671
1453 4516
1454 1889
1455 1686
1456 1228
1457 3784
1458 2539
1459 6189
1460 1215
1461 3
1462 2559
1463 1687
1464 692
1465 5148
1466 2920
1467 120
1468 3481
1469 569
1470 3082
1471 7059
1472 1452
1473 1022
1474 951
1475 7243
1476 4610
1477 4385
1478 3715
1479 7386
1480 5537
1481 627
1482 6174
1483 4913
1484 3695
1485 2416
1486 95
1487 6223
1488 4771
1489 4347
1490 3104
1491 1709
1492 2120
1493 1589
1494 3472
1495 28
1496 4389
1497 3665
1498 6261
1499 2175
1500 1197
1501 658
1502 1953
1503 875
1504 1196
1505 5919
1506 917
1507 4140
1508 1724
1509 3957
1510 4199
1511 1809
1512 4611
1513 3464
1514 526
1515 1350
1516 6136
1517 2150
1518 3450
1519 5585
1520 1503
1521 2953
1522 1812
1523 2944
1524 219
1525 5047
1526 22
1527 77
1528 2301
1529 4446
1530 2348
1531 1988
1532 1802
1533 299
1534 5009
1535 2357
1536 4415
1537 3994
1538 36
1539 2395
1540 3465
1541 551
1542 4562
1543 265
1544 688
1545 3618
1546 2972
1547 2547
1548 4483
1549 5049
1550 4004
1551 921
1552 4273
1553 7488
1554 3930
1555 7503
1556 554
1557 3096
1558 2427
1559 3245
1560 1551
1561 5757
1562 6967
1563 152
1564 817
1565 2352
1566 3367
1567 1797
1568 3877
1569 2606
1570 3252
1571 7360
1572 5342
1573 2401
1574 5068
1575 2548
1576 1525
1577 1746
1578 1099
1579 3267
1580 1188
1581 3028
1582 2575
1583 1085
1584 5892
1585 2297
1586 656
1587 6015
1588 5232
1589 1367
1590 1672
1591 6267
1592 983
1593 1505
1594 5225
1595 6187
1596 2696
1597 475
1598 904
1599 2523
1600 4125
1601 1558
1602 7245
1603 2062
1604 336
1605 342
1606 317
1607 3992
1608 2344
1609 6464
1610 2471
1611 6774
1612 4606
1613 1993
1614 2275
1615 2434
1616 237
1617 5028
1618 5607
1619 2737
1620 3657
1621 2228
1622 3141
1623 4081
1624 1440
1625 842
1626 3503
1627 2557
1628 53
1629 2630
1630 213
1631 3685
1632 2109
1633 3433
1634 2526
1635 2800
1636 3707
1637 2226
1638 1630
1639 2386
1640 2757
1641 1779
1642 5996
1643 535
1644 2973
1645 7131
1646 1736
1647 5821
1648 1346
1649 2639
1650 2828
1651 5326
1652 2099
1653 1695
1654 2895
1655 257
1656 3528
1657 1827
1658 4460
1659 180
1660 2361
1661 2634
1662 2853
1663 1382
1664 5097
1665 3160
1666 1321
1667 719
1668 1961
1669 4007
1670 609
1671 1678
1672 2451
1673 1236
1674 4372
1675 276
1676 1510
1677 623
1678 1571
1679 4931
1680 7398
1681 1415
1682 5282
1683 6683
1684 2844
1685 999
1686 7206
1687 3227
1688 3692
1689 6275
1690 5447
1691 2023
1692 2957
1693 4169
1694 1056
1695 6928
1696 5018
1697 5897
1698 3463
1699 1311
1700 2002
1701 5557
1702 5870
1703 5325
1704 2900
1705 1284
1706 1192
1707 2419
1708 2965
1709 1041
1710 4593
1711 1584
1712 2542
1713 1067
1714 4416
1715 3500
1716 1760
1717 4620
1718 2616
1719 7183
1720 1157
1721 2182
1722 5039
1723 3900
1724 3285
1725 1519
1726 6512
1727 1425
1728 3099
1729 4361
1730 1461
1731 4325
1732 891
1733 5992
1734 35
1735 268
1736 6024
1737 1386
1738 2811
1739 5239
1740 2803
1741 2394
1742 4837
1743 173
1744 3859
1745 64
1746 416
1747 3510
1748 6544
1749 678
1750 4999
1751 4922
1752 2163
1753 4852
1754 923
1755 4137
1756 1504
1757 2364
1758 3004
1759 2149
1760 7166
1761 1661
1762 883
1763 2410
1764 1227
1765 298
1766 3499
1767 6297
1768 5228
1769 1385
1770 6489
1771 2500
1772 512
1773 2596
1774 3131
1775 4706
1776 727
1777 545
1778 1397
1779 2881
1780 3008
1781 4033
1782 3056
1783 7515
1784 3289
1785 5796
1786 5783
1787 155
1788 4885
1789 6938
1790 808
1791 1282
1792 7511
1793 6334
1794 2612
1795 2952
1796 3975
1797 5067
1798 1719
1799 5548
1800 5842
1801 1351
1802 5446
1803 2371
1804 5741
1805 567
1806 5393
1807 334
1808 695
1809 6786
1810 1882
1811 5261
1812 2983
1813 1528
1814 368
1815 3540
1816 3539
1817 5017
1818 2024
1819 663
1820 5940
1821 4409
1822 1563
1823 2555
1824 813
1825 1240
1826 397
1827 3672
1828 4330
1829 5935
1830 2173
1831 4346
1832 718
1833 2233
1834 3051
1835 2474
1836 5624
1837 3575
1838 2476
1839 6241
1840 1712
1841 4478
1842 2189
1843 6518
1844 6335
1845 2792
1846 3147
1847 3983
1848 4034
1849 4657
1850 2873
1851 5109
1852 3244
1853 3435
1854 1549
1855 4269
1856 2234
1857 6631
1858 455
1859 1392
1860 6501
1861 1755
1862 399
1863 4369
1864 1604
1865 948
1866 4308
1867 738
1868 147
1869 5359
1870 2948
1871 1283
1872 4627
1873 5258
1874 7165
1875 788
1876 1495
1877 1442
1878 5006
1879 209
1880 5372
1881 151
1882 508
1883 4331
1884 5418
1885 5345
1886 621
1887 3364
1888 4261
1889 4501
1890 1422
1891 1644
1892 522
1893 4050
1894 5893
1895 3067
1896 4629
1897 6043
1898 98
1899 2613
1900 1845
1901 6318
1902 4215
1903 1476
1904 394
1905 3960
1906 401
1907 2222
1908 2034
1909 4379
1910 3705
1911 2090
1912 4098
1913 7095
1914 4963
1915 4380
1916 379
1917 238
1918 7201
1919 7358
1920 2131
1921 2637
1922 991
1923 2901
1924 7494
1925 3419
1926 3112
1927 3793
1928 1092
1929 4045
1930 2951
1931 2259
1932 828
1933 5513
1934 6123
1935 2949
1936 1847
1937 3891
1938 161
1939 4849
1940 6296
1941 186
1942 5707
1943 34
1944 2280
1945 782
1946 1674
1947 4929
1948 1811
1949 4061
1950 266
1951 3989
1952 6725
1953 1498
1954 1685
1955 3305
1956 4105
1957 2421
1958 1603
1959 2886
1960 3702
1961 7132
1962 2253
1963 979
1964 2847
1965 5907
1966 6209
1967 4659
1968 3003
1969 1990
1970 1715
1971 2436
1972 312
1973 4311
1974 415
1975 2588
1976 4071
1977 6062
1978 2912
1979 652
1980 1182
1981 3863
1982 1821
1983 2770
1984 1989
1985 810
1986 1782
1987 2051
1988 456
1989 2597
1990 3331
1991 4132
1992 4482
1993 824
1994 5338
1995 7006
1996 4066
1997 518
1998 2214
1999 7332
2000 1164
2001 2323
2002 4048
2003 927
2004 1472
2005 5976
2006 2426
2007 2794
2008 4792
2009 2657
2010 1263
2011 1478
2012 3286
2013 6298
2014 2702
2015 2095
2016 350
2017 771
2018 7016
2019 2487
2020 277
2021 1773
2022 5690
2023 6694
2024 1369
2025 3781
2026 1974
2027 889
2028 5615
2029 2026
2030 4102
2031 3959
2032 20
2033 2605
2034 5578
2035 2579
2036 1262
2037 4027
2038 7423
2039 489
2040 5699
2041 4964
2042 4871
2043 5541
2044 2475
2045 1402
2046 3370
2047 136
2048 5463
2049 6424
2050 5196
2051 3716
2052 5058
2053 2078
2054 3426
2055 5135
2056 2622
2057 1553
2058 4601
2059 4667
2060 7116
2061 3103
2062 306
2063 767
2064 2227
2065 3240
2066 3903
2067 1628
2068 3088
2069 292
2070 1832
2071 919
2072 575
2073 4144
2074 2831
2075 3833
2076 2316
2077 3080
2078 3115
2079 502
2080 6128
2081 2236
2082 854
2083 1791
2084 1785
2085 929
2086 5192
2087 4324
2088 6668
2089 5485
2090 1936
2091 5231
2092 1195
2093 2116
2094 5452
2095 1130
2096 1629
2097 3970
2098 3016
2099 5390
2100 1033
2101 5063
2102 860
2103 5568
2104 2343
2105 819
2106 752
2107 4638
2108 6348
2109 2115
2110 2836
2111 557
2112 7315
2113 2913
2114 2372
2115 3612
2116 1446
2117 4826
2118 2510
2119 1245
2120 2092
2121 6513
2122 1477
2123 2187
2124 2817
2125 6257
2126 906
2127 6963
2128 1587
2129 4121
2130 5726
2131 900
2132 1544
2133 5971
2134 216
2135 16
2136 191
2137 3603
2138 5636
2139 3069
2140 3551
2141 2342
2142 2325
2143 1027
2144 3557
2145 2670
2146 2569
2147 6589
2148 3487
2149 1015
2150 4728
2151 4868
2152 6250
2153 280
2154 6394
2155 3114
2156 3319
2157 303
2158 66
2159 7028
2160 1619
2161 2285
2162 2749
2163 4600
2164 476
2165 2331
2166 5236
2167 196
2168 4628
2169 1214
2170 6943
2171 2388
2172 6666
2173 3202
2174 5407
2175 4607
2176 6524
2177 168
2178 3978
2179 460
2180 4761
2181 3979
2182 3865
2183 5553
2184 2978
2185 558
2186 4796
2187 5735
2188 4799
2189 7273
2190 7505
2191 6623
2192 2615
2193 473
2194 6486
2195 5383
2196 3038
2197 4293
2198 5094
2199 7053
2200 2217
2201 6382
2202 1204
2203 2432
2204 1198
2205 3059
2206 941
2207 3923
2208 1819
2209 1985
2210 3219
2211 2782
2212 2987
2213 2273
2214 1939
2215 606
2216 1793
2217 2736
2218 1499
2219 800
2220 1362
2221 5280
2222 537
2223 3496
2224 4817
2225 1105
2226 1107
2227 5420
2228 5937
2229 855
2230 1401
2231 7327
2232 2861
2233 977
2234 5308
2235 2908
2236 1191
2237 7339
2238 672
2239 2713
2240 2551
2241 701
2242 6742
2243 6839
2244 6161
2245 4488
2246 5651
2247 850
2248 7419
2249 1205
2250 251
2251 1171
2252 2061
2253 134
2254 7414
2255 2257
2256 1233
2257 552
2258 4282
2259 4960
2260 1699
2261 197
2262 7333
2263 540
2264 1982
2265 4028
2266 2088
2267 5979
2268 1134
2269 5036
2270 5193
2271 2200
2272 1967
2273 101
2274 4151
2275 1890
2276 6750
2277 2837
2278 6977
2279 1451
2280 7248
2281 1573
2282 7115
2283 271
2284 5611
2285 6435
2286 2083
2287 432
2288 4257
2289 6922
2290 2405
2291 85
2292 4747
2293 1430
2294 4716
2295 1436
2296 3249
2297 5782
2298 377
2299 2231
2300 1030
2301 1277
2302 1937
2303 3290
2304 7094
2305 3508
2306 5474
2307 6463
2308 2660
2309 1676
2310 3522
2311 6006
2312 2640
2313 1507
2314 5213
2315 1820
2316 6618
2317 5486
2318 5733
2319 625
2320 414
2321 4204
2322 1877
2323 1654
2324 5954
2325 2063
2326 2293
2327 914
2328 5253
2329 1264
2330 452
2331 928
2332 6652
2333 1435
2334 7230
2335 5835
2336 6271
2337 6548
2338 1381
2339 2064
2340 6899
2341 5226
2342 4211
2343 6280
2344 650
2345 438
2346 5368
2347 6891
2348 6724
2349 1081
2350 121
2351 2954
2352 222
2353 6227
2354 5254
2355 6048
2356 1766
2357 5934
2358 2130
2359 6352
2360 6054
2361 1465
2362 4113
2363 895
2364 3065
2365 1659
2366 2687
2367 5612
2368 4512
2369 5013
2370 5929
2371 4116
2372 3332
2373 5191
2374 987
2375 111
2376 393
2377 5341
2378 5754
2379 4444
2380 46
2381 628
2382 5827
2383 2145
2384 1071
2385 2402
2386 6541
2387 2697
2388 1035
2389 996
2390 2335
2391 1538
2392 3519
2393 7318
2394 1548
2395 2482
2396 5865
2397 6934
2398 1209
2399 1914
2400 7259
2401 2216
2402 6158
2403 2617
2404 2263
2405 7260
2406 7254
2407 2518
2408 3159
2409 4503
2410 2921
2411 5709
2412 1002
2413 2073
2414 5173
2415 3572
2416 903
2417 454
2418 5250
2419 3485
2420 2809
2421 686
2422 3660
2423 3052
2424 784
2425 1668
2426 4235
2427 6403
2428 2970
2429 4224
2430 843
2431 3250
2432 712
2433 2964
2434 2975
2435 7431
2436 3239
2437 2340
2438 171
2439 269
2440 3662
2441 1898
2442 488
2443 5613
2444 1073
2445 3000
2446 5867
2447 1512
2448 467
2449 1224
2450 7370
2451 560
2452 5620
2453 1045
2454 4148
2455 3075
2456 5763
2457 4026
2458 5388
2459 4839
2460 1636
2461 633
2462 5353
2463 5369
2464 7421
2465 2262
2466 4267
2467 2667
2468 7408
2469 3758
2470 846
2471 4831
2472 2768
2473 5587
2474 1208
2475 1301
2476 2520
2477 5991
2478 1885
2479 3512
2480 4678
2481 351
2482 2928
2483 3710
2484 4531
2485 5022
2486 2851
2487 279
2488 6041
2489 245
2490 3168
2491 184
2492 7251
2493 3497
2494 4217
2495 2429
2496 1966
2497 282
2498 305
2499 888
2500 2243
2501 2390
2502 125
2503 5062
2504 3847
2505 945
2506 2077
2507 1133
2508 2159
2509 3246
2510 4617
2511 6182
2512 1075
2513 3776
2514 1576
2515 1185
2516 321
2517 4547
2518 3590
2519 3592
2520 3632
2521 323
2522 969
2523 677
2524 1555
2525 355
2526 874
2527 1128
2528 2922
2529 1281
2530 4755
2531 6752
2532 1673
2533 7458
2534 1658
2535 4001
2536 7070
2537 4156
2538 1539
2539 1962
2540 6643
2541 6370
2542 4584
2543 2810
2544 4047
2545 6941
2546 934
2547 1217
2548 3321
2549 2864
2550 3816
2551 5551
2552 290
2553 1325
2554 1031
2555 2389
2556 4461
2557 5027
2558 595
2559 4029
2560 3251
2561 1530
2562 1767
2563 1975
2564 6966
2565 6003
2566 1119
2567 5525
2568 2915
2569 4072
2570 1941
2571 201
2572 4745
2573 2774
2574 5530
2575 4622
2576 3268
2577 3573
2578 3803
2579 5008
2580 6699
2581 3842
2582 6137
2583 6028
2584 630
2585 6820
2586 725
2587 3281
2588 596
2589 291
2590 2852
2591 1621
2592 6989
2593 553
2594 4196
2595 5961
2596 4489
2597 1631
2598 2989
2599 2739
2600 1863
2601 5380
2602 2478
2603 2711
2604 3301
2605 7169
2606 1102
2607 5496
2608 1933
2609 1868
2610 3985
2611 1137
2612 5293
2613 2108
2614 739
2615 6166
2616 2544
2617 5408
2618 1683
2619 5862
2620 5362
2621 6336
2622 3713
2623 2370
2624 6944
2625 1608
2626 4123
2627 514
2628 6222
2629 6172
2630 2832
2631 1336
2632 2319
2633 2926
2634 3336
2635 7416
2636 936
2637 40
2638 4127
2639 4443
2640 3638
2641 2366
2642 4594
2643 4672
2644 5645
2645 4719
2646 646
2647 5863
2648 4129
2649 4381
2650 1808
2651 6320
2652 1684
2653 5775
2654 5595
2655 4748
2656 4930
2657 6184
2658 2483
2659 400
2660 1727
2661 6188
2662 1841
2663 3951
2664 1979
2665 2379
2666 1247
2667 4213
2668 6754
2669 3631
2670 2295
2671 3971
2672 2963
2673 6021
2674 441
2675 6681
2676 5194
2677 1178
2678 2641
2679 869
2680 5400
2681 2716
2682 4430
2683 117
2684 711
2685 5419
2686 464
2687 18
2688 2322
2689 1037
2690 7290
2691 3712
2692 3693
2693 3458
2694 3819
2695 2407
2696 41
2697 2999
2698 1266
2699 2501
2700 3043
2701 2891
2702 5159
2703 4996
2704 4147
2705 5045
2706 5423
2707 6437
2708 2760
2709 5901
2710 2445
2711 6460
2712 7347
2713 2016
2714 4022
2715 1449
2716 4583
2717 3986
2718 4911
2719 2358
2720 3492
2721 805
2722 1014
2723 2168
2724 1093
2725 2368
2726 1113
2727 2563
2728 3938
2729 3752
2730 6849
2731 1327
2732 5016
2733 3356
2734 4474
2735 1913
2736 4296
2737 1856
2738 4873
2739 1677
2740 1029
2741 4552
2742 487
2743 3181
2744 2409
2745 3743
2746 5676
2747 5856
2748 1338
2749 5312
2750 14
2751 6492
2752 955
2753 607
2754 270
2755 1289
2756 1855
2757 1255
2758 2845
2759 1874
2760 2961
2761 2855
2762 2488
2763 1884
2764 1774
2765 2179
2766 3072
2767 5605
2768 3750
2769 3050
2770 5026
2771 4517
2772 79
2773 1542
2774 5833
2775 6895
2776 2162
2777 728
2778 7175
2779 131
2780 3574
2781 2762
2782 778
2783 5111
2784 182
2785 1166
2786 4980
2787 3092
2788 4790
2789 6218
2790 4926
2791 5410
2792 5759
2793 6268
2794 7148
2795 3094
2796 4878
2797 998
2798 1232
2799 5931
2800 5667
2801 402
2802 3135
2803 5799
2804 124
2805 4435
2806 81
2807 4825
2808 2006
2809 5124
2810 1897
2811 3029
2812 2600
2813 6680
2814 2465
2815 2503
2816 3022
2817 5318
2818 4438
2819 5533
2820 577
2821 2276
2822 7232
2823 198
2824 164
2825 915
2826 723
2827 4239
2828 6616
2829 1829
2830 2081
2831 2302
2832 4000
2833 3167
2834 2050
2835 2192
2836 7168
2837 1964
2838 583
2839 2437
2840 4208
2841 6784
2842 3048
2843 465
2844 5089
2845 590
2846 801
2847 2184
2848 7340
2849 3897
2850 6987
2851 4337
2852 2656
2853 4008
2854 4679
2855 1751
2856 1689
2857 539
2858 916
2859 559
2860 3324
2861 2505
2862 1669
2863 6533
2864 1579
2865 814
2866 1320
2867 1052
2868 1744
2869 2671
2870 4449
2871 3375
2872 5559
2873 761
2874 1894
2875 5868
2876 2020
2877 4870
2878 5720
2879 3640
2880 3673
2881 5872
2882 3777
2883 461
2884 1710
2885 832
2886 1570
2887 4865
2888 2572
2889 6465
2890 5790
2891 632
2892 5032
2893 6496
2894 604
2895 3671
2896 967
2897 2665
2898 1786
2899 1620
2900 1919
2901 4968
2902 327
2903 1660
2904 2281
2905 1109
2906 2635
2907 2984
2908 1728
2909 7031
2910 5441
2911 2532
2912 5448
2913 7417
2914 5472
2915 696
2916 1765
2917 6734
2918 2733
2919 1879
2920 1001
2921 3023
2922 141
2923 3425
2924 480
2925 6007
2926 3839
2927 221
2928 2566
2929 6517
2930 1094
2931 6344
2932 2412
2933 2195
2934 589
2935 3535
2936 6932
2937 2990
2938 6368
2939 7422
2940 1098
2941 6422
2942 2807
2943 2701
2944 5242
2945 2967
2946 2565
2947 1218
2948 3027
2949 6678
2950 2255
2951 1021
2952 335
2953 1400
2954 4477
2955 2186
2956 423
2957 598
2958 5233
2959 716
2960 333
2961 870
2962 3952
2963 228
2964 217
2965 675
2966 879
2967 1947
2968 3279
2969 82
2970 289
2971 2717
2972 7506
2973 4756
2974 2252
2975 68
2976 2776
2977 5574
2978 2561
2979 12
2980 1508
2981 443
2982 1159
2983 1984
2984 1285
2985 5245
2986 1086
2987 3021
2988 644
2989 3372
2990 6780
2991 610
2992 1203
2993 4350
2994 2387
2995 568
2996 1175
2997 1578
2998 3062
2999 7098
3000 5653
3001 2160
3002 2825
3003 1567
3004 2643
3005 3138
3006 2170
3007 364
3008 2934
3009 963
3010 4705
3011 2082
3012 178
3013 1516
3014 6586
3015 3410
3016 3164
3017 2043
3018 239
3019 3208
3020 5305
3021 4925
3022 4641
3023 3031
3024 218
3025 1959
3026 1380
3027 3822
3028 5347
3029 7054
3030 1023
3031 4024
3032 787
3033 796
3034 5005
3035 4220
3036 1665
3037 6287
3038 3042
3039 4182
3040 1860
3041 2363
3042 1322
3043 5766
3044 2498
3045 2365
3046 2053
3047 1258
3048 6375
3049 2652
3050 1253
3051 5990
3052 2289
3053 1077
3054 4411
3055 524
3056 5360
3057 4427
3058 893
3059 2927
3060 3397
3061 2392
3062 4075
3063 3296
3064 3766
3065 1152
3066 2627
3067 706
3068 272
3069 6776
3070 3759
3071 6083
3072 5584
3073 5573
3074 1371
3075 320
3076 1456
3077 4505
3078 4470
3079 3855
3080 4933
3081 2896
3082 4506
3083 5078
3084 2193
3085 3760
3086 4320
3087 3455
3088 5638
3089 7330
3090 5538
3091 4060
3092 4009
3093 1891
3094 1918
3095 365
3096 7450
3097 6130
3098 187
3099 1870
3100 542
3101 4214
3102 80
3103 4284
3104 6590
3105 2248
3106 2582
3107 2038
3108 2866
3109 811
3110 3270
3111 1938
3112 2320
3113 5903
3114 384
3115 195
3116 681
3117 4218
3118 6813
3119 2177
3120 4120
3121 2499
3122 4697
3123 543
3124 5146
3125 4893
3126 5156
3127 4152
3128 5490
3129 2923
3130 1546
3131 5569
3132 6700
3133 2044
3134 2250
3135 3506
3136 5784
3137 304
3138 5695
3139 2142
3140 5493
3141 766
3142 3171
3143 91
3144 5731
3145 5139
3146 532
3147 807
3148 3037
3149 5247
3150 1046
3151 4500
3152 2313
3153 6113
3154 812
3155 3844
3156 7258
3157 3628
3158 521
3159 2738
3160 4158
3161 4037
3162 676
3163 4874
3164 2317
3165 1438
3166 4080
3167 156
3168 6073
3169 5515
3170 655
3171 935
3172 4014
3173 1010
3174 2769
3175 6549
3176 5402
3177 2399
3178 448
3179 2353
3180 7051
3181 1431
3182 4604
3183 3172
3184 4688
3185 7492
3186 5764
3187 3041
3188 1036
3189 1018
3190 2527
3191 1880
3192 3849
3193 1823
3194 1800
3195 422
3196 1987
3197 3742
3198 4974
3199 6599
3200 2456
3201 75
3202 4264
3203 3126
3204 501
3205 308
3206 2296
3207 2283
3208 1849
3209 1414
3210 774
3211 4725
3212 5942
3213 1822
3214 2121
3215 1835
3216 43
3217 2756
3218 162
3219 6317
3220 2230
3221 59
3222 1312
3223 4254
3224 3108
3225 674
3226 2284
3227 2740
3228 5367
3229 1334
3230 2015
3231 1997
3232 601
3233 5779
3234 4016
3235 2040
3236 986
3237 4891
3238 2601
3239 2486
3240 6613
3241 6808
3242 3385
3243 1265
3244 5238
3245 6995
3246 1146
3247 3371
3248 2642
3249 2699
3250 2683
3251 4901
3252 4983
3253 7336
3254 4639
3255 4585
3256 984
3257 3451
3258 4302
3259 1586
3260 2705
3261 3423
3262 1490
3263 3889
3264 2209
3265 471
3266 5465
3267 4822
3268 6240
3269 7369
3270 587
3271 4498
3272 380
3273 4348
3274 2318
3275 4592
3276 383
3277 2980
3278 1329
3279 3828
3280 1463
3281 831
3282 76
3283 1861
3284 2750
3285 1061
3286 1308
3287 5494
3288 654
3289 6893
3290 1910
3291 2400
3292 4407
3293 3183
3294 2134
3295 2858
3296 6847
3297 123
3298 2324
3299 6286
3300 2393
3301 5484
3302 5102
3303 5968
3304 3735
3305 6560
3306 328
3307 7014
3308 2413
3309 1547
3310 5583
3311 318
3312 705
3313 2333
3314 5749
3315 27
3316 7434
3317 373
3318 330
3319 2477
3320 86
3321 1313
3322 1429
3323 287
3324 5131
3325 5912
3326 1852
3327 1761
3328 6425
3329 301
3330 2576
3331 7136
3332 2128
3333 7193
3334 1016
3335 4103
3336 2767
3337 1189
3338 3875
3339 1491
3340 2919
3341 2698
3342 2981
3343 2802
3344 1324
3345 6421
3346 2495
3347 3929
3348 714
3349 250
3350 3717
3351 1360
3352 2424
3353 529
3354 189
3355 4701
3356 1095
3357 3396
3358 2732
3359 6045
3360 5332
3361 278
3362 2021
3363 5244
3364 1202
3365 2787
3366 1365
3367 2025
3368 931
3369 2003
3370 247
3371 7433
3372 5492
3373 2938
3374 1373
3375 1280
3376 1752
3377 428
3378 3748
3379 7292
3380 404
3381 3609
3382 1127
3383 260
3384 757
3385 6121
3386 570
3387 4052
3388 1748
3389 3019
3390 7384
3391 4944
3392 6912
3393 851
3394 390
3395 1028
3396 818
3397 925
3398 5356
3399 2254
3400 4545
3401 4327
3402 1840
3403 966
3404 193
3405 1789
3406 4180
3407 4668
3408 6255
3409 4345
3410 1172
3411 4399
3412 2089
3413 2033
3414 6039
3415 2140
3416 6361
3417 2491
3418 5458
3419 2603
3420 2819
3421 2139
3422 55
3423 1200
3424 5877
3425 2135
3426 5717
3427 2137
3428 5619
3429 1532
3430 159
3431 5987
3432 1170
3433 1270
3434 2780
3435 1922
3436 1562
3437 2937
3438 2955
3439 3287
3440 7172
3441 5499
3442 1000
3443 434
3444 5742
3445 2943
3446 5106
3447 2046
3448 2107
3449 1181
3450 3040
3451 3454
3452 1347
3453 2678
3454 3469
3455 1618
3456 572
3457 2022
3458 5398
3459 2834
3460 866
3461 2485
3462 3577
3463 5406
3464 965
3465 2929
3466 4797
3467 1279
3468 958
3469 4722
3470 4882
3471 918
3472 4691
3473 1418
3474 704
3475 2914
3476 1383
3477 6858
3478 1
3479 4236
3480 3064
3481 6427
3482 2512
3483 3534
3484 6869
3485 6929
3486 1410
3487 6684
3488 2726
3489 2205
3490 1082
3491 2311
3492 2031
3493 1114
3494 1458
3495 7017
3496 1559
3497 4467
3498 2075
3499 6155
3500 972
3501 240
3502 3011
3503 1267
3504 69
3505 1169
3506 408
3507 7504
3508 3315
3509 2074
3510 2712
3511 5351
3512 4883
3513 54
3514 1355
3515 3408
3516 3415
3517 6939
3518 5093
3519 4006
3520 242
3521 62
3522 856
3523 6510
3524 5095
3525 3457
3526 1368
3527 4644
3528 2755
3529 780
3530 252
3531 4896
3532 392
3533 32
3534 2966
3535 7133
3536 73
3537 2148
3538 478
3539 3304
3540 3518
3541 5727
3542 1174
3543 286
3544 3030
3545 647
3546 2546
3547 2676
3548 6476
3549 391
3550 6185
3551 7361
3552 2607
3553 115
3554 896
3555 4699
3556 4904
3557 3153
3558 7246
3559 126
3560 6574
3561 6160
3562 741
3563 4038
3564 4270
3565 799
3566 1524
3567 367
3568 4332
3569 7218
3570 462
3571 2994
3572 3354
3573 1757
3574 3345
3575 1153
3576 1089
3577 60
3578 4086
3579 3801
3580 3835
3581 363
3582 1846
3583 1775
3584 1806
3585 4809
3586 6719
3587 793
3588 4023
3589 2181
3590 581
3591 5491
3592 2147
3593 133
3594 6132
3595 624
3596 2672
3597 2076
3598 208
3599 3936
3600 3775
3601 4496
3602 6607
3603 4423
3604 5845
3605 4365
3606 3132
3607 5358
3608 2279
3609 1737
3610 4694
3611 7440
3612 4019
3613 6423
3614 1758
3615 2246
3616 5734
3617 3570
3618 5603
3619 494
3620 2018
3621 1278
3622 7088
3623 2812
3624 3871
3625 1448
3626 4770
3627 5953
3628 4115
3629 2946
3630 3113
3631 4924
3632 1638
3633 933
3634 2347
3635 2693
3636 2097
3637 2956
3638 3546
3639 2872
3640 645
3641 2777
3642 5164
3643 358
3644 1577
3645 3629
3646 1781
3647 2466
3648 4094
3649 1927
3650 4619
3651 4616
3652 2264
3653 2212
3654 370
3655 7275
3656 6669
3657 179
3658 3010
3659 5995
3660 3480
3661 2945
3662 2626
3663 2560
3664 1657
3665 5847
3666 4184
3667 2522
3668 4660
3669 2196
3670 5220
3671 5751
3672 3253
3673 2218
3674 1904
3675 1721
3676 1260
3677 6833
3678 1193
3679 975
3680 3353
3681 1531
3682 4142
3683 531
3684 1828
3685 5834
3686 4069
3687 1148
3688 357
3689 2748
3690 1535
3691 6827
3692 563
3693 1318
3694 629
3695 887
3696 2041
3697 212
3698 294
3699 1131
3700 4720
3701 5831
3702 3797
3703 3691
3704 2425
3705 3627
3706 326
3707 1543
3708 877
3709 6133
3710 749
3711 2164
3712 1104
3713 3646
3714 2791
3715 2441
3716 1180
3717 4685
3718 1147
3719 1606
3720 988
3721 3858
3722 7308
3723 50
3724 3988
3725 5917
3726 2730
3727 748
3728 4985
3729 3684
3730 4497
3731 1955
3732 1515
3733 1091
3734 533
3735 3416
3736 3641
3737 4368
3738 479
3739 315
3740 396
3741 1403
3742 160
3743 4161
3744 6880
3745 2166
3746 867
3747 425
3748 2219
3749 1466
3750 5514
3751 1633
3752 2918
3753 2553
3754 2398
3755 4702
3756 4203
3757 912
3758 4991
3759 3868
3760 4828
3761 51
3762 3366
3763 2027
3764 137
3765 1731
3766 1931
3767 6323
3768 235
3769 4884
3770 1416
3771 687
3772 2537
3773 311
3774 89
3775 2052
3776 3566
3777 6702
3778 2288
3779 3442
3780 4609
3781 3511
3782 2467
3783 5051
3784 1839
3785 1241
3786 1762
3787 3966
3788 6458
3789 4690
3790 2968
3791 5503
3792 750
3793 2203
3794 4682
3795 804
3796 338
3797 1688
3798 1287
3799 7456
3800 4262
3801 1129
3802 4625
3803 2267
3804 1040
3805 5086
3806 857
3807 2804
3808 199
3809 827
3810 2646
3811 970
3812 1970
3813 411
3814 7271
3815 7010
3816 899
3817 7229
3818 862
3819 1867
3820 703
3821 254
3822 2771
3823 3774
3824 26
3825 7068
3826 1340
3827 7151
3828 1396
3829 3258
3830 937
3831 7307
3832 2618
3833 5945
3834 7485
3835 6569
3836 4733
3837 6603
3838 190
3839 2127
3840 3266
3841 637
3842 2644
3843 4250
3844 2528
3845 5824
3846 1292
3847 2329
3848 4447
3849 15
3850 1923
3851 2680
3852 4312
3853 2850
3854 971
3855 2013
3856 223
3857 1290
3858 6772
3859 200
3860 388
3861 6190
3862 5737
3863 2326
3864 1372
3865 509
3866 1994
3867 2838
3868 2249
3869 3405
3870 6832
3871 1666
3872 541
3873 5526
3874 4291
3875 97
3876 1739
3877 3704
3878 5161
3879 7153
3880 763
3881 4106
3882 4636
3883 4598
3884 6078
3885 469
3886 2291
3887 7348
3888 4078
3889 226
3890 6766
3891 6480
3892 4762
3893 6202
3894 2157
3895 1199
3896 3837
3897 2781
3898 7382
3899 3071
3900 3165
3901 2636
3902 1601
3903 2017
3904 5572
3905 7385
3906 444
3907 1419
3908 2839
3909 2935
3910 7190
3911 1140
3912 4417
3913 3470
3914 1886
3915 3866
3916 6439
3917 932
3918 1112
3919 5163
3920 5319
3921 4881
3922 5311
3923 1136
3924 1747
3925 2299
3926 1732
3927 3335
3928 4675
3929 2069
3930 6151
3931 2789
3932 119
3933 5943
3934 593
3935 3658
3936 1954
3937 4588
3938 1612
3939 1625
3940 6856
3941 5739
3942 3174
3943 6570
3944 753
3945 2245
3946 4984
3947 6044
3948 174
3949 1117
3950 5376
3951 4577
3952 2884
3953 1753
3954 4992
3955 2998
3956 3977
3957 2942
3958 882
3959 2239
3960 3140
3961 1124
3962 3320
3963 2470
3964 4205
3965 3351
3966 2604
3967 6853
3968 605
3969 1848
3970 2244
3971 1871
3972 3049
3973 2308
3974 886
3975 6554
3976 698
3977 2260
3978 1345
3979 820
3980 2692
3981 6539
3982 6456
3983 3241
3984 3746
3985 1617
3986 1344
3987 4793
3988 2376
3989 3086
3990 3604
3991 6781
3992 3655
3993 4387
3994 4776
3995 7448
3996 1161
3997 6605
3998 1610
3999 940
4000 5188
4001 1692
4002 740
4003 2580
4004 2976
4005 3053
4006 4937
4007 3605
4008 2882
4009 5495
4010 849
4011 734
4012 523
4013 4295
4014 3927
4015 2659
4016 127
4017 3277
4018 70
4019 4738
4020 953
4021 2859
4022 6102
4023 588
4024 2004
4025 5315
4026 3719
4027 5415
4028 4174
4029 1115
4030 3783
4031 5249
4032 2414
4033 2054
4034 4692
4035 166
4036 2870
4037 5567
4038 5966
4039 1348
4040 1390
4041 5339
4042 4686
4043 1132
4044 579
4045 2611
4046 1177
4047 3941
4048 2274
4049 1664
4050 619
4051 2439
4052 4386
4053 2514
4054 3026
4055 3537
4056 7457
4057 2633
4058 2141
4059 4812
4060 2589
4061 472
4062 762
4063 2237
4064 6793
4065 525
4066 1572
4067 726
4068 7249
4069 890
4070 2910
4071 3391
4072 4099
4073 3389
4074 2191
4075 3642
4076 2049
4077 3044
4078 5542
4079 1049
4080 1138
4081 2489
4082 5105
4083 7267
4084 4886
4085 576
4086 29
4087 1527
4088 1333
4089 592
4090 4614
4091 4555
4092 6350
4093 2977
4094 4398
4095 6372
4096 2345
4097 2815
4098 2648
4099 4782
4100 470
4101 5417
4102 1070
4103 3483
4104 1671
4105 7135
4106 4271
4107 5958
4108 2
4109 5841
4110 1794
4111 4847
4112 6818
4113 2305
4114 4450
4115 4058
4116 5719
4117 3427
4118 2007
4119 6401
4120 5671
4121 5768
4122 3228
4123 1293
4124 3490
4125 2091
4126 7001
4127 3493
4128 1097
4129 5794
4130 4202
4131 1388
4132 5082
4133 256
4134 3623
4135 4353
4136 1352
4137 446
4138 2172
4139 44
4140 2509
4141 6494
4142 786
4143 1025
4144 1008
4145 361
4146 4528
4147 6969
4148 5428
4149 17
4150 5265
4151 2595
4152 4168
4153 5020
4154 4095
4155 7029
4156 1921
4157 3329
4158 2059
4159 859
4160 6676
4161 6474
4162 5262
4163 926
4164 1787
4165 2381
4166 5772
4167 5973
4168 648
4169 214
4170 1675
4171 5887
4172 673
4173 7073
4174 375
4175 2783
4176 5993
4177 6416
4178 2440
4179 7137
4180 682
4181 1680
4182 1851
4183 2567
4184 3362
4185 2039
4186 3352
4187 6826
4188 5299
4189 6777
4190 3679
4191 2714
4192 49
4193 5546
4194 2808
4195 1866
4196 1235
4197 3616
4198 1339
4199 830
4200 3780
4201 1838
4202 3150
4203 626
4204 510
4205 4471
4206 4223
4207 1248
4208 1598
4209 3395
4210 6942
4211 344
4212 2286
4213 4645
4214 6117
4215 7176
4216 6703
4217 4356
4218 6115
4219 5151
4220 437
4221 6884
4222 3404
4223 2468
4224 924
4225 83
4226 3796
4227 2685
4228 821
4229 1409
4230 2700
4231 4820
4232 2856
4233 639
4234 449
4235 1951
4236 1626
4237 6611
4238 1635
4239 2215
4240 158
4241 3668
4242 4998
4243 4905
4244 1926
4245 5248
4246 4005
4247 5197
4248 2568
4249 4442
4250 3901
4251 7257
4252 1447
4253 868
4254 992
4255 2786
4256 7487
4257 6046
4258 150
4259 4119
4260 3005
4261 2103
4262 5914
4263 3036
4264 2813
4265 285
4266 142
4267 3428
4268 3944
4269 6341
4270 2871
4271 4056
4272 6272
4273 3057
4274 6281
4275 188
4276 989
4277 2788
4278 2764
4279 1511
4280 4128
4281 1771
4282 5371
4283 2098
4284 71
4285 7158
4286 503
4287 113
4288 1830
4289 5304
4290 3256
4291 2497
4292 302
4293 2461
4294 57
4295 3387
4296 3504
4297 1795
4298 2535
4299 7125
4300 1125
4301 6790
4302 1118
4303 1048
4304 3176
4305 1663
4306 3706
4307 493
4308 2504
4309 4523
4310 3527
4311 3663
4312 2849
4313 566
4314 6964
4315 2506
4316 4167
4317 922
4318 2534
4319 1702
4320 803
4321 4953
4322 7188
4323 7081
4324 2403
4325 3058
4326 1859
4327 1335
4328 6414
4329 2206
4330 7097
4331 1745
4332 1670
4333 5524
4334 4082
4335 4351
4336 2679
4337 4110
4338 1807
4339 1862
4340 224
4341 4767
4342 611
4343 2868
4344 2590
4345 1640
4346 517
4347 1948
4348 4895
4349 1592
4350 608
4351 4371
4352 6931
4353 5187
4354 2824
4355 3599
4356 497
4357 2911
4358 6016
4359 1594
4360 2048
4361 5677
4362 3591
4363 490
4364 3156
4365 5692
4366 4141
4367 6757
4368 3598
4369 1740
4370 960
4371 1582
4372 6220
4373 4316
4374 1106
4375 2932
4376 5002
4377 4759
4378 7289
4379 1788
4380 6771
4381 954
4382 4231
4383 4565
4384 5421
4385 2724
4386 755
4387 578
4388 5190
4389 2188
4390 5560
4391 3009
4392 1375
4393 1017
4394 1310
4395 100
4396 4210
4397 765
4398 4225
4399 1428
4400 858
4401 3963
4402 1084
4403 4055
4404 6845
4405 2887
4406 1552
4407 2508
4408 1742
4409 6138
4410 3466
4411 1167
4412 1969
4413 3224
4414 2785
4415 492
4416 7065
4417 440
4418 1484
4419 809
4420 950
4421 2417
4422 5243
4423 47
4424 5926
4425 1998
4426 7110
4427 2666
4428 4131
4429 6451
4430 4097
4431 3682
4432 4338
4433 1057
4434 2079
4435 6477
4436 4568
4437 1304
4438 5820
4439 1190
4440 102
4441 2194
4442 956
4443 1772
4444 2223
4445 5267
4446 1888
4447 3622
4448 742
4449 3192
4450 3962
4451 2463
4452 1901
4453 515
4454 7127
4455 1221
4456 6583
4457 2899
4458 1798
4459 7082
4460 3870
4461 2581
4462 4277
4463 946
4464 1274
4465 944
4466 2277
4467 5596
4468 1946
4469 2668
4470 1064
4471 354
4472 1356
4473 1826
4474 3373
4475 6448
4476 1007
4477 943
4478 3996
4479 1876
4480 1803
4481 1950
4482 4194
4483 3276
4484 1087
4485 1575
4486 4279
4487 2272
4488 2986
4489 4987
4490 7449
4491 6542
4492 689
4493 4
4494 3738
4495 2564
4496 316
4497 4965
4498 790
4499 4436
4500 2631
4501 3947
4502 3015
4503 5710
4504 2570
4505 1957
4506 1445
4507 2723
4508 2238
4509 1864
4510 436
4511 1833
4512 2397
4513 2885
4514 3106
4515 1039
4516 6712
4517 1103
4518 2070
4519 565
4520 4245
4521 1450
4522 4707
4523 4530
4524 5209
4525 468
4526 1700
4527 1653
4528 146
4529 4032
4530 2349
4531 4418
4532 4798
4533 2221
4534 6392
4535 1470
4536 2704
4537 6013
4538 7205
4539 2310
4540 3143
4541 6665
4542 1743
4543 1423
4544 5580
4545 1521
4546 528
4547 2430
4548 3079
4549 4172
4550 4995
4551 6792
4552 6475
4553 7181
4554 1723
4555 845
4556 7514
4557 6523
4558 2240
4559 5810
4560 300
4561 1977
4562 177
4563 3070
4564 3439
4565 2897
4566 249
4567 1101
4568 6305
4569 7295
4570 2346
4571 1288
4572 4266
4573 4454
4574 3734
4575 2190
4576 2300
4577 3444
4578 1013
4579 4670
4580 4791
4581 6204
4582 5404
4583 4135
4584 2905
4585 594
4586 4875
4587 3322
4588 844
4589 837
4590 2384
4591 1467
4592 1971
4593 5815
4594 3795
4595 7012
4596 5501
4597 1384
4598 3047
4599 4693
4600 7322
4601 1299
4602 149
4603 94
4604 3264
4605 6763
4606 902
4607 2795
4608 2550
4609 4539
4610 1960
4611 5883
4612 5563
4613 1364
4614 2745
4615 4391
4616 7180
4617 715
4618 2117
4619 3242
4620 2773
4621 6591
4622 1230
4623 4715
4624 1949
4625 3272
4626 1645
4627 6295
4628 2695
4629 2464
4630 920
4631 5880
4632 1738
4633 7359
4634 1219
4635 4157
4636 6935
4637 2442
4638 4197
4639 7266
4640 1469
4641 1411
4642 2146
4643 2428
4644 3191
4645 1734
4646 2009
4647 7062
4648 3033
4649 2549
4650 2178
4651 7381
4652 2111
4653 2294
4654 2047
4655 907
4656 4400
4657 429
4658 6164
4659 3297
4660 1585
4661 3121
4662 1163
4663 1482
4664 4676
4665 6001
4666 4515
4667 746
4668 2001
4669 6800
4670 6693
4671 3636
4672 3392
4673 4429
4674 5933
4675 2969
4676 3298
4677 3283
4678 2583
4679 2204
4680 2516
4681 3770
4682 885
4683 1883
4684 1872
4685 1906
4686 2594
4687 5848
4688 3429
4689 2058
4690 2321
4691 3054
4692 307
4693 3569
4694 3571
4695 3545
4696 353
4697 3377
4698 1160
4699 3607
4700 743
4701 2153
4702 1892
4703 110
4704 5041
4705 1317
4706 1958
4707 7403
4708 48
4709 6779
4710 1932
4711 3773
4712 2939
4713 5593
4714 2821
4715 267
4716 3411
4717 2708
4718 4785
4719 839
4720 6881
4721 4830
4722 6723
4723 3696
4724 5083
4725 3942
4726 4136
4727 1394
4728 3558
4729 994
4730 5431
4731 2513
4732 1493
4733 7234
4734 7376
4735 6598
4736 1965
4737 2818
4738 3403
4739 4445
4740 7019
4741 1468
4742 3068
4743 6426
4744 3667
4745 680
4746 1303
4747 4744
4748 6100
4749 4297
4750 1780
4751 1222
4752 6075
4753 3785
4754 1291
4755 1690
4756 5851
4757 2158
4758 1615
4759 2100
4760 1816
4761 1141
4762 5986
4763 1483
4764 45
4765 1273
4766 6557
4767 4742
4768 5264
4769 7329
4770 6470
4771 1623
4772 3987
4773 1741
4774 3259
4775 5435
4776 3076
4777 4249
4778 19
4779 1187
4780 3025
4781 2136
4782 128
4783 7239
4784 2367
4785 4801
4786 4981
4787 6619
4788 3420
4789 2055
4790 3110
4791 1424
4792 3601
4793 6445
4794 3118
4795 2422
4796 1648
4797 2010
4798 513
4799 4543
4800 2152
4801 747
4802 3230
4803 1238
4804 4877
4805 5334
4806 5813
4807 2833
4808 947
4809 1778
4810 386
4811 5263
4812 243
4813 2754
4814 2573
4815 7402
4816 1526
4817 7045
4818 3543
4819 4746
4820 520
4821 5588
4822 352
4823 602
4824 7451
4825 6430
4826 3136
4827 2841
4828 405
4829 3728
4830 3186
4831 2480
4832 759
4833 2889
4834 1581
4835 1878
4836 1641
4837 3625
4838 6269
4839 751
4840 2339
4841 2875
4842 3881
4843 7391
4844 1223
4845 5761
4846 1705
4847 6740
4848 6959
4849 873
4850 5462
4851 3726
4852 3576
4853 7363
4854 1857
4855 756
4856 3814
4857 5700
4858 5454
4859 2690
4860 203
4861 6
4862 5889
4863 3699
4864 2673
4865 2019
4866 2071
4867 4241
4868 3621
4869 7437
4870 4433
4871 3807
4872 7277
4873 795
4874 3328
4875 2893
4876 2876
4877 1973
4878 1956
4879 360
4880 5507
4881 6925
4882 2481
4883 1537
4884 67
4885 6561
4886 1583
4887 2068
4888 3567
4889 1905
4890 5635
4891 3523
4892 356
4893 1634
4894 3034
4895 275
4896 1718
4897 7428
4898 6386
4899 2126
4900 1471
4901 2598
4902 898
4903 585
4904 3829
4905 5755
4906 732
4907 2241
4908 1818
4909 3832
4910 6066
4911 1810
4912 1261
4913 310
4914 2742
4915 6226
4916 3509
4917 897
4918 905
4919 1378
4920 2638
4921 2763
4922 1995
4923 2380
4924 5564
4925 418
4926 3805
4927 2628
4928 1627
4929 6468
4930 5043
4931 2391
4932 6283
4933 1943
4934 3154
4935 1609
4936 2242
4937 7323
4938 1343
4939 1565
4940 791
4941 1945
4942 3314
4943 3017
4944 7117
4945 5057
4946 4612
4947 1122
4948 6004
4949 666
4950 1111
4951 980
4952 976
4953 241
4954 7316
4955 1899
4956 5882
4957 5606
4958 3081
4959 374
4960 1211
4961 6903
4962 93
4963 2028
4964 7173
4965 4743
4966 1315
4967 3869
4968 5471
4969 1844
4970 1252
4971 7297
4972 7444
4973 6816
4974 4355
4975 6770
4976 6300
4977 911
4978 2801
4979 5850
4980 6838
4981 2869
4982 586
4983 5647
4984 3467
4985 1494
4986 1770
4987 84
4988 5215
4989 5746
4990 417
4991 167
4992 2278
4993 4155
4994 2258
4995 3626
4996 4834
4997 5297
4998 3341
4999 3907
5000 1459
5001 3180
5002 4063
5003 319
5004 1011
5005 3046
5006 653
5007 2689
5008 1593
5009 2950
5010 1651
5011 1243
5012 4343
5013 1353
5014 103
5015 6970
5016 6528
5017 1305
5018 2997
5019 6739
5020 58
5021 3197
5022 2360
5023 1928
5024 2110
5025 403
5026 1850
5027 768
5028 4053
5029 255
5030 5487
5031 3912
5032 599
5033 6417
5034 3477
5035 2185
5036 122
5037 6653
5038 1799
5039 4253
5040 2924
5041 2917
5042 990
5043 421
5044 5544
5045 2457
5046 6924
5047 549
5048 5184
5049 5133
5050 511
5051 2608
5052 1513
5053 775
5054 3697
5055 2354
5056 5444
5057 635
5058 5674
5059 1711
5060 4654
5061 5745
5062 1434
5063 7472
5064 2863
5065 1408
5066 261
5067 1545
5068 802
5069 6733
5070 1893
5071 3187
5072 1696
5073 1976
5074 2383
5075 5411
5076 1441
5077 3494
5078 1554
5079 4754
5080 4349
5081 2377
5082 5982
5083 4463
5084 556
5085 2747
5086 7512
5087 3808
5088 5488
5089 6736
5090 1210
5091 1981
5092 3347
5093 1754
5094 872
5095 4566
5096 3948
5097 5656
5098 3193
5099 2677
5100 3513
5101 3002
5102 5753
5103 3484
5104 876
5105 4336
5106 132
5107 1184
5108 669
5109 220
5110 1316
5111 1667
5112 1717
5113 2085
5114 2744
5115 7415
5116 6658
5117 4278
5118 764
5119 3935
5120 1716
5121 7212
5122 7462
5123 4388
5124 105
5125 3818
5126 3823
5127 4124
5128 3024
5129 65
5130 6913
5131 3902
5132 777
5133 1963
5134 3452
5135 5460
5136 840
5137 4869
5138 4848
5139 1053
5140 433
5141 406
5142 1074
5143 481
5144 4146
5145 3659
5146 1220
5147 1854
5148 4173
5149 5694
5150 3581
5151 1063
5152 140
5153 3333
5154 2132
5155 2814
5156 1643
5157 4768
5158 8
5159 2947
5160 1072
5161 1616
5162 6901
5163 2119
5164 5317
5165 2682
5166 6428
5167 157
5168 3651
5169 730
5170 2327
5171 2431
5172 1733
5173 3355
5174 4821
5175 7100
5176 2543
5177 7325
5178 797
5179 6747
5180 2735
5181 2722
5182 2725
5183 4788
5184 5118
5185 6274
5186 450
5187 1012
5188 2492
5189 442
5190 2925
5191 2261
5192 4221
5193 154
5194 1831
5195 7387
5196 1486
5197 4373
5198 2888
5199 3678
5200 6595
5201 1183
5202 4044
5203 3624
5204 3414
5205 1875
5206 6212
5207 4491
5208 3447
5209 1426
5210 3550
5211 2663
5212 1309
5213 1637
5214 690
5215 4637
5216 52
5217 1168
5218 2373
5219 1068
5220 349
5221 6661
5222 39
5223 4758
5224 2511
5225 4413
5226 145
5227 6697
5228 7413
5229 6139
5230 3280
5231 3955
5232 3939
5233 1805
5234 4111
5235 1059
5236 1043
5237 6047
5238 1858
5239 2806
5240 1502
5241 7406
5242 2906
5243 4997
5244 5923
5245 2314
5246 6769
5247 4890
5248 1837
5249 5689
5250 2703
5251 758
5252 1764
5253 2533
5254 1332
5255 5108
5256 834
5257 3382
5258 2292
5259 382
5260 5392
5261 4753
5262 6806
5263 1145
5264 5601
5265 1379
5266 2909
5267 7311
5268 104
5269 1179
5270 5064
5271 2452
5272 7044
5273 754
5274 2356
5275 2843
5276 248
5277 938
5278 1750
5279 1123
5280 4126
5281 3201
5282 7195
5283 372
5284 38
5285 3001
5286 1054
5287 6552
5288 1271
5289 2161
5290 773
5291 3644
5292 4522
5293 4166
5294 1501
5295 2462
5296 1978
5297 2087
5298 884
5299 4633
5300 5394
5301 613
5302 2552
5303 710
5304 993
5305 2084
5306 2341
5307 1509
5308 2496
5309 5240
5310 2270
5311 616
5312 6556
5313 4206
5314 6577
5315 3520
5316 7
5317 7238
5318 2332
5319 2304
5320 5878
5321 1514
5322 4814
5323 1481
5324 2592
5325 6663
5326 5479
5327 3449
5328 2012
5329 6080
5330 6705
5331 4840
5332 1487
5333 1497
5334 7436
5335 1517
5336 2766
5337 4569
5338 4410
5339 3179
5340 519
5341 5939
5342 7274
5343 3804
5344 6566
5345 5210
5346 5088
5347 6844
5348 1720
5349 4101
5350 6821
5351 2650
5352 7412
5353 2586
5354 3035
5355 1066
5356 6205
5357 699
5358 6279
5359 2718
5360 2174
5361 3737
5362 23
5363 1391
5364 2524
5365 720
5366 781
5367 2609
5368 6095
5369 2621
5370 2743
5371 3921
5372 1520
5373 4393
5374 7108
5375 348
5376 3840
5377 2420
5378 1655
5379 419
5380 2298
5381 2894
5382 1020
5383 2000
5384 1462
5385 4973
5386 6213
5387 329
5388 130
5389 2822
5390 5361
5391 1714
5392 6644
5393 829
5394 1143
5395 5504
5396 1485
5397 5787
5398 2664
5399 4499
5400 2515
5401 6572
5402 6679
5403 871
5404 1420
5405 3417
5406 2469
5407 2396
5408 2879
5409 63
5410 5158
5411 11
5412 1006
5413 2826
5414 4642
5415 4518
5416 9
5417 1784
5418 561
5419 4171
5420 263
5421 3586
5422 138
5423 2719
5424 1704
5425 6025
5426 952
5427 288
5428 6299
5429 6888
5430 3739
5431 2408
5432 634
5433 7072
5434 3243
5435 2105
5436 3402
5437 4323
5438 4452
5439 4104
5440 7379
5441 7220
5442 2688
5443 4298
5444 2992
5445 4228
5446 1536
5447 5944
5448 968
5449 1489
5450 369
5451 1155
5452 5825
5453 2842
5454 770
5455 3039
5456 1300
5457 961
5458 3407
5459 3861
5460 5127
5461 1314
5462 3365
5463 1226
5464 6288
5465 439
5466 5838
5467 1912
5468 5890
5469 7185
5470 1088
5471 2355
5472 1560
5473 1421
5474 2681
5475 962
5476 500
5477 206
5478 4192
5479 6923
5480 5773
5481 3438
5482 643
5483 4630
5484 4481
5485 1297
5486 3772
5487 2610
5488 6936
5489 1843
5490 5112
5491 3820
5492 1776
5493 258
5494 1387
5495 88
5496 1065
5497 691
5498 30
