2776
1772 0
2668 1
739 2
167 3
943 4
4361 5
2326 6
1501 7
838 8
4812 9
404 10
1411 11
4914 12
1101 13
63 14
1123 15
4690 16
958 17
4417 18
1324 19
569 20
2123 21
906 22
5491 23
231 24
966 25
658 26
94 27
2746 28
4787 29
1998 30
3578 31
271 32
12 33
1862 34
1396 35
4032 36
57 37
1242 38
135 39
2117 40
3117 41
5463 42
787 43
3913 44
963 45
3212 46
1858 47
291 48
5230 49
65 50
44 51
5116 52
3240 53
4768 54
4428 55
937 56
1448 57
3936 58
3189 59
2058 60
630 61
373 62
1884 63
315 64
2005 65
863 66
995 67
3731 68
117 69
4623 70
639 71
330 72
3123 73
2167 74
5392 75
1776 76
1441 77
5075 78
4897 79
4342 80
3442 81
856 82
2527 83
322 84
142 85
431 86
1582 87
1513 88
2780 89
5129 90
2545 91
1869 92
824 93
2788 94
138 95
2641 96
1634 97
961 98
3374 99
3738 100
984 101
328 102
270 103
3769 104
5164 105
3311 106
872 107
1253 108
899 109
1399 110
1135 111
2267 112
4992 113
3688 114
1736 115
3449 116
2889 117
408 118
3088 119
3228 120
7 121
365 122
238 123
296 124
3418 125
858 126
1408 127
1122 128
4246 129
173 130
360 131
636 132
2683 133
746 134
89 135
1403 136
711 137
4437 138
2515 139
3358 140
259 141
2949 142
3394 143
2046 144
285 145
3694 146
2284 147
3099 148
846 149
174 150
1637 151
4803 152
466 153
4353 154
61 155
3813 156
571 157
3108 158
972 159
3347 160
461 161
352 162
318 163
395 164
4476 165
2360 166
203 167
936 168
1406 169
743 170
3024 171
788 172
598 173
2055 174
3624 175
2917 176
3837 177
4606 178
197 179
2458 180
4414 181
3489 182
503 183
1463 184
1287 185
4759 186
679 187
425 188
188 189
552 190
4368 191
4848 192
2026 193
4228 194
4075 195
717 196
4399 197
84 198
2157 199
51 200
3053 201
235 202
1509 203
3701 204
132 205
110 206
3126 207
1042 208
1162 209
266 210
648 211
463 212
521 213
2389 214
87 215
3066 216
580 217
5136 218
255 219
2572 220
1512 221
392 222
631 223
2489 224
4016 225
1152 226
610 227
2800 228
3144 229
527 230
2817 231
3093 232
2442 233
792 234
4187 235
1976 236
669 237
3142 238
920 239
4147 240
5290 241
842 242
1689 243
3925 244
2149 245
965 246
5050 247
1558 248
2151 249
5146 250
4520 251
921 252
2244 253
2755 254
391 255
2639 256
2086 257
4162 258
3509 259
888 260
3730 261
1612 262
4337 263
4429 264
93 265
2585 266
3408 267
1786 268
4355 269
895 270
831 271
1386 272
1557 273
3593 274
5014 275
3075 276
1177 277
5316 278
3069 279
5373 280
3011 281
1528 282
96 283
4644 284
5480 285
1968 286
4602 287
2890 288
1576 289
4095 290
4219 291
4973 292
2526 293
968 294
1138 295
797 296
3085 297
3945 298
3880 299
4054 300
2265 301
3143 302
3550 303
3741 304
766 305
4904 306
2225 307
4470 308
88 309
4215 310
2212 311
2960 312
2066 313
3817 314
1055 315
4110 316
1235 317
2483 318
1787 319
2521 320
47 321
1675 322
2950 323
2915 324
2155 325
5119 326
1404 327
2999 328
474 329
522 330
2339 331
862 332
6 333
1809 334
4261 335
1742 336
3259 337
90 338
1631 339
2318 340
2191 341
692 342
1734 343
3437 344
1800 345
273 346
100 347
464 348
1995 349
3164 350
933 351
729 352
478 353
931 354
1378 355
1081 356
2043 357
1297 358
4933 359
1424 360
3598 361
683 362
971 363
775 364
2511 365
2919 366
1212 367
2435 368
1929 369
649 370
2555 371
509 372
33 373
1909 374
3982 375
3871 376
162 377
893 378
170 379
973 380
823 381
754 382
2927 383
1842 384
1585 385
1688 386
1907 387
1397 388
2582 389
1229 390
4301 391
516 392
1134 393
715 394
4557 395
2485 396
2482 397
2801 398
2757 399
671 400
1804 401
1888 402
1523 403
210 404
2709 405
279 406
531 407
72 408
2108 409
4984 410
213 411
626 412
2462 413
1034 414
3058 415
1746 416
2858 417
4100 418
1458 419
316 420
2675 421
3826 422
2633 423
2472 424
3087 425
2407 426
898 427
4576 428
2694 429
2628 430
54 431
3616 432
1080 433
5380 434
2898 435
152 436
614 437
1647 438
903 439
2686 440
3693 441
1572 442
1041 443
1275 444
714 445
2072 446
4621 447
672 448
1559 449
420 450
3691 451
902 452
1674 453
5325 454
3295 455
974 456
220 457
5473 458
606 459
3722 460
4763 461
189 462
1824 463
544 464
32 465
556 466
568 467
3472 468
1720 469
5165 470
372 471
529 472
4966 473
528 474
3366 475
3270 476
3768 477
3797 478
1250 479
3932 480
109 481
1875 482
2310 483
2447 484
2520 485
374 486
694 487
2000 488
1216 489
638 490
2546 491
752 492
870 493
3027 494
1963 495
557 496
1293 497
5326 498
186 499
3373 500
1749 501
900 502
465 503
4348 504
1190 505
4753 506
347 507
923 508
2731 509
4928 510
664 511
820 512
297 513
1237 514
4276 515
2095 516
3927 517
674 518
2562 519
446 520
477 521
281 522
578 523
275 524
190 525
1642 526
1114 527
603 528
2241 529
362 530
1125 531
4143 532
530 533
4579 534
713 535
5201 536
161 537
834 538
2930 539
4729 540
3138 541
5273 542
1719 543
1373 544
327 545
4011 546
165 547
1281 548
3608 549
948 550
2560 551
627 552
1679 553
471 554
3431 555
4272 556
485 557
368 558
1336 559
2613 560
62 561
1850 562
20 563
436 564
3252 565
1740 566
779 567
950 568
560 569
3896 570
2177 571
232 572
848 573
1993 574
2922 575
675 576
214 577
482 578
3263 579
4416 580
736 581
643 582
50 583
1132 584
127 585
239 586
337 587
4030 588
2990 589
5292 590
1989 591
1107 592
1476 593
3860 594
2644 595
439 596
472 597
274 598
1455 599
2798 600
5430 601
2195 602
240 603
883 604
2818 605
2003 606
68 607
435 608
119 609
4275 610
2424 611
357 612
3176 613
2845 614
798 615
1868 616
432 617
9 618
2431 619
4672 620
930 621
2421 622
289 623
2975 624
3029 625
1767 626
1613 627
2711 628
193 629
740 630
4883 631
1703 632
1754 633
2062 634
412 635
4721 636
3063 637
454 638
1456 639
4332 640
353 641
1889 642
533 643
629 644
1920 645
3238 646
1385 647
1367 648
782 649
1425 650
3836 651
3158 652
2198 653
143 654
1730 655
1338 656
5468 657
2186 658
2469 659
2896 660
1323 661
4582 662
2357 663
3762 664
3475 665
1831 666
676 667
644 668
2333 669
2215 670
4838 671
781 672
102 673
5092 674
3615 675
1387 676
34 677
1934 678
1315 679
4877 680
417 681
957 682
3721 683
4550 684
4783 685
329 686
5239 687
877 688
3686 689
1198 690
2531 691
2059 692
2480 693
772 694
2647 695
4538 696
3912 697
2935 698
668 699
241 700
945 701
2525 702
3380 703
1234 704
2317 705
4630 706
584 707
3490 708
4269 709
1632 710
812 711
755 712
1416 713
5151 714
1697 715
5106 716
1179 717
719 718
604 719
2491 720
1391 721
3193 722
1820 723
5385 724
2577 725
4659 726
546 727
2781 728
4490 729
2451 730
2619 731
1224 732
716 733
3951 734
1620 735
1925 736
2341 737
5038 738
358 739
4979 740
3672 741
5017 742
751 743
246 744
3918 745
884 746
3553 747
1384 748
3214 749
379 750
2840 751
1656 752
3145 753
4884 754
2875 755
160 756
665 757
226 758
459 759
851 760
120 761
1176 762
3788 763
1534 764
670 765
175 766
261 767
376 768
4363 769
765 770
3883 771
2471 772
139 773
3185 774
5419 775
720 776
1757 777
1118 778
4047 779
919 780
2676 781
3452 782
2765 783
1836 784
2869 785
3441 786
915 787
5312 788
164 789
4604 790
2692 791
742 792
1088 793
978 794
1427 795
184 796
113 797
1267 798
5212 799
1531 800
2499 801
288 802
181 803
1359 804
701 805
4670 806
403 807
818 808
5394 809
1536 810
78 811
748 812
932 813
455 814
804 815
2286 816
2952 817
2953 818
2448 819
912 820
4611 821
5192 822
2807 823
2693 824
2957 825
1843 826
926 827
2855 828
540 829
1748 830
407 831
2063 832
4529 833
1805 834
3054 835
5132 836
1170 837
3991 838
1560 839
3543 840
3484 841
5247 842
2878 843
1054 844
5262 845
115 846
108 847
1215 848
880 849
253 850
2228 851
280 852
887 853
2574 854
1322 855
2849 856
4945 857
1374 858
393 859
1550 860
641 861
747 862
826 863
4325 864
5233 865
3349 866
263 867
504 868
244 869
1104 870
5137 871
4180 872
4853 873
1395 874
1348 875
2771 876
2376 877
1462 878
1219 879
30 880
470 881
709 882
2437 883
3 884
3622 885
2738 886
5303 887
2298 888
4796 889
728 890
1073 891
2453 892
3039 893
1532 894
2604 895
822 896
536 897
3345 898
696 899
4319 900
302 901
4112 902
795 903
2291 904
1623 905
3064 906
913 907
4307 908
1485 909
3411 910
320 911
5167 912
15 913
2932 914
2141 915
111 916
827 917
1126 918
998 919
699 920
2205 921
734 922
5339 923
800 924
841 925
4730 926
4697 927
545 928
453 929
771 930
208 931
212 932
732 933
494 934
855 935
1273 936
1913 937
13 938
2963 939
205 940
155 941
444 942
2303 943
3336 944
3081 945
3226 946
3154 947
4293 948
2834 949
2252 950
2774 951
4464 952
4870 953
3268 954
3493 955
3734 956
2247 957
387 958
829 959
1898 960
1036 961
4206 962
2185 963
4671 964
1520 965
2271 966
1109 967
1873 968
534 969
5260 970
2484 971
597 972
3560 973
1335 974
2187 975
5083 976
2306 977
2300 978
2615 979
3062 980
875 981
907 982
4059 983
196 984
3556 985
4109 986
1268 987
2965 988
4878 989
2134 990
426 991
1977 992
4899 993
1306 994
5202 995
1052 996
904 997
4360 998
4198 999
4751 1000
572 1001
2287 1002
852 1003
1362 1004
1394 1005
410 1006
1658 1007
293 1008
1712 1009
2918 1010
3921 1011
3767 1012
553 1013
706 1014
885 1015
2533 1016
3421 1017
2150 1018
1568 1019
5223 1020
312 1021
3407 1022
361 1023
811 1024
1950 1025
4530 1026
354 1027
896 1028
2739 1029
2651 1030
406 1031
4114 1032
767 1033
29 1034
1978 1035
369 1036
3432 1037
2908 1038
1460 1039
3218 1040
768 1041
951 1042
662 1043
481 1044
3017 1045
4641 1046
5171 1047
2025 1048
424 1049
3456 1050
2075 1051
865 1052
1249 1053
262 1054
1588 1055
5105 1056
3163 1057
158 1058
1958 1059
23 1060
955 1061
2914 1062
589 1063
660 1064
1611 1065
733 1066
916 1067
40 1068
2153 1069
1914 1070
388 1071
37 1072
2115 1073
2838 1074
310 1075
2430 1076
2262 1077
469 1078
2078 1079
1205 1080
1799 1081
1522 1082
2635 1083
3779 1084
98 1085
2060 1086
1903 1087
869 1088
3224 1089
46 1090
118 1091
3324 1092
849 1093
3256 1094
2044 1095
1762 1096
3056 1097
4918 1098
3198 1099
1793 1100
615 1101
1806 1102
2363 1103
1464 1104
2017 1105
282 1106
2105 1107
837 1108
101 1109
55 1110
2682 1111
4111 1112
4664 1113
3546 1114
2433 1115
1148 1116
905 1117
2242 1118
3790 1119
1926 1120
473 1121
1131 1122
283 1123
2772 1124
428 1125
5432 1126
323 1127
2571 1128
2477 1129
2288 1130
2113 1131
413 1132
272 1133
356 1134
4 1135
1428 1136
3838 1137
1284 1138
1932 1139
908 1140
317 1141
2206 1142
565 1143
2452 1144
821 1145
4959 1146
1691 1147
1082 1148
1078 1149
1575 1150
681 1151
2011 1152
2371 1153
5026 1154
350 1155
677 1156
737 1157
416 1158
10 1159
1484 1160
1810 1161
1004 1162
760 1163
2856 1164
128 1165
861 1166
1695 1167
551 1168
860 1169
3486 1170
1570 1171
21 1172
201 1173
4248 1174
3630 1175
3970 1176
1527 1177
954 1178
378 1179
4907 1180
3042 1181
2846 1182
3141 1183
5214 1184
414 1185
1770 1186
3975 1187
2806 1188
4214 1189
1375 1190
749 1191
962 1192
1191 1193
209 1194
5150 1195
1171 1196
383 1197
3304 1198
4314 1199
2174 1200
4616 1201
564 1202
5232 1203
764 1204
103 1205
133 1206
1738 1207
3862 1208
2836 1209
3835 1210
114 1211
3890 1212
2602 1213
3103 1214
2136 1215
897 1216
3873 1217
301 1218
2099 1219
1696 1220
169 1221
2305 1222
3068 1223
866 1224
1398 1225
495 1226
1206 1227
2566 1228
525 1229
3191 1230
1904 1231
1342 1232
56 1233
4726 1234
1130 1235
3690 1236
1193 1237
3784 1238
2337 1239
5386 1240
192 1241
3531 1242
5193 1243
1946 1244
1765 1245
1592 1246
5429 1247
4340 1248
4831 1249
277 1250
1356 1251
1261 1252
975 1253
5209 1254
3885 1255
3420 1256
4537 1257
2119 1258
3589 1259
2802 1260
1650 1261
1 1262
3125 1263
3255 1264
3968 1265
3789 1266
876 1267
1434 1268
697 1269
2470 1270
2443 1271
290 1272
514 1273
725 1274
661 1275
2015 1276
4773 1277
2054 1278
942 1279
1814 1280
663 1281
4226 1282
1807 1283
4285 1284
2744 1285
1172 1286
642 1287
596 1288
1017 1289
1874 1290
385 1291
200 1292
2224 1293
721 1294
1768 1295
953 1296
778 1297
4733 1298
548 1299
5126 1300
690 1301
549 1302
2617 1303
492 1304
4372 1305
4536 1306
864 1307
1077 1308
2449 1309
594 1310
126 1311
4744 1312
2040 1313
727 1314
4556 1315
1555 1316
3107 1317
999 1318
1149 1319
207 1320
479 1321
1098 1322
42 1323
2832 1324
3857 1325
2196 1326
1789 1327
1860 1328
1094 1329
776 1330
2723 1331
199 1332
1569 1333
707 1334
340 1335
144 1336
4965 1337
1251 1338
3988 1339
95 1340
308 1341
427 1342
295 1343
1120 1344
1815 1345
1507 1346
1447 1347
3425 1348
4266 1349
1598 1350
2277 1351
4207 1352
194 1353
3681 1354
4501 1355
348 1356
123 1357
2226 1358
2008 1359
3297 1360
1939 1361
1282 1362
4364 1363
185 1364
4521 1365
3973 1366
969 1367
299 1368
1166 1369
4072 1370
355 1371
619 1372
704 1373
515 1374
3147 1375
1184 1376
667 1377
198 1378
97 1379
1059 1380
4673 1381
2956 1382
5231 1383
3736 1384
1443 1385
3098 1386
2230 1387
889 1388
382 1389
229 1390
124 1391
345 1392
1214 1393
258 1394
967 1395
539 1396
1174 1397
5064 1398
476 1399
1617 1400
980 1401
2593 1402
4173 1403
891 1404
4321 1405
267 1406
3288 1407
4477 1408
623 1409
1197 1410
1288 1411
3569 1412
4408 1413
1039 1414
590 1415
2344 1416
4256 1417
150 1418
443 1419
2172 1420
2 1421
344 1422
1600 1423
1659 1424
1551 1425
3500 1426
532 1427
292 1428
43 1429
1113 1430
83 1431
370 1432
5199 1433
3205 1434
976 1435
1854 1436
445 1437
570 1438
3729 1439
1518 1440
964 1441
3215 1442
74 1443
191 1444
4635 1445
4658 1446
4804 1447
519 1448
2237 1449
4591 1450
2301 1451
171 1452
4483 1453
4745 1454
4879 1455
3743 1456
1465 1457
1349 1458
4940 1459
28 1460
605 1461
66 1462
579 1463
2981 1464
2899 1465
3506 1466
5483 1467
879 1468
620 1469
1067 1470
4177 1471
4156 1472
3586 1473
1953 1474
1022 1475
419 1476
607 1477
1006 1478
1025 1479
756 1480
1421 1481
3793 1482
1195 1483
2122 1484
1737 1485
1319 1486
3213 1487
3401 1488
179 1489
500 1490
3803 1491
195 1492
3724 1493
3398 1494
3060 1495
4793 1496
1192 1497
116 1498
652 1499
4216 1500
4906 1501
633 1502
224 1503
76 1504
3978 1505
401 1506
2730 1507
2250 1508
5093 1509
1751 1510
535 1511
3795 1512
1698 1513
1881 1514
1796 1515
2274 1516
890 1517
2819 1518
223 1519
1321 1520
1693 1521
264 1522
2518 1523
70 1524
106 1525
2488 1526
16 1527
609 1528
321 1529
1628 1530
2815 1531
735 1532
1005 1533
4633 1534
2079 1535
592 1536
1692 1537
4482 1538
131 1539
1096 1540
618 1541
794 1542
2216 1543
789 1544
1270 1545
5357 1546
634 1547
3595 1548
4643 1549
3596 1550
58 1551
1756 1552
5255 1553
1390 1554
249 1555
850 1556
1139 1557
506 1558
5234 1559
2685 1560
2135 1561
79 1562
3396 1563
2793 1564
2643 1565
163 1566
1056 1567
3786 1568
1021 1569
402 1570
3463 1571
5334 1572
486 1573
4174 1574
524 1575
4352 1576
233 1577
215 1578
1068 1579
1292 1580
3104 1581
450 1582
342 1583
306 1584
159 1585
4555 1586
547 1587
2120 1588
882 1589
563 1590
613 1591
3657 1592
554 1593
230 1594
3004 1595
4404 1596
1057 1597
4750 1598
917 1599
574 1600
1028 1601
635 1602
2719 1603
335 1604
4265 1605
3271 1606
386 1607
5006 1608
3719 1609
4122 1610
5086 1611
2392 1612
4188 1613
3221 1614
2299 1615
4281 1616
718 1617
3976 1618
3680 1619
2382 1620
538 1621
4277 1622
269 1623
3330 1624
204 1625
582 1626
836 1627
2432 1628
91 1629
5010 1630
2529 1631
1885 1632
187 1633
987 1634
3200 1635
2332 1636
39 1637
4946 1638
935 1639
4401 1640
722 1641
2791 1642
946 1643
4172 1644
3740 1645
5095 1646
813 1647
4430 1648
687 1649
1087 1650
41 1651
2828 1652
2612 1653
541 1654
2176 1655
1499 1656
761 1657
686 1658
319 1659
381 1660
2100 1661
810 1662
5387 1663
3742 1664
1060 1665
3417 1666
1529 1667
1343 1668
1140 1669
994 1670
418 1671
1645 1672
805 1673
2233 1674
3878 1675
1741 1676
3030 1677
2085 1678
940 1679
1984 1680
868 1681
5469 1682
2204 1683
1469 1684
4495 1685
1369 1686
3170 1687
4823 1688
1071 1689
3638 1690
4058 1691
4968 1692
3013 1693
227 1694
260 1695
5154 1696
1630 1697
4296 1698
1099 1699
1846 1700
3891 1701
1451 1702
5409 1703
3415 1704
483 1705
2796 1706
2824 1707
799 1708
1238 1709
433 1710
176 1711
2440 1712
938 1713
153 1714
703 1715
583 1716
5163 1717
843 1718
5 1719
691 1720
991 1721
4371 1722
3393 1723
3357 1724
2523 1725
2364 1726
1981 1727
3910 1728
1165 1729
3264 1730
5046 1731
4017 1732
4799 1733
3032 1734
4068 1735
731 1736
243 1737
3363 1738
19 1739
1475 1740
4929 1741
1413 1742
5123 1743
1622 1744
2073 1745
2116 1746
816 1747
3028 1748
1731 1749
1093 1750
3101 1751
929 1752
4653 1753
934 1754
1530 1755
1902 1756
2625 1757
3235 1758
956 1759
922 1760
5340 1761
2192 1762
2814 1763
5448 1764
4569 1765
1500 1766
36 1767
1828 1768
80 1769
724 1770
2872 1771
941 1772
22 1773
331 1774
177 1775
5112 1776
5060 1777
5338 1778
3184 1779
5048 1780
359 1781
769 1782
1136 1783
763 1784
1043 1785
4433 1786
511 1787
415 1788
3008 1789
221 1790
2045 1791
53 1792
4346 1793
4205 1794
1264 1795
2130 1796
4335 1797
4244 1798
2459 1799
1393 1800
5328 1801
3097 1802
4988 1803
1150 1804
3269 1805
134 1806
695 1807
92 1808
1996 1809
1033 1810
3149 1811
575 1812
2565 1813
4814 1814
3298 1815
793 1816
925 1817
1023 1818
156 1819
4241 1820
1618 1821
835 1822
693 1823
5135 1824
248 1825
3059 1826
2876 1827
3065 1828
4679 1829
2473 1830
839 1831
3856 1832
3274 1833
1100 1834
45 1835
1940 1836
2111 1837
3353 1838
585 1839
3091 1840
2032 1841
4305 1842
1112 1843
1636 1844
710 1845
4135 1846
4747 1847
599 1848
268 1849
180 1850
2794 1851
3267 1852
1325 1853
2373 1854
5353 1855
390 1856
1629 1857
1941 1858
537 1859
3171 1860
77 1861
4426 1862
4608 1863
4844 1864
1821 1865
2293 1866
3702 1867
1279 1868
3023 1869
762 1870
2528 1871
867 1872
2368 1873
3428 1874
1209 1875
2510 1876
2386 1877
4586 1878
4092 1879
685 1880
448 1881
4499 1882
517 1883
218 1884
608 1885
1899 1886
4415 1887
3522 1888
3082 1889
4274 1890
2970 1891
24 1892
2584 1893
759 1894
364 1895
2335 1896
462 1897
1596 1898
4420 1899
451 1900
688 1901
1453 1902
550 1903
303 1904
4302 1905
1332 1906
5270 1907
1449 1908
801 1909
1752 1910
4639 1911
1313 1912
2690 1913
154 1914
245 1915
375 1916
612 1917
1802 1918
1258 1919
1372 1920
2238 1921
1837 1922
339 1923
1316 1924
928 1925
2409 1926
3001 1927
4849 1928
774 1929
2203 1930
1370 1931
682 1932
700 1933
2530 1934
251 1935
1586 1936
5143 1937
4067 1938
2536 1939
256 1940
1194 1941
4259 1942
1097 1943
3468 1944
1467 1945
892 1946
5061 1947
4238 1948
2810 1949
3416 1950
3530 1951
3377 1952
616 1953
3676 1954
1790 1955
1013 1956
1866 1957
2004 1958
367 1959
434 1960
1466 1961
1633 1962
491 1963
2732 1964
3328 1965
4993 1966
4534 1967
4063 1968
918 1969
2873 1970
4217 1971
4950 1972
4709 1973
1454 1974
2350 1975
1680 1976
4790 1977
4741 1978
601 1979
4541 1980
2775 1981
2540 1982
3338 1983
873 1984
4076 1985
4948 1986
129 1987
593 1988
2415 1989
785 1990
254 1991
1994 1992
949 1993
3850 1994
1083 1995
4278 1996
147 1997
640 1998
4609 1999
2047 2000
2239 2001
2787 2002
655 2003
646 2004
2052 2005
881 2006
2354 2007
2048 2008
5107 2009
145 2010
4693 2011
4474 2012
38 2013
1927 2014
26 2015
1713 2016
723 2017
3165 2018
3128 2019
490 2020
5343 2021
1794 2022
2926 2023
2102 2024
313 2025
2951 2026
1011 2027
2158 2028
947 2029
894 2030
2322 2031
1239 2032
624 2033
581 2034
396 2035
2352 2036
237 2037
1905 2038
2336 2039
1812 2040
5407 2041
705 2042
3116 2043
5245 2044
830 2045
1587 2046
151 2047
1266 2048
3192 2049
1553 2050
3137 2051
1624 2052
4714 2053
3262 2054
309 2055
1849 2056
4547 2057
600 2058
48 2059
854 2060
2570 2061
5002 2062
4450 2063
3204 2064
1363 2065
559 2066
2618 2067
1606 2068
2324 2069
625 2070
2923 2071
1160 2072
211 2073
2395 2074
780 2075
4397 2076
1204 2077
815 2078
2714 2079
17 2080
5220 2081
2024 2082
2998 2083
745 2084
222 2085
1956 2086
4227 2087
5286 2088
1452 2089
489 2090
168 2091
1933 2092
3392 2093
1471 2094
4127 2095
2403 2096
4905 2097
467 2098
284 2099
558 2100
468 2101
2559 2102
1255 2103
1331 2104
4575 2105
859 2106
1952 2107
1024 2108
1051 2109
653 2110
3898 2111
137 2112
3089 2113
1894 2114
4413 2115
1747 2116
1353 2117
105 2118
3780 2119
726 2120
901 2121
3632 2122
3361 2123
970 2124
3757 2125
602 2126
31 2127
983 2128
394 2129
4682 2130
977 2131
1241 2132
265 2133
689 2134
2349 2135
741 2136
1922 2137
421 2138
1655 2139
712 2140
825 2141
3253 2142
480 2143
3781 2144
832 2145
2414 2146
1225 2147
4702 2148
1708 2149
2862 2150
684 2151
452 2152
4240 2153
1121 2154
4772 2155
411 2156
2390 2157
833 2158
657 2159
2348 2160
4655 2161
4233 2162
3903 2163
520 2164
3134 2165
8 2166
3390 2167
1595 2168
3805 2169
333 2170
2580 2171
4134 2172
3654 2173
325 2174
3749 2175
2278 2176
2734 2177
2297 2178
2992 2179
4540 2180
802 2181
437 2182
513 2183
2688 2184
1785 2185
4221 2186
4930 2187
2097 2188
3944 2189
3855 2190
1825 2191
561 2192
341 2193
505 2194
4869 2195
2128 2196
4056 2197
2246 2198
757 2199
807 2200
1461 2201
1589 2202
3764 2203
487 2204
1439 2205
654 2206
3746 2207
1256 2208
1863 2209
397 2210
371 2211
286 2212
2460 2213
786 2214
3763 2215
3040 2216
5068 2217
1972 2218
730 2219
499 2220
3146 2221
871 2222
1758 2223
1159 2224
2436 2225
1665 2226
910 2227
1196 2228
2506 2229
1671 2230
1514 2231
4503 2232
1714 2233
146 2234
512 2235
1498 2236
4666 2237
5204 2238
228 2239
3335 2240
398 2241
3188 2242
4385 2243
5451 2244
3195 2245
2722 2246
300 2247
1564 2248
4192 2249
3905 2250
5259 2251
1670 2252
5133 2253
1964 2254
332 2255
2076 2256
1301 2257
4795 2258
2880 2259
2857 2260
4762 2261
3967 2262
305 2263
1735 2264
1473 2265
430 2266
52 2267
1701 2268
510 2269
874 2270
1137 2271
1259 2272
518 2273
3585 2274
1029 2275
2234 2276
121 2277
909 2278
1573 2279
817 2280
2988 2281
2626 2282
2065 2283
3827 2284
576 2285
247 2286
586 2287
1482 2288
2779 2289
1566 2290
1355 2291
236 2292
3774 2293
456 2294
3379 2295
4260 2296
25 2297
3279 2298
4713 2299
2608 2300
1116 2301
2822 2302
178 2303
738 2304
3514 2305
3355 2306
64 2307
3810 2308
5428 2309
1048 2310
2829 2311
3469 2312
4239 2313
3322 2314
216 2315
2790 2316
566 2317
5322 2318
1997 2319
3495 2320
2784 2321
3234 2322
3435 2323
3443 2324
680 2325
1240 2326
2843 2327
377 2328
1890 2329
457 2330
4271 2331
853 2332
4921 2333
3387 2334
1161 2335
326 2336
4535 2337
1826 2338
183 2339
343 2340
2962 2341
1381 2342
49 2343
4794 2344
770 2345
2541 2346
81 2347
307 2348
324 2349
1554 2350
809 2351
2321 2352
1694 2353
1729 2354
1244 2355
844 2356
2933 2357
3908 2358
69 2359
441 2360
366 2361
67 2362
60 2363
4060 2364
2285 2365
4553 2366
857 2367
1444 2368
99 2369
595 2370
1797 2371
497 2372
4019 2373
363 2374
502 2375
617 2376
3744 2377
4338 2378
130 2379
1985 2380
632 2381
3994 2382
5377 2383
4596 2384
2071 2385
157 2386
1706 2387
645 2388
1657 2389
2450 2390
314 2391
3517 2392
3159 2393
2494 2394
1602 2395
278 2396
384 2397
5100 2398
4472 2399
573 2400
1203 2401
1563 2402
1549 2403
86 2404
588 2405
2210 2406
758 2407
59 2408
1296 2409
2564 2410
3329 2411
3986 2412
1003 2413
2319 2414
2912 2415
911 2416
2833 2417
979 2418
3611 2419
2041 2420
2340 2421
939 2422
523 2423
1487 2424
1918 2425
298 2426
2776 2427
2034 2428
3190 2429
1382 2430
1705 2431
2316 2432
577 2433
4077 2434
349 2435
3639 2436
4457 2437
4289 2438
2725 2439
2372 2440
543 2441
346 2442
2056 2443
2419 2444
242 2445
1182 2446
1677 2447
1910 2448
1822 2449
2687 2450
2925 2451
3210 2452
1440 2453
2865 2454
3570 2455
4564 2456
71 2457
808 2458
2600 2459
1402 2460
2884 2461
5391 2462
294 2463
3851 2464
399 2465
4237 2466
647 2467
1053 2468
622 2469
3512 2470
3909 2471
3378 2472
659 2473
5173 2474
409 2475
2222 2476
651 2477
4997 2478
2391 2479
1412 2480
1699 2481
1769 2482
2476 2483
2852 2484
389 2485
1117 2486
1009 2487
2351 2488
2178 2489
217 2490
4605 2491
5176 2492
814 2493
2154 2494
4010 2495
493 2496
484 2497
73 2498
959 2499
3419 2500
141 2501
1415 2502
3096 2503
4680 2504
2936 2505
2042 2506
5375 2507
440 2508
3567 2509
698 2510
878 2511
2603 2512
982 2513
136 2514
4406 2515
2691 2516
4956 2517
2760 2518
3697 2519
773 2520
422 2521
847 2522
336 2523
458 2524
3816 2525
5177 2526
591 2527
3208 2528
790 2529
429 2530
5108 2531
3949 2532
3640 2533
3424 2534
845 2535
4057 2536
182 2537
1207 2538
2388 2539
2642 2540
338 2541
1357 2542
3232 2543
784 2544
508 2545
1681 2546
1792 2547
587 2548
2882 2549
1686 2550
3548 2551
2885 2552
2785 2553
4026 2554
2804 2555
18 2556
637 2557
442 2558
702 2559
5330 2560
475 2561
2547 2562
3508 2563
4583 2564
219 2565
3751 2566
3717 2567
438 2568
2094 2569
1942 2570
744 2571
924 2572
4739 2573
3197 2574
2089 2575
5240 2576
1838 2577
3541 2578
4467 2579
1537 2580
250 2581
3876 2582
5250 2583
3841 2584
3406 2585
311 2586
3515 2587
1108 2588
1146 2589
3173 2590
1291 2591
35 2592
1574 2593
4648 2594
2594 2595
3875 2596
4257 2597
5412 2598
1590 2599
678 2600
2762 2601
2848 2602
3478 2603
2227 2604
380 2605
11 2606
1156 2607
112 2608
1311 2609
460 2610
555 2611
1318 2612
1300 2613
252 2614
4881 2615
3689 2616
944 2617
4620 2618
1334 2619
507 2620
3012 2621
1947 2622
796 2623
1027 2624
1472 2625
2696 2626
611 2627
3527 2628
3402 2629
405 2630
149 2631
27 2632
400 2633
960 2634
2067 2635
140 2636
708 2637
3806 2638
2509 2639
1278 2640
1966 2641
2924 2642
225 2643
2575 2644
4986 2645
3010 2646
2913 2647
542 2648
3372 2649
4801 2650
1371 2651
1878 2652
1562 2653
1503 2654
3554 2655
1457 2656
828 2657
2197 2658
4601 2659
840 2660
819 2661
304 2662
4459 2663
4497 2664
621 2665
1764 2666
4496 2667
202 2668
2245 2669
4119 2670
4574 2671
2313 2672
1189 2673
4830 2674
4439 2675
4263 2676
125 2677
351 2678
2929 2679
1504 2680
3735 2681
1145 2682
148 2683
498 2684
3825 2685
753 2686
4466 2687
952 2688
2126 2689
886 2690
3498 2691
1859 2692
122 2693
3470 2694
2091 2695
449 2696
1446 2697
3375 2698
4688 2699
1308 2700
2147 2701
1091 2702
3151 2703
496 2704
1263 2705
488 2706
927 2707
3881 2708
2726 2709
666 2710
526 2711
2507 2712
4994 2713
914 2714
0 2715
2680 2716
3289 2717
1228 2718
1788 2719
3842 2720
334 2721
2561 2722
5251 2723
3599 2724
791 2725
1312 2726
1347 2727
447 2728
2272 2729
628 2730
562 2731
5166 2732
656 2733
673 2734
2782 2735
1298 2736
1142 2737
287 2738
1079 2739
234 2740
1506 2741
423 2742
2290 2743
501 2744
3854 2745
172 2746
2881 2747
3894 2748
1886 2749
3659 2750
166 2751
1508 2752
2355 2753
1856 2754
2703 2755
3370 2756
1141 2757
5029 2758
1591 2759
5117 2760
3562 2761
4009 2762
3310 2763
1533 2764
2729 2765
4218 2766
2721 2767
567 2768
806 2769
107 2770
14 2771
3095 2772
257 2773
4722 2774
803 2775
1951 2776
206 2777
82 2778
2967 2779
1442 2780
85 2781
1200 2782
1409 2783
650 2784
783 2785
750 2786
1954 2787
3974 2788
104 2789
3296 2790
1320 2791
3636 2792
1295 2793
2133 2794
75 2795
3272 2796
777 2797
3455 2798
2379 2799
276 2800
5272 2801
2797 2802
4732 2803
4971 2804
