2790
0 3785
1 2958
2 3599
3 8484
4 8323
5 7947
6 2558
7 7923
8 3252
9 7057
10 1181
11 5630
12 6677
13 7354
14 9227
15 6279
16 4234
17 10288
18 2709
19 4216
20 7850
21 10073
22 4460
23 7835
24 8970
25 9331
26 7818
27 9413
28 4558
29 3082
30 5025
31 1083
32 6064
33 6989
34 6888
35 7232
36 3887
37 1473
38 9047
39 1227
40 4170
41 9292
42 8707
43 6172
44 1044
45 5688
46 2614
47 647
48 1573
49 1864
50 4472
51 976
52 3186
53 8754
54 5114
55 305
56 2190
57 4809
58 2267
59 1307
60 8398
61 2397
62 203
63 9416
64 4494
65 6330
66 3919
67 2023
68 6608
69 1876
70 6168
71 4343
72 2924
73 9100
74 2847
75 4978
76 7968
77 8823
78 9283
79 7619
80 5134
81 4643
82 44
83 1335
84 4648
85 3084
86 7953
87 5361
88 3615
89 4232
90 7166
91 3560
92 9124
93 10169
94 10149
95 3338
96 8603
97 1636
98 1501
99 60
100 9422
101 10215
102 2116
103 4298
104 9612
105 8316
106 6964
107 2384
108 8528
109 3793
110 1997
111 3734
112 3037
113 10130
114 2122
115 746
116 7670
117 1387
118 6810
119 10009
120 497
121 9103
122 8974
123 4481
124 8986
125 5636
126 8522
127 2829
128 7327
129 3001
130 5014
131 5660
132 4621
133 7443
134 2417
135 5538
136 8111
137 9816
138 9515
139 2626
140 3412
141 2454
142 1647
143 8736
144 7322
145 720
146 6910
147 1798
148 9429
149 2890
150 5993
151 4281
152 4457
153 7969
154 5429
155 7977
156 4136
157 7820
158 1753
159 6673
160 1740
161 6061
162 4531
163 1439
164 3074
165 5549
166 3489
167 6820
168 2292
169 9077
170 3046
171 2413
172 5807
173 7823
174 6516
175 6454
176 6440
177 6113
178 4423
179 7442
180 9752
181 8807
182 1274
183 1870
184 1597
185 2392
186 9015
187 6691
188 2366
189 2326
190 8975
191 9328
192 5285
193 6984
194 197
195 4969
196 7432
197 136
198 1963
199 6278
200 2192
201 316
202 8345
203 1301
204 2074
205 6726
206 2407
207 2643
208 6362
209 6447
210 280
211 1565
212 8223
213 9445
214 1137
215 7431
216 622
217 3059
218 6639
219 9847
220 8291
221 10140
222 5374
223 5978
224 718
225 10203
226 9093
227 7393
228 889
229 795
230 7360
231 3746
232 1789
233 8458
234 1605
235 7999
236 8793
237 5608
238 4286
239 929
240 8262
241 9806
242 9912
243 3227
244 1507
245 8565
246 9570
247 3167
248 2422
249 5580
250 4225
251 6936
252 5031
253 5075
254 293
255 9795
256 2003
257 7340
258 9656
259 6881
260 5642
261 5668
262 7268
263 7478
264 7935
265 2689
266 8018
267 1552
268 9205
269 5235
270 1658
271 8438
272 7434
273 4121
274 3732
275 7287
276 8306
277 3393
278 5199
279 3397
280 2639
281 3290
282 9906
283 373
284 9643
285 7553
286 8059
287 9198
288 8199
289 3355
290 2389
291 6658
292 1051
293 2607
294 6387
295 8786
296 1283
297 998
298 2769
299 2704
300 8899
301 6248
302 3770
303 3661
304 3855
305 3450
306 3861
307 8717
308 8084
309 4408
310 2506
311 4387
312 6364
313 660
314 2168
315 6075
316 8263
317 6718
318 7526
319 9533
320 9280
321 2439
322 6337
323 2231
324 2902
325 49
326 5952
327 7595
328 740
329 5065
330 4262
331 9095
332 299
333 9999
334 9381
335 5739
336 7572
337 4285
338 4130
339 3270
340 10275
341 7187
342 2866
343 978
344 4083
345 5900
346 6157
347 7455
348 3614
349 2915
350 5769
351 296
352 4354
353 3542
354 182
355 5156
356 3330
357 8221
358 2147
359 8957
360 7896
361 2470
362 5676
363 1771
364 3707
365 5171
366 3464
367 6405
368 1960
369 7438
370 1609
371 3143
372 7289
373 7122
374 9367
375 6554
376 8731
377 3876
378 6312
379 7568
380 5612
381 2218
382 1211
383 6427
384 9542
385 218
386 3691
387 9732
388 5009
389 9853
390 7009
391 4836
392 3025
393 8584
394 10031
395 1073
396 1682
397 1496
398 3370
399 7957
400 4399
401 9176
402 10121
403 6668
404 6551
405 6543
406 6140
407 10305
408 3121
409 5672
410 7632
411 1884
412 8937
413 163
414 906
415 3941
416 1885
417 4477
418 2773
419 988
420 8700
421 9295
422 8615
423 1088
424 7053
425 5643
426 947
427 4525
428 9747
429 2526
430 2457
431 3822
432 4252
433 4967
434 8142
435 2561
436 9926
437 7267
438 99
439 4733
440 6973
441 9971
442 6752
443 7970
444 3442
445 9611
446 97
447 8508
448 1621
449 5306
450 9596
451 7031
452 11
453 7123
454 7485
455 2263
456 545
457 6047
458 6406
459 7472
460 354
461 8963
462 10402
463 4962
464 8536
465 895
466 4696
467 1519
468 8890
469 9937
470 3245
471 9033
472 2381
473 8277
474 7059
475 1397
476 67
477 1601
478 8290
479 7240
480 9468
481 7602
482 1467
483 142
484 8413
485 879
486 7821
487 7904
488 1655
489 9192
490 1954
491 8258
492 1299
493 3285
494 3093
495 5716
496 3233
497 9556
498 866
499 747
500 5358
501 1203
502 1019
503 30
504 10142
505 3021
506 2540
507 4846
508 7734
509 9510
510 8889
511 7937
512 6909
513 7303
514 5659
515 6165
516 5026
517 3915
518 9193
519 387
520 3004
521 6293
522 4533
523 4627
524 5093
525 3419
526 3304
527 8649
528 7130
529 1706
530 4037
531 5454
532 10150
533 4802
534 5197
535 1873
536 9426
537 4091
538 556
539 7865
540 6216
541 245
542 9415
543 1941
544 8972
545 8022
546 6384
547 4295
548 5404
549 7720
550 4373
551 1770
552 8314
553 2271
554 5048
555 9779
556 4840
557 6092
558 1229
559 4362
560 10155
561 35
562 3577
563 1178
564 963
565 1871
566 763
567 1040
568 266
569 9106
570 20
571 9173
572 8612
573 9575
574 9940
575 7727
576 4851
577 288
578 4107
579 3445
580 183
581 8920
582 3486
583 1957
584 5135
585 2009
586 2277
587 1354
588 1924
589 145
590 9316
591 7437
592 8951
593 1786
594 5299
595 9977
596 6156
597 6869
598 9469
599 9142
600 2925
601 2429
602 5674
603 2884
604 7841
605 8704
606 4496
607 6003
608 7742
609 4346
610 6243
611 8383
612 9168
613 5355
614 107
615 6464
616 3386
617 1757
618 7446
619 931
620 3098
621 9886
622 552
623 5933
624 6764
625 3832
626 621
627 5943
628 5272
629 8877
630 3263
631 1505
632 9829
633 9949
634 1268
635 4024
636 2095
637 5717
638 3115
639 4683
640 1581
641 3192
642 9984
643 7691
644 9177
645 4251
646 10360
647 252
648 7146
649 397
650 7251
651 2860
652 9986
653 5719
654 10265
655 1233
656 4336
657 6225
658 7266
659 2768
660 1758
661 858
662 3031
663 7415
664 1992
665 5424
666 4847
667 1039
668 8081
669 8260
670 4053
671 2845
672 4212
673 4455
674 8832
675 1243
676 8103
677 8489
678 4466
679 672
680 3207
681 304
682 101
683 3518
684 9728
685 9004
686 9454
687 8474
688 4289
689 6136
690 7945
691 5597
692 6043
693 4572
694 5162
695 5778
696 270
697 5441
698 8128
699 2181
700 6207
701 9178
702 368
703 1970
704 6795
705 5336
706 3011
707 9309
708 6659
709 3572
710 6833
711 2940
712 3859
713 782
714 891
715 1163
716 1356
717 799
718 9341
719 414
720 7560
721 4966
722 7608
723 0
724 5321
725 8858
726 5741
727 3972
728 2352
729 7771
730 3736
731 8521
732 7040
733 3478
734 7134
735 2408
736 8153
737 1171
738 2430
739 38
740 10096
741 6299
742 1684
743 4569
744 5347
745 2024
746 2750
747 2611
748 664
749 8457
750 211
751 4664
752 6653
753 3815
754 9838
755 4196
756 10343
757 4461
758 9122
759 4340
760 7766
761 6274
762 6235
763 1070
764 271
765 3929
766 3642
767 9890
768 10179
769 6953
770 9024
771 5968
772 1839
773 130
774 7577
775 4554
776 2597
777 2906
778 3050
779 863
780 7539
781 4676
782 10213
783 2701
784 10285
785 1877
786 2175
787 4279
788 4761
789 4198
790 10092
791 4734
792 717
793 8239
794 5722
795 1064
796 4903
797 2359
798 3156
799 1132
800 5480
801 9568
802 4919
803 973
804 5627
805 8617
806 6393
807 10039
808 9830
809 4609
810 8945
811 3449
812 4887
813 9174
814 5486
815 9749
816 9511
817 9199
818 5161
819 995
820 4618
821 3833
822 2051
823 5153
824 5546
825 10243
826 8409
827 9782
828 6083
829 378
830 4872
831 6343
832 7862
833 382
834 7681
835 1200
836 1080
837 2979
838 3407
839 8654
840 6246
841 827
842 7318
843 9402
844 1409
845 3672
846 678
847 200
848 10086
849 5651
850 2044
851 2650
852 3687
853 2975
854 7416
855 2396
856 1348
857 3938
858 1360
859 10358
860 10236
861 8396
862 9648
863 10389
864 8598
865 7382
866 6210
867 10239
868 6369
869 4192
870 2726
871 2113
872 118
873 3239
874 2127
875 2011
876 9911
877 1136
878 8721
879 3695
880 6839
881 1459
882 2585
883 1468
884 5502
885 7921
886 1078
887 7132
888 2243
889 9840
890 6034
891 3178
892 7924
893 594
894 7976
895 1634
896 2739
897 445
898 558
899 9223
900 3097
901 1849
902 7076
903 3103
904 7459
905 5820
906 757
907 7989
908 509
909 4585
910 6590
911 8797
912 6537
913 7934
914 7411
915 779
916 7749
917 4831
918 2034
919 3139
920 6238
921 5143
922 5588
923 9902
924 3894
925 2635
926 7954
927 4175
928 3840
929 6529
930 1523
931 960
932 7136
933 3286
934 274
935 2694
936 3056
937 8805
938 4345
939 9162
940 9477
941 8876
942 87
943 6317
944 3309
945 9202
946 5367
947 2064
948 6266
949 1169
950 8026
951 7158
952 2911
953 143
954 3495
955 8511
956 7699
957 617
958 4326
959 5932
960 9442
961 3390
962 2109
963 110
964 5253
965 3409
966 8680
967 2574
968 2718
969 9013
970 8900
971 6305
972 4910
973 4738
974 1266
975 9744
976 4545
977 2160
978 5464
979 6187
980 6568
981 8681
982 2159
983 8113
984 6220
985 1450
986 8245
987 860
988 7265
989 7768
990 5453
991 9764
992 5408
993 4047
994 2041
995 2908
996 9762
997 4631
998 8849
999 2195
1000 9372
1001 7704
1002 6855
1003 6882
1004 6396
1005 2994
1006 6326
1007 10082
1008 7544
1009 4123
1010 10049
1011 4979
1012 748
1013 5863
1014 1774
1015 8231
1016 2208
1017 6606
1018 8708
1019 3945
1020 1128
1021 10063
1022 2322
1023 4510
1024 5750
1025 3413
1026 2475
1027 3410
1028 5059
1029 9523
1030 7900
1031 6123
1032 4794
1033 7430
1034 1089
1035 7917
1036 7630
1037 5989
1038 3852
1039 4310
1040 4965
1041 6977
1042 105
1043 9720
1044 1878
1045 4154
1046 2654
1047 3294
1048 9144
1049 4195
1050 2996
1051 1326
1052 9018
1053 6906
1054 6518
1055 3794
1056 8124
1057 9868
1058 5913
1059 8524
1060 3558
1061 5732
1062 6679
1063 4099
1064 8959
1065 6460
1066 6044
1067 2342
1068 6822
1069 9444
1070 5550
1071 1958
1072 8363
1073 8622
1074 3414
1075 1099
1076 5950
1077 9968
1078 7064
1079 482
1080 6450
1081 2684
1082 652
1083 887
1084 2898
1085 1379
1086 4410
1087 7763
1088 9354
1089 8668
1090 6692
1091 6307
1092 2060
1093 7565
1094 9812
1095 4217
1096 4248
1097 9490
1098 6401
1099 3638
1100 3506
1101 4467
1102 4915
1103 8756
1104 3488
1105 8437
1106 8235
1107 2456
1108 6308
1109 4103
1110 1435
1111 8806
1112 3841
1113 5474
1114 2900
1115 5041
1116 7791
1117 8761
1118 4424
1119 1657
1120 1528
1121 1332
1122 7036
1123 3159
1124 4575
1125 6332
1126 253
1127 9285
1128 6046
1129 6300
1130 9436
1131 6005
1132 7690
1133 6428
1134 6290
1135 9419
1136 5128
1137 6647
1138 2612
1139 8051
1140 4381
1141 8893
1142 1295
1143 1436
1144 179
1145 8280
1146 1749
1147 2721
1148 10277
1149 8575
1150 7184
1151 7710
1152 3906
1153 4044
1154 5477
1155 6465
1156 10249
1157 4767
1158 3054
1159 6700
1160 6062
1161 5466
1162 1802
1163 3936
1164 4804
1165 6671
1166 9502
1167 9571
1168 5865
1169 10010
1170 4868
1171 6758
1172 6286
1173 2199
1174 6282
1175 6545
1176 2894
1177 6256
1178 3617
1179 5409
1180 9706
1181 9403
1182 5770
1183 5701
1184 420
1185 5679
1186 2182
1187 3955
1188 6443
1189 4780
1190 9891
1191 8279
1192 7816
1193 2130
1194 307
1195 7627
1196 2286
1197 7605
1198 695
1199 10008
1200 3613
1201 3802
1202 8949
1203 4608
1204 8933
1205 5973
1206 1546
1207 743
1208 173
1209 343
1210 6830
1211 5846
1212 486
1213 5187
1214 2893
1215 6415
1216 383
1217 1006
1218 6676
1219 10302
1220 9563
1221 6436
1222 7048
1223 2948
1224 7732
1225 9653
1226 1172
1227 6998
1228 9880
1229 7726
1230 629
1231 5027
1232 3720
1233 2889
1234 1330
1235 8716
1236 9658
1237 5503
1238 4082
1239 477
1240 5620
1241 7659
1242 3111
1243 7503
1244 1157
1245 3877
1246 5181
1247 10094
1248 8090
1249 1485
1250 3012
1251 2217
1252 3935
1253 4912
1254 9068
1255 4073
1256 8354
1257 6773
1258 5019
1259 5780
1260 2564
1261 8600
1262 3312
1263 7584
1264 3051
1265 1617
1266 4489
1267 9131
1268 3122
1269 4930
1270 9932
1271 1043
1272 2774
1273 7086
1274 2667
1275 5103
1276 3078
1277 3709
1278 1197
1279 369
1280 3830
1281 4009
1282 1929
1283 5243
1284 1835
1285 4931
1286 4588
1287 9081
1288 7379
1289 7812
1290 8249
1291 9427
1292 5117
1293 6615
1294 7137
1295 2025
1296 8516
1297 5595
1298 7629
1299 3351
1300 2221
1301 3893
1302 6874
1303 9914
1304 106
1305 155
1306 5749
1307 1209
1308 4998
1309 8940
1310 8913
1311 925
1312 5555
1313 1584
1314 2103
1315 4565
1316 8120
1317 6800
1318 3218
1319 4505
1320 9811
1321 3898
1322 3135
1323 8426
1324 9296
1325 1092
1326 5640
1327 277
1328 5694
1329 1179
1330 4812
1331 6146
1332 1416
1333 8275
1334 4815
1335 8946
1336 6329
1337 1913
1338 1694
1339 6318
1340 7120
1341 9021
1342 6230
1343 7126
1344 9492
1345 1310
1346 2532
1347 3947
1348 3228
1349 3136
1350 1421
1351 3448
1352 1759
1353 1319
1354 5653
1355 10221
1356 9226
1357 8846
1358 5168
1359 7176
1360 3774
1361 8648
1362 662
1363 994
1364 7093
1365 10185
1366 7707
1367 2239
1368 8003
1369 1309
1370 5458
1371 9917
1372 3160
1373 673
1374 4661
1375 2729
1376 1951
1377 8210
1378 3842
1379 2487
1380 4546
1381 5996
1382 8978
1383 7097
1384 1693
1385 3664
1386 5600
1387 8610
1388 2529
1389 7058
1390 4183
1391 4667
1392 4339
1393 1370
1394 9465
1395 7195
1396 7832
1397 196
1398 2337
1399 8391
1400 7359
1401 167
1402 256
1403 6525
1404 1337
1405 7083
1406 5491
1407 9063
1408 4650
1409 7583
1410 2194
1411 836
1412 8335
1413 2874
1414 4534
1415 7706
1416 9318
1417 7652
1418 4350
1419 579
1420 3383
1421 5416
1422 6983
1423 1369
1424 10348
1425 3260
1426 9440
1427 6145
1428 1512
1429 6824
1430 865
1431 8307
1432 8732
1433 1794
1434 1746
1435 5877
1436 1719
1437 9390
1438 4695
1439 5342
1440 2760
1441 5714
1442 3901
1443 221
1444 4015
1445 10349
1446 8996
1447 7343
1448 10399
1449 10242
1450 7168
1451 5119
1452 4230
1453 9961
1454 7986
1455 3306
1456 1847
1457 4276
1458 215
1459 5215
1460 6063
1461 2206
1462 3456
1463 8697
1464 4348
1465 8653
1466 5096
1467 1540
1468 2858
1469 993
1470 10062
1471 8361
1472 4557
1473 10225
1474 1489
1475 1094
1476 260
1477 9044
1478 1988
1479 1009
1480 5190
1481 4933
1482 9804
1483 5774
1484 7218
1485 7750
1486 4633
1487 7319
1488 7339
1489 1303
1490 8971
1491 7714
1492 5465
1493 9261
1494 1537
1495 5884
1496 23
1497 8403
1498 567
1499 7346
1500 2065
1501 8166
1502 10016
1503 2945
1504 9661
1505 9031
1506 4360
1507 9404
1508 7586
1509 7604
1510 6009
1511 4945
1512 2214
1513 1837
1514 3281
1515 7951
1516 7500
1517 10378
1518 135
1519 5715
1520 7776
1521 990
1522 4777
1523 4273
1524 8325
1525 9447
1526 7103
1527 9323
1528 6202
1529 9692
1530 5170
1531 2091
1532 4501
1533 1827
1534 4886
1535 7003
1536 2445
1537 7114
1538 9048
1539 9498
1540 6896
1541 1091
1542 3086
1543 4220
1544 5696
1545 5584
1546 6297
1547 141
1548 2636
1549 7978
1550 9951
1551 5345
1552 1318
1553 6512
1554 2115
1555 5123
1556 6916
1557 4439
1558 824
1559 3981
1560 3305
1561 246
1562 4718
1563 341
1564 945
1565 5843
1566 7046
1567 9155
1568 9674
1569 3957
1570 6770
1571 90
1572 5000
1573 10345
1574 4078
1575 6846
1576 9820
1577 1906
1578 9931
1579 1921
1580 9992
1581 2249
1582 9740
1583 4075
1584 2378
1585 1989
1586 1112
1587 680
1588 9925
1589 5303
1590 5757
1591 10386
1592 1470
1593 263
1594 3828
1595 3142
1596 1930
1597 4889
1598 3559
1599 8220
1600 6254
1601 2899
1602 2350
1603 588
1604 961
1605 419
1606 4208
1607 5141
1608 9750
1609 877
1610 4417
1611 6790
1612 1816
1613 1896
1614 726
1615 8377
1616 178
1617 4680
1618 9827
1619 8139
1620 770
1621 811
1622 10050
1623 8999
1624 6974
1625 8583
1626 9976
1627 7398
1628 9281
1629 4690
1630 1053
1631 39
1632 9538
1633 4229
1634 7043
1635 6669
1636 422
1637 7230
1638 1509
1639 4131
1640 3784
1641 9278
1642 685
1643 4235
1644 6374
1645 6724
1646 3023
1647 9623
1648 6600
1649 3317
1650 8501
1651 8658
1652 5381
1653 3634
1654 8155
1655 170
1656 8500
1657 2259
1658 4771
1659 10005
1660 1776
1661 3761
1662 587
1663 5554
1664 2749
1665 9430
1666 4074
1667 2596
1668 1905
1669 62
1670 2916
1671 5218
1672 6033
1673 3274
1674 3066
1675 1102
1676 9569
1677 2298
1678 3998
1679 9899
1680 5132
1681 5703
1682 3623
1683 6411
1684 9196
1685 7228
1686 1192
1687 4960
1688 1403
1689 4951
1690 7993
1691 5592
1692 7638
1693 2241
1694 10382
1695 6766
1696 805
1697 5209
1698 5632
1699 2557
1700 9981
1701 8699
1702 3700
1703 6785
1704 5752
1705 7381
1706 9985
1707 6550
1708 2053
1709 5999
1710 7910
1711 6504
1712 6194
1713 10363
1714 2810
1715 6825
1716 336
1717 8169
1718 7853
1719 8118
1720 8791
1721 8042
1722 765
1723 5680
1724 4986
1725 2970
1726 6651
1727 3551
1728 6945
1729 839
1730 6607
1731 2715
1732 7170
1733 3350
1734 6703
1735 8979
1736 951
1737 453
1738 4093
1739 7932
1740 1261
1741 1628
1742 10222
1743 4043
1744 4135
1745 6482
1746 347
1747 6410
1748 472
1749 7047
1750 5602
1751 8479
1752 5862
1753 10015
1754 3398
1755 10139
1756 10314
1757 5301
1758 8917
1759 6147
1760 6627
1761 8674
1762 3721
1763 5789
1764 1359
1765 10013
1766 9619
1767 2755
1768 7885
1769 4282
1770 5492
1771 7180
1772 2724
1773 2976
1774 6564
1775 2253
1776 9688
1777 677
1778 1947
1779 4901
1780 6842
1781 5082
1782 7066
1783 7649
1784 4245
1785 146
1786 6259
1787 7452
1788 8882
1789 8616
1790 855
1791 6066
1792 3807
1793 4865
1794 8834
1795 6107
1796 3978
1797 5577
1798 4096
1799 9479
1800 5439
1801 9905
1802 1477
1803 5521
1804 9300
1805 1729
1806 4349
1807 1548
1808 5558
1809 1629
1810 5098
1811 9576
1812 7844
1813 7215
1814 7254
1815 5605
1816 6836
1817 9509
1818 6453
1819 1860
1820 5574
1821 7697
1822 488
1823 751
1824 1364
1825 9050
1826 1495
1827 2816
1828 4789
1829 4583
1830 3375
1831 8011
1832 4990
1833 4991
1834 1903
1835 9967
1836 4934
1837 9983
1838 692
1839 661
1840 9913
1841 5528
1842 10194
1843 4563
1844 2610
1845 9069
1846 7499
1847 3666
1848 5433
1849 1058
1850 128
1851 1602
1852 7030
1853 3094
1854 7383
1855 2790
1856 4535
1857 5004
1858 5166
1859 1085
1860 2710
1861 2950
1862 5699
1863 9088
1864 2533
1865 7403
1866 6375
1867 391
1868 6240
1869 3311
1870 5531
1871 4636
1872 5046
1873 5152
1874 429
1875 8447
1876 9117
1877 4231
1878 9471
1879 7806
1880 9097
1881 9630
1882 6222
1883 6439
1884 1893
1885 9325
1886 10299
1887 10162
1888 4503
1889 901
1890 6612
1891 9534
1892 10067
1893 8133
1894 8545
1895 8107
1896 7936
1897 8608
1898 5931
1899 4190
1900 9561
1901 3635
1902 5028
1903 7744
1904 1153
1905 7211
1906 5411
1907 619
1908 4110
1909 9519
1910 6958
1911 1711
1912 9798
1913 5175
1914 9966
1915 1114
1916 4769
1917 802
1918 2371
1919 9837
1920 4784
1921 8453
1922 968
1923 7202
1924 2804
1925 1950
1926 2365
1927 5263
1928 3747
1929 10038
1930 7800
1931 10233
1932 1673
1933 2339
1934 1583
1935 66
1936 8759
1937 1028
1938 8803
1939 289
1940 6712
1941 5713
1942 1632
1943 4244
1944 962
1945 9398
1946 10056
1947 351
1948 3043
1949 1105
1950 4894
1951 5067
1952 790
1953 479
1954 2477
1955 2518
1956 5188
1957 6507
1958 7554
1959 6657
1960 303
1961 6674
1962 10260
1963 8130
1964 3937
1965 3800
1966 9738
1967 2395
1968 1100
1969 7745
1970 9734
1971 4988
1972 2973
1973 1556
1974 6994
1975 2821
1976 8355
1977 10257
1978 9535
1979 174
1980 9348
1981 248
1982 3319
1983 5537
1984 2132
1985 8054
1986 2589
1987 3060
1988 8687
1989 7496
1990 9333
1991 5095
1992 3215
1993 5582
1994 957
1995 2215
1996 5063
1997 3499
1998 4556
1999 8272
2000 9727
2001 5510
2002 4615
2003 2436
2004 9996
2005 1305
2006 8227
2007 10229
2008 8304
2009 6987
2010 235
2011 7288
2012 5402
2013 5163
2014 5115
2015 634
2016 7639
2017 2742
2018 259
2019 7247
2020 4019
2021 3744
2022 4247
2023 2656
2024 2553
2025 8173
2026 8452
2027 8991
2028 8201
2029 4824
2030 7779
2031 10339
2032 2351
2033 8
2034 983
2035 6742
2036 3535
2037 7390
2038 5445
2039 2299
2040 7306
2041 1272
2042 10252
2043 3116
2044 3455
2045 2209
2046 1720
2047 9219
2048 5635
2049 9770
2050 6740
2051 6486
2052 3803
2053 1216
2054 6483
2055 2104
2056 8862
2057 2766
2058 1187
2059 1855
2060 9189
2061 1240
2062 7653
2063 5083
2064 8427
2065 986
2066 560
2067 9784
2068 9742
2069 4490
2070 8274
2071 3107
2072 6813
2073 5893
2074 1952
2075 1176
2076 9541
2077 3318
2078 3698
2079 9338
2080 2631
2081 8629
2082 1562
2083 9610
2084 7811
2085 2179
2086 8546
2087 204
2088 2813
2089 5783
2090 5873
2091 3077
2092 6858
2093 714
2094 842
2095 5654
2096 1320
2097 4843
2098 1592
2099 9801
2100 9102
2101 8495
2102 7494
2103 7214
2104 3454
2105 7111
2106 1367
2107 8358
2108 5895
2109 557
2110 3197
2111 3019
2112 8686
2113 2126
2114 4757
2115 2644
2116 2905
2117 6717
2118 3914
2119 4054
2120 1222
2121 5173
2122 3884
2123 3968
2124 10340
2125 3176
2126 7172
2127 2314
2128 3523
2129 2914
2130 1123
2131 6426
2132 1962
2133 833
2134 6624
2135 6095
2136 3349
2137 5506
2138 2981
2139 669
2140 4187
2141 3858
2142 10122
2143 9586
2144 5762
2145 4155
2146 4976
2147 5649
2148 2035
2149 4465
2150 7351
2151 2200
2152 9137
2153 8285
2154 7517
2155 7248
2156 5372
2157 6589
2158 1351
2159 3521
2160 4924
2161 3712
2162 7928
2163 980
2164 6751
2165 8810
2166 8958
2167 3997
2168 2713
2169 2349
2170 6892
2171 6260
2172 7895
2173 7312
2174 1935
2175 3042
2176 9614
2177 6505
2178 358
2179 5057
2180 1737
2181 2523
2182 95
2183 1554
2184 8843
2185 2592
2186 1829
2187 981
2188 8295
2189 809
2190 10259
2191 9265
2192 9826
2193 449
2194 655
2195 5590
2196 3308
2197 3002
2198 3751
2199 6791
2200 4437
2201 722
2202 7348
2203 2582
2204 894
2205 768
2206 370
2207 5319
2208 9851
2209 1679
2210 8742
2211 7674
2212 9143
2213 9539
2214 7328
2215 926
2216 921
2217 8064
2218 7557
2219 6245
2220 3232
2221 7536
2222 2932
2223 4663
2224 2237
2225 4414
2226 47
2227 7761
2228 4215
2229 9353
2230 3
2231 9388
2232 9730
2233 9864
2234 8562
2235 2344
2236 7038
2237 10217
2238 834
2239 6088
2240 9051
2241 8705
2242 4104
2243 9335
2244 9274
2245 10351
2246 402
2247 4005
2248 5684
2249 1300
2250 8424
2251 6738
2252 6280
2253 6462
2254 6328
2255 165
2256 2675
2257 3584
2258 6055
2259 6539
2260 8056
2261 5371
2262 9407
2263 8053
2264 563
2265 10146
2266 997
2267 7830
2268 1279
2269 7861
2270 3605
2271 3162
2272 3085
2273 5039
2274 9201
2275 9384
2276 9128
2277 3213
2278 1259
2279 693
2280 205
2281 3757
2282 6885
2283 244
2284 4430
2285 4892
2286 8425
2287 9055
2288 1173
2289 6960
2290 2153
2291 1212
2292 732
2293 267
2294 10316
2295 5788
2296 6501
2297 8195
2298 6519
2299 1032
2300 4686
2301 7468
2302 5359
2303 6
2304 6380
2305 5760
2306 1712
2307 1164
2308 8101
2309 7296
2310 7277
2311 5020
2312 9395
2313 4405
2314 9497
2315 3022
2316 525
2317 10296
2318 332
2319 9676
2320 9396
2321 8057
2322 2268
2323 2284
2324 4879
2325 2170
2326 7890
2327 8724
2328 3406
2329 326
2330 1021
2331 7424
2332 4449
2333 917
2334 3471
2335 1248
2336 6902
2337 5149
2338 5225
2339 3568
2340 2081
2341 3405
2342 5849
2343 4352
2344 4152
2345 9125
2346 8334
2347 3982
2348 6192
2349 2440
2350 3668
2351 8794
2352 258
2353 8752
2354 7506
2355 2767
2356 7626
2357 4721
2358 3296
2359 2310
2360 9919
2361 2725
2362 2013
2363 5875
2364 7290
2365 2566
2366 7524
2367 4725
2368 3459
2369 6586
2370 3713
2371 10022
2372 2150
2373 1701
2374 4835
2375 9787
2376 8497
2377 4174
2378 3511
2379 5121
2380 3483
2381 1898
2382 2295
2383 5619
2384 1986
2385 1909
2386 5829
2387 4848
2388 447
2389 2577
2390 9420
2391 4249
2392 686
2393 5725
2394 9204
2395 4920
2396 1294
2397 4233
2398 4914
2399 5133
2400 10044
2401 6271
2402 5882
2403 4243
2404 9997
2405 4361
2406 6390
2407 7344
2408 5826
2409 9506
2410 1833
2411 10375
2412 8350
2413 4955
2414 10311
2415 3885
2416 7501
2417 9551
2418 7260
2419 7213
2420 6933
2421 314
2422 5707
2423 784
2424 10001
2425 3203
2426 8367
2427 4027
2428 7508
2429 9564
2430 3587
2431 9872
2432 10134
2433 7024
2434 5269
2435 2183
2436 2213
2437 4688
2438 1561
2439 3697
2440 8010
2441 3836
2442 1590
2443 3225
2444 7406
2445 451
2446 8734
2447 7345
2448 5122
2449 6158
2450 1857
2451 8726
2452 9228
2453 1131
2454 6495
2455 9464
2456 2075
2457 6604
2458 3857
2459 609
2460 7711
2461 10053
2462 7822
2463 7015
2464 7002
2465 8894
2466 8351
2467 4949
2468 3237
2469 914
2470 6208
2471 10354
2472 6935
2473 4238
2474 6029
2475 6972
2476 523
2477 9527
2478 10077
2479 1462
2480 2198
2481 4266
2482 4250
2483 6754
2484 7119
2485 7886
2486 6534
2487 8493
2488 5021
2489 4291
2490 1653
2491 2269
2492 5357
2493 5576
2494 6132
2495 7229
2496 6148
2497 3513
2498 8634
2499 8977
2500 8092
2501 8865
2502 506
2503 481
2504 2368
2505 1917
2506 5291
2507 1939
2508 1805
2509 6576
2510 2873
2511 7102
2512 755
2513 1508
2514 4597
2515 8214
2516 1942
2517 3991
2518 4941
2519 5662
2520 2800
2521 7716
2522 5335
2523 2608
2524 3211
2525 2347
2526 10069
2527 5295
2528 10371
2529 1842
2530 3627
2531 989
2532 4996
2533 1155
2534 294
2535 6022
2536 5872
2537 3333
2538 4308
2539 8376
2540 9885
2541 7860
2542 2708
2543 234
2544 8080
2545 1616
2546 1599
2547 7645
2548 217
2549 2300
2550 2776
2551 345
2552 7547
2553 628
2554 2883
2555 74
2556 2977
2557 4613
2558 214
2559 5169
2560 4948
2561 5079
2562 2119
2563 7878
2564 9082
2565 7011
2566 3327
2567 458
2568 5858
2569 1931
2570 7802
2571 3152
2572 674
2573 4579
2574 6605
2575 6863
2576 3424
2577 4191
2578 1202
2579 4428
2580 3809
2581 3868
2582 2379
2583 971
2584 2670
2585 8459
2586 8433
2587 5172
2588 7013
2589 1808
2590 3367
2591 2846
2592 1845
2593 1697
2594 5400
2595 2016
2596 4100
2597 7222
2598 5200
2599 2028
2600 8760
2601 9291
2602 8319
2603 7052
2604 1026
2605 7044
2606 5252
2607 6675
2608 9755
2609 9310
2610 2334
2611 4932
2612 3961
2613 8303
2614 1545
2615 3934
2616 8394
2617 2559
2618 6704
2619 4665
2620 10274
2621 9549
2622 5040
2623 4478
2624 6184
2625 169
2626 330
2627 4168
2628 386
2629 1955
2630 8898
2631 8606
2632 9761
2633 4066
2634 5729
2635 6599
2636 4355
2637 4151
2638 8640
2639 1851
2640 8382
2641 7549
2642 5035
2643 1448
2644 5334
2645 6867
2646 9382
2647 9774
2648 29
2649 605
2650 4491
2651 3748
2652 1756
2653 6720
2654 9080
2655 5711
2656 6750
2657 7220
2658 2308
2659 5148
2660 8418
2661 6637
2662 4874
2663 7551
2664 8094
2665 6783
2666 3209
2667 8109
2668 1613
2669 8859
2670 8023
2671 8348
2672 904
2673 216
2674 7309
2675 861
2676 5013
2677 2140
2678 5044
2679 9550
2680 10268
2681 8948
2682 2402
2683 843
2684 2953
2685 3612
2686 8563
2687 2837
2688 7471
2689 8161
2690 380
2691 6934
2692 8181
2693 3965
2694 1376
2695 4203
2696 772
2697 5438
2698 8919
2699 2714
2700 8515
2701 3665
2702 9239
2703 8527
2704 10219
2705 4653
2706 3268
2707 9545
2708 8829
2709 9104
2710 8186
2711 815
2712 6395
2713 4806
2714 4321
2715 4582
2716 6163
2717 4698
2718 6211
2719 918
2720 7590
2721 10390
2722 3244
2723 4171
2724 1382
2725 2789
2726 3959
2727 8851
2728 8256
2729 8085
2730 444
2731 1784
2732 7150
2733 5508
2734 5963
2735 1487
2736 5887
2737 322
2738 8746
2739 6755
2740 8822
2741 2222
2742 8215
2743 185
2744 9238
2745 3663
2746 9991
2747 2202
2748 1765
2749 4415
2750 4306
2751 365
2752 3705
2753 2156
2754 1901
2755 8689
2756 2201
2757 9470
2758 8309
2759 5854
2760 6233
2761 6394
2762 10210
2763 607
2764 5315
2765 3995
2766 688
2767 437
2768 6174
2769 3531
2770 6422
2771 8095
2772 494
2773 5775
2774 4118
2775 4564
2776 9360
2777 3235
2778 6242
2779 9504
2780 8395
2781 5911
2782 2692
2783 9950
2784 600
2785 5677
2786 4046
2787 7856
2788 5890
2789 1934
2790 1184
2791 5599
2792 3275
2793 6404
2794 5323
2795 6774
2796 4964
2797 9357
2798 7562
2799 3892
2800 3310
2801 1119
2802 3724
2803 1788
2804 7973
2805 7110
2806 1604
2807 783
2808 2759
2809 2524
2810 9305
2811 3567
2812 10301
2813 4277
2814 2879
2815 1933
2816 6424
2817 4301
2818 4445
2819 8014
2820 8569
2821 7453
2822 4001
2823 8175
2824 353
2825 5214
2826 6341
2827 10325
2828 6725
2829 7034
2830 8027
2831 7891
2832 8257
2833 1587
2834 2433
2835 2313
2836 219
2837 3966
2838 7849
2839 9818
2840 534
2841 295
2842 2399
2843 2666
2844 3303
2845 3820
2846 9019
2847 9171
2848 4030
2849 915
2850 3423
2851 2166
2852 1803
2853 7332
2854 1688
2855 4647
2856 5130
2857 2494
2858 7356
2859 7580
2860 3607
2861 9920
2862 3662
2863 6236
2864 7781
2865 5545
2866 2909
2867 7868
2868 3033
2869 6796
2870 233
2871 8636
2872 7879
2873 5692
2874 6365
2875 6950
2876 1238
2877 4335
2878 6237
2879 21
2880 9721
2881 6914
2882 1591
2883 3812
2884 6133
2885 10341
2886 684
2887 1731
2888 5755
2889 752
2890 8624
2891 9834
2892 6776
2893 9863
2894 26
2895 7421
2896 1413
2897 327
2898 1717
2899 2980
2900 1145
2901 1405
2902 6617
2903 3057
2904 9332
2905 6768
2906 3932
2907 2281
2908 9290
2909 8960
2910 6116
2911 7672
2912 2020
2913 1180
2914 6804
2915 7370
2916 5903
2917 6397
2918 2005
2919 9904
2920 4438
2921 738
2922 452
2923 4881
2924 3041
2925 394
2926 9014
2927 5097
2928 8352
2929 261
2930 7320
2931 7617
2932 7757
2933 4867
2934 4712
2935 10189
2936 6267
2937 9682
2938 9668
2939 9248
2940 5049
2941 911
2942 8613
2943 4878
2944 2143
2945 5113
2946 8923
2947 7795
2948 1577
2949 71
2950 331
2951 3837
2952 2599
2953 7033
2954 4692
2955 6919
2956 1270
2957 3434
2958 7863
2959 4604
2960 489
2961 2390
2962 3055
2963 6856
2964 1576
2965 4008
2966 10095
2967 10255
2968 2734
2969 1304
2970 5066
2971 1411
2972 4626
2973 9865
2974 8193
2975 2593
2976 9441
2977 3928
2978 1152
2979 9803
2980 3128
2981 2128
2982 3799
2983 2316
2984 4338
2985 434
2986 4625
2987 6626
2988 2797
2989 7869
2990 2568
2991 3573
2992 5904
2993 6288
2994 3699
