2669
0 2231
1 7208
2 617
3 2178
4 2956
5 1092
6 4529
7 3718
8 3137
9 2662
10 3230
11 6735
12 4934
13 1344
14 919
15 2625
16 1273
17 2982
18 4462
19 1951
20 5819
21 6096
22 4415
23 1610
24 1662
25 788
26 3309
27 1530
28 6840
29 5507
30 3198
31 4877
32 5341
33 2658
34 6530
35 5604
36 1055
37 5895
38 5456
39 172
40 7094
41 7235
42 3961
43 582
44 991
45 2868
46 6093
47 2411
48 59
49 2252
50 6371
51 7175
52 3744
53 4498
54 202
55 6716
56 3976
57 1270
58 5214
59 5659
60 12
61 1298
62 1108
63 3141
64 2874
65 1909
66 5848
67 242
68 2268
69 1622
70 5390
71 4078
72 636
73 89
74 1537
75 6220
76 625
77 1401
78 120
79 5378
80 1648
81 5371
82 1892
83 3666
84 1361
85 4852
86 5015
87 1637
88 3120
89 399
90 2974
91 1774
92 4760
93 7252
94 43
95 2119
96 2428
97 6820
98 716
99 358
100 891
101 1083
102 6221
103 2891
104 4387
105 4081
106 947
107 6994
108 3352
109 5724
110 4894
111 458
112 3754
113 4284
114 6744
115 6169
116 5470
117 4660
118 1759
119 5181
120 3372
121 2404
122 7256
123 6241
124 3249
125 6313
126 412
127 4011
128 612
129 2699
130 422
131 3733
132 3756
133 2626
134 5396
135 5709
136 4198
137 3814
138 5313
139 3816
140 4359
141 1525
142 7318
143 5884
144 2317
145 1429
146 273
147 2729
148 2629
149 2380
150 3675
151 2817
152 1263
153 3265
154 6602
155 6396
156 7172
157 4564
158 4184
159 4061
160 7250
161 3923
162 5800
163 5825
164 96
165 2834
166 4036
167 2515
168 4601
169 39
170 3116
171 1145
172 4007
173 5758
174 1213
175 1604
176 2718
177 785
178 2701
179 1756
180 3554
181 662
182 979
183 2523
184 5369
185 1391
186 2229
187 7198
188 5963
189 469
190 6347
191 6471
192 3804
193 6937
194 406
195 937
196 6040
197 7340
198 1415
199 732
200 6114
201 6966
202 4504
203 4869
204 1895
205 5976
206 6582
207 6939
208 1248
209 5734
210 949
211 3775
212 4816
213 6779
214 4549
215 70
216 1482
217 4452
218 2024
219 7143
220 786
221 2488
222 2558
223 2419
224 4699
225 7062
226 3745
227 2952
228 1365
229 5332
230 4058
231 316
232 470
233 4263
234 7194
235 1506
236 2616
237 3318
238 3416
239 2444
240 1716
241 174
242 4027
243 4429
244 442
245 6387
246 4444
247 6728
248 1013
249 3276
250 2970
251 2821
252 4864
253 6302
254 6951
255 493
256 5281
257 6107
258 5585
259 6037
260 1579
261 3498
262 431
263 6567
264 6002
265 5482
266 2978
267 2325
268 7045
269 6325
270 4651
271 6404
272 2176
273 6784
274 5363
275 2029
276 5158
277 1625
278 3327
279 3462
280 3870
281 1930
282 1834
283 1345
284 1782
285 5022
286 4280
287 1224
288 1812
289 6373
290 606
291 6488
292 206
293 6660
294 6059
295 6331
296 4105
297 1408
298 4544
299 5154
300 3796
301 3045
302 6164
303 6320
304 1681
305 2445
306 700
307 4211
308 549
309 6234
310 5478
311 3799
312 2816
313 1670
314 2267
315 1221
316 6348
317 7245
318 2158
319 5606
320 6681
321 899
322 1984
323 1383
324 4329
325 3918
326 3930
327 2903
328 4235
329 7112
330 243
331 3641
332 5007
333 1141
334 3238
335 1722
336 7154
337 7105
338 1374
339 579
340 1453
341 4697
342 4140
343 5666
344 3016
345 5788
346 5581
347 956
348 4715
349 6367
350 3150
351 4154
352 3488
353 881
354 6203
355 779
356 6155
357 5983
358 6754
359 6911
360 5509
361 3551
362 6949
363 5768
364 1617
365 2828
366 4173
367 295
368 2602
369 301
370 4129
371 4920
372 6026
373 4075
374 3985
375 2166
376 6384
377 473
378 868
379 2418
380 6639
381 6516
382 1771
383 6906
384 7128
385 3095
386 2659
387 86
388 4262
389 4181
390 5375
391 7030
392 5327
393 6413
394 1919
395 3098
396 7179
397 2491
398 1627
399 3732
400 1940
401 544
402 5467
403 6200
404 5880
405 4003
406 5573
407 6928
408 3033
409 3920
410 5082
411 6876
412 3840
413 3478
414 6996
415 2855
416 7297
417 1760
418 7116
419 4523
420 7377
421 3266
422 5746
423 2148
424 3019
425 3830
426 2866
427 1064
428 4733
429 973
430 5690
431 2482
432 3910
433 3516
434 7376
435 7146
436 772
437 7059
438 2459
439 2836
440 4705
441 5415
442 2519
443 1652
444 6774
445 81
446 2314
447 260
448 6184
449 2557
450 6231
451 1703
452 3556
453 5545
454 3255
455 3362
456 2124
457 2014
458 5745
459 3151
460 6015
461 3293
462 6972
463 5345
464 7120
465 6416
466 1541
467 844
468 4369
469 7240
470 841
471 1980
472 75
473 494
474 4222
475 6637
476 1577
477 3624
478 298
479 2066
480 184
481 5866
482 454
483 5469
484 932
485 4267
486 5730
487 484
488 165
489 927
490 3774
491 4155
492 5953
493 1539
494 6758
495 6031
496 5169
497 1594
498 1927
499 5548
500 686
501 2245
502 3126
503 7147
504 3900
505 6581
506 7312
507 2833
508 1240
509 7337
510 6406
511 5483
512 345
513 1861
514 2914
515 486
516 1695
517 5779
518 3470
519 921
520 8
521 3663
522 2975
523 6734
524 5046
525 3651
526 4947
527 3304
528 1568
529 4681
530 2189
531 4587
532 3594
533 6466
534 6318
535 1591
536 944
537 2716
538 4169
539 1607
540 2405
541 7260
542 4417
543 503
544 1007
545 5861
546 7272
547 7222
548 1420
549 5549
550 5397
551 1245
552 7115
553 6677
554 697
555 6332
556 1233
557 5716
558 2203
559 6583
560 4568
561 4379
562 3853
563 2501
564 3517
565 3330
566 5328
567 5003
568 890
569 4599
570 4107
571 5350
572 2726
573 3854
574 1707
575 4953
576 6676
577 5612
578 1832
579 969
580 6630
581 99
582 5259
583 3030
584 110
585 287
586 5437
587 4621
588 6652
589 2372
590 3291
591 2096
592 1044
593 1228
594 6068
595 2108
596 6665
597 5187
598 1922
599 1880
600 1173
601 533
602 312
603 1687
604 3160
605 6051
606 2892
607 5686
608 7151
609 229
610 981
611 2813
612 4321
613 3090
614 5080
615 181
616 2008
617 5670
618 4786
619 6306
620 1439
621 668
622 6230
623 5871
624 151
625 444
626 6574
627 4389
628 3924
629 5841
630 3562
631 6733
632 816
633 6286
634 7110
635 3974
636 5859
637 645
638 4926
639 283
640 7370
641 774
642 236
643 417
644 4610
645 3115
646 5392
647 1563
648 6420
649 3420
650 6232
651 2035
652 5278
653 5703
654 6628
655 6620
656 1996
657 5066
658 6337
659 5791
660 3892
661 106
662 7170
663 3348
664 749
665 6541
666 3737
667 828
668 5370
669 389
670 1653
671 2129
672 2876
673 7246
674 133
675 5519
676 6193
677 1387
678 6979
679 4021
680 3519
681 1567
682 3971
683 6510
684 2084
685 4000
686 3660
687 3404
688 178
689 5711
690 2671
691 5262
692 1348
693 6988
694 5949
695 7333
696 3937
697 6769
698 6778
699 4265
700 4208
701 1432
702 3841
703 863
704 4521
705 6551
706 2685
707 4994
708 5174
709 6300
710 1808
711 2371
712 4064
713 3894
714 3798
715 5514
716 2649
717 1260
718 5216
719 2101
720 3015
721 6292
722 25
723 2712
724 1372
725 3475
726 6553
727 5793
728 6592
729 7282
730 6948
731 3739
732 7197
733 4233
734 3140
735 4518
736 5863
737 2443
738 3846
739 7375
740 5115
741 2121
742 656
743 583
744 2987
745 440
746 4468
747 775
748 994
749 1964
750 348
751 506
752 2827
753 6446
754 5284
755 6607
756 3024
757 4177
758 5292
759 4967
760 7341
761 1158
762 1650
763 2766
764 1523
765 639
766 497
767 6946
768 2401
769 704
770 2064
771 4124
772 3843
773 1300
774 1844
775 145
776 3159
777 5414
778 30
779 3064
780 90
781 2381
782 102
783 1639
784 3683
785 293
786 1778
787 3149
788 7131
789 6024
790 2588
791 6104
792 2253
793 2516
794 2727
795 5265
796 3785
797 4277
798 6499
799 6391
800 3927
801 3645
802 6006
803 1020
804 1454
805 2711
806 6666
807 3152
808 6044
809 2466
810 5081
811 4976
812 4207
813 2768
814 3707
815 57
816 4554
817 6243
818 980
819 2348
820 6760
821 5962
822 7009
823 5420
824 6884
825 642
826 671
827 336
828 847
829 7160
830 6673
831 436
832 1734
833 2198
834 5501
835 2985
836 2442
837 3089
838 6506
839 2936
840 197
841 792
842 5171
843 3695
844 4322
845 5352
846 4975
847 4740
848 5595
849 6235
850 6596
851 5155
852 4829
853 1334
854 5650
855 5599
856 6854
857 1246
858 382
859 448
860 94
861 4054
862 1179
863 951
864 5454
865 1839
866 1560
867 1547
868 445
869 2924
870 6357
871 5622
872 631
873 5366
874 4884
875 4403
876 2233
877 6447
878 7302
879 1928
880 5269
881 4629
882 4647
883 7236
884 2908
885 4163
886 2541
887 4746
888 6163
889 1125
890 4904
891 194
892 3612
893 6941
894 1084
895 6783
896 904
897 5400
898 2453
899 1673
900 1706
901 2362
902 1484
903 3051
904 2582
905 6523
906 4615
907 2186
908 6244
909 5721
910 4272
911 1881
912 3166
913 6429
914 2097
915 7354
916 1589
917 4843
918 3500
919 6917
920 2524
921 1463
922 2236
923 3714
924 4570
925 2722
926 5892
927 6264
928 3970
929 279
930 531
931 4645
932 933
933 2774
934 2760
935 4659
936 3555
937 6657
938 1116
939 5054
940 6882
941 4290
942 1843
943 6576
944 6831
945 4844
946 4024
947 4099
948 3860
949 4536
950 201
951 6993
952 7005
953 3831
954 4720
955 7280
956 5186
957 715
958 916
959 2799
960 3375
961 1990
962 1533
963 3979
964 3935
965 3917
966 595
967 1078
968 3252
969 3406
970 7212
971 5270
972 1186
973 5592
974 4996
975 6212
976 1066
977 6667
978 1451
979 3287
980 6546
981 2204
982 817
983 5541
984 6070
985 2636
986 4583
987 1128
988 2137
989 3947
990 1338
991 5760
992 5170
993 171
994 3577
995 4767
996 2517
997 5442
998 1582
999 2904
1000 6117
1001 1974
1002 540
1003 7134
1004 5109
1005 670
1006 957
1007 610
1008 876
1009 3753
1010 3696
1011 1675
1012 4516
1013 629
1014 1793
1015 5781
1016 862
1017 1519
1018 5440
1019 1972
1020 2566
1021 4830
1022 27
1023 6139
1024 5891
1025 1608
1026 1510
1027 1282
1028 6019
1029 911
1030 5271
1031 5637
1032 1232
1033 3844
1034 5596
1035 6485
1036 5870
1037 5952
1038 1426
1039 5238
1040 2255
1041 4617
1042 3627
1043 699
1044 4377
1045 4862
1046 692
1047 2435
1048 1410
1049 192
1050 3247
1051 5748
1052 4094
1053 3131
1054 6883
1055 5803
1056 3867
1057 3978
1058 5981
1059 187
1060 693
1061 2825
1062 765
1063 5217
1064 6764
1065 2920
1066 468
1067 1156
1068 5923
1069 837
1070 3570
1071 2320
1072 2195
1073 4431
1074 3000
1075 1842
1076 4254
1077 1664
1078 1943
1079 140
1080 3572
1081 4119
1082 355
1083 5996
1084 2670
1085 4841
1086 4461
1087 7237
1088 907
1089 3873
1090 331
1091 2854
1092 4416
1093 2208
1094 3368
1095 5495
1096 6034
1097 7386
1098 4700
1099 4991
1100 1017
1101 2980
1102 897
1103 925
1104 4160
1105 2223
1106 4931
1107 2648
1108 2998
1109 5907
1110 752
1111 5584
1112 4150
1113 3286
1114 5656
1115 1216
1116 3039
1117 3387
1118 5347
1119 6112
1120 4981
1121 1954
1122 7345
1123 1620
1124 5474
1125 1603
1126 6526
1127 3773
1128 3801
1129 1917
1130 5077
1131 438
1132 2468
1133 3260
1134 6410
1135 177
1136 6041
1137 5845
1138 4502
1139 843
1140 1169
1141 802
1142 5587
1143 3484
1144 3157
1145 7054
1146 3945
1147 7374
1148 661
1149 769
1150 111
1151 4209
1152 5428
1153 67
1154 1618
1155 2765
1156 4650
1157 3056
1158 4827
1159 2315
1160 5188
1161 4545
1162 6336
1163 2311
1164 3195
1165 5376
1166 80
1167 3298
1168 1057
1169 3670
1170 6423
1171 6548
1172 5959
1173 26
1174 4288
1175 7193
1176 7070
1177 6434
1178 2748
1179 5894
1180 1628
1181 2420
1182 6555
1183 2680
1184 5472
1185 1823
1186 249
1187 2363
1188 3267
1189 7206
1190 1810
1191 3321
1192 483
1193 4080
1194 1906
1195 965
1196 6266
1197 7011
1198 3101
1199 7276
1200 4614
1201 3889
1202 877
1203 2192
1204 6697
1205 568
1206 3963
1207 2666
1208 869
1209 2367
1210 1377
1211 597
1212 4104
1213 62
1214 5984
1215 6625
1216 4964
1217 5122
1218 7073
1219 7051
1220 1327
1221 3676
1222 6755
1223 3987
1224 1202
1225 5291
1226 3012
1227 1101
1228 3567
1229 1187
1230 1402
1231 1164
1232 1223
1233 6245
1234 7057
1235 7053
1236 2965
1237 421
1238 7111
1239 2589
1240 5594
1241 4115
1242 5488
1243 1522
1244 1784
1245 5408
1246 3532
1247 5846
1248 2177
1249 5737
1250 2859
1251 215
1252 7217
1253 479
1254 2702
1255 5333
1256 4286
1257 706
1258 5914
1259 6061
1260 4709
1261 6910
1262 4959
1263 3087
1264 6765
1265 6269
1266 5138
1267 2199
1268 5215
1269 4422
1270 6388
1271 36
1272 4296
1273 326
1274 3818
1275 1231
1276 845
1277 3333
1278 2272
1279 5359
1280 2277
1281 5236
1282 3385
1283 627
1284 5151
1285 3010
1286 4276
1287 6547
1288 1441
1289 5676
1290 2529
1291 3271
1292 1419
1293 272
1294 3221
1295 6454
1296 5994
1297 3121
1298 6432
1299 2527
1300 6572
1301 1207
1302 1042
1303 4195
1304 6038
1305 1312
1306 2046
1307 4141
1308 2689
1309 443
1310 5276
1311 2861
1312 1352
1313 7301
1314 1203
1315 4797
1316 221
1317 6020
1318 842
1319 6915
1320 6121
1321 4757
1322 1436
1323 3210
1324 5991
1325 434
1326 6160
1327 2615
1328 2984
1329 4106
1330 6597
1331 5572
1332 1450
1333 4776
1334 5494
1335 1394
1336 1789
1337 2100
1338 1501
1339 4017
1340 1908
1341 3269
1342 804
1343 269
1344 864
1345 6126
1346 4770
1347 1311
1348 2326
1349 5704
1350 2091
1351 721
1352 1896
1353 683
1354 6449
1355 1791
1356 5388
1357 2820
1358 5816
1359 3808
1360 1914
1361 498
1362 1113
1363 6619
1364 5450
1365 5566
1366 1993
1367 2898
1368 6659
1369 3674
1370 5598
1371 6195
1372 6297
1373 5735
1374 6142
1375 6111
1376 4672
1377 3062
1378 5204
1379 4758
1380 6448
1381 2585
1382 7174
1383 1297
1384 1183
1385 5120
1386 1230
1387 2483
1388 1386
1389 3422
1390 3364
1391 5141
1392 5850
1393 5299
1394 3932
1395 3629
1396 5852
1397 6750
1398 2130
1399 657
1400 824
1401 103
1402 7019
1403 5591
1404 6722
1405 6226
1406 2234
1407 56
1408 3726
1409 4174
1410 240
1411 3658
1412 5430
1413 6017
1414 2125
1415 1766
1416 4337
1417 6855
1418 2458
1419 2652
1420 3029
1421 3948
1422 6057
1423 4663
1424 1001
1425 4493
1426 3868
1427 152
1428 2640
1429 4624
1430 6757
1431 1444
1432 3786
1433 4395
1434 6527
1435 4386
1436 1376
1437 144
1438 6668
1439 6515
1440 6009
1441 4670
1442 4928
1443 6905
1444 1644
1445 3530
1446 2436
1447 4800
1448 4688
1449 5019
1450 5879
1451 585
1452 4973
1453 5521
1454 672
1455 4297
1456 2232
1457 6408
1458 3426
1459 3832
1460 3342
1461 4134
1462 2704
1463 5657
1464 4006
1465 262
1466 2147
1467 2200
1468 7227
1469 6246
1470 1619
1471 6552
1472 2779
1473 5682
1474 2895
1475 3864
1476 1034
1477 3392
1478 5429
1479 1924
1480 3423
1481 4454
1482 1129
1483 2721
1484 4567
1485 6780
1486 4858
1487 7299
1488 2576
1489 2107
1490 3097
1491 1261
1492 6069
1493 3223
1494 5024
1495 6856
1496 5010
1497 2109
1498 6417
1499 757
1500 5049
1501 7064
1502 2884
1503 6421
1504 4596
1505 5751
1506 1584
1507 3326
1508 2403
1509 888
1510 6718
1511 6419
1512 1131
1513 282
1514 1915
1515 2567
1516 4060
1517 3933
1518 4878
1519 6190
1520 2544
1521 3311
1522 3239
1523 2829
1524 4639
1525 6747
1526 4176
1527 5227
1528 5547
1529 6923
1530 1814
1531 3312
1532 1933
1533 3376
1534 2316
1535 3138
1536 4808
1537 6622
1538 7101
1539 7261
1540 7044
1541 6125
1542 6753
1543 3617
1544 1341
1545 3257
1546 1683
1547 6730
1548 3279
1549 2211
1550 1900
1551 2425
1552 3442
1553 6698
1554 2824
1555 6028
1556 1059
1557 634
1558 4875
1559 4019
1560 3559
1561 334
1562 2187
1563 7006
1564 3592
1565 6360
1566 1999
1567 694
1568 1509
1569 4045
1570 5380
1571 729
1572 1731
1573 6806
1574 4985
1575 15
1576 6261
1577 3373
1578 799
1579 1717
1580 5926
1581 4586
1582 5460
1583 6457
1584 6693
1585 4116
1586 6970
1587 2964
1588 6739
1589 2469
1590 2294
1591 6307
1592 4891
1593 2518
1594 154
1595 4637
1596 1588
1597 3050
1598 6431
1599 4855
1600 6796
1601 2284
1602 2016
1603 7308
1604 2525
1605 7140
1606 2170
1607 5590
1608 7392
1609 2495
1610 6805
1611 2022
1612 6879
1613 3605
1614 1493
1615 7024
1616 1795
1617 3119
1618 1172
1619 584
1620 130
1621 1236
1622 6862
1623 2484
1624 6900
1625 1667
1626 3299
1627 488
1628 5503
1629 2480
1630 2849
1631 4537
1632 6493
1633 6838
1634 5858
1635 7214
1636 7139
1637 5854
1638 2901
1639 2273
1640 7278
1641 217
1642 616
1643 1704
1644 2030
1645 6650
1646 461
1647 6489
1648 5960
1649 4364
1650 3503
1651 3975
1652 4653
1653 5226
1654 4223
1655 3222
1656 4867
1657 5041
1658 1932
1659 5206
1660 3693
1661 938
1662 342
1663 3946
1664 3601
1665 4109
1666 4866
1667 2672
1668 3988
1669 2352
1670 6501
1671 2118
1672 2814
1673 887
1674 3852
1675 4771
1676 5355
1677 308
1678 2879
1679 7352
1680 401
1681 826
1682 1090
1683 7351
1684 2217
1685 7014
1686 5443
1687 4695
1688 1805
1689 2638
1690 4880
1691 5290
1692 1130
1693 2632
1694 5310
1695 2506
1696 5586
1697 1697
1698 4895
1699 5812
1700 4778
1701 2254
1702 4510
1703 5289
1704 4759
1705 5559
1706 6481
1707 3397
1708 5898
1709 1342
1710 173
1711 3114
1712 6022
1713 5551
1714 1746
1715 2581
1716 4717
1717 5316
1718 5708
1719 1811
1720 2878
1721 5484
1722 1052
1723 2856
1724 3902
1725 6053
1726 5124
1727 4076
1728 317
1729 3213
1730 908
1731 3944
1732 6088
1733 1790
1734 2907
1735 1725
1736 6201
1737 6004
1738 7081
1739 6335
1740 5164
1741 4690
1742 809
1743 4412
1744 5487
1745 950
1746 7371
1747 5772
1748 5554
1749 5561
1750 2410
1751 649
1752 592
1753 5315
1754 6930
1755 6901
1756 7017
1757 1241
1758 1447
1759 6386
1760 5121
1761 134
1762 5252
1763 2858
1764 733
1765 1953
1766 6189
1767 4436
1768 3654
1769 6161
1770 6658
1771 6365
1772 5909
1773 3054
1774 4500
1775 1792
1776 1443
1777 6827
1778 5424
1779 6086
1780 1120
1781 7364
1782 5192
1783 5908
1784 6606
1785 2409
1786 369
1787 3178
1788 3472
1789 3788
1790 4358
1791 3351
1792 3190
1793 3438
1794 2340
1795 2463
1796 267
1797 3235
1798 1244
1799 1564
1800 0
1801 516
1802 2815
1803 6043
1804 3587
1805 1368
1806 5633
1807 5039
1808 5750
1809 6252
1810 4146
1811 996
1812 4575
1813 6271
1814 1727
1815 3784
1816 6956
1817 5707
1818 5199
1819 2430
1820 3967
1821 296
1822 3606
1823 5697
1824 547
1825 2909
1826 773
1827 7165
1828 1467
1829 1010
1830 6340
1831 6085
1832 1217
1833 4799
1834 457
1835 1196
1836 2785
1837 6713
1838 872
1839 3671
1840 972
1841 4148
1842 6349
1843 4032
1844 820
1845 1018
1846 2049
1847 1045
1848 1210
1849 3528
1850 7226
1851 4957
1852 6575
1853 6283
1854 1512
1855 6475
1856 4900
1857 4892
1858 6018
1859 149
1860 6985
1861 4478
1862 1692
1863 7013
1864 6943
1865 5741
1866 4396
1867 1321
1868 6470
1869 1680
1870 31
1871 535
1872 3261
1873 3032
1874 2618
1875 1194
1876 6558
1877 3952
1878 286
1879 85
1880 2062
1881 1911
1882 2934
1883 2006
1884 6152
1885 4983
1886 1882
1887 6180
1888 5770
1889 6210
1890 7253
1891 5117
1892 6825
1893 3595
1894 4418
1895 7021
1896 4553
1897 811
1898 6586
1899 1543
1900 4123
1901 940
1902 76
1903 2798
1904 6877
1905 4253
1906 1975
1907 6116
1908 5965
1909 2408
1910 2305
1911 753
1912 3263
1913 2543
1914 3501
1915 6952
1916 5689
1917 6571
1918 3077
1919 5062
1920 5058
1921 1491
1922 6486
1923 751
1924 3623
1925 1026
1926 5571
1927 7201
1928 4194
1929 2706
1930 5681
1931 3421
1932 2457
1933 5644
1934 5557
1935 2053
1936 1593
1937 2144
1938 428
1939 1835
1940 4344
1941 459
1942 1286
1943 3130
1944 1700
1945 3440
1946 1071
1947 1054
1948 4446
1949 929
1950 6604
1951 7220
1952 7365
1953 7090
1954 1350
1955 739
1956 1041
1957 2396
1958 3608
1959 1239
1960 6442
1961 84
1962 113
1963 1357
1964 135
1965 4351
1966 6409
1967 6333
1968 7213
1969 4998
1970 2562
1971 3908
1972 3162
1973 1136
1974 6402
1975 3915
1976 5936
1977 3813
1978 50
1979 2863
1980 2751
1981 1031
1982 3194
1983 4675
1984 3193
1985 5468
1986 5872
1987 3890
1988 1023
1989 4113
1990 510
1991 5568
1992 3227
1993 1994
1994 2734
1995 3943
1996 3685
1997 4355
1998 6898
1999 898
2000 3958
2001 725
2002 6495
2003 5394
2004 224
2005 2358
2006 3065
2007 2481
2008 3557
2009 4608
2010 7243
2011 886
2012 2547
2013 1404
2014 153
2015 4584
2016 6424
2017 2697
2018 2048
2019 2319
2020 2237
2021 3192
2022 7125
2023 6931
2024 3986
2025 4727
2026 1819
2027 4832
2028 1313
2029 6399
2030 2732
2031 5052
2032 6197
2033 1414
2034 5029
2035 5023
2036 6287
2037 6691
2038 2076
2039 4164
2040 2171
2041 6276
2042 4083
2043 852
2044 875
2045 4309
2046 337
2047 6781
2048 1253
2049 6191
2050 3682
2051 2837
2052 3435
2053 6635
2054 4375
2055 297
2056 1181
2057 7320
2058 5381
2059 183
2060 6874
2061 4313
2062 5075
2063 1630
2064 1572
2065 2095
2066 5446
2067 528
2068 5166
2069 1714
2070 2464
2071 1744
2072 3914
2073 6056
2074 7118
2075 1632
2076 1581
2077 6847
2078 6836
2079 3613
2080 6049
2081 2323
2082 6590
2083 1958
2084 5502
2085 5241
2086 3820
2087 4013
2088 4943
2089 2684
2090 6159
2091 1003
2092 3982
2093 922
2094 449
2095 1144
2096 415
2097 2747
2098 968
2099 6727
2100 4612
2101 1885
2102 3127
2103 4692
2104 883
2105 4738
2106 3199
2107 1879
2108 7163
2109 5406
2110 4467
2111 3797
2112 1302
2113 3331
2114 5427
2115 701
2116 7082
2117 1276
2118 7189
2119 2600
2120 935
2121 4573
2122 1956
2123 3511
2124 4566
2125 339
2126 4069
2127 931
2128 4300
2129 7327
2130 2089
2131 482
2132 2890
2133 4138
2134 3886
2135 1284
2136 7164
2137 2071
2138 315
2139 1201
2140 2218
2141 4995
2142 5061
2143 4373
2144 6062
2145 4451
2146 2554
2147 3004
2148 1280
2149 1089
2150 3275
2151 6695
2152 6323
2153 6147
2154 263
2155 6844
2156 3667
2157 2099
2158 4716
2159 491
2160 274
2161 7126
2162 2485
2163 1636
2164 2249
2165 4540
2166 5621
2167 1536
2168 359
2169 4204
2170 5088
2171 822
2172 6745
2173 219
2174 3180
2175 1165
2176 3179
2177 2207
2178 4606
2179 4565
2180 654
2181 5739
2182 7295
2183 251
2184 5462
2185 5932
2186 320
2187 446
2188 1229
2189 1339
2190 1206
2191 4507
2192 4906
2193 4661
2194 6799
2195 2796
2196 5843
2197 5562
2198 1152
2199 6921
2200 3560
2201 6225
2202 4091
2203 4102
2204 621
2205 1197
2206 1442
2207 22
2208 5273
2209 5569
2210 3290
2211 924
2212 284
2213 2801
2214 5632
2215 3390
2216 1471
2217 3622
2218 1067
2219 4815
2220 5506
2221 4159
2222 3345
2223 1330
2224 2003
2225 2375
2226 6955
2227 1025
2228 7103
2229 2540
2230 1669
2231 1004
2232 848
2233 6398
2234 1820
2235 5404
2236 1062
2237 3721
2238 233
2239 2113
2240 5263
2241 4258
2242 3657
2243 6316
2244 5251
2245 6106
2246 4966
2247 5232
2248 5733
2249 6123
2250 354
2251 3689
2252 2395
2253 3034
2254 3725
2255 6729
2256 7137
2257 2708
2258 4970
2259 1360
2260 2219
2261 2877
2262 2958
2263 2882
2264 6403
2265 38
2266 6374
2267 5358
2268 6867
2269 4577
2270 6521
2271 142
2272 4763
2273 390
2274 1418
2275 1346
2276 5535
2277 1672
2278 1381
2279 6407
2280 5918
2281 3866
2282 4171
2283 3117
2284 280
2285 2522
2286 2070
2287 7234
2288 505
2289 5555
2290 4066
2291 1609
2292 1380
2293 613
2294 3377
2295 3391
2296 1674
2297 1385
2298 5610
2299 2549
2300 5979
2301 6025
2302 413
2303 4458
2304 1779
2305 63
2306 7168
2307 6975
2308 2698
2309 5933
2310 719
2311 1762
2312 4266
2313 1728
2314 3228
2315 928
2316 1684
2317 6748
2318 7167
2319 3529
2320 4773
2321 6492
2322 268
2323 4722
2324 1794
2325 2674
2326 6355
2327 5220
2328 4517
2329 3425
2330 3282
2331 2318
2332 7314
2333 2531
2334 5211
2335 1027
2336 4557
2337 329
2338 1742
2339 3499
2340 6709
2341 7022
2342 5975
2343 2563
2344 2932
2345 961
2346 5464
2347 5876
2348 1445
2349 4968
2350 1840
2351 3068
2352 4625
2353 4662
2354 1022
2355 4582
2356 5831
2357 1865
2358 859
2359 3447
2360 4543
2361 5321
2362 5391
2363 5444
2364 2511
2365 558
2366 4301
2367 2655
2368 5977
2369 4684
2370 6312
2371 4828
2372 4255
2373 3681
2374 4046
2375 6507
2376 7221
2377 522
2378 7267
2379 2938
2380 3243
2381 3403
2382 4702
2383 20
2384 993
2385 4186
2386 123
2387 1142
2388 1271
2389 6273
2390 3736
2391 107
2392 6819
2393 2728
2394 942
2395 148
2396 735
2397 1161
2398 6932
2399 4442
2400 6016
2401 2832
2402 1212
2403 6479
2404 341
2405 5402
2406 261
2407 3571
2408 5481
2409 4955
2410 6566
2411 4833
2412 4252
2413 7268
2414 162
2415 6368
2416 5718
2417 7391
2418 5865
2419 2473
2420 2496
2421 6981
2422 1449
2423 6328
2424 6968
2425 6115
2426 3632
2427 5597
2428 3436
2429 6487
2430 6036
2431 2154
2432 2754
2433 1859
2434 1393
2435 1586
2436 1848
2437 5925
2438 7290
2439 32
2440 4911
2441 3246
2442 6614
2443 2767
2444 4729
2445 1137
2446 492
2447 2668
2448 6919
2449 2530
2450 3448
2451 4089
2452 353
2453 1388
2454 3296
2455 2741
2456 4935
2457 1638
2458 5001
2459 3234
2460 3925
2461 3096
2462 4744
2463 3966
2464 7122
2465 6046
2466 4270
2467 1663
2468 678
2469 1068
2470 4237
2471 3760
2472 2928
2473 2693
2474 3547
2475 3339
2476 377
2477 253
2478 51
2479 4334
2480 467
2481 5974
2482 664
2483 962
2484 1252
2485 61
2486 6775
2487 6776
2488 6027
2489 7075
2490 555
2491 7056
2492 6133
2493 3340
2494 2599
2495 6674
2496 17
2497 4050
2498 4978
2499 2510
2500 2185
2501 4126
2502 5065
2503 1285
2504 2624
2505 3248
2506 7328
2507 3994
2508 1555
2509 5441
2510 7373
2511 3817
2512 1320
2513 2399
2514 2140
2515 2402
2516 3822
2517 4667
2518 402
2519 2492
2520 2092
2521 620
2522 5287
2523 1939
2524 2745
2525 1351
2526 1891
2527 234
2528 2122
2529 4414
2530 7158
2531 3074
2532 7008
2533 2256
2534 4130
2535 4015
2536 3996
2537 3525
2538 2010
2539 1269
2540 4676
2541 4956
2542 1292
2543 125
2544 2220
2545 3634
2546 834
2547 1773
2548 1032
2549 6042
2550 6656
2551 4982
2552 4977
2553 5087
2554 5931
2555 3410
2556 4482
2557 7357
2558 239
2559 1913
2560 1929
2561 1107
2562 3983
2563 5056
2564 4492
2565 1830
2566 2182
2567 1073
2568 4428
2569 4212
2570 5353
2571 5968
2572 3706
2573 1496
2574 6858
2575 2691
2576 4899
2577 4472
2578 6640
2579 7343
2580 723
2581 4761
2582 588
2583 1226
2584 6863
2585 6311
2586 392
2587 553
2588 374
2589 1876
2590 2922
2591 4703
2592 5078
2593 24
2594 2784
2595 2757
2596 5
2597 2919
2598 6047
2599 4291
2600 2493
2601 5132
2602 228
2603 724
2604 6315
2605 4522
2606 2345
2607 4604
2608 1150
2609 4519
2610 6793
2611 562
2612 13
2613 270
2614 1765
2615 5527
2616 3919
2617 4764
2618 2657
2619 5423
2620 3513
2621 2532
2622 2370
2623 6810
2624 6153
2625 360
2626 6012
2627 6503
2628 2289
2629 3687
2630 529
2631 2584
2632 5322
2633 6623
2634 4589
2635 4871
2636 6568
2637 5700
2638 3188
2639 3454
2640 2902
2641 6823
2642 1721
2643 7335
2644 1146
2645 3262
2646 1732
2647 712
2648 1332
2649 1768
2650 68
2651 4278
2652 7387
2653 4654
2654 2018
2655 587
2656 4192
2657 6845
2658 7262
2659 5116
2660 2412
2661 2356
2662 727
2663 7183
2664 6531
2665 3111
2666 3995
2667 2707
2668 4033
2669 6395
2670 4788
2671 5602
2672 4811
2673 3424
2674 5433
2675 4112
2676 5868
2677 3951
2678 4161
2679 4496
2680 2804
2681 5434
2682 439
2683 1413
2684 182
2685 4990
2686 986
2687 6167
2688 4170
2689 4289
2690 6672
2691 1955
2692 6539
2693 4807
2694 7182
2695 5009
2696 4165
2697 1921
2698 2285
2699 2454
2700 1290
2701 5425
2702 6647
2703 5098
2704 3014
2705 6570
2706 5508
2707 6743
2708 4756
2709 3599
2710 2521
2711 3264
2712 628
2713 4603
2714 5702
2715 4210
2716 4531
2717 4805
2718 4495
2719 5067
2720 5623
2721 5674
2722 5097
2723 2351
2724 3938
2725 1780
2726 3956
2727 2758
2728 894
2729 5954
2730 3845
2731 6494
2732 4749
2733 756
2734 717
2735 6279
2736 840
2737 6484
2738 596
2739 6392
2740 2597
2741 1877
2742 6247
2743 4574
2744 4325
2745 5626
2746 3791
2747 1162
2748 4940
2749 213
2750 3881
2751 7047
2752 3408
2753 4205
2754 976
2755 4232
2756 1012
2757 3092
2758 5777
2759 5059
2760 5006
2761 3633
2762 3809
2763 1452
2764 4831
2765 4579
2766 1094
2767 4533
2768 7166
2769 6289
2770 823
2771 5137
2772 3717
2773 6817
2774 1945
2775 4860
2776 4631
2777 3280
2778 161
2779 3341
2780 2790
2781 7065
2782 6103
2783 2921
2784 801
2785 1508
2786 7087
2787 3728
2788 1278
2789 214
2790 4100
2791 2959
2792 3522
2793 3244
2794 179
2795 2592
2796 3353
2797 472
2798 5694
2799 4413
2800 5083
2801 405
2802 398
2803 143
2804 6830
2805 1314
2806 893
2807 7072
2808 6788
2809 1304
2810 2568
2811 7091
2812 750
2813 963
2814 1373
2815 3123
2816 3082
2817 7379
2818 3800
2819 141
2820 6219
2821 4423
2822 3040
2823 2925
2824 98
2825 2073
2826 2162
2827 2552
2828 5471
2829 1836
2830 3694
2831 1647
2832 4514
2833 3916
2834 5556
2835 762
2836 2551
2837 5684
2838 4993
2839 3984
2840 5678
2841 3720
2842 1473
2843 6228
2844 1166
2845 5457
2846 1040
2847 1324
2848 1126
2849 2646
2850 5767
2851 4215
2852 3928
2853 1597
2854 5364
2855 2945
2856 7096
2857 3875
2858 5667
2859 1406
2860 2209
2861 3997
2862 3402
2863 4547
2864 7380
2865 7100
2866 460
2867 5373
2868 3059
2869 1574
2870 2065
2871 3901
2872 2756
2873 1424
2874 200
2875 4128
2876 6187
2877 5917
2878 191
2879 1770
2880 7216
2881 6678
2882 7177
2883 6304
2884 1730
2885 5020
2886 4424
2887 6013
2888 2052
2889 3777
2890 1336
2891 5985
2892 3306
2893 2675
2894 2230
2895 5314
2896 2996
2897 5491
2898 2266
2899 4974
2900 397
2901 1143
2902 10
2903 4885
2904 4175
2905 7038
2906 3490
2907 4039
2908 3231
2909 1024
2910 2886
2911 1503
2912 1296
2913 1063
2914 2641
2915 6390
2916 5504
2917 4802
2918 6732
2919 6259
2920 6100
2921 2963
2922 4095
2923 798
2924 3229
2925 198
2926 255
2927 3445
2928 2494
2929 5448
2930 1036
2931 1256
2932 626
2933 1813
2934 5802
2935 814
2936 7322
2937 4167
2938 2690
2939 7141
2940 3122
2941 2631
2942 1455
2943 3456
2944 5579
2945 1869
2946 5542
2947 6643
2948 781
2949 1903
2950 945
2951 5715
2952 1517
2953 2499
2954 2537
2955 2123
2956 4824
2957 4641
2958 5810
2959 4082
2960 3374
2961 4086
2962 764
2963 7248
2964 476
2965 1433
2966 5643
2967 3183
2968 743
2969 1222
2970 3144
2971 5500
2972 1781
2973 2573
2974 4385
2975 1468
2976 6435
2977 2238
2978 1192
2979 1677
2980 682
2981 1103
2982 3310
2983 170
2984 1163
2985 1214
2986 7025
2987 3444
2988 2068
2989 6689
2990 5356
2991 2479
2992 3240
2993 4371
2994 5935
