ACO for Graph Alignment Problem
Graph 1                        : dm.ga
Graph 2                        : hs.ga
Output File                    : dm.ga_hs.ga.out
(V1,E1)                        : (7396,24937)
(V2,E2)                        : (10403,54654)

Parameter-settings
max-tries                      : 1
max-time                       : 0s
number of iteration            : 30
number of reset pheremone      : 10
num-ants                       : 10
alpha                          : 1
beta                           : 1
rho                            : 0.5
local search                   : 4
algorithm                      : 3
trail_max/trail_min            : 17799
trail_mid/trail_min            : 1

start try 1 ...
