ACO for Graph Alignment Problem
Graph 1                        : mm.ga
Graph 2                        : dm.ga
Output File                    : mm.ga_dm.ga.out
(V1,E1)                        : (623,559)
(V2,E2)                        : (7396,24937)

Parameter-settings
max-tries                      : 1
max-time                       : 0s
number of iteration            : 300
number of reset pheremone      : 10
num-ants                       : 100
alpha                          : 1
beta                           : 1
rho                            : 0.5
local search                   : 2
algorithm                      : 3
trail_max/trail_min            : 8019
trail_mid/trail_min            : 1

start try 1 ...
Iteration     0 time  79.604 -> Best : 411
