378
0 2836
1 476
2 36
3 2149
4 42
5 93
6 1400
7 1118
8 1733
9 1425
10 1657
11 1740
12 1999
13 1728
14 1338
15 775
16 515
17 408
18 2970
19 2403
20 2095
21 241
22 402
23 1262
24 1086
25 2478
26 2829
27 26
28 2347
29 1627
30 1625
31 1916
32 135
33 1307
34 2842
35 2053
36 1786
37 1018
38 2253
39 1776
40 1500
41 562
42 1503
43 1310
44 2531
45 2238
46 1472
47 956
48 1414
49 934
50 1298
51 492
52 392
53 349
54 2487
55 1059
56 1096
57 727
58 1504
59 672
60 697
61 863
62 1332
63 1143
64 924
65 2455
66 2627
67 2383
68 1370
69 595
70 188
71 496
72 2261
73 667
74 1469
75 29
76 1718
77 67
78 1542
79 1546
80 1926
81 118
82 2736
83 431
84 1454
85 377
86 399
87 1660
88 78
89 434
90 2412
91 1044
92 2652
93 1243
94 1562
95 2989
96 304
97 1112
98 235
99 2047
100 2633
101 441
102 1865
103 1649
104 21
105 2861
106 290
107 2833
108 1174
109 380
110 698
111 990
112 1663
113 613
114 322
115 912
116 1482
117 1943
118 541
119 1815
120 2447
121 2518
122 1483
123 1655
124 2950
125 1849
126 604
127 422
128 110
129 2126
130 175
131 2327
132 517
133 1153
134 2399
135 679
136 915
137 2277
138 1921
139 467
140 2339
141 2130
142 818
143 491
144 1070
145 281
146 229
147 320
148 99
149 2477
150 678
151 2028
152 1356
153 147
154 2244
155 2843
156 1686
157 2160
158 329
159 1006
160 2040
161 2931
162 633
163 2916
164 2292
165 1937
166 2489
167 318
168 358
169 443
170 1544
171 206
172 955
173 2827
174 1793
175 2634
176 456
177 887
178 665
179 1480
180 363
181 249
182 2909
183 2671
184 2294
185 463
186 1478
187 725
188 2236
189 2822
190 985
191 257
192 1834
193 2844
194 791
195 474
196 878
197 2152
198 59
199 2548
200 1523
201 1722
202 2062
203 131
204 658
205 1633
206 1302
207 2584
208 2847
209 2480
210 774
211 2038
212 2466
213 907
214 1054
215 2045
216 1588
217 896
218 2211
219 84
220 748
221 146
222 1471
223 949
224 2623
225 2591
226 972
227 612
228 692
229 2374
230 1218
231 1459
232 719
233 1047
234 899
235 974
236 1798
237 2353
238 2571
239 2052
240 525
241 773
242 1165
243 1974
244 224
245 1557
246 2922
247 2071
248 780
249 1571
250 1690
251 246
252 173
253 933
254 2453
255 1228
256 2926
257 717
258 2343
259 375
260 522
261 1582
262 2726
263 1314
264 2714
265 1017
266 1340
267 312
268 1970
269 2273
270 1216
271 707
272 2361
273 2665
274 100
275 319
276 98
277 1879
278 2348
279 1948
280 2400
281 394
282 2308
283 2032
284 385
285 1823
286 2878
287 1701
288 2424
289 1895
290 2645
291 652
292 95
293 1463
294 1586
295 740
296 108
297 1042
298 2443
299 1320
300 232
301 1349
302 2566
303 1201
304 530
305 1124
306 817
307 184
308 1393
309 645
310 643
311 1658
312 1669
313 1507
314 598
315 2940
316 1750
317 1951
318 1136
319 1304
320 376
321 2921
322 1424
323 1713
324 344
325 710
326 1514
327 1902
328 519
329 1071
330 345
331 866
332 945
333 1637
334 1067
335 2205
336 526
337 2269
338 2725
339 2112
340 1712
341 2681
342 1973
343 1950
344 1993
345 2370
346 689
347 2249
348 2510
349 2398
350 2881
351 356
352 2338
353 307
354 1100
355 210
356 1611
357 538
358 1387
359 1960
360 1217
361 2657
362 2182
363 2135
364 1362
365 1548
366 1256
367 395
368 2944
369 1527
370 981
371 2823
372 2739
373 2509
374 585
375 1940
376 254
377 630
378 1493
379 1333
380 2664
381 2055
382 2964
383 2265
384 1787
385 1134
386 1852
387 2890
388 829
389 2011
390 2748
391 831
392 2212
393 830
394 1827
395 68
396 970
397 1954
398 2216
399 2708
400 162
401 1932
402 2912
403 994
404 666
405 771
406 1283
407 205
408 1142
409 8
410 1385
411 1029
412 1878
413 81
414 1981
415 1535
416 1299
417 2967
418 2925
419 331
420 2841
421 648
422 2007
423 1187
424 1643
425 2030
426 227
427 657
428 2259
429 140
430 1494
431 1326
432 1239
433 106
434 547
435 2756
436 861
437 2094
438 1390
439 5
440 2508
441 2366
442 2947
443 2669
444 1245
445 2051
446 1796
447 1513
448 303
449 766
450 2629
451 1156
452 769
453 1030
454 1819
455 683
456 1148
457 2419
458 1220
459 581
460 571
461 1139
462 2885
463 2810
464 2686
465 2745
466 1890
467 1020
468 738
469 1770
470 167
471 1181
472 2057
473 2167
474 996
475 2086
476 73
477 1048
478 283
479 462
480 1137
481 2799
482 2846
483 2102
484 2644
485 2904
486 2974
487 1081
488 1521
489 50
490 1650
491 2474
492 1125
493 877
494 120
495 1315
496 1888
497 726
498 903
499 2288
500 97
501 2771
502 1473
503 2850
504 40
505 2299
506 2246
507 659
508 905
509 2800
510 2642
511 134
512 1045
513 354
514 2356
515 2285
516 969
517 2166
518 2124
519 1207
520 784
521 2735
522 2599
523 958
524 2701
525 2467
526 1093
527 1862
528 798
529 2569
530 2533
531 2468
532 2939
533 2230
534 1431
535 2769
536 2709
537 851
538 1997
539 1316
540 1300
541 2387
542 841
543 265
544 1794
545 1064
546 827
547 2955
548 1957
549 2783
550 2882
551 2938
552 812
553 1688
554 365
555 2286
556 1691
557 993
558 1250
559 2782
560 2580
561 1964
562 273
563 518
564 708
565 332
566 699
567 578
568 2990
569 2229
570 2856
571 271
572 2978
573 2497
574 2021
575 2391
576 2425
577 2768
578 187
579 1003
580 449
581 2227
582 755
583 1293
584 2622
585 1060
586 279
587 1490
588 721
589 2678
590 1766
591 2029
592 1547
593 1477
594 696
595 1147
596 1673
597 723
598 2755
599 567
600 1616
601 284
602 561
603 1671
604 854
605 891
606 1868
607 2225
608 1580
609 145
610 964
611 882
612 2054
613 1930
614 2863
615 2581
616 15
617 779
618 2494
619 1114
620 2381
621 94
622 2427
