539
0 430
1 3472
2 236
3 4870
4 475
5 44
6 1335
7 912
8 350
9 3772
10 15
11 270
12 5103
13 129
14 3447
15 5447
16 118
17 338
18 5182
19 290
20 224
21 570
22 94
23 4894
24 138
25 352
26 203
27 230
28 909
29 193
30 18
31 1237
32 253
33 49
34 92
35 231
36 1911
37 149
38 165
39 1441
40 606
41 2
42 276
43 156
44 627
45 60
46 227
47 34
48 228
49 201
50 272
51 154
52 5144
53 132
54 205
55 790
56 5487
57 319
58 170
59 1238
60 33
61 1966
62 213
63 206
64 199
65 1373
66 119
67 1181
68 4473
69 5368
70 93
71 244
72 133
73 5397
74 139
75 169
76 770
77 185
78 678
79 5346
80 3925
81 4973
82 40
83 261
84 1566
85 5282
86 1567
87 262
88 27
89 179
90 115
91 4393
92 222
93 82
94 54
95 5207
96 163
97 1790
98 2464
99 198
100 5211
101 615
102 96
103 640
104 30
105 158
106 1047
107 3235
108 153
109 98
110 5223
111 1157
112 760
113 951
114 245
115 493
116 188
117 1731
118 249
119 144
120 392
121 578
122 265
123 3308
124 5314
125 140
126 2817
127 226
128 813
129 326
130 131
131 225
132 269
133 101
134 221
135 196
136 1469
137 324
138 968
139 3201
140 333
141 317
142 126
143 556
144 5496
145 620
146 240
147 780
148 4927
149 45
150 346
151 3488
152 5506
153 65
154 5380
155 174
156 68
157 4834
158 1631
159 175
160 1374
161 9
162 239
163 4960
164 2255
165 1283
166 1496
167 111
168 160
169 128
170 2742
171 218
172 25
173 159
174 3195
175 360
176 1333
177 186
178 5466
179 463
180 1674
181 59
182 73
183 1518
184 219
185 597
186 23
187 267
188 58
189 24
190 1598
191 161
192 26
193 412
194 631
195 130
196 243
197 634
198 116
199 14
200 962
201 480
202 191
203 183
204 181
205 150
206 300
207 252
208 2988
209 2566
210 42
211 5298
212 4753
213 519
214 5301
215 3565
216 4
217 489
218 1236
219 281
220 1932
221 657
222 4914
223 399
224 5302
225 313
226 5499
227 3440
228 1839
229 146
230 5489
231 5410
232 1369
233 85
234 4724
235 5492
236 443
237 599
238 347
239 1491
240 545
241 339
242 447
243 81
244 229
245 155
246 5051
247 173
248 5305
249 323
250 57
251 167
252 5013
253 1299
254 4747
255 16
256 63
257 32
258 5087
259 257
260 4383
261 2937
262 506
263 35
264 64
265 17
266 195
267 4916
268 207
269 3789
270 232
271 1349
272 2137
273 90
274 332
275 200
276 990
277 2699
278 112
279 55
280 1662
281 4018
282 256
283 3695
284 5239
285 50
286 5470
287 216
288 145
289 3379
290 114
291 84
292 106
293 5122
294 3281
295 544
296 949
297 622
298 62
299 184
300 211
301 210
302 1226
303 5431
304 241
305 1686
306 4237
307 5
308 3421
309 644
310 171
311 74
312 52
313 1286
314 12
315 255
316 5511
317 649
318 698
319 4823
320 335
321 147
322 102
323 21
324 172
325 5111
326 351
327 215
328 594
329 143
330 674
331 896
332 141
333 4661
334 223
335 321
336 398
337 1699
338 41
339 334
340 996
341 212
342 3720
343 2168
344 2413
345 524
346 356
347 237
348 263
349 38
350 375
351 29
352 1620
353 157
354 2020
355 202
356 13
357 86
358 2506
359 87
360 1112
361 611
362 4645
363 747
364 2460
365 609
366 1663
367 97
368 56
369 3131
370 1980
371 280
372 5309
373 4737
374 808
375 328
376 142
377 125
378 4597
379 246
380 214
381 701
382 567
383 89
384 829
385 20
386 53
387 588
388 235
389 821
390 192
391 19
392 217
393 357
394 892
395 5523
396 1141
397 5204
398 798
399 438
400 220
401 3462
402 2640
403 1546
404 5435
405 259
406 5434
407 248
408 110
409 879
410 928
411 1862
412 666
413 108
414 605
415 5439
416 5462
417 137
418 66
419 5403
420 250
421 618
422 348
423 79
424 548
425 672
426 275
427 166
428 448
429 1035
430 3619
431 3043
432 5293
433 5118
434 36
435 22
436 77
437 2765
438 952
439 1052
440 136
441 76
442 31
443 342
444 777
445 254
446 209
447 113
448 105
449 107
450 28
451 61
452 389
453 5520
454 83
455 310
456 469
457 3775
458 5261
459 5127
460 6
461 176
462 4873
463 2957
464 194
465 4881
466 72
467 4588
468 5273
469 841
470 3113
471 1542
472 124
473 405
474 117
475 189
476 247
477 127
478 2810
479 1011
480 5052
481 5448
482 197
483 4281
484 123
485 47
486 95
487 2985
488 5057
489 1952
490 613
491 182
492 1022
493 8
494 178
495 109
496 1722
497 1549
498 121
499 330
500 530
501 80
502 233
503 11
504 1123
505 268
506 4596
507 2710
508 48
509 1942
510 4574
511 5243
512 91
513 134
514 2396
515 135
516 882
517 5504
518 690
519 120
520 46
521 645
522 349
523 2593
524 104
525 5324
526 2307
527 3
528 10
529 1223
530 99
531 522
532 577
533 4849
534 4743
535 242
536 278
537 4633
538 320
539 51
540 3613
541 5391
542 103
543 1503
544 905
545 152
546 3450
547 187
548 148
549 2771
550 3801
551 5468
552 5383
553 2142
554 364
555 5464
556 939
557 1624
558 401
559 1781
560 5210
561 180
562 238
563 2275
564 680
565 3654
566 284
567 70
568 397
569 362
570 372
571 322
572 691
573 251
574 4801
575 122
576 67
577 5481
578 4414
579 2543
580 190
581 264
582 1973
583 5233
584 4411
585 208
586 633
587 1010
588 39
589 2337
590 3779
591 4284
592 329
593 88
594 151
595 3781
596 5105
597 5107
598 168
599 258
600 234
601 1701
602 4971
603 4899
604 177
605 922
606 100
607 1440
608 485
609 282
610 71
611 78
612 164
613 43
614 162
615 2713
616 7
617 69
618 75
619 4954
620 37
621 4335
622 204
