559
0 0
1 1
2 344
3 3
4 86
5 126
6 377
7 7
8 39
9 563
10 407
11 11
12 12
13 330
14 295
15 15
16 546
17 492
18 18
19 283
20 127
21 21
22 259
23 178
24 24
25 102
26 100
27 169
28 28
29 414
30 30
31 31
32 5
33 230
34 34
35 142
36 347
37 223
38 385
39 482
40 253
41 41
42 449
43 519
44 229
45 304
46 46
47 47
48 566
49 172
50 400
51 499
52 52
53 184
54 8
55 10
56 56
57 57
58 58
59 59
60 134
61 365
62 182
63 63
64 92
65 158
66 443
67 67
68 596
69 69
70 363
71 391
72 590
73 73
74 337
75 266
76 282
77 77
78 78
79 79
80 141
81 81
82 279
83 561
84 84
85 269
86 4
87 87
88 175
89 508
90 386
91 91
92 99
93 93
94 94
95 95
96 42
97 97
98 589
99 115
100 248
101 101
102 326
103 103
104 524
105 48
106 130
107 360
108 108
109 514
110 110
111 220
112 50
113 201
114 146
115 438
116 417
117 494
118 66
119 207
120 120
121 121
122 331
123 70
124 124
125 388
126 558
127 361
128 128
129 250
130 196
131 131
132 132
133 167
134 529
135 135
136 136
137 239
138 483
139 265
140 119
141 80
142 345
143 143
144 416
145 357
146 594
147 294
148 148
149 163
150 150
151 180
152 152
153 38
154 154
155 190
156 324
157 157
158 502
159 455
160 19
161 161
162 390
163 281
164 61
165 463
166 402
167 556
168 222
169 112
170 549
171 451
172 544
173 55
174 174
175 88
176 176
177 177
178 23
179 340
180 553
181 105
182 155
183 306
184 35
185 17
186 528
187 117
188 562
189 362
190 164
191 191
192 237
193 370
194 194
195 353
196 151
197 321
198 570
199 534
200 200
201 113
202 202
203 332
204 204
205 205
206 206
207 122
208 442
209 209
210 210
211 211
212 447
213 587
214 619
215 583
216 216
217 217
218 218
219 436
220 568
221 221
222 584
223 484
224 224
225 225
226 226
227 227
228 228
229 44
230 303
231 231
232 323
233 233
234 565
235 468
236 614
237 509
238 238
239 604
240 240
241 241
242 257
243 118
244 197
245 320
246 246
247 6
248 574
249 310
250 129
251 251
252 457
253 36
254 325
255 255
256 256
257 572
258 258
259 450
260 260
261 364
262 20
263 263
264 213
265 14
266 195
267 378
268 268
269 85
270 270
271 567
272 272
273 273
274 109
275 616
276 535
277 187
278 123
279 408
280 291
281 289
282 106
283 520
284 284
285 285
286 286
287 501
288 456
289 16
290 290
291 280
292 292
293 293
294 487
295 139
296 296
297 40
298 298
299 341
300 300
301 301
302 302
303 33
304 173
305 305
306 478
307 307
308 349
309 446
310 346
311 311
312 312
313 601
314 314
315 485
316 316
317 411
318 318
319 319
320 245
321 45
322 322
323 444
324 235
325 597
326 356
327 421
328 328
329 413
330 611
331 412
332 495
333 333
334 334
335 335
336 622
337 74
338 539
339 496
340 179
341 477
342 342
343 343
344 2
345 297
346 249
347 607
348 348
349 125
350 350
351 149
352 352
353 379
354 464
355 355
356 25
357 538
358 358
359 359
360 107
361 133
362 551
363 274
364 264
365 516
366 366
367 394
368 598
369 140
370 62
371 371
372 511
373 373
374 374
375 375
376 376
377 581
378 212
379 405
380 380
381 593
382 382
383 13
384 232
385 592
386 90
387 427
388 156
389 389
390 542
391 532
392 392
393 393
394 32
395 395
396 396
397 397
398 398
399 399
400 545
401 401
402 582
403 454
404 404
405 599
406 406
407 384
408 82
409 409
410 383
411 262
412 600
413 491
414 381
415 138
416 144
417 309
418 471
419 372
420 540
421 526
422 422
423 423
424 181
425 513
426 429
427 420
428 608
429 426
430 595
431 27
432 432
433 433
434 434
435 435
436 96
437 437
438 475
439 439
440 367
441 441
442 208
443 137
444 476
445 445
446 612
447 267
448 448
449 219
450 75
451 171
452 452
453 453
454 403
455 188
456 288
457 621
458 458
459 459
460 460
461 461
462 602
463 51
464 418
465 465
466 466
467 467
468 308
469 37
470 470
471 89
472 472
473 473
474 474
475 64
476 571
477 299
478 183
479 60
480 480
481 481
482 145
483 613
484 71
485 431
486 486
487 497
488 215
489 512
490 490
491 329
492 547
493 493
494 277
495 203
496 339
497 147
498 425
499 469
500 500
501 53
502 521
503 503
504 489
505 505
506 506
507 507
508 354
509 192
510 510
511 419
512 504
513 498
514 424
515 515
516 111
517 517
518 518
519 114
520 160
521 287
522 522
523 523
524 22
525 525
526 327
527 527
528 559
529 479
530 278
531 531
532 368
533 533
534 199
535 276
536 536
537 537
538 54
539 338
540 315
541 541
542 159
543 543
544 49
545 387
546 351
547 165
548 548
549 170
550 252
551 189
552 552
553 76
554 554
555 555
556 244
557 153
558 615
559 186
560 560
561 83
562 29
563 9
564 564
565 234
566 530
567 271
568 166
569 569
570 585
571 317
572 242
573 573
574 26
575 575
576 576
577 577
578 578
579 579
580 580
581 247
582 193
583 488
584 168
585 162
586 586
587 116
588 588
589 98
590 72
591 591
592 65
593 440
594 275
595 430
596 68
597 254
598 410
599 43
600 369
601 313
602 462
603 603
604 243
605 605
606 606
607 557
608 428
609 609
610 610
611 185
612 261
613 415
614 236
615 198
616 620
617 617
618 618
619 214
620 104
621 550
622 336
