334
0 4804
1 8279
2 2113
3 4264
4 7554
5 3832
6 4027
7 1426
8 4808
9 9248
10 3802
11 9031
12 2162
13 4083
14 3713
15 3806
16 3012
17 1128
18 8992
19 2181
20 8552
21 1818
22 9742
23 8855
24 8960
25 5667
26 1988
27 8681
28 9193
29 427
30 9735
31 3107
32 5538
33 1152
34 5056
35 6994
36 2221
37 2357
38 105
39 295
40 9844
41 4075
42 6504
43 3868
44 5739
45 8624
46 1552
47 1389
48 4686
49 3841
50 3664
51 8697
52 5655
53 1805
54 1576
55 7803
56 5660
57 8933
58 95
59 3545
60 10121
61 4321
62 6910
63 6707
64 10402
65 2028
66 3082
67 7645
68 2818
69 2478
70 7120
71 799
72 2308
73 4777
74 1238
75 394
76 3568
77 4455
78 8090
79 8710
80 6538
81 6778
82 4037
83 9469
84 5422
85 5825
86 7937
87 1032
88 1410
89 5225
90 5717
91 1456
92 4914
93 3877
94 1924
95 9531
96 1067
97 9013
98 1131
99 8959
100 1266
101 9201
102 9656
103 4567
104 9740
105 1299
106 1756
107 1931
108 1119
109 5580
110 4826
111 2900
112 2351
113 4125
114 8524
115 10146
116 7806
117 6671
118 2143
119 2016
120 6748
121 9059
122 5605
123 6615
124 9049
125 1006
126 10136
127 1173
128 1716
129 301
130 664
131 3499
132 6968
133 5130
134 2103
135 2072
136 9940
137 6617
138 1370
139 3351
140 3803
141 2553
142 8201
143 3274
144 1216
145 4196
146 402
147 9727
148 4864
149 9226
150 3784
151 8724
152 9464
153 3094
154 7844
155 3304
156 3330
157 5803
158 7630
159 2065
160 6210
161 2374
162 5619
163 3086
164 4019
165 9100
166 10363
167 7553
168 4047
169 8361
170 9513
171 3956
172 6395
173 5277
174 8859
175 1371
176 10389
177 7003
178 2024
179 1464
180 5441
181 6919
182 4531
183 3937
184 9505
185 3262
186 588
187 2568
188 7306
189 3126
190 8295
191 10399
192 6742
193 6606
194 7034
195 141
196 5049
197 4960
198 836
199 6454
200 9325
201 3454
202 8930
203 6225
204 177
205 722
206 5119
207 4183
208 6075
209 6516
210 2320
211 3263
212 4295
213 4575
214 2884
215 7989
216 806
217 7036
218 8679
219 7479
220 4534
221 7653
222 5161
223 1860
224 6276
225 10204
226 8879
227 5197
228 5791
229 7183
230 1307
231 5535
232 8268
233 4406
234 170
235 7970
236 1039
237 6600
238 8452
239 2020
240 4382
241 130
242 9570
243 10044
244 4565
245 272
246 2821
247 9619
248 6545
249 2285
250 5620
251 14
252 8416
253 7841
254 4066
255 5923
256 6343
257 3531
258 9471
259 248
260 10004
261 217
262 6813
263 5640
264 3303
265 5774
266 7539
267 9527
268 8347
269 9458
270 8554
271 9019
272 7429
273 5849
274 6091
275 720
276 7038
277 6612
278 8717
279 3894
280 9479
281 4168
282 4235
283 6483
284 7359
285 6222
286 9125
287 1071
288 879
289 1591
290 802
291 5453
292 6820
293 10056
294 4363
295 6165
296 3827
297 989
298 9929
299 10014
300 10255
301 9220
302 7494
303 1209
304 159
305 1759
306 4187
307 6159
308 8453
309 6783
310 1253
311 8948
312 1837
313 4812
314 6332
315 2366
316 8868
317 1155
318 262
319 1200
320 512
321 8350
322 2443
323 2585
324 3744
325 9219
326 6547
327 9014
328 10220
329 7818
330 5364
331 4962
332 7626
333 9339
334 9561
335 8511
336 5612
337 7388
338 6527
339 1958
340 6590
341 6554
342 1054
343 1135
344 2623
345 3558
346 10176
347 5924
348 8885
349 5334
350 7148
351 5661
352 1192
353 414
354 4154
355 2587
356 8931
357 669
358 294
359 4195
360 8721
361 1694
362 3736
363 2389
364 6537
365 9171
366 3038
367 3546
368 9044
369 3350
370 10316
371 3721
372 3584
373 2049
374 313
375 833
376 3512
377 87
378 3260
379 1686
380 8973
381 1295
382 579
383 8791
384 5040
385 0
386 732
387 4170
388 5492
389 4763
390 4880
391 6274
392 26
393 2588
394 8275
395 9562
396 10257
397 10088
398 8139
399 6746
400 6237
401 1794
402 1501
403 7503
404 5447
405 477
406 1403
407 1765
408 8920
409 9260
410 2873
411 7853
412 10096
413 1519
414 9949
415 4175
416 1450
417 6462
418 8204
419 978
420 6676
421 9523
422 8113
423 3711
424 8142
425 8834
426 5887
427 8752
428 5126
429 4862
430 447
431 5554
432 6428
433 2280
434 6192
435 1697
436 3855
437 2299
438 4472
439 8523
440 1789
441 3753
442 9966
443 353
444 4643
445 1872
446 8199
447 4352
448 8091
449 4648
450 270
451 5682
452 2941
453 4080
454 4291
455 5065
456 4657
457 2447
458 3638
459 6326
460 783
461 4947
462 1528
463 7149
464 5550
465 4989
466 9305
467 7795
468 990
469 661
470 7296
471 4121
472 3742
473 9033
474 6774
475 8493
476 4725
477 768
478 1229
479 9782
480 5848
481 5575
482 9661
483 4001
484 1068
485 743
486 9614
487 6202
488 5243
489 8107
490 7029
491 6259
492 3235
493 7779
494 2209
495 1587
496 10341
497 4727
498 3978
499 7921
500 3878
501 7637
502 7846
503 2433
504 556
505 905
506 3559
507 2294
508 5820
509 3982
510 5028
511 7044
512 718
513 7800
514 8563
515 7893
516 5141
517 2009
518 9474
519 8689
520 2636
521 1487
522 662
523 2504
524 6945
525 4781
526 2122
527 7852
528 2430
529 4414
530 4251
531 4814
532 9323
533 9007
534 9202
535 6726
536 6677
537 3325
538 2915
539 6313
540 5267
541 1181
542 8095
543 7647
544 2670
545 9422
546 4410
547 245
548 10222
549 9556
550 7294
551 3327
552 10360
553 3213
554 10349
555 3403
556 1169
557 10073
558 8546
559 3822
560 6512
561 8971
562 9804
563 9137
564 378
565 6810
566 9332
567 5067
568 9199
569 6728
570 1058
571 4244
572 3317
573 4219
574 8101
575 7699
576 3699
577 8054
578 842
579 7828
580 3343
581 1416
582 4503
583 9688
584 9533
585 2666
586 7609
587 9231
588 4062
589 2041
590 4417
591 2011
592 126
593 5592
594 6279
595 419
596 4326
597 8913
598 6146
599 2911
600 6095
601 2149
602 5133
603 425
604 5371
605 7220
606 9093
607 4835
608 3862
609 1903
610 1689
611 8351
612 3395
613 4248
614 9643
615 5968
616 2310
617 3846
618 8900
619 3156
620 10031
621 6002
622 6029
